2020-06-11 15:30:44.808 ERROR 10608 --- [main] o.s.boot.SpringApplication               : Application run failed

org.springframework.beans.factory.UnsatisfiedDependencyException: Error creating bean with name 'apiResourceController' defined in URL [jar:file:/E:/mvnResp/io/springfox/springfox-swagger-common/2.8.0/springfox-swagger-common-2.8.0.jar!/springfox/documentation/swagger/web/ApiResourceController.class]: Unsatisfied dependency expressed through constructor parameter 0; nested exception is org.springframework.beans.factory.NoUniqueBeanDefinitionException: No qualifying bean of type 'springfox.documentation.swagger.web.SwaggerResourcesProvider' available: more than one 'primary' bean found among candidates: [inMemorySwaggerResourcesProvider, com.jit.authority.AuthorityApplication$DocumentationConfig, swaggerResourcesProvider]
	at org.springframework.beans.factory.support.ConstructorResolver.createArgumentArray(ConstructorResolver.java:769)
	at org.springframework.beans.factory.support.ConstructorResolver.autowireConstructor(ConstructorResolver.java:218)
	at org.springframework.beans.factory.support.AbstractAutowireCapableBeanFactory.autowireConstructor(AbstractAutowireCapableBeanFactory.java:1341)
	at org.springframework.beans.factory.support.AbstractAutowireCapableBeanFactory.createBeanInstance(AbstractAutowireCapableBeanFactory.java:1187)
	at org.springframework.beans.factory.support.AbstractAutowireCapableBeanFactory.doCreateBean(AbstractAutowireCapableBeanFactory.java:555)
	at org.springframework.beans.factory.support.AbstractAutowireCapableBeanFactory.createBean(AbstractAutowireCapableBeanFactory.java:515)
	at org.springframework.beans.factory.support.AbstractBeanFactory.lambda$doGetBean$0(AbstractBeanFactory.java:320)
	at org.springframework.beans.factory.support.DefaultSingletonBeanRegistry.getSingleton(DefaultSingletonBeanRegistry.java:222)
	at org.springframework.beans.factory.support.AbstractBeanFactory.doGetBean(AbstractBeanFactory.java:318)
	at org.springframework.beans.factory.support.AbstractBeanFactory.getBean(AbstractBeanFactory.java:199)
	at org.springframework.beans.factory.support.DefaultListableBeanFactory.preInstantiateSingletons(DefaultListableBeanFactory.java:845)
	at org.springframework.context.support.AbstractApplicationContext.finishBeanFactoryInitialization(AbstractApplicationContext.java:877)
	at org.springframework.context.support.AbstractApplicationContext.refresh(AbstractApplicationContext.java:549)
	at org.springframework.boot.web.servlet.context.ServletWebServerApplicationContext.refresh(ServletWebServerApplicationContext.java:140)
	at org.springframework.boot.SpringApplication.refresh(SpringApplication.java:742)
	at org.springframework.boot.SpringApplication.refreshContext(SpringApplication.java:389)
	at org.springframework.boot.SpringApplication.run(SpringApplication.java:311)
	at org.springframework.boot.SpringApplication.run(SpringApplication.java:1213)
	at org.springframework.boot.SpringApplication.run(SpringApplication.java:1202)
	at com.jit.authority.AuthorityApplication.main(AuthorityApplication.java:29)
Caused by: org.springframework.beans.factory.NoUniqueBeanDefinitionException: No qualifying bean of type 'springfox.documentation.swagger.web.SwaggerResourcesProvider' available: more than one 'primary' bean found among candidates: [inMemorySwaggerResourcesProvider, com.jit.authority.AuthorityApplication$DocumentationConfig, swaggerResourcesProvider]
	at org.springframework.beans.factory.support.DefaultListableBeanFactory.determinePrimaryCandidate(DefaultListableBeanFactory.java:1533)
	at org.springframework.beans.factory.support.DefaultListableBeanFactory.determineAutowireCandidate(DefaultListableBeanFactory.java:1493)
	at org.springframework.beans.factory.support.DefaultListableBeanFactory.doResolveDependency(DefaultListableBeanFactory.java:1226)
	at org.springframework.beans.factory.support.DefaultListableBeanFactory.resolveDependency(DefaultListableBeanFactory.java:1171)
	at org.springframework.beans.factory.support.ConstructorResolver.resolveAutowiredArgument(ConstructorResolver.java:857)
	at org.springframework.beans.factory.support.ConstructorResolver.createArgumentArray(ConstructorResolver.java:760)
	... 19 common frames omitted

