2020-06-10 09:34:46.950  WARN 7032 --- [main] o.s.boot.actuate.endpoint.EndpointId     : Endpoint ID 'service-registry' contains invalid characters, please migrate to a valid format.
2020-06-10 09:34:46.962  WARN 7032 --- [main] o.s.boot.actuate.endpoint.EndpointId     : Endpoint ID 'hystrix.stream' contains invalid characters, please migrate to a valid format.
2020-06-10 09:34:49.784  WARN 7032 --- [main] c.n.c.sources.URLConfigurationSource     : No URLs will be polled as dynamic configuration sources.
2020-06-10 09:34:53.208  WARN 7032 --- [main] c.j.a.rbac.MyFilterSecurityInterceptor   : Could not validate configuration attributes as the SecurityMetadataSource did not return any attributes from getAllConfigAttributes()
2020-06-10 09:34:55.309  WARN 7032 --- [main] c.n.c.sources.URLConfigurationSource     : No URLs will be polled as dynamic configuration sources.
2020-06-10 09:34:56.852  WARN 7032 --- [main] o.s.c.n.core.CoreAutoConfiguration       : This module is deprecated. It will be removed in the next major release. Please use spring-cloud-netflix-hystrix instead.
2020-06-10 09:39:17.232  WARN 7032 --- [https-jsse-nio-443-exec-2] o.s.c.n.z.f.r.s.AbstractRibbonCommand    : The Hystrix timeout of 20000ms for the command ac-test is set lower than the combination of the Ribbon read and connect timeout, 1200000ms.
2020-06-10 09:39:18.089  WARN 7032 --- [https-jsse-nio-443-exec-2] o.s.c.n.z.f.r.s.AbstractRibbonCommand    : The Hystrix timeout of 20000ms for the command ac-test is set lower than the combination of the Ribbon read and connect timeout, 1200000ms.
2020-06-10 09:39:18.157  WARN 7032 --- [https-jsse-nio-443-exec-7] o.s.c.n.z.f.r.s.AbstractRibbonCommand    : The Hystrix timeout of 20000ms for the command ac-test is set lower than the combination of the Ribbon read and connect timeout, 1200000ms.
2020-06-10 09:39:18.162  WARN 7032 --- [https-jsse-nio-443-exec-5] o.s.c.n.z.f.r.s.AbstractRibbonCommand    : The Hystrix timeout of 20000ms for the command ac-test is set lower than the combination of the Ribbon read and connect timeout, 1200000ms.
2020-06-10 09:39:18.171  WARN 7032 --- [https-jsse-nio-443-exec-8] o.s.c.n.z.f.r.s.AbstractRibbonCommand    : The Hystrix timeout of 20000ms for the command ac-test is set lower than the combination of the Ribbon read and connect timeout, 1200000ms.
2020-06-10 09:39:18.186  WARN 7032 --- [https-jsse-nio-443-exec-2] o.s.c.n.z.f.r.s.AbstractRibbonCommand    : The Hystrix timeout of 20000ms for the command ac-test is set lower than the combination of the Ribbon read and connect timeout, 1200000ms.
2020-06-10 09:39:18.614  WARN 7032 --- [https-jsse-nio-443-exec-4] o.s.c.n.z.f.r.s.AbstractRibbonCommand    : The Hystrix timeout of 20000ms for the command ac-test is set lower than the combination of the Ribbon read and connect timeout, 1200000ms.
2020-06-10 09:39:18.654  WARN 7032 --- [https-jsse-nio-443-exec-1] o.s.c.n.z.f.r.s.AbstractRibbonCommand    : The Hystrix timeout of 20000ms for the command ac-test is set lower than the combination of the Ribbon read and connect timeout, 1200000ms.
2020-06-10 09:39:18.845  WARN 7032 --- [https-jsse-nio-443-exec-3] o.s.c.n.z.f.r.s.AbstractRibbonCommand    : The Hystrix timeout of 20000ms for the command ac-test is set lower than the combination of the Ribbon read and connect timeout, 1200000ms.
2020-06-10 09:39:18.863  WARN 7032 --- [https-jsse-nio-443-exec-10] o.s.c.n.z.f.r.s.AbstractRibbonCommand    : The Hystrix timeout of 20000ms for the command ac-test is set lower than the combination of the Ribbon read and connect timeout, 1200000ms.
2020-06-10 09:39:18.935  WARN 7032 --- [https-jsse-nio-443-exec-9] o.s.c.n.z.f.r.s.AbstractRibbonCommand    : The Hystrix timeout of 20000ms for the command ac-test is set lower than the combination of the Ribbon read and connect timeout, 1200000ms.
2020-06-10 09:43:11.961  WARN 7032 --- [https-jsse-nio-443-exec-10] o.s.c.n.z.f.r.s.AbstractRibbonCommand    : The Hystrix timeout of 20000ms for the command ac-test is set lower than the combination of the Ribbon read and connect timeout, 1200000ms.
2020-06-10 09:43:13.189  WARN 7032 --- [https-jsse-nio-443-exec-8] o.s.c.n.z.f.r.s.AbstractRibbonCommand    : The Hystrix timeout of 20000ms for the command ac-test is set lower than the combination of the Ribbon read and connect timeout, 1200000ms.
2020-06-10 09:43:13.267  WARN 7032 --- [https-jsse-nio-443-exec-4] o.s.c.n.z.f.r.s.AbstractRibbonCommand    : The Hystrix timeout of 20000ms for the command ac-test is set lower than the combination of the Ribbon read and connect timeout, 1200000ms.
2020-06-10 09:43:13.681  WARN 7032 --- [https-jsse-nio-443-exec-2] o.s.c.n.z.f.r.s.AbstractRibbonCommand    : The Hystrix timeout of 20000ms for the command ac-test is set lower than the combination of the Ribbon read and connect timeout, 1200000ms.
2020-06-10 09:43:13.857  WARN 7032 --- [https-jsse-nio-443-exec-10] o.s.c.n.z.f.r.s.AbstractRibbonCommand    : The Hystrix timeout of 20000ms for the command ac-test is set lower than the combination of the Ribbon read and connect timeout, 1200000ms.
2020-06-10 09:43:13.873  WARN 7032 --- [https-jsse-nio-443-exec-9] o.s.c.n.z.f.r.s.AbstractRibbonCommand    : The Hystrix timeout of 20000ms for the command ac-test is set lower than the combination of the Ribbon read and connect timeout, 1200000ms.
2020-06-10 09:43:13.936  WARN 7032 --- [https-jsse-nio-443-exec-7] o.s.c.n.z.f.r.s.AbstractRibbonCommand    : The Hystrix timeout of 20000ms for the command ac-test is set lower than the combination of the Ribbon read and connect timeout, 1200000ms.
2020-06-10 09:56:41.086  WARN 8756 --- [main] o.s.boot.actuate.endpoint.EndpointId     : Endpoint ID 'service-registry' contains invalid characters, please migrate to a valid format.
2020-06-10 09:56:41.171  WARN 8756 --- [main] o.s.boot.actuate.endpoint.EndpointId     : Endpoint ID 'hystrix.stream' contains invalid characters, please migrate to a valid format.
2020-06-10 09:57:03.735  WARN 8756 --- [main] c.n.c.sources.URLConfigurationSource     : No URLs will be polled as dynamic configuration sources.
2020-06-10 09:57:16.397  WARN 8756 --- [main] c.j.a.rbac.MyFilterSecurityInterceptor   : Could not validate configuration attributes as the SecurityMetadataSource did not return any attributes from getAllConfigAttributes()
2020-06-10 09:57:23.474  WARN 8756 --- [main] c.n.c.sources.URLConfigurationSource     : No URLs will be polled as dynamic configuration sources.
2020-06-10 09:57:27.614  WARN 8756 --- [main] o.s.c.n.core.CoreAutoConfiguration       : This module is deprecated. It will be removed in the next major release. Please use spring-cloud-netflix-hystrix instead.
2020-06-10 10:23:16.725  WARN 8756 --- [https-jsse-nio-443-exec-4] o.s.c.n.z.f.r.s.AbstractRibbonCommand    : The Hystrix timeout of 20000ms for the command ac-test is set lower than the combination of the Ribbon read and connect timeout, 1200000ms.
2020-06-10 10:23:16.729  WARN 8756 --- [https-jsse-nio-443-exec-1] o.s.c.n.z.f.r.s.AbstractRibbonCommand    : The Hystrix timeout of 20000ms for the command ac-test is set lower than the combination of the Ribbon read and connect timeout, 1200000ms.
2020-06-10 10:31:29.409  WARN 6272 --- [main] o.s.boot.actuate.endpoint.EndpointId     : Endpoint ID 'service-registry' contains invalid characters, please migrate to a valid format.
2020-06-10 10:31:29.596  WARN 6272 --- [main] o.s.boot.actuate.endpoint.EndpointId     : Endpoint ID 'hystrix.stream' contains invalid characters, please migrate to a valid format.
2020-06-10 10:31:38.560  WARN 6272 --- [main] c.n.c.sources.URLConfigurationSource     : No URLs will be polled as dynamic configuration sources.
2020-06-10 10:32:04.246  WARN 6272 --- [main] c.j.a.rbac.MyFilterSecurityInterceptor   : Could not validate configuration attributes as the SecurityMetadataSource did not return any attributes from getAllConfigAttributes()
2020-06-10 10:32:06.290  WARN 6272 --- [main] c.n.c.sources.URLConfigurationSource     : No URLs will be polled as dynamic configuration sources.
2020-06-10 10:32:08.577  WARN 6272 --- [main] o.s.c.n.core.CoreAutoConfiguration       : This module is deprecated. It will be removed in the next major release. Please use spring-cloud-netflix-hystrix instead.
2020-06-10 10:32:57.825  WARN 6272 --- [https-jsse-nio-443-exec-8] o.s.c.n.z.f.r.s.AbstractRibbonCommand    : The Hystrix timeout of 20000ms for the command ac-test is set lower than the combination of the Ribbon read and connect timeout, 1200000ms.
2020-06-10 10:32:59.126  WARN 6272 --- [https-jsse-nio-443-exec-6] o.s.c.n.z.f.r.s.AbstractRibbonCommand    : The Hystrix timeout of 20000ms for the command ac-test is set lower than the combination of the Ribbon read and connect timeout, 1200000ms.
2020-06-10 10:33:03.319  WARN 6272 --- [https-jsse-nio-443-exec-7] o.s.c.n.z.f.r.s.AbstractRibbonCommand    : The Hystrix timeout of 20000ms for the command ac-test is set lower than the combination of the Ribbon read and connect timeout, 1200000ms.
2020-06-10 10:33:04.093  WARN 6272 --- [https-jsse-nio-443-exec-6] o.s.c.n.z.f.r.s.AbstractRibbonCommand    : The Hystrix timeout of 20000ms for the command ac-test is set lower than the combination of the Ribbon read and connect timeout, 1200000ms.
2020-06-10 10:33:04.098  WARN 6272 --- [https-jsse-nio-443-exec-4] o.s.c.n.z.f.r.s.AbstractRibbonCommand    : The Hystrix timeout of 20000ms for the command ac-test is set lower than the combination of the Ribbon read and connect timeout, 1200000ms.
2020-06-10 10:33:04.099  WARN 6272 --- [https-jsse-nio-443-exec-9] o.s.c.n.z.f.r.s.AbstractRibbonCommand    : The Hystrix timeout of 20000ms for the command ac-test is set lower than the combination of the Ribbon read and connect timeout, 1200000ms.
2020-06-10 10:33:04.105  WARN 6272 --- [https-jsse-nio-443-exec-8] o.s.c.n.z.f.r.s.AbstractRibbonCommand    : The Hystrix timeout of 20000ms for the command ac-test is set lower than the combination of the Ribbon read and connect timeout, 1200000ms.
2020-06-10 10:33:09.911  WARN 6272 --- [https-jsse-nio-443-exec-1] o.s.c.n.z.f.r.s.AbstractRibbonCommand    : The Hystrix timeout of 20000ms for the command ac-test is set lower than the combination of the Ribbon read and connect timeout, 1200000ms.
2020-06-10 10:33:10.062  WARN 6272 --- [https-jsse-nio-443-exec-6] o.s.c.n.z.f.r.s.AbstractRibbonCommand    : The Hystrix timeout of 20000ms for the command ac-test is set lower than the combination of the Ribbon read and connect timeout, 1200000ms.
2020-06-10 10:33:10.096  WARN 6272 --- [https-jsse-nio-443-exec-8] o.s.c.n.z.f.r.s.AbstractRibbonCommand    : The Hystrix timeout of 20000ms for the command ac-test is set lower than the combination of the Ribbon read and connect timeout, 1200000ms.
2020-06-10 10:33:10.279  WARN 6272 --- [https-jsse-nio-443-exec-3] o.s.c.n.z.f.r.s.AbstractRibbonCommand    : The Hystrix timeout of 20000ms for the command ac-test is set lower than the combination of the Ribbon read and connect timeout, 1200000ms.
2020-06-10 10:33:10.415  WARN 6272 --- [https-jsse-nio-443-exec-5] o.s.c.n.z.f.r.s.AbstractRibbonCommand    : The Hystrix timeout of 20000ms for the command ac-test is set lower than the combination of the Ribbon read and connect timeout, 1200000ms.
2020-06-10 10:47:21.544  WARN 6272 --- [https-jsse-nio-443-exec-10] o.s.c.n.z.f.r.s.AbstractRibbonCommand    : The Hystrix timeout of 20000ms for the command ac-test is set lower than the combination of the Ribbon read and connect timeout, 1200000ms.
2020-06-10 10:51:15.648  WARN 6272 --- [https-jsse-nio-443-exec-8] o.s.c.n.z.f.r.s.AbstractRibbonCommand    : The Hystrix timeout of 20000ms for the command ac-test is set lower than the combination of the Ribbon read and connect timeout, 1200000ms.
2020-06-10 10:53:19.080  WARN 6272 --- [https-jsse-nio-443-exec-2] o.s.c.n.z.f.r.s.AbstractRibbonCommand    : The Hystrix timeout of 20000ms for the command ac-test is set lower than the combination of the Ribbon read and connect timeout, 1200000ms.
2020-06-10 10:55:54.940  WARN 6272 --- [https-jsse-nio-443-exec-1] o.s.c.n.z.f.r.s.AbstractRibbonCommand    : The Hystrix timeout of 20000ms for the command ac-test is set lower than the combination of the Ribbon read and connect timeout, 1200000ms.
2020-06-10 10:59:37.097  WARN 6272 --- [https-jsse-nio-443-exec-9] o.s.c.n.z.f.r.s.AbstractRibbonCommand    : The Hystrix timeout of 20000ms for the command ac-test is set lower than the combination of the Ribbon read and connect timeout, 1200000ms.
2020-06-10 11:01:30.148  WARN 6272 --- [https-jsse-nio-443-exec-1] o.s.c.n.z.f.r.s.AbstractRibbonCommand    : The Hystrix timeout of 20000ms for the command ac-test is set lower than the combination of the Ribbon read and connect timeout, 1200000ms.
2020-06-10 11:01:33.875  WARN 6272 --- [https-jsse-nio-443-exec-8] o.s.c.n.z.f.r.s.AbstractRibbonCommand    : The Hystrix timeout of 20000ms for the command ac-test is set lower than the combination of the Ribbon read and connect timeout, 1200000ms.
2020-06-10 11:01:33.882  WARN 6272 --- [https-jsse-nio-443-exec-4] o.s.c.n.z.f.r.s.AbstractRibbonCommand    : The Hystrix timeout of 20000ms for the command ac-test is set lower than the combination of the Ribbon read and connect timeout, 1200000ms.
2020-06-10 11:01:33.934  WARN 6272 --- [https-jsse-nio-443-exec-9] o.s.c.n.z.f.r.s.AbstractRibbonCommand    : The Hystrix timeout of 20000ms for the command ac-test is set lower than the combination of the Ribbon read and connect timeout, 1200000ms.
2020-06-10 11:01:34.802  WARN 6272 --- [https-jsse-nio-443-exec-2] o.s.c.n.z.f.r.s.AbstractRibbonCommand    : The Hystrix timeout of 20000ms for the command ac-test is set lower than the combination of the Ribbon read and connect timeout, 1200000ms.
2020-06-10 11:01:34.827  WARN 6272 --- [https-jsse-nio-443-exec-6] o.s.c.n.z.f.r.s.AbstractRibbonCommand    : The Hystrix timeout of 20000ms for the command ac-test is set lower than the combination of the Ribbon read and connect timeout, 1200000ms.
2020-06-10 11:01:37.100  WARN 6272 --- [https-jsse-nio-443-exec-1] o.s.c.n.z.f.r.s.AbstractRibbonCommand    : The Hystrix timeout of 20000ms for the command ac-test is set lower than the combination of the Ribbon read and connect timeout, 1200000ms.
2020-06-10 11:01:37.412  WARN 6272 --- [https-jsse-nio-443-exec-5] o.s.c.n.z.f.r.s.AbstractRibbonCommand    : The Hystrix timeout of 20000ms for the command ac-test is set lower than the combination of the Ribbon read and connect timeout, 1200000ms.
2020-06-10 11:01:37.683  WARN 6272 --- [https-jsse-nio-443-exec-7] o.s.c.n.z.f.r.s.AbstractRibbonCommand    : The Hystrix timeout of 20000ms for the command ac-test is set lower than the combination of the Ribbon read and connect timeout, 1200000ms.
2020-06-10 11:01:37.756  WARN 6272 --- [https-jsse-nio-443-exec-3] o.s.c.n.z.f.r.s.AbstractRibbonCommand    : The Hystrix timeout of 20000ms for the command ac-test is set lower than the combination of the Ribbon read and connect timeout, 1200000ms.
2020-06-10 11:01:38.196  WARN 6272 --- [https-jsse-nio-443-exec-10] o.s.c.n.z.f.r.s.AbstractRibbonCommand    : The Hystrix timeout of 20000ms for the command ac-test is set lower than the combination of the Ribbon read and connect timeout, 1200000ms.
2020-06-10 11:02:49.721  WARN 6272 --- [https-jsse-nio-443-exec-1] o.s.c.n.z.f.r.s.AbstractRibbonCommand    : The Hystrix timeout of 20000ms for the command ac-test is set lower than the combination of the Ribbon read and connect timeout, 1200000ms.
2020-06-10 11:03:41.899  WARN 6272 --- [https-jsse-nio-443-exec-3] o.s.c.n.z.f.r.s.AbstractRibbonCommand    : The Hystrix timeout of 20000ms for the command ac-test is set lower than the combination of the Ribbon read and connect timeout, 1200000ms.
2020-06-10 11:03:44.905  WARN 6272 --- [https-jsse-nio-443-exec-5] o.s.c.n.z.f.r.s.AbstractRibbonCommand    : The Hystrix timeout of 20000ms for the command ac-test is set lower than the combination of the Ribbon read and connect timeout, 1200000ms.
2020-06-10 11:04:34.590  WARN 6272 --- [https-jsse-nio-443-exec-2] o.s.c.n.z.f.r.s.AbstractRibbonCommand    : The Hystrix timeout of 20000ms for the command ac-test is set lower than the combination of the Ribbon read and connect timeout, 1200000ms.
2020-06-10 11:04:35.791  WARN 6272 --- [https-jsse-nio-443-exec-5] o.s.c.n.z.f.r.s.AbstractRibbonCommand    : The Hystrix timeout of 20000ms for the command ac-test is set lower than the combination of the Ribbon read and connect timeout, 1200000ms.
2020-06-10 11:04:36.318  WARN 6272 --- [https-jsse-nio-443-exec-10] o.s.c.n.z.f.r.s.AbstractRibbonCommand    : The Hystrix timeout of 20000ms for the command ac-test is set lower than the combination of the Ribbon read and connect timeout, 1200000ms.
2020-06-10 11:04:36.569  WARN 6272 --- [https-jsse-nio-443-exec-4] o.s.c.n.z.f.r.s.AbstractRibbonCommand    : The Hystrix timeout of 20000ms for the command ac-test is set lower than the combination of the Ribbon read and connect timeout, 1200000ms.
2020-06-10 11:04:36.731  WARN 6272 --- [https-jsse-nio-443-exec-1] o.s.c.n.z.f.r.s.AbstractRibbonCommand    : The Hystrix timeout of 20000ms for the command ac-test is set lower than the combination of the Ribbon read and connect timeout, 1200000ms.
2020-06-10 11:04:36.881  WARN 6272 --- [https-jsse-nio-443-exec-8] o.s.c.n.z.f.r.s.AbstractRibbonCommand    : The Hystrix timeout of 20000ms for the command ac-test is set lower than the combination of the Ribbon read and connect timeout, 1200000ms.
2020-06-10 11:04:37.973  WARN 6272 --- [https-jsse-nio-443-exec-2] o.s.c.n.z.f.r.s.AbstractRibbonCommand    : The Hystrix timeout of 20000ms for the command ac-test is set lower than the combination of the Ribbon read and connect timeout, 1200000ms.
2020-06-10 11:04:38.041  WARN 6272 --- [https-jsse-nio-443-exec-3] o.s.c.n.z.f.r.s.AbstractRibbonCommand    : The Hystrix timeout of 20000ms for the command ac-test is set lower than the combination of the Ribbon read and connect timeout, 1200000ms.
2020-06-10 11:04:38.343  WARN 6272 --- [https-jsse-nio-443-exec-9] o.s.c.n.z.f.r.s.AbstractRibbonCommand    : The Hystrix timeout of 20000ms for the command ac-test is set lower than the combination of the Ribbon read and connect timeout, 1200000ms.
2020-06-10 11:04:38.452  WARN 6272 --- [https-jsse-nio-443-exec-5] o.s.c.n.z.f.r.s.AbstractRibbonCommand    : The Hystrix timeout of 20000ms for the command ac-test is set lower than the combination of the Ribbon read and connect timeout, 1200000ms.
2020-06-10 11:04:38.745  WARN 6272 --- [https-jsse-nio-443-exec-6] o.s.c.n.z.f.r.s.AbstractRibbonCommand    : The Hystrix timeout of 20000ms for the command ac-test is set lower than the combination of the Ribbon read and connect timeout, 1200000ms.
2020-06-10 11:06:09.884  WARN 6272 --- [https-jsse-nio-443-exec-4] o.s.c.n.z.f.r.s.AbstractRibbonCommand    : The Hystrix timeout of 20000ms for the command ac-test is set lower than the combination of the Ribbon read and connect timeout, 1200000ms.
2020-06-10 11:06:12.685  WARN 6272 --- [https-jsse-nio-443-exec-7] o.s.c.n.z.f.r.s.AbstractRibbonCommand    : The Hystrix timeout of 20000ms for the command ac-test is set lower than the combination of the Ribbon read and connect timeout, 1200000ms.
2020-06-10 11:06:14.430  WARN 6272 --- [https-jsse-nio-443-exec-10] o.s.c.n.z.f.r.s.AbstractRibbonCommand    : The Hystrix timeout of 20000ms for the command ac-test is set lower than the combination of the Ribbon read and connect timeout, 1200000ms.
2020-06-10 11:07:31.604  WARN 6272 --- [https-jsse-nio-443-exec-5] o.s.c.n.z.f.r.s.AbstractRibbonCommand    : The Hystrix timeout of 20000ms for the command ac-test is set lower than the combination of the Ribbon read and connect timeout, 1200000ms.
2020-06-10 11:07:33.299  WARN 6272 --- [https-jsse-nio-443-exec-10] o.s.c.n.z.f.r.s.AbstractRibbonCommand    : The Hystrix timeout of 20000ms for the command ac-test is set lower than the combination of the Ribbon read and connect timeout, 1200000ms.
2020-06-10 11:07:34.272  WARN 6272 --- [https-jsse-nio-443-exec-9] o.s.c.n.z.f.r.s.AbstractRibbonCommand    : The Hystrix timeout of 20000ms for the command ac-test is set lower than the combination of the Ribbon read and connect timeout, 1200000ms.
2020-06-10 11:07:34.320  WARN 6272 --- [https-jsse-nio-443-exec-2] o.s.c.n.z.f.r.s.AbstractRibbonCommand    : The Hystrix timeout of 20000ms for the command ac-test is set lower than the combination of the Ribbon read and connect timeout, 1200000ms.
2020-06-10 11:07:34.667  WARN 6272 --- [https-jsse-nio-443-exec-7] o.s.c.n.z.f.r.s.AbstractRibbonCommand    : The Hystrix timeout of 20000ms for the command ac-test is set lower than the combination of the Ribbon read and connect timeout, 1200000ms.
2020-06-10 11:07:35.205  WARN 6272 --- [https-jsse-nio-443-exec-8] o.s.c.n.z.f.r.s.AbstractRibbonCommand    : The Hystrix timeout of 20000ms for the command ac-test is set lower than the combination of the Ribbon read and connect timeout, 1200000ms.
2020-06-10 11:07:36.665  WARN 6272 --- [https-jsse-nio-443-exec-10] o.s.c.n.z.f.r.s.AbstractRibbonCommand    : The Hystrix timeout of 20000ms for the command ac-test is set lower than the combination of the Ribbon read and connect timeout, 1200000ms.
2020-06-10 11:07:37.156  WARN 6272 --- [https-jsse-nio-443-exec-3] o.s.c.n.z.f.r.s.AbstractRibbonCommand    : The Hystrix timeout of 20000ms for the command ac-test is set lower than the combination of the Ribbon read and connect timeout, 1200000ms.
2020-06-10 11:07:37.291  WARN 6272 --- [https-jsse-nio-443-exec-6] o.s.c.n.z.f.r.s.AbstractRibbonCommand    : The Hystrix timeout of 20000ms for the command ac-test is set lower than the combination of the Ribbon read and connect timeout, 1200000ms.
2020-06-10 11:07:37.595  WARN 6272 --- [https-jsse-nio-443-exec-1] o.s.c.n.z.f.r.s.AbstractRibbonCommand    : The Hystrix timeout of 20000ms for the command ac-test is set lower than the combination of the Ribbon read and connect timeout, 1200000ms.
2020-06-10 11:08:41.471  WARN 6272 --- [https-jsse-nio-443-exec-10] o.s.c.n.z.f.r.s.AbstractRibbonCommand    : The Hystrix timeout of 20000ms for the command ac-test is set lower than the combination of the Ribbon read and connect timeout, 1200000ms.
2020-06-10 11:08:42.642  WARN 6272 --- [https-jsse-nio-443-exec-8] o.s.c.n.z.f.r.s.AbstractRibbonCommand    : The Hystrix timeout of 20000ms for the command ac-test is set lower than the combination of the Ribbon read and connect timeout, 1200000ms.
2020-06-10 11:08:43.063  WARN 6272 --- [https-jsse-nio-443-exec-7] o.s.c.n.z.f.r.s.AbstractRibbonCommand    : The Hystrix timeout of 20000ms for the command ac-test is set lower than the combination of the Ribbon read and connect timeout, 1200000ms.
2020-06-10 11:08:43.670  WARN 6272 --- [https-jsse-nio-443-exec-10] o.s.c.n.z.f.r.s.AbstractRibbonCommand    : The Hystrix timeout of 20000ms for the command ac-test is set lower than the combination of the Ribbon read and connect timeout, 1200000ms.
2020-06-10 11:08:43.803  WARN 6272 --- [https-jsse-nio-443-exec-3] o.s.c.n.z.f.r.s.AbstractRibbonCommand    : The Hystrix timeout of 20000ms for the command ac-test is set lower than the combination of the Ribbon read and connect timeout, 1200000ms.
2020-06-10 11:08:43.993  WARN 6272 --- [https-jsse-nio-443-exec-2] o.s.c.n.z.f.r.s.AbstractRibbonCommand    : The Hystrix timeout of 20000ms for the command ac-test is set lower than the combination of the Ribbon read and connect timeout, 1200000ms.
2020-06-10 11:08:44.129  WARN 6272 --- [https-jsse-nio-443-exec-6] o.s.c.n.z.f.r.s.AbstractRibbonCommand    : The Hystrix timeout of 20000ms for the command ac-test is set lower than the combination of the Ribbon read and connect timeout, 1200000ms.
2020-06-10 11:10:34.217  WARN 6272 --- [https-jsse-nio-443-exec-7] o.s.c.n.z.f.r.s.AbstractRibbonCommand    : The Hystrix timeout of 20000ms for the command ac-test is set lower than the combination of the Ribbon read and connect timeout, 1200000ms.
2020-06-10 11:10:36.303  WARN 6272 --- [https-jsse-nio-443-exec-2] o.s.c.n.z.f.r.s.AbstractRibbonCommand    : The Hystrix timeout of 20000ms for the command ac-test is set lower than the combination of the Ribbon read and connect timeout, 1200000ms.
2020-06-10 11:10:36.504  WARN 6272 --- [https-jsse-nio-443-exec-8] o.s.c.n.z.f.r.s.AbstractRibbonCommand    : The Hystrix timeout of 20000ms for the command ac-test is set lower than the combination of the Ribbon read and connect timeout, 1200000ms.
2020-06-10 11:10:37.140  WARN 6272 --- [https-jsse-nio-443-exec-10] o.s.c.n.z.f.r.s.AbstractRibbonCommand    : The Hystrix timeout of 20000ms for the command ac-test is set lower than the combination of the Ribbon read and connect timeout, 1200000ms.
2020-06-10 11:10:37.324  WARN 6272 --- [https-jsse-nio-443-exec-5] o.s.c.n.z.f.r.s.AbstractRibbonCommand    : The Hystrix timeout of 20000ms for the command ac-test is set lower than the combination of the Ribbon read and connect timeout, 1200000ms.
2020-06-10 11:10:37.378  WARN 6272 --- [https-jsse-nio-443-exec-4] o.s.c.n.z.f.r.s.AbstractRibbonCommand    : The Hystrix timeout of 20000ms for the command ac-test is set lower than the combination of the Ribbon read and connect timeout, 1200000ms.
2020-06-10 11:10:37.766  WARN 6272 --- [https-jsse-nio-443-exec-3] o.s.c.n.z.f.r.s.AbstractRibbonCommand    : The Hystrix timeout of 20000ms for the command ac-test is set lower than the combination of the Ribbon read and connect timeout, 1200000ms.
2020-06-10 11:12:52.053  WARN 6272 --- [https-jsse-nio-443-exec-9] o.s.c.n.z.f.r.s.AbstractRibbonCommand    : The Hystrix timeout of 20000ms for the command ac-test is set lower than the combination of the Ribbon read and connect timeout, 1200000ms.
2020-06-10 11:12:59.717  WARN 6272 --- [https-jsse-nio-443-exec-8] o.s.c.n.z.f.r.s.AbstractRibbonCommand    : The Hystrix timeout of 20000ms for the command ac-test is set lower than the combination of the Ribbon read and connect timeout, 1200000ms.
2020-06-10 11:12:59.879  WARN 6272 --- [https-jsse-nio-443-exec-7] o.s.c.n.z.f.r.s.AbstractRibbonCommand    : The Hystrix timeout of 20000ms for the command ac-test is set lower than the combination of the Ribbon read and connect timeout, 1200000ms.
2020-06-10 11:13:03.064  WARN 6272 --- [https-jsse-nio-443-exec-5] o.s.c.n.z.f.r.s.AbstractRibbonCommand    : The Hystrix timeout of 20000ms for the command ac-test is set lower than the combination of the Ribbon read and connect timeout, 1200000ms.
2020-06-10 11:13:04.730  WARN 6272 --- [https-jsse-nio-443-exec-9] o.s.c.n.z.f.r.s.AbstractRibbonCommand    : The Hystrix timeout of 20000ms for the command ac-test is set lower than the combination of the Ribbon read and connect timeout, 1200000ms.
2020-06-10 11:13:06.252  WARN 6272 --- [https-jsse-nio-443-exec-10] o.s.c.n.z.f.r.s.AbstractRibbonCommand    : The Hystrix timeout of 20000ms for the command ac-test is set lower than the combination of the Ribbon read and connect timeout, 1200000ms.
2020-06-10 11:13:07.600  WARN 6272 --- [https-jsse-nio-443-exec-2] o.s.c.n.z.f.r.s.AbstractRibbonCommand    : The Hystrix timeout of 20000ms for the command ac-test is set lower than the combination of the Ribbon read and connect timeout, 1200000ms.
2020-06-10 11:16:06.332  WARN 6272 --- [https-jsse-nio-443-exec-1] o.s.c.n.z.f.r.s.AbstractRibbonCommand    : The Hystrix timeout of 20000ms for the command ac-test is set lower than the combination of the Ribbon read and connect timeout, 1200000ms.
2020-06-10 11:16:11.333  WARN 6272 --- [https-jsse-nio-443-exec-9] o.s.c.n.z.f.r.s.AbstractRibbonCommand    : The Hystrix timeout of 20000ms for the command ac-test is set lower than the combination of the Ribbon read and connect timeout, 1200000ms.
2020-06-10 11:16:11.502  WARN 6272 --- [https-jsse-nio-443-exec-6] o.s.c.n.z.f.r.s.AbstractRibbonCommand    : The Hystrix timeout of 20000ms for the command ac-test is set lower than the combination of the Ribbon read and connect timeout, 1200000ms.
2020-06-10 11:16:18.436  WARN 6272 --- [https-jsse-nio-443-exec-5] o.s.c.n.z.f.r.s.AbstractRibbonCommand    : The Hystrix timeout of 20000ms for the command ac-test is set lower than the combination of the Ribbon read and connect timeout, 1200000ms.
2020-06-10 11:16:20.537  WARN 6272 --- [https-jsse-nio-443-exec-1] o.s.c.n.z.f.r.s.AbstractRibbonCommand    : The Hystrix timeout of 20000ms for the command ac-test is set lower than the combination of the Ribbon read and connect timeout, 1200000ms.
2020-06-10 11:16:22.213  WARN 6272 --- [https-jsse-nio-443-exec-4] o.s.c.n.z.f.r.s.AbstractRibbonCommand    : The Hystrix timeout of 20000ms for the command ac-test is set lower than the combination of the Ribbon read and connect timeout, 1200000ms.
2020-06-10 11:16:24.117  WARN 6272 --- [https-jsse-nio-443-exec-10] o.s.c.n.z.f.r.s.AbstractRibbonCommand    : The Hystrix timeout of 20000ms for the command ac-test is set lower than the combination of the Ribbon read and connect timeout, 1200000ms.
2020-06-10 11:21:33.195  WARN 6272 --- [https-jsse-nio-443-exec-5] o.s.c.n.z.f.r.s.AbstractRibbonCommand    : The Hystrix timeout of 20000ms for the command ac-test is set lower than the combination of the Ribbon read and connect timeout, 1200000ms.
2020-06-10 11:21:58.266  WARN 6272 --- [https-jsse-nio-443-exec-5] o.s.c.n.z.filters.post.SendErrorFilter   : Error during filtering

com.netflix.zuul.exception.ZuulException: Forwarding error
	at org.springframework.cloud.netflix.zuul.filters.route.RibbonRoutingFilter.handleException(RibbonRoutingFilter.java:198)
	at org.springframework.cloud.netflix.zuul.filters.route.RibbonRoutingFilter.forward(RibbonRoutingFilter.java:173)
	at org.springframework.cloud.netflix.zuul.filters.route.RibbonRoutingFilter.run(RibbonRoutingFilter.java:119)
	at com.netflix.zuul.ZuulFilter.runFilter(ZuulFilter.java:117)
	at com.netflix.zuul.FilterProcessor.processZuulFilter(FilterProcessor.java:193)
	at com.netflix.zuul.FilterProcessor.runFilters(FilterProcessor.java:157)
	at com.netflix.zuul.FilterProcessor.route(FilterProcessor.java:118)
	at com.netflix.zuul.ZuulRunner.route(ZuulRunner.java:96)
	at com.netflix.zuul.http.ZuulServlet.route(ZuulServlet.java:116)
	at com.netflix.zuul.http.ZuulServlet.service(ZuulServlet.java:81)
	at org.springframework.web.servlet.mvc.ServletWrappingController.handleRequestInternal(ServletWrappingController.java:165)
	at org.springframework.cloud.netflix.zuul.web.ZuulController.handleRequest(ZuulController.java:45)
	at org.springframework.web.servlet.mvc.SimpleControllerHandlerAdapter.handle(SimpleControllerHandlerAdapter.java:52)
	at org.springframework.web.servlet.DispatcherServlet.doDispatch(DispatcherServlet.java:1039)
	at org.springframework.web.servlet.DispatcherServlet.doService(DispatcherServlet.java:942)
	at org.springframework.web.servlet.FrameworkServlet.processRequest(FrameworkServlet.java:1005)
	at org.springframework.web.servlet.FrameworkServlet.doGet(FrameworkServlet.java:897)
	at javax.servlet.http.HttpServlet.service(HttpServlet.java:634)
	at org.springframework.web.servlet.FrameworkServlet.service(FrameworkServlet.java:882)
	at javax.servlet.http.HttpServlet.service(HttpServlet.java:741)
	at org.apache.catalina.core.ApplicationFilterChain.internalDoFilter(ApplicationFilterChain.java:231)
	at org.apache.catalina.core.ApplicationFilterChain.doFilter(ApplicationFilterChain.java:166)
	at org.apache.tomcat.websocket.server.WsFilter.doFilter(WsFilter.java:53)
	at org.apache.catalina.core.ApplicationFilterChain.internalDoFilter(ApplicationFilterChain.java:193)
	at org.apache.catalina.core.ApplicationFilterChain.doFilter(ApplicationFilterChain.java:166)
	at com.jit.authority.rbac.MyFilterSecurityInterceptor.invoke(MyFilterSecurityInterceptor.java:59)
	at com.jit.authority.rbac.MyFilterSecurityInterceptor.doFilter(MyFilterSecurityInterceptor.java:44)
	at org.apache.catalina.core.ApplicationFilterChain.internalDoFilter(ApplicationFilterChain.java:193)
	at org.apache.catalina.core.ApplicationFilterChain.doFilter(ApplicationFilterChain.java:166)
	at com.jit.authority.jwtsecurity.filter.JwtAuthenticationFilter.doFilterInternal(JwtAuthenticationFilter.java:91)
	at org.springframework.web.filter.OncePerRequestFilter.doFilter(OncePerRequestFilter.java:109)
	at org.apache.catalina.core.ApplicationFilterChain.internalDoFilter(ApplicationFilterChain.java:193)
	at org.apache.catalina.core.ApplicationFilterChain.doFilter(ApplicationFilterChain.java:166)
	at org.springframework.boot.actuate.web.trace.servlet.HttpTraceFilter.doFilterInternal(HttpTraceFilter.java:88)
	at org.springframework.web.filter.OncePerRequestFilter.doFilter(OncePerRequestFilter.java:109)
	at org.apache.catalina.core.ApplicationFilterChain.internalDoFilter(ApplicationFilterChain.java:193)
	at org.apache.catalina.core.ApplicationFilterChain.doFilter(ApplicationFilterChain.java:166)
	at org.springframework.security.web.FilterChainProxy.doFilterInternal(FilterChainProxy.java:209)
	at org.springframework.security.web.FilterChainProxy.doFilter(FilterChainProxy.java:178)
	at org.springframework.web.filter.DelegatingFilterProxy.invokeDelegate(DelegatingFilterProxy.java:357)
	at org.springframework.web.filter.DelegatingFilterProxy.doFilter(DelegatingFilterProxy.java:270)
	at org.apache.catalina.core.ApplicationFilterChain.internalDoFilter(ApplicationFilterChain.java:193)
	at org.apache.catalina.core.ApplicationFilterChain.doFilter(ApplicationFilterChain.java:166)
	at org.springframework.web.filter.RequestContextFilter.doFilterInternal(RequestContextFilter.java:99)
	at org.springframework.web.filter.OncePerRequestFilter.doFilter(OncePerRequestFilter.java:109)
	at org.apache.catalina.core.ApplicationFilterChain.internalDoFilter(ApplicationFilterChain.java:193)
	at org.apache.catalina.core.ApplicationFilterChain.doFilter(ApplicationFilterChain.java:166)
	at org.springframework.web.filter.FormContentFilter.doFilterInternal(FormContentFilter.java:92)
	at org.springframework.web.filter.OncePerRequestFilter.doFilter(OncePerRequestFilter.java:109)
	at org.apache.catalina.core.ApplicationFilterChain.internalDoFilter(ApplicationFilterChain.java:193)
	at org.apache.catalina.core.ApplicationFilterChain.doFilter(ApplicationFilterChain.java:166)
	at org.springframework.web.filter.HiddenHttpMethodFilter.doFilterInternal(HiddenHttpMethodFilter.java:93)
	at org.springframework.web.filter.OncePerRequestFilter.doFilter(OncePerRequestFilter.java:109)
	at org.apache.catalina.core.ApplicationFilterChain.internalDoFilter(ApplicationFilterChain.java:193)
	at org.apache.catalina.core.ApplicationFilterChain.doFilter(ApplicationFilterChain.java:166)
	at org.springframework.boot.actuate.metrics.web.servlet.WebMvcMetricsFilter.filterAndRecordMetrics(WebMvcMetricsFilter.java:114)
	at org.springframework.boot.actuate.metrics.web.servlet.WebMvcMetricsFilter.doFilterInternal(WebMvcMetricsFilter.java:104)
	at org.springframework.web.filter.OncePerRequestFilter.doFilter(OncePerRequestFilter.java:109)
	at org.apache.catalina.core.ApplicationFilterChain.internalDoFilter(ApplicationFilterChain.java:193)
	at org.apache.catalina.core.ApplicationFilterChain.doFilter(ApplicationFilterChain.java:166)
	at org.springframework.web.filter.CharacterEncodingFilter.doFilterInternal(CharacterEncodingFilter.java:200)
	at org.springframework.web.filter.OncePerRequestFilter.doFilter(OncePerRequestFilter.java:109)
	at org.apache.catalina.core.ApplicationFilterChain.internalDoFilter(ApplicationFilterChain.java:193)
	at org.apache.catalina.core.ApplicationFilterChain.doFilter(ApplicationFilterChain.java:166)
	at com.jit.authority.config.CorsConfig.doFilter(CorsConfig.java:34)
	at org.apache.catalina.core.ApplicationFilterChain.internalDoFilter(ApplicationFilterChain.java:193)
	at org.apache.catalina.core.ApplicationFilterChain.doFilter(ApplicationFilterChain.java:166)
	at org.apache.catalina.core.StandardWrapperValve.invoke(StandardWrapperValve.java:202)
	at org.apache.catalina.core.StandardContextValve.invoke(StandardContextValve.java:96)
	at org.apache.catalina.authenticator.AuthenticatorBase.invoke(AuthenticatorBase.java:490)
	at org.apache.catalina.core.StandardHostValve.invoke(StandardHostValve.java:139)
	at org.apache.catalina.valves.ErrorReportValve.invoke(ErrorReportValve.java:92)
	at org.apache.catalina.core.StandardEngineValve.invoke(StandardEngineValve.java:74)
	at org.apache.catalina.connector.CoyoteAdapter.service(CoyoteAdapter.java:343)
	at org.apache.coyote.http11.Http11Processor.service(Http11Processor.java:408)
	at org.apache.coyote.AbstractProcessorLight.process(AbstractProcessorLight.java:66)
	at org.apache.coyote.AbstractProtocol$ConnectionHandler.process(AbstractProtocol.java:853)
	at org.apache.tomcat.util.net.NioEndpoint$SocketProcessor.doRun(NioEndpoint.java:1587)
	at org.apache.tomcat.util.net.SocketProcessorBase.run(SocketProcessorBase.java:49)
	at java.util.concurrent.ThreadPoolExecutor.runWorker(ThreadPoolExecutor.java:1142)
	at java.util.concurrent.ThreadPoolExecutor$Worker.run(ThreadPoolExecutor.java:617)
	at org.apache.tomcat.util.threads.TaskThread$WrappingRunnable.run(TaskThread.java:61)
	at java.lang.Thread.run(Thread.java:745)
Caused by: com.netflix.client.ClientException: Load balancer does not have available server for client: ac-test
	at com.netflix.loadbalancer.LoadBalancerContext.getServerFromLoadBalancer(LoadBalancerContext.java:483)
	at com.netflix.loadbalancer.reactive.LoadBalancerCommand$1.call(LoadBalancerCommand.java:184)
	at com.netflix.loadbalancer.reactive.LoadBalancerCommand$1.call(LoadBalancerCommand.java:180)
	at rx.Observable.unsafeSubscribe(Observable.java:10327)
	at rx.internal.operators.OnSubscribeConcatMap.call(OnSubscribeConcatMap.java:94)
	at rx.internal.operators.OnSubscribeConcatMap.call(OnSubscribeConcatMap.java:42)
	at rx.Observable.unsafeSubscribe(Observable.java:10327)
	at rx.internal.operators.OperatorRetryWithPredicate$SourceSubscriber$1.call(OperatorRetryWithPredicate.java:127)
	at rx.internal.schedulers.TrampolineScheduler$InnerCurrentThreadScheduler.enqueue(TrampolineScheduler.java:73)
	at rx.internal.schedulers.TrampolineScheduler$InnerCurrentThreadScheduler.schedule(TrampolineScheduler.java:52)
	at rx.internal.operators.OperatorRetryWithPredicate$SourceSubscriber.onNext(OperatorRetryWithPredicate.java:79)
	at rx.internal.operators.OperatorRetryWithPredicate$SourceSubscriber.onNext(OperatorRetryWithPredicate.java:45)
	at rx.internal.util.ScalarSynchronousObservable$WeakSingleProducer.request(ScalarSynchronousObservable.java:276)
	at rx.Subscriber.setProducer(Subscriber.java:209)
	at rx.internal.util.ScalarSynchronousObservable$JustOnSubscribe.call(ScalarSynchronousObservable.java:138)
	at rx.internal.util.ScalarSynchronousObservable$JustOnSubscribe.call(ScalarSynchronousObservable.java:129)
	at rx.internal.operators.OnSubscribeLift.call(OnSubscribeLift.java:48)
	at rx.internal.operators.OnSubscribeLift.call(OnSubscribeLift.java:30)
	at rx.internal.operators.OnSubscribeLift.call(OnSubscribeLift.java:48)
	at rx.internal.operators.OnSubscribeLift.call(OnSubscribeLift.java:30)
	at rx.internal.operators.OnSubscribeLift.call(OnSubscribeLift.java:48)
	at rx.internal.operators.OnSubscribeLift.call(OnSubscribeLift.java:30)
	at rx.Observable.subscribe(Observable.java:10423)
	at rx.Observable.subscribe(Observable.java:10390)
	at rx.observables.BlockingObservable.blockForSingle(BlockingObservable.java:443)
	at rx.observables.BlockingObservable.single(BlockingObservable.java:340)
	at com.netflix.client.AbstractLoadBalancerAwareClient.executeWithLoadBalancer(AbstractLoadBalancerAwareClient.java:112)
	at org.springframework.cloud.netflix.zuul.filters.route.support.AbstractRibbonCommand.run(AbstractRibbonCommand.java:221)
	at org.springframework.cloud.netflix.zuul.filters.route.support.AbstractRibbonCommand.run(AbstractRibbonCommand.java:55)
	at com.netflix.hystrix.HystrixCommand$2.call(HystrixCommand.java:302)
	at com.netflix.hystrix.HystrixCommand$2.call(HystrixCommand.java:298)
	at rx.internal.operators.OnSubscribeDefer.call(OnSubscribeDefer.java:46)
	at rx.internal.operators.OnSubscribeDefer.call(OnSubscribeDefer.java:35)
	at rx.internal.operators.OnSubscribeLift.call(OnSubscribeLift.java:48)
	at rx.internal.operators.OnSubscribeLift.call(OnSubscribeLift.java:30)
	at rx.internal.operators.OnSubscribeLift.call(OnSubscribeLift.java:48)
	at rx.internal.operators.OnSubscribeLift.call(OnSubscribeLift.java:30)
	at rx.internal.operators.OnSubscribeLift.call(OnSubscribeLift.java:48)
	at rx.internal.operators.OnSubscribeLift.call(OnSubscribeLift.java:30)
	at rx.Observable.unsafeSubscribe(Observable.java:10327)
	at rx.internal.operators.OnSubscribeDefer.call(OnSubscribeDefer.java:51)
	at rx.internal.operators.OnSubscribeDefer.call(OnSubscribeDefer.java:35)
	at rx.internal.operators.OnSubscribeLift.call(OnSubscribeLift.java:48)
	at rx.internal.operators.OnSubscribeLift.call(OnSubscribeLift.java:30)
	at rx.Observable.unsafeSubscribe(Observable.java:10327)
	at rx.internal.operators.OnSubscribeDoOnEach.call(OnSubscribeDoOnEach.java:41)
	at rx.internal.operators.OnSubscribeDoOnEach.call(OnSubscribeDoOnEach.java:30)
	at rx.Observable.unsafeSubscribe(Observable.java:10327)
	at rx.internal.operators.OnSubscribeDoOnEach.call(OnSubscribeDoOnEach.java:41)
	at rx.internal.operators.OnSubscribeDoOnEach.call(OnSubscribeDoOnEach.java:30)
	at rx.internal.operators.OnSubscribeLift.call(OnSubscribeLift.java:48)
	at rx.internal.operators.OnSubscribeLift.call(OnSubscribeLift.java:30)
	at rx.Observable.unsafeSubscribe(Observable.java:10327)
	at rx.internal.operators.OnSubscribeDoOnEach.call(OnSubscribeDoOnEach.java:41)
	at rx.internal.operators.OnSubscribeDoOnEach.call(OnSubscribeDoOnEach.java:30)
	at rx.Observable.unsafeSubscribe(Observable.java:10327)
	at rx.internal.operators.OnSubscribeDoOnEach.call(OnSubscribeDoOnEach.java:41)
	at rx.internal.operators.OnSubscribeDoOnEach.call(OnSubscribeDoOnEach.java:30)
	at rx.Observable.unsafeSubscribe(Observable.java:10327)
	at rx.internal.operators.OnSubscribeDoOnEach.call(OnSubscribeDoOnEach.java:41)
	at rx.internal.operators.OnSubscribeDoOnEach.call(OnSubscribeDoOnEach.java:30)
	at rx.internal.operators.OnSubscribeLift.call(OnSubscribeLift.java:48)
	at rx.internal.operators.OnSubscribeLift.call(OnSubscribeLift.java:30)
	at rx.Observable.unsafeSubscribe(Observable.java:10327)
	at rx.internal.operators.OnSubscribeDefer.call(OnSubscribeDefer.java:51)
	at rx.internal.operators.OnSubscribeDefer.call(OnSubscribeDefer.java:35)
	at rx.Observable.unsafeSubscribe(Observable.java:10327)
	at rx.internal.operators.OnSubscribeMap.call(OnSubscribeMap.java:48)
	at rx.internal.operators.OnSubscribeMap.call(OnSubscribeMap.java:33)
	at rx.Observable.unsafeSubscribe(Observable.java:10327)
	at rx.internal.operators.OnSubscribeDoOnEach.call(OnSubscribeDoOnEach.java:41)
	at rx.internal.operators.OnSubscribeDoOnEach.call(OnSubscribeDoOnEach.java:30)
	at rx.internal.operators.OnSubscribeLift.call(OnSubscribeLift.java:48)
	at rx.internal.operators.OnSubscribeLift.call(OnSubscribeLift.java:30)
	at rx.Observable.unsafeSubscribe(Observable.java:10327)
	at rx.internal.operators.OnSubscribeDoOnEach.call(OnSubscribeDoOnEach.java:41)
	at rx.internal.operators.OnSubscribeDoOnEach.call(OnSubscribeDoOnEach.java:30)
	at rx.Observable.unsafeSubscribe(Observable.java:10327)
	at rx.internal.operators.OnSubscribeDefer.call(OnSubscribeDefer.java:51)
	at rx.internal.operators.OnSubscribeDefer.call(OnSubscribeDefer.java:35)
	at rx.internal.operators.OnSubscribeLift.call(OnSubscribeLift.java:48)
	at rx.internal.operators.OnSubscribeLift.call(OnSubscribeLift.java:30)
	at rx.Observable.subscribe(Observable.java:10423)
	at rx.Observable.subscribe(Observable.java:10390)
	at rx.internal.operators.BlockingOperatorToFuture.toFuture(BlockingOperatorToFuture.java:51)
	at rx.observables.BlockingObservable.toFuture(BlockingObservable.java:410)
	at com.netflix.hystrix.HystrixCommand.queue(HystrixCommand.java:378)
	at com.netflix.hystrix.HystrixCommand.execute(HystrixCommand.java:344)
	at org.springframework.cloud.netflix.zuul.filters.route.RibbonRoutingFilter.forward(RibbonRoutingFilter.java:167)
	... 81 common frames omitted

2020-06-10 11:26:37.835  WARN 6272 --- [https-jsse-nio-443-exec-1] o.s.c.n.z.f.r.s.AbstractRibbonCommand    : The Hystrix timeout of 20000ms for the command ac-test is set lower than the combination of the Ribbon read and connect timeout, 1200000ms.
2020-06-10 11:26:42.598  WARN 6272 --- [https-jsse-nio-443-exec-7] o.s.c.n.z.f.r.s.AbstractRibbonCommand    : The Hystrix timeout of 20000ms for the command ac-test is set lower than the combination of the Ribbon read and connect timeout, 1200000ms.
2020-06-10 11:26:44.041  WARN 6272 --- [https-jsse-nio-443-exec-1] o.s.c.n.z.f.r.s.AbstractRibbonCommand    : The Hystrix timeout of 20000ms for the command ac-test is set lower than the combination of the Ribbon read and connect timeout, 1200000ms.
2020-06-10 11:26:44.345  WARN 6272 --- [https-jsse-nio-443-exec-4] o.s.c.n.z.f.r.s.AbstractRibbonCommand    : The Hystrix timeout of 20000ms for the command ac-test is set lower than the combination of the Ribbon read and connect timeout, 1200000ms.
2020-06-10 11:26:44.365  WARN 6272 --- [https-jsse-nio-443-exec-9] o.s.c.n.z.f.r.s.AbstractRibbonCommand    : The Hystrix timeout of 20000ms for the command ac-test is set lower than the combination of the Ribbon read and connect timeout, 1200000ms.
2020-06-10 11:26:44.370  WARN 6272 --- [https-jsse-nio-443-exec-6] o.s.c.n.z.f.r.s.AbstractRibbonCommand    : The Hystrix timeout of 20000ms for the command ac-test is set lower than the combination of the Ribbon read and connect timeout, 1200000ms.
2020-06-10 11:26:46.502  WARN 6272 --- [https-jsse-nio-443-exec-7] o.s.c.n.z.f.r.s.AbstractRibbonCommand    : The Hystrix timeout of 20000ms for the command ac-test is set lower than the combination of the Ribbon read and connect timeout, 1200000ms.
2020-06-10 11:26:46.941  WARN 6272 --- [https-jsse-nio-443-exec-3] o.s.c.n.z.f.r.s.AbstractRibbonCommand    : The Hystrix timeout of 20000ms for the command ac-test is set lower than the combination of the Ribbon read and connect timeout, 1200000ms.
2020-06-10 11:26:47.078  WARN 6272 --- [https-jsse-nio-443-exec-2] o.s.c.n.z.f.r.s.AbstractRibbonCommand    : The Hystrix timeout of 20000ms for the command ac-test is set lower than the combination of the Ribbon read and connect timeout, 1200000ms.
2020-06-10 11:26:47.513  WARN 6272 --- [https-jsse-nio-443-exec-4] o.s.c.n.z.f.r.s.AbstractRibbonCommand    : The Hystrix timeout of 20000ms for the command ac-test is set lower than the combination of the Ribbon read and connect timeout, 1200000ms.
2020-06-10 11:30:00.845  WARN 6272 --- [https-jsse-nio-443-exec-10] o.s.c.n.z.f.r.s.AbstractRibbonCommand    : The Hystrix timeout of 20000ms for the command ac-test is set lower than the combination of the Ribbon read and connect timeout, 1200000ms.
2020-06-10 11:30:36.799  WARN 6272 --- [https-jsse-nio-443-exec-3] o.s.c.n.z.f.r.s.AbstractRibbonCommand    : The Hystrix timeout of 20000ms for the command ac-test is set lower than the combination of the Ribbon read and connect timeout, 1200000ms.
2020-06-10 14:51:09.478  WARN 5760 --- [main] o.s.boot.actuate.endpoint.EndpointId     : Endpoint ID 'service-registry' contains invalid characters, please migrate to a valid format.
2020-06-10 14:51:09.516  WARN 5760 --- [main] o.s.boot.actuate.endpoint.EndpointId     : Endpoint ID 'hystrix.stream' contains invalid characters, please migrate to a valid format.
2020-06-10 14:51:12.028  WARN 5760 --- [main] c.n.c.sources.URLConfigurationSource     : No URLs will be polled as dynamic configuration sources.
2020-06-10 14:51:16.771  WARN 5760 --- [main] c.j.a.rbac.MyFilterSecurityInterceptor   : Could not validate configuration attributes as the SecurityMetadataSource did not return any attributes from getAllConfigAttributes()
2020-06-10 14:51:17.889  WARN 5760 --- [main] ConfigServletWebServerApplicationContext : Exception encountered during context initialization - cancelling refresh attempt: org.springframework.beans.factory.UnsatisfiedDependencyException: Error creating bean with name 'documentationPluginsBootstrapper' defined in URL [jar:file:/E:/mvnResp/io/springfox/springfox-spring-web/2.8.0/springfox-spring-web-2.8.0.jar!/springfox/documentation/spring/web/plugins/DocumentationPluginsBootstrapper.class]: Unsatisfied dependency expressed through constructor parameter 1; nested exception is org.springframework.beans.factory.UnsatisfiedDependencyException: Error creating bean with name 'webMvcRequestHandlerProvider' defined in URL [jar:file:/E:/mvnResp/io/springfox/springfox-spring-web/2.8.0/springfox-spring-web-2.8.0.jar!/springfox/documentation/spring/web/plugins/WebMvcRequestHandlerProvider.class]: Unsatisfied dependency expressed through constructor parameter 1; nested exception is org.springframework.beans.factory.BeanCreationException: Error creating bean with name 'requestMappingHandlerMapping' defined in class path resource [org/springframework/boot/autoconfigure/web/servlet/WebMvcAutoConfiguration$EnableWebMvcConfiguration.class]: Invocation of init method failed; nested exception is java.lang.IllegalStateException: Ambiguous mapping. Cannot map 'userController' method 
com.jit.authority.domain.User com.jit.authority.controller.UserController.getOneUserbyTel(java.lang.String)
to {GET /user/one}: There is already 'userController' bean method
com.jit.authority.domain.User com.jit.authority.controller.UserController.getOneUserbyId(java.lang.Integer) mapped.
2020-06-10 14:51:17.929  WARN 5760 --- [main] o.a.c.loader.WebappClassLoaderBase       : The web application [ROOT] appears to have started a thread named [RxIoScheduler-1 (Evictor)] but has failed to stop it. This is very likely to create a memory leak. Stack trace of thread:
 sun.misc.Unsafe.park(Native Method)
 java.util.concurrent.locks.LockSupport.parkNanos(LockSupport.java:215)
 java.util.concurrent.locks.AbstractQueuedSynchronizer$ConditionObject.awaitNanos(AbstractQueuedSynchronizer.java:2078)
 java.util.concurrent.ScheduledThreadPoolExecutor$DelayedWorkQueue.take(ScheduledThreadPoolExecutor.java:1093)
 java.util.concurrent.ScheduledThreadPoolExecutor$DelayedWorkQueue.take(ScheduledThreadPoolExecutor.java:809)
 java.util.concurrent.ThreadPoolExecutor.getTask(ThreadPoolExecutor.java:1067)
 java.util.concurrent.ThreadPoolExecutor.runWorker(ThreadPoolExecutor.java:1127)
 java.util.concurrent.ThreadPoolExecutor$Worker.run(ThreadPoolExecutor.java:617)
 java.lang.Thread.run(Thread.java:745)
2020-06-10 14:52:00.354  WARN 6040 --- [main] o.s.boot.actuate.endpoint.EndpointId     : Endpoint ID 'service-registry' contains invalid characters, please migrate to a valid format.
2020-06-10 14:52:00.363  WARN 6040 --- [main] o.s.boot.actuate.endpoint.EndpointId     : Endpoint ID 'hystrix.stream' contains invalid characters, please migrate to a valid format.
2020-06-10 14:52:01.738  WARN 6040 --- [main] c.n.c.sources.URLConfigurationSource     : No URLs will be polled as dynamic configuration sources.
2020-06-10 14:52:03.578  WARN 6040 --- [main] c.j.a.rbac.MyFilterSecurityInterceptor   : Could not validate configuration attributes as the SecurityMetadataSource did not return any attributes from getAllConfigAttributes()
2020-06-10 14:52:04.339  WARN 6040 --- [main] ConfigServletWebServerApplicationContext : Exception encountered during context initialization - cancelling refresh attempt: org.springframework.beans.factory.UnsatisfiedDependencyException: Error creating bean with name 'documentationPluginsBootstrapper' defined in URL [jar:file:/E:/mvnResp/io/springfox/springfox-spring-web/2.8.0/springfox-spring-web-2.8.0.jar!/springfox/documentation/spring/web/plugins/DocumentationPluginsBootstrapper.class]: Unsatisfied dependency expressed through constructor parameter 1; nested exception is org.springframework.beans.factory.UnsatisfiedDependencyException: Error creating bean with name 'webMvcRequestHandlerProvider' defined in URL [jar:file:/E:/mvnResp/io/springfox/springfox-spring-web/2.8.0/springfox-spring-web-2.8.0.jar!/springfox/documentation/spring/web/plugins/WebMvcRequestHandlerProvider.class]: Unsatisfied dependency expressed through constructor parameter 1; nested exception is org.springframework.beans.factory.BeanCreationException: Error creating bean with name 'requestMappingHandlerMapping' defined in class path resource [org/springframework/boot/autoconfigure/web/servlet/WebMvcAutoConfiguration$EnableWebMvcConfiguration.class]: Invocation of init method failed; nested exception is java.lang.IllegalStateException: Ambiguous mapping. Cannot map 'userController' method 
com.jit.authority.domain.User com.jit.authority.controller.UserController.getOneUserbyTel(java.lang.String)
to {GET /user/one}: There is already 'userController' bean method
com.jit.authority.domain.User com.jit.authority.controller.UserController.getOneUserbyId(java.lang.Integer) mapped.
2020-06-10 14:52:04.396  WARN 6040 --- [main] o.a.c.loader.WebappClassLoaderBase       : The web application [ROOT] appears to have started a thread named [RxIoScheduler-1 (Evictor)] but has failed to stop it. This is very likely to create a memory leak. Stack trace of thread:
 sun.misc.Unsafe.park(Native Method)
 java.util.concurrent.locks.LockSupport.parkNanos(LockSupport.java:215)
 java.util.concurrent.locks.AbstractQueuedSynchronizer$ConditionObject.awaitNanos(AbstractQueuedSynchronizer.java:2078)
 java.util.concurrent.ScheduledThreadPoolExecutor$DelayedWorkQueue.take(ScheduledThreadPoolExecutor.java:1093)
 java.util.concurrent.ScheduledThreadPoolExecutor$DelayedWorkQueue.take(ScheduledThreadPoolExecutor.java:809)
 java.util.concurrent.ThreadPoolExecutor.getTask(ThreadPoolExecutor.java:1067)
 java.util.concurrent.ThreadPoolExecutor.runWorker(ThreadPoolExecutor.java:1127)
 java.util.concurrent.ThreadPoolExecutor$Worker.run(ThreadPoolExecutor.java:617)
 java.lang.Thread.run(Thread.java:745)
2020-06-10 14:52:49.823  WARN 8800 --- [main] o.s.boot.actuate.endpoint.EndpointId     : Endpoint ID 'service-registry' contains invalid characters, please migrate to a valid format.
2020-06-10 14:52:49.832  WARN 8800 --- [main] o.s.boot.actuate.endpoint.EndpointId     : Endpoint ID 'hystrix.stream' contains invalid characters, please migrate to a valid format.
2020-06-10 14:52:51.142  WARN 8800 --- [main] c.n.c.sources.URLConfigurationSource     : No URLs will be polled as dynamic configuration sources.
2020-06-10 14:52:52.884  WARN 8800 --- [main] c.j.a.rbac.MyFilterSecurityInterceptor   : Could not validate configuration attributes as the SecurityMetadataSource did not return any attributes from getAllConfigAttributes()
2020-06-10 14:52:54.424  WARN 8800 --- [main] c.n.c.sources.URLConfigurationSource     : No URLs will be polled as dynamic configuration sources.
2020-06-10 14:52:58.479  WARN 8800 --- [main] o.s.c.n.core.CoreAutoConfiguration       : This module is deprecated. It will be removed in the next major release. Please use spring-cloud-netflix-hystrix instead.
2020-06-10 14:57:53.518  WARN 2880 --- [main] o.s.boot.actuate.endpoint.EndpointId     : Endpoint ID 'service-registry' contains invalid characters, please migrate to a valid format.
2020-06-10 14:57:53.532  WARN 2880 --- [main] o.s.boot.actuate.endpoint.EndpointId     : Endpoint ID 'hystrix.stream' contains invalid characters, please migrate to a valid format.
2020-06-10 14:57:55.412  WARN 2880 --- [main] c.n.c.sources.URLConfigurationSource     : No URLs will be polled as dynamic configuration sources.
2020-06-10 14:58:06.569  WARN 2880 --- [main] c.j.a.rbac.MyFilterSecurityInterceptor   : Could not validate configuration attributes as the SecurityMetadataSource did not return any attributes from getAllConfigAttributes()
2020-06-10 14:58:14.594  WARN 2880 --- [main] c.n.c.sources.URLConfigurationSource     : No URLs will be polled as dynamic configuration sources.
2020-06-10 14:58:17.029  WARN 2880 --- [main] o.s.c.n.core.CoreAutoConfiguration       : This module is deprecated. It will be removed in the next major release. Please use spring-cloud-netflix-hystrix instead.
2020-06-10 15:00:18.947  WARN 2880 --- [Thread-51] com.netflix.discovery.DiscoveryClient    : Saw local status change event StatusChangeEvent [timestamp=1591772418946, current=DOWN, previous=UP]
2020-06-10 15:05:49.274  WARN 6844 --- [main] o.s.boot.actuate.endpoint.EndpointId     : Endpoint ID 'service-registry' contains invalid characters, please migrate to a valid format.
2020-06-10 15:05:49.283  WARN 6844 --- [main] o.s.boot.actuate.endpoint.EndpointId     : Endpoint ID 'hystrix.stream' contains invalid characters, please migrate to a valid format.
2020-06-10 15:05:56.847  WARN 6844 --- [main] c.n.c.sources.URLConfigurationSource     : No URLs will be polled as dynamic configuration sources.
2020-06-10 15:06:00.945  WARN 6844 --- [main] c.j.a.rbac.MyFilterSecurityInterceptor   : Could not validate configuration attributes as the SecurityMetadataSource did not return any attributes from getAllConfigAttributes()
2020-06-10 15:06:06.911  WARN 6844 --- [main] c.n.c.sources.URLConfigurationSource     : No URLs will be polled as dynamic configuration sources.
2020-06-10 15:06:08.754  WARN 6844 --- [main] o.s.c.n.core.CoreAutoConfiguration       : This module is deprecated. It will be removed in the next major release. Please use spring-cloud-netflix-hystrix instead.
2020-06-10 15:07:37.347  WARN 4760 --- [main] o.s.boot.actuate.endpoint.EndpointId     : Endpoint ID 'service-registry' contains invalid characters, please migrate to a valid format.
2020-06-10 15:07:37.358  WARN 4760 --- [main] o.s.boot.actuate.endpoint.EndpointId     : Endpoint ID 'hystrix.stream' contains invalid characters, please migrate to a valid format.
2020-06-10 15:07:39.151  WARN 4760 --- [main] c.n.c.sources.URLConfigurationSource     : No URLs will be polled as dynamic configuration sources.
2020-06-10 15:07:41.655  WARN 4760 --- [main] c.j.a.rbac.MyFilterSecurityInterceptor   : Could not validate configuration attributes as the SecurityMetadataSource did not return any attributes from getAllConfigAttributes()
2020-06-10 15:07:45.501  WARN 4760 --- [main] c.n.c.sources.URLConfigurationSource     : No URLs will be polled as dynamic configuration sources.
2020-06-10 15:07:46.622  WARN 4760 --- [main] o.s.c.n.core.CoreAutoConfiguration       : This module is deprecated. It will be removed in the next major release. Please use spring-cloud-netflix-hystrix instead.
2020-06-10 15:08:40.860  WARN 4760 --- [Thread-35] com.netflix.discovery.DiscoveryClient    : Saw local status change event StatusChangeEvent [timestamp=1591772920860, current=DOWN, previous=UP]
2020-06-10 15:09:36.407  WARN 9824 --- [main] o.s.boot.actuate.endpoint.EndpointId     : Endpoint ID 'service-registry' contains invalid characters, please migrate to a valid format.
2020-06-10 15:09:36.415  WARN 9824 --- [main] o.s.boot.actuate.endpoint.EndpointId     : Endpoint ID 'hystrix.stream' contains invalid characters, please migrate to a valid format.
2020-06-10 15:09:37.540  WARN 9824 --- [main] c.n.c.sources.URLConfigurationSource     : No URLs will be polled as dynamic configuration sources.
2020-06-10 15:09:39.235  WARN 9824 --- [main] c.j.a.rbac.MyFilterSecurityInterceptor   : Could not validate configuration attributes as the SecurityMetadataSource did not return any attributes from getAllConfigAttributes()
2020-06-10 15:09:40.120  WARN 9824 --- [main] c.n.c.sources.URLConfigurationSource     : No URLs will be polled as dynamic configuration sources.
2020-06-10 15:09:40.901  WARN 9824 --- [main] o.s.c.n.core.CoreAutoConfiguration       : This module is deprecated. It will be removed in the next major release. Please use spring-cloud-netflix-hystrix instead.
2020-06-10 15:11:34.505  WARN 10000 --- [main] o.s.boot.actuate.endpoint.EndpointId     : Endpoint ID 'service-registry' contains invalid characters, please migrate to a valid format.
2020-06-10 15:11:34.514  WARN 10000 --- [main] o.s.boot.actuate.endpoint.EndpointId     : Endpoint ID 'hystrix.stream' contains invalid characters, please migrate to a valid format.
2020-06-10 15:11:36.183  WARN 10000 --- [main] c.n.c.sources.URLConfigurationSource     : No URLs will be polled as dynamic configuration sources.
2020-06-10 15:11:38.254  WARN 10000 --- [main] c.j.a.rbac.MyFilterSecurityInterceptor   : Could not validate configuration attributes as the SecurityMetadataSource did not return any attributes from getAllConfigAttributes()
2020-06-10 15:11:39.124  WARN 10000 --- [main] c.n.c.sources.URLConfigurationSource     : No URLs will be polled as dynamic configuration sources.
2020-06-10 15:11:39.877  WARN 10000 --- [main] o.s.c.n.core.CoreAutoConfiguration       : This module is deprecated. It will be removed in the next major release. Please use spring-cloud-netflix-hystrix instead.
2020-06-10 15:17:37.163  WARN 2024 --- [main] o.s.boot.actuate.endpoint.EndpointId     : Endpoint ID 'service-registry' contains invalid characters, please migrate to a valid format.
2020-06-10 15:17:37.175  WARN 2024 --- [main] o.s.boot.actuate.endpoint.EndpointId     : Endpoint ID 'hystrix.stream' contains invalid characters, please migrate to a valid format.
2020-06-10 15:17:39.136  WARN 2024 --- [main] c.n.c.sources.URLConfigurationSource     : No URLs will be polled as dynamic configuration sources.
2020-06-10 15:17:41.731  WARN 2024 --- [main] c.j.a.rbac.MyFilterSecurityInterceptor   : Could not validate configuration attributes as the SecurityMetadataSource did not return any attributes from getAllConfigAttributes()
2020-06-10 15:17:45.519  WARN 2024 --- [main] c.n.c.sources.URLConfigurationSource     : No URLs will be polled as dynamic configuration sources.
2020-06-10 15:17:46.635  WARN 2024 --- [main] o.s.c.n.core.CoreAutoConfiguration       : This module is deprecated. It will be removed in the next major release. Please use spring-cloud-netflix-hystrix instead.
2020-06-10 15:18:44.704  WARN 2024 --- [Thread-36] com.netflix.discovery.DiscoveryClient    : Saw local status change event StatusChangeEvent [timestamp=1591773524704, current=DOWN, previous=UP]
2020-06-10 15:19:26.031  WARN 6496 --- [main] o.s.boot.actuate.endpoint.EndpointId     : Endpoint ID 'service-registry' contains invalid characters, please migrate to a valid format.
2020-06-10 15:19:26.044  WARN 6496 --- [main] o.s.boot.actuate.endpoint.EndpointId     : Endpoint ID 'hystrix.stream' contains invalid characters, please migrate to a valid format.
2020-06-10 15:19:27.393  WARN 6496 --- [main] c.n.c.sources.URLConfigurationSource     : No URLs will be polled as dynamic configuration sources.
2020-06-10 15:19:29.562  WARN 6496 --- [main] c.j.a.rbac.MyFilterSecurityInterceptor   : Could not validate configuration attributes as the SecurityMetadataSource did not return any attributes from getAllConfigAttributes()
2020-06-10 15:19:32.710  WARN 6496 --- [main] c.n.c.sources.URLConfigurationSource     : No URLs will be polled as dynamic configuration sources.
2020-06-10 15:19:33.898  WARN 6496 --- [main] o.s.c.n.core.CoreAutoConfiguration       : This module is deprecated. It will be removed in the next major release. Please use spring-cloud-netflix-hystrix instead.
2020-06-10 15:20:12.096  WARN 6496 --- [Thread-30] com.netflix.discovery.DiscoveryClient    : Saw local status change event StatusChangeEvent [timestamp=1591773612096, current=DOWN, previous=UP]
2020-06-10 15:57:43.443  WARN 4760 --- [main] o.s.boot.actuate.endpoint.EndpointId     : Endpoint ID 'service-registry' contains invalid characters, please migrate to a valid format.
2020-06-10 15:57:43.481  WARN 4760 --- [main] o.s.boot.actuate.endpoint.EndpointId     : Endpoint ID 'hystrix.stream' contains invalid characters, please migrate to a valid format.
2020-06-10 15:57:46.368  WARN 4760 --- [main] c.n.c.sources.URLConfigurationSource     : No URLs will be polled as dynamic configuration sources.
2020-06-10 15:57:54.508  WARN 4760 --- [main] c.j.a.rbac.MyFilterSecurityInterceptor   : Could not validate configuration attributes as the SecurityMetadataSource did not return any attributes from getAllConfigAttributes()
2020-06-10 15:57:58.470  WARN 4760 --- [main] c.n.c.sources.URLConfigurationSource     : No URLs will be polled as dynamic configuration sources.
2020-06-10 15:58:01.389  WARN 4760 --- [main] o.s.c.n.core.CoreAutoConfiguration       : This module is deprecated. It will be removed in the next major release. Please use spring-cloud-netflix-hystrix instead.
2020-06-10 16:14:29.772  WARN 7664 --- [main] o.s.boot.actuate.endpoint.EndpointId     : Endpoint ID 'service-registry' contains invalid characters, please migrate to a valid format.
2020-06-10 16:14:29.812  WARN 7664 --- [main] o.s.boot.actuate.endpoint.EndpointId     : Endpoint ID 'hystrix.stream' contains invalid characters, please migrate to a valid format.
2020-06-10 16:14:32.964  WARN 7664 --- [main] c.n.c.sources.URLConfigurationSource     : No URLs will be polled as dynamic configuration sources.
2020-06-10 16:14:36.738  WARN 7664 --- [main] c.j.a.rbac.MyFilterSecurityInterceptor   : Could not validate configuration attributes as the SecurityMetadataSource did not return any attributes from getAllConfigAttributes()
2020-06-10 16:14:38.849  WARN 7664 --- [main] c.n.c.sources.URLConfigurationSource     : No URLs will be polled as dynamic configuration sources.
2020-06-10 16:14:41.471  WARN 7664 --- [main] o.s.c.n.core.CoreAutoConfiguration       : This module is deprecated. It will be removed in the next major release. Please use spring-cloud-netflix-hystrix instead.
2020-06-10 16:21:48.253  WARN 6820 --- [main] o.s.boot.actuate.endpoint.EndpointId     : Endpoint ID 'service-registry' contains invalid characters, please migrate to a valid format.
2020-06-10 16:21:48.262  WARN 6820 --- [main] o.s.boot.actuate.endpoint.EndpointId     : Endpoint ID 'hystrix.stream' contains invalid characters, please migrate to a valid format.
2020-06-10 16:22:07.167  WARN 6820 --- [main] c.n.c.sources.URLConfigurationSource     : No URLs will be polled as dynamic configuration sources.
2020-06-10 16:22:11.756  WARN 6820 --- [main] c.j.a.rbac.MyFilterSecurityInterceptor   : Could not validate configuration attributes as the SecurityMetadataSource did not return any attributes from getAllConfigAttributes()
2020-06-10 16:22:16.210  WARN 6820 --- [main] c.n.c.sources.URLConfigurationSource     : No URLs will be polled as dynamic configuration sources.
2020-06-10 16:22:18.207  WARN 6820 --- [main] o.s.c.n.core.CoreAutoConfiguration       : This module is deprecated. It will be removed in the next major release. Please use spring-cloud-netflix-hystrix instead.
2020-06-10 16:29:42.523  WARN 6820 --- [https-jsse-nio-443-exec-1] o.s.c.n.z.f.r.s.AbstractRibbonCommand    : The Hystrix timeout of 20000ms for the command micro-aquaculture is set lower than the combination of the Ribbon read and connect timeout, 1200000ms.
2020-06-10 16:29:47.094  WARN 6820 --- [https-jsse-nio-443-exec-8] o.s.c.n.z.f.r.s.AbstractRibbonCommand    : The Hystrix timeout of 20000ms for the command micro-aquaculture is set lower than the combination of the Ribbon read and connect timeout, 1200000ms.
2020-06-10 16:29:47.094  WARN 6820 --- [https-jsse-nio-443-exec-4] o.s.c.n.z.f.r.s.AbstractRibbonCommand    : The Hystrix timeout of 20000ms for the command micro-aquaculture is set lower than the combination of the Ribbon read and connect timeout, 1200000ms.
2020-06-10 16:29:52.914  WARN 6820 --- [https-jsse-nio-443-exec-4] o.s.c.n.z.f.r.s.AbstractRibbonCommand    : The Hystrix timeout of 20000ms for the command micro-aquaculture is set lower than the combination of the Ribbon read and connect timeout, 1200000ms.
2020-06-10 16:29:55.035  WARN 6820 --- [https-jsse-nio-443-exec-8] o.s.c.n.z.f.r.s.AbstractRibbonCommand    : The Hystrix timeout of 20000ms for the command micro-aquaculture is set lower than the combination of the Ribbon read and connect timeout, 1200000ms.
2020-06-10 16:29:55.065  WARN 6820 --- [https-jsse-nio-443-exec-6] o.s.c.n.z.f.r.s.AbstractRibbonCommand    : The Hystrix timeout of 20000ms for the command micro-aquaculture is set lower than the combination of the Ribbon read and connect timeout, 1200000ms.
2020-06-10 16:29:55.185  WARN 6820 --- [https-jsse-nio-443-exec-3] o.s.c.n.z.f.r.s.AbstractRibbonCommand    : The Hystrix timeout of 20000ms for the command micro-aquaculture is set lower than the combination of the Ribbon read and connect timeout, 1200000ms.
2020-06-10 16:30:26.962  WARN 6820 --- [https-jsse-nio-443-exec-8] o.s.c.n.z.f.r.s.AbstractRibbonCommand    : The Hystrix timeout of 20000ms for the command micro-aquaculture is set lower than the combination of the Ribbon read and connect timeout, 1200000ms.
2020-06-10 16:30:27.002  WARN 6820 --- [https-jsse-nio-443-exec-5] o.s.c.n.z.f.r.s.AbstractRibbonCommand    : The Hystrix timeout of 20000ms for the command micro-aquaculture is set lower than the combination of the Ribbon read and connect timeout, 1200000ms.
2020-06-10 16:30:27.019  WARN 6820 --- [https-jsse-nio-443-exec-4] o.s.c.n.z.f.r.s.AbstractRibbonCommand    : The Hystrix timeout of 20000ms for the command micro-aquaculture is set lower than the combination of the Ribbon read and connect timeout, 1200000ms.
2020-06-10 16:30:32.442  WARN 6820 --- [https-jsse-nio-443-exec-6] o.s.c.n.z.f.r.s.AbstractRibbonCommand    : The Hystrix timeout of 20000ms for the command micro-aquaculture is set lower than the combination of the Ribbon read and connect timeout, 1200000ms.
2020-06-10 16:30:33.594  WARN 6820 --- [https-jsse-nio-443-exec-9] o.s.c.n.z.f.r.s.AbstractRibbonCommand    : The Hystrix timeout of 20000ms for the command micro-aquaculture is set lower than the combination of the Ribbon read and connect timeout, 1200000ms.
2020-06-10 16:30:33.610  WARN 6820 --- [https-jsse-nio-443-exec-7] o.s.c.n.z.f.r.s.AbstractRibbonCommand    : The Hystrix timeout of 20000ms for the command micro-aquaculture is set lower than the combination of the Ribbon read and connect timeout, 1200000ms.
2020-06-10 16:30:33.849  WARN 6820 --- [https-jsse-nio-443-exec-2] o.s.c.n.z.f.r.s.AbstractRibbonCommand    : The Hystrix timeout of 20000ms for the command micro-aquaculture is set lower than the combination of the Ribbon read and connect timeout, 1200000ms.
2020-06-10 16:31:13.617  WARN 6820 --- [https-jsse-nio-443-exec-8] o.s.c.n.z.f.r.s.AbstractRibbonCommand    : The Hystrix timeout of 20000ms for the command micro-aquaculture is set lower than the combination of the Ribbon read and connect timeout, 1200000ms.
2020-06-10 16:34:03.852  WARN 6820 --- [https-jsse-nio-443-exec-10] o.s.c.n.z.f.r.s.AbstractRibbonCommand    : The Hystrix timeout of 20000ms for the command micro-aquaculture is set lower than the combination of the Ribbon read and connect timeout, 1200000ms.
2020-06-10 16:34:12.487  WARN 6820 --- [https-jsse-nio-443-exec-9] o.s.c.n.z.f.r.s.AbstractRibbonCommand    : The Hystrix timeout of 20000ms for the command micro-aquaculture is set lower than the combination of the Ribbon read and connect timeout, 1200000ms.
2020-06-10 16:34:18.396  WARN 6820 --- [https-jsse-nio-443-exec-2] o.s.c.n.z.f.r.s.AbstractRibbonCommand    : The Hystrix timeout of 20000ms for the command micro-aquaculture is set lower than the combination of the Ribbon read and connect timeout, 1200000ms.
