2020-06-20 10:31:46.402  INFO 5748 --- [main] trationDelegate$BeanPostProcessorChecker : Bean 'org.springframework.cloud.autoconfigure.ConfigurationPropertiesRebinderAutoConfiguration' of type [org.springframework.cloud.autoconfigure.ConfigurationPropertiesRebinderAutoConfiguration$$EnhancerBySpringCGLIB$$550841aa] is not eligible for getting processed by all BeanPostProcessors (for example: not eligible for auto-proxying)
2020-06-20 10:31:47.048  INFO 5748 --- [main] c.j.aquaculture.AquacultureApplication   : The following profiles are active: test
2020-06-20 10:31:54.160  INFO 5748 --- [main] .s.d.r.c.RepositoryConfigurationDelegate : Multiple Spring Data modules found, entering strict repository configuration mode!
2020-06-20 10:31:54.165  INFO 5748 --- [main] .s.d.r.c.RepositoryConfigurationDelegate : Bootstrapping Spring Data repositories in DEFAULT mode.
2020-06-20 10:31:54.306  INFO 5748 --- [main] .s.d.r.c.RepositoryConfigurationDelegate : Finished Spring Data repository scanning in 58ms. Found 0 repository interfaces.
2020-06-20 10:31:55.111  INFO 5748 --- [main] o.s.cloud.context.scope.GenericScope     : BeanFactory id=99b9ca4d-09a6-3ea8-8255-51c846f5ce83
2020-06-20 10:31:55.141  INFO 5748 --- [main] faultConfiguringBeanFactoryPostProcessor : No bean named 'errorChannel' has been explicitly defined. Therefore, a default PublishSubscribeChannel will be created.
2020-06-20 10:31:55.232  INFO 5748 --- [main] faultConfiguringBeanFactoryPostProcessor : No bean named 'integrationHeaderChannelRegistry' has been explicitly defined. Therefore, a default DefaultHeaderChannelRegistry will be created.
2020-06-20 10:31:55.443  INFO 5748 --- [main] trationDelegate$BeanPostProcessorChecker : Bean 'org.springframework.transaction.annotation.ProxyTransactionManagementConfiguration' of type [org.springframework.transaction.annotation.ProxyTransactionManagementConfiguration$$EnhancerBySpringCGLIB$$38ee3ead] is not eligible for getting processed by all BeanPostProcessors (for example: not eligible for auto-proxying)
2020-06-20 10:31:55.537  INFO 5748 --- [main] trationDelegate$BeanPostProcessorChecker : Bean 'org.springframework.integration.config.IntegrationManagementConfiguration' of type [org.springframework.integration.config.IntegrationManagementConfiguration$$EnhancerBySpringCGLIB$$a3dff9dc] is not eligible for getting processed by all BeanPostProcessors (for example: not eligible for auto-proxying)
2020-06-20 10:31:55.574  INFO 5748 --- [main] trationDelegate$BeanPostProcessorChecker : Bean 'integrationDisposableAutoCreatedBeans' of type [org.springframework.integration.config.annotation.Disposables] is not eligible for getting processed by all BeanPostProcessors (for example: not eligible for auto-proxying)
2020-06-20 10:31:55.604  INFO 5748 --- [main] trationDelegate$BeanPostProcessorChecker : Bean 'org.springframework.cloud.autoconfigure.ConfigurationPropertiesRebinderAutoConfiguration' of type [org.springframework.cloud.autoconfigure.ConfigurationPropertiesRebinderAutoConfiguration$$EnhancerBySpringCGLIB$$550841aa] is not eligible for getting processed by all BeanPostProcessors (for example: not eligible for auto-proxying)
2020-06-20 10:31:56.530  INFO 5748 --- [main] o.s.b.w.embedded.tomcat.TomcatWebServer  : Tomcat initialized with port(s): 8084 (http)
2020-06-20 10:31:56.630  INFO 5748 --- [main] o.apache.catalina.core.StandardService   : Starting service [Tomcat]
2020-06-20 10:31:56.631  INFO 5748 --- [main] org.apache.catalina.core.StandardEngine  : Starting Servlet engine: [Apache Tomcat/9.0.21]
2020-06-20 10:31:57.078  INFO 5748 --- [main] o.a.c.c.C.[Tomcat].[localhost].[/]       : Initializing Spring embedded WebApplicationContext
2020-06-20 10:31:57.079  INFO 5748 --- [main] o.s.web.context.ContextLoader            : Root WebApplicationContext: initialization completed in 9925 ms
2020-06-20 10:32:11.299  INFO 5748 --- [main] pertySourcedRequestMappingHandlerMapping : Mapped URL path [/v2/api-docs] onto method [public org.springframework.http.ResponseEntity<springfox.documentation.spring.web.json.Json> springfox.documentation.swagger2.web.Swagger2Controller.getDocumentation(java.lang.String,javax.servlet.http.HttpServletRequest)]
2020-06-20 10:32:11.368  INFO 5748 --- [main] c.n.c.sources.URLConfigurationSource     : To enable URLs as dynamic configuration sources, define System property archaius.configurationSource.additionalUrls or make config.properties available on classpath.
2020-06-20 10:32:11.372  INFO 5748 --- [main] c.n.c.sources.URLConfigurationSource     : To enable URLs as dynamic configuration sources, define System property archaius.configurationSource.additionalUrls or make config.properties available on classpath.
2020-06-20 10:32:13.126  INFO 5748 --- [main] o.s.s.concurrent.ThreadPoolTaskExecutor  : Initializing ExecutorService 'applicationTaskExecutor'
2020-06-20 10:32:14.383  INFO 5748 --- [main] o.s.s.c.ThreadPoolTaskScheduler          : Initializing ExecutorService 'taskScheduler'
2020-06-20 10:32:15.914  INFO 5748 --- [main] o.s.i.endpoint.EventDrivenConsumer       : Adding {logging-channel-adapter:_org.springframework.integration.errorLogger} as a subscriber to the 'errorChannel' channel
2020-06-20 10:32:15.915  INFO 5748 --- [main] o.s.i.channel.PublishSubscribeChannel    : Channel 'application-1.errorChannel' has 1 subscriber(s).
2020-06-20 10:32:15.915  INFO 5748 --- [main] o.s.i.endpoint.EventDrivenConsumer       : started _org.springframework.integration.errorLogger
2020-06-20 10:32:15.979  INFO 5748 --- [main] o.s.c.n.eureka.InstanceInfoFactory       : Setting initial instance status as: STARTING
2020-06-20 10:32:16.076  INFO 5748 --- [main] com.netflix.discovery.DiscoveryClient    : Initializing Eureka in region us-east-1
2020-06-20 10:32:16.450  INFO 5748 --- [main] c.n.d.provider.DiscoveryJerseyProvider   : Using JSON encoding codec LegacyJacksonJson
2020-06-20 10:32:16.450  INFO 5748 --- [main] c.n.d.provider.DiscoveryJerseyProvider   : Using JSON decoding codec LegacyJacksonJson
2020-06-20 10:32:16.813  INFO 5748 --- [main] c.n.d.provider.DiscoveryJerseyProvider   : Using XML encoding codec XStreamXml
2020-06-20 10:32:16.813  INFO 5748 --- [main] c.n.d.provider.DiscoveryJerseyProvider   : Using XML decoding codec XStreamXml
2020-06-20 10:32:17.347  INFO 5748 --- [main] c.n.d.s.r.aws.ConfigClusterResolver      : Resolving eureka endpoints via configuration
2020-06-20 10:32:17.441  INFO 5748 --- [main] com.netflix.discovery.DiscoveryClient    : Disable delta property : false
2020-06-20 10:32:17.441  INFO 5748 --- [main] com.netflix.discovery.DiscoveryClient    : Single vip registry refresh property : null
2020-06-20 10:32:17.441  INFO 5748 --- [main] com.netflix.discovery.DiscoveryClient    : Force full registry fetch : false
2020-06-20 10:32:17.441  INFO 5748 --- [main] com.netflix.discovery.DiscoveryClient    : Application is null : false
2020-06-20 10:32:17.441  INFO 5748 --- [main] com.netflix.discovery.DiscoveryClient    : Registered Applications size is zero : true
2020-06-20 10:32:17.442  INFO 5748 --- [main] com.netflix.discovery.DiscoveryClient    : Application version is -1: true
2020-06-20 10:32:17.442  INFO 5748 --- [main] com.netflix.discovery.DiscoveryClient    : Getting all instance registry info from the eureka server
2020-06-20 10:32:18.059  INFO 5748 --- [main] com.netflix.discovery.DiscoveryClient    : The response status is 200
2020-06-20 10:32:18.062  INFO 5748 --- [main] com.netflix.discovery.DiscoveryClient    : Starting heartbeat executor: renew interval is: 30
2020-06-20 10:32:18.064  INFO 5748 --- [main] c.n.discovery.InstanceInfoReplicator     : InstanceInfoReplicator onDemand update allowed rate per min is 4
2020-06-20 10:32:18.067  INFO 5748 --- [main] com.netflix.discovery.DiscoveryClient    : Discovery Client initialized at timestamp 1592620338066 with initial instances count: 13
2020-06-20 10:32:18.069  INFO 5748 --- [main] o.s.c.n.e.s.EurekaServiceRegistry        : Registering application MICRO-AQUACULTURE with eureka with status UP
2020-06-20 10:32:18.070  INFO 5748 --- [main] com.netflix.discovery.DiscoveryClient    : Saw local status change event StatusChangeEvent [timestamp=1592620338070, current=UP, previous=STARTING]
2020-06-20 10:32:18.071  INFO 5748 --- [DiscoveryClient-InstanceInfoReplicator-0] com.netflix.discovery.DiscoveryClient    : DiscoveryClient_MICRO-AQUACULTURE/dell-PC:micro-aquaculture:8084: registering service...
2020-06-20 10:32:18.073  INFO 5748 --- [main] d.s.w.p.DocumentationPluginsBootstrapper : Context refreshed
2020-06-20 10:32:18.097  INFO 5748 --- [main] d.s.w.p.DocumentationPluginsBootstrapper : Found 1 custom documentation plugin(s)
2020-06-20 10:32:18.193  INFO 5748 --- [DiscoveryClient-InstanceInfoReplicator-0] com.netflix.discovery.DiscoveryClient    : DiscoveryClient_MICRO-AQUACULTURE/dell-PC:micro-aquaculture:8084 - registration status: 204
2020-06-20 10:32:18.205  INFO 5748 --- [main] s.d.s.w.s.ApiListingReferenceScanner     : Scanning for api listing references
2020-06-20 10:32:18.486  INFO 5748 --- [main] .d.s.w.r.o.CachingOperationNameGenerator : Generating unique operation named: getAllUsingGET_1
2020-06-20 10:32:18.488  INFO 5748 --- [main] .d.s.w.r.o.CachingOperationNameGenerator : Generating unique operation named: getOneUsingGET_1
2020-06-20 10:32:18.548  INFO 5748 --- [main] .d.s.w.r.o.CachingOperationNameGenerator : Generating unique operation named: getAllUsingGET_2
2020-06-20 10:32:18.557  INFO 5748 --- [main] .d.s.w.r.o.CachingOperationNameGenerator : Generating unique operation named: getOneUsingGET_2
2020-06-20 10:32:19.324  INFO 5748 --- [main] o.s.b.w.embedded.tomcat.TomcatWebServer  : Tomcat started on port(s): 8084 (http) with context path ''
2020-06-20 10:32:19.326  INFO 5748 --- [main] .s.c.n.e.s.EurekaAutoServiceRegistration : Updating port to 8084
2020-06-20 10:32:19.329  INFO 5748 --- [main] c.j.aquaculture.AquacultureApplication   : Started AquacultureApplication in 40.501 seconds (JVM running for 62.814)
2020-06-20 10:32:19.334  INFO 5748 --- [main] c.j.aquaculture.AquacultureApplication   : aquaculture application is running.........
2020-06-20 10:37:17.448  INFO 5748 --- [AsyncResolver-bootstrap-executor-0] c.n.d.s.r.aws.ConfigClusterResolver      : Resolving eureka endpoints via configuration
2020-06-20 10:42:17.454  INFO 5748 --- [AsyncResolver-bootstrap-executor-0] c.n.d.s.r.aws.ConfigClusterResolver      : Resolving eureka endpoints via configuration
2020-06-20 10:47:17.461  INFO 5748 --- [AsyncResolver-bootstrap-executor-0] c.n.d.s.r.aws.ConfigClusterResolver      : Resolving eureka endpoints via configuration
2020-06-20 10:52:17.468  INFO 5748 --- [AsyncResolver-bootstrap-executor-0] c.n.d.s.r.aws.ConfigClusterResolver      : Resolving eureka endpoints via configuration
2020-06-20 10:57:17.473  INFO 5748 --- [AsyncResolver-bootstrap-executor-0] c.n.d.s.r.aws.ConfigClusterResolver      : Resolving eureka endpoints via configuration
2020-06-20 11:02:17.479  INFO 5748 --- [AsyncResolver-bootstrap-executor-0] c.n.d.s.r.aws.ConfigClusterResolver      : Resolving eureka endpoints via configuration
