2020-07-02 09:25:56.849  INFO 7772 --- [main] trationDelegate$BeanPostProcessorChecker : Bean 'org.springframework.cloud.autoconfigure.ConfigurationPropertiesRebinderAutoConfiguration' of type [org.springframework.cloud.autoconfigure.ConfigurationPropertiesRebinderAutoConfiguration$$EnhancerBySpringCGLIB$$ee462e00] is not eligible for getting processed by all BeanPostProcessors (for example: not eligible for auto-proxying)
2020-07-02 09:25:57.372  INFO 7772 --- [main] c.jit.usercenter.UserCenterApplication   : No active profile set, falling back to default profiles: default
2020-07-02 09:26:01.631  INFO 7772 --- [main] .s.d.r.c.RepositoryConfigurationDelegate : Multiple Spring Data modules found, entering strict repository configuration mode!
2020-07-02 09:26:01.636  INFO 7772 --- [main] .s.d.r.c.RepositoryConfigurationDelegate : Bootstrapping Spring Data repositories in DEFAULT mode.
2020-07-02 09:26:01.715  INFO 7772 --- [main] .s.d.r.c.RepositoryConfigurationDelegate : Finished Spring Data repository scanning in 51ms. Found 0 repository interfaces.
2020-07-02 09:26:02.119  INFO 7772 --- [main] o.s.cloud.context.scope.GenericScope     : BeanFactory id=990fd313-6b34-33dc-b4c0-1c20bd920664
2020-07-02 09:26:02.227  INFO 7772 --- [main] trationDelegate$BeanPostProcessorChecker : Bean 'org.springframework.transaction.annotation.ProxyTransactionManagementConfiguration' of type [org.springframework.transaction.annotation.ProxyTransactionManagementConfiguration$$EnhancerBySpringCGLIB$$d22c2b03] is not eligible for getting processed by all BeanPostProcessors (for example: not eligible for auto-proxying)
2020-07-02 09:26:02.274  INFO 7772 --- [main] trationDelegate$BeanPostProcessorChecker : Bean 'org.springframework.cloud.autoconfigure.ConfigurationPropertiesRebinderAutoConfiguration' of type [org.springframework.cloud.autoconfigure.ConfigurationPropertiesRebinderAutoConfiguration$$EnhancerBySpringCGLIB$$ee462e00] is not eligible for getting processed by all BeanPostProcessors (for example: not eligible for auto-proxying)
2020-07-02 09:26:02.895  INFO 7772 --- [main] o.s.b.w.embedded.tomcat.TomcatWebServer  : Tomcat initialized with port(s): 8081 (http)
2020-07-02 09:26:02.936  INFO 7772 --- [main] o.apache.catalina.core.StandardService   : Starting service [Tomcat]
2020-07-02 09:26:02.937  INFO 7772 --- [main] org.apache.catalina.core.StandardEngine  : Starting Servlet engine: [Apache Tomcat/9.0.21]
2020-07-02 09:26:03.486  INFO 7772 --- [main] o.a.c.c.C.[Tomcat].[localhost].[/]       : Initializing Spring embedded WebApplicationContext
2020-07-02 09:26:03.487  INFO 7772 --- [main] o.s.web.context.ContextLoader            : Root WebApplicationContext: initialization completed in 6080 ms
2020-07-02 09:26:06.157  INFO 7772 --- [main] pertySourcedRequestMappingHandlerMapping : Mapped URL path [/v2/api-docs] onto method [public org.springframework.http.ResponseEntity<springfox.documentation.spring.web.json.Json> springfox.documentation.swagger2.web.Swagger2Controller.getDocumentation(java.lang.String,javax.servlet.http.HttpServletRequest)]
2020-07-02 09:26:06.190  INFO 7772 --- [main] c.n.c.sources.URLConfigurationSource     : To enable URLs as dynamic configuration sources, define System property archaius.configurationSource.additionalUrls or make config.properties available on classpath.
2020-07-02 09:26:06.220  INFO 7772 --- [main] c.n.c.sources.URLConfigurationSource     : To enable URLs as dynamic configuration sources, define System property archaius.configurationSource.additionalUrls or make config.properties available on classpath.
2020-07-02 09:26:07.376  INFO 7772 --- [main] o.s.s.concurrent.ThreadPoolTaskExecutor  : Initializing ExecutorService 'applicationTaskExecutor'
2020-07-02 09:26:10.478  INFO 7772 --- [main] o.s.c.n.eureka.InstanceInfoFactory       : Setting initial instance status as: STARTING
2020-07-02 09:26:10.942  INFO 7772 --- [main] com.netflix.discovery.DiscoveryClient    : Initializing Eureka in region us-east-1
2020-07-02 09:26:13.130  INFO 7772 --- [main] c.n.d.provider.DiscoveryJerseyProvider   : Using JSON encoding codec LegacyJacksonJson
2020-07-02 09:26:13.131  INFO 7772 --- [main] c.n.d.provider.DiscoveryJerseyProvider   : Using JSON decoding codec LegacyJacksonJson
2020-07-02 09:26:13.928  INFO 7772 --- [main] c.n.d.provider.DiscoveryJerseyProvider   : Using XML encoding codec XStreamXml
2020-07-02 09:26:13.928  INFO 7772 --- [main] c.n.d.provider.DiscoveryJerseyProvider   : Using XML decoding codec XStreamXml
2020-07-02 09:26:14.588  INFO 7772 --- [main] c.n.d.s.r.aws.ConfigClusterResolver      : Resolving eureka endpoints via configuration
2020-07-02 09:26:14.711  INFO 7772 --- [main] com.netflix.discovery.DiscoveryClient    : Disable delta property : false
2020-07-02 09:26:14.711  INFO 7772 --- [main] com.netflix.discovery.DiscoveryClient    : Single vip registry refresh property : null
2020-07-02 09:26:14.711  INFO 7772 --- [main] com.netflix.discovery.DiscoveryClient    : Force full registry fetch : false
2020-07-02 09:26:14.711  INFO 7772 --- [main] com.netflix.discovery.DiscoveryClient    : Application is null : false
2020-07-02 09:26:14.711  INFO 7772 --- [main] com.netflix.discovery.DiscoveryClient    : Registered Applications size is zero : true
2020-07-02 09:26:14.712  INFO 7772 --- [main] com.netflix.discovery.DiscoveryClient    : Application version is -1: true
2020-07-02 09:26:14.712  INFO 7772 --- [main] com.netflix.discovery.DiscoveryClient    : Getting all instance registry info from the eureka server
2020-07-02 09:26:15.962  INFO 7772 --- [main] com.netflix.discovery.DiscoveryClient    : Starting heartbeat executor: renew interval is: 30
2020-07-02 09:26:15.964  INFO 7772 --- [main] c.n.discovery.InstanceInfoReplicator     : InstanceInfoReplicator onDemand update allowed rate per min is 4
2020-07-02 09:26:16.016  INFO 7772 --- [main] com.netflix.discovery.DiscoveryClient    : Discovery Client initialized at timestamp 1593653175966 with initial instances count: 0
2020-07-02 09:26:16.022  INFO 7772 --- [main] o.s.c.n.e.s.EurekaServiceRegistry        : Registering application USER-CENTER with eureka with status UP
2020-07-02 09:26:16.024  INFO 7772 --- [main] com.netflix.discovery.DiscoveryClient    : Saw local status change event StatusChangeEvent [timestamp=1593653176024, current=UP, previous=STARTING]
2020-07-02 09:26:16.030  INFO 7772 --- [DiscoveryClient-InstanceInfoReplicator-0] com.netflix.discovery.DiscoveryClient    : DiscoveryClient_USER-CENTER/111.229.140.47:8761: registering service...
2020-07-02 09:26:16.032  INFO 7772 --- [main] d.s.w.p.DocumentationPluginsBootstrapper : Context refreshed
2020-07-02 09:26:17.031  INFO 7772 --- [main] d.s.w.p.DocumentationPluginsBootstrapper : Found 1 custom documentation plugin(s)
2020-07-02 09:26:17.797  INFO 7772 --- [main] s.d.s.w.s.ApiListingReferenceScanner     : Scanning for api listing references
2020-07-02 09:26:20.072  INFO 7772 --- [main] o.s.b.w.embedded.tomcat.TomcatWebServer  : Tomcat started on port(s): 8081 (http) with context path ''
2020-07-02 09:26:20.074  INFO 7772 --- [main] .s.c.n.e.s.EurekaAutoServiceRegistration : Updating port to 8081
2020-07-02 09:26:20.077  INFO 7772 --- [main] c.jit.usercenter.UserCenterApplication   : Started UserCenterApplication in 25.68 seconds (JVM running for 31.028)
2020-07-02 09:26:45.964  INFO 7772 --- [DiscoveryClient-CacheRefreshExecutor-0] com.netflix.discovery.DiscoveryClient    : Disable delta property : false
2020-07-02 09:26:45.965  INFO 7772 --- [DiscoveryClient-CacheRefreshExecutor-0] com.netflix.discovery.DiscoveryClient    : Single vip registry refresh property : null
2020-07-02 09:26:45.966  INFO 7772 --- [DiscoveryClient-CacheRefreshExecutor-0] com.netflix.discovery.DiscoveryClient    : Force full registry fetch : false
2020-07-02 09:26:45.966  INFO 7772 --- [DiscoveryClient-CacheRefreshExecutor-0] com.netflix.discovery.DiscoveryClient    : Application is null : false
2020-07-02 09:26:45.966  INFO 7772 --- [DiscoveryClient-CacheRefreshExecutor-0] com.netflix.discovery.DiscoveryClient    : Registered Applications size is zero : true
2020-07-02 09:26:45.967  INFO 7772 --- [DiscoveryClient-CacheRefreshExecutor-0] com.netflix.discovery.DiscoveryClient    : Application version is -1: true
2020-07-02 09:26:45.967  INFO 7772 --- [DiscoveryClient-CacheRefreshExecutor-0] com.netflix.discovery.DiscoveryClient    : Getting all instance registry info from the eureka server
2020-07-02 09:26:47.099  INFO 7772 --- [DiscoveryClient-InstanceInfoReplicator-0] com.netflix.discovery.DiscoveryClient    : DiscoveryClient_USER-CENTER/111.229.140.47:8761: registering service...
2020-07-02 09:27:16.991  INFO 7772 --- [DiscoveryClient-CacheRefreshExecutor-0] com.netflix.discovery.DiscoveryClient    : Disable delta property : false
2020-07-02 09:27:16.991  INFO 7772 --- [DiscoveryClient-CacheRefreshExecutor-0] com.netflix.discovery.DiscoveryClient    : Single vip registry refresh property : null
2020-07-02 09:27:16.991  INFO 7772 --- [DiscoveryClient-CacheRefreshExecutor-0] com.netflix.discovery.DiscoveryClient    : Force full registry fetch : false
2020-07-02 09:27:16.992  INFO 7772 --- [DiscoveryClient-CacheRefreshExecutor-0] com.netflix.discovery.DiscoveryClient    : Application is null : false
2020-07-02 09:27:16.992  INFO 7772 --- [DiscoveryClient-CacheRefreshExecutor-0] com.netflix.discovery.DiscoveryClient    : Registered Applications size is zero : true
2020-07-02 09:27:16.993  INFO 7772 --- [DiscoveryClient-CacheRefreshExecutor-0] com.netflix.discovery.DiscoveryClient    : Application version is -1: true
2020-07-02 09:27:16.994  INFO 7772 --- [DiscoveryClient-CacheRefreshExecutor-0] com.netflix.discovery.DiscoveryClient    : Getting all instance registry info from the eureka server
2020-07-02 09:27:18.116  INFO 7772 --- [DiscoveryClient-InstanceInfoReplicator-0] com.netflix.discovery.DiscoveryClient    : DiscoveryClient_USER-CENTER/111.229.140.47:8761: registering service...
2020-07-02 09:27:48.017  INFO 7772 --- [DiscoveryClient-CacheRefreshExecutor-0] com.netflix.discovery.DiscoveryClient    : Disable delta property : false
2020-07-02 09:27:48.017  INFO 7772 --- [DiscoveryClient-CacheRefreshExecutor-0] com.netflix.discovery.DiscoveryClient    : Single vip registry refresh property : null
2020-07-02 09:27:48.018  INFO 7772 --- [DiscoveryClient-CacheRefreshExecutor-0] com.netflix.discovery.DiscoveryClient    : Force full registry fetch : false
2020-07-02 09:27:48.018  INFO 7772 --- [DiscoveryClient-CacheRefreshExecutor-0] com.netflix.discovery.DiscoveryClient    : Application is null : false
2020-07-02 09:27:48.018  INFO 7772 --- [DiscoveryClient-CacheRefreshExecutor-0] com.netflix.discovery.DiscoveryClient    : Registered Applications size is zero : true
2020-07-02 09:27:48.018  INFO 7772 --- [DiscoveryClient-CacheRefreshExecutor-0] com.netflix.discovery.DiscoveryClient    : Application version is -1: true
2020-07-02 09:27:48.018  INFO 7772 --- [DiscoveryClient-CacheRefreshExecutor-0] com.netflix.discovery.DiscoveryClient    : Getting all instance registry info from the eureka server
2020-07-02 09:27:49.141  INFO 7772 --- [DiscoveryClient-InstanceInfoReplicator-0] com.netflix.discovery.DiscoveryClient    : DiscoveryClient_USER-CENTER/111.229.140.47:8761: registering service...
2020-07-02 09:28:19.031  INFO 7772 --- [DiscoveryClient-CacheRefreshExecutor-0] com.netflix.discovery.DiscoveryClient    : Disable delta property : false
2020-07-02 09:28:19.032  INFO 7772 --- [DiscoveryClient-CacheRefreshExecutor-0] com.netflix.discovery.DiscoveryClient    : Single vip registry refresh property : null
2020-07-02 09:28:19.032  INFO 7772 --- [DiscoveryClient-CacheRefreshExecutor-0] com.netflix.discovery.DiscoveryClient    : Force full registry fetch : false
2020-07-02 09:28:19.032  INFO 7772 --- [DiscoveryClient-CacheRefreshExecutor-0] com.netflix.discovery.DiscoveryClient    : Application is null : false
2020-07-02 09:28:19.033  INFO 7772 --- [DiscoveryClient-CacheRefreshExecutor-0] com.netflix.discovery.DiscoveryClient    : Registered Applications size is zero : true
2020-07-02 09:28:19.033  INFO 7772 --- [DiscoveryClient-CacheRefreshExecutor-0] com.netflix.discovery.DiscoveryClient    : Application version is -1: true
2020-07-02 09:28:19.033  INFO 7772 --- [DiscoveryClient-CacheRefreshExecutor-0] com.netflix.discovery.DiscoveryClient    : Getting all instance registry info from the eureka server
2020-07-02 09:28:20.155  INFO 7772 --- [DiscoveryClient-InstanceInfoReplicator-0] com.netflix.discovery.DiscoveryClient    : DiscoveryClient_USER-CENTER/111.229.140.47:8761: registering service...
2020-07-02 09:28:50.048  INFO 7772 --- [DiscoveryClient-CacheRefreshExecutor-0] com.netflix.discovery.DiscoveryClient    : Disable delta property : false
2020-07-02 09:28:50.049  INFO 7772 --- [DiscoveryClient-CacheRefreshExecutor-0] com.netflix.discovery.DiscoveryClient    : Single vip registry refresh property : null
2020-07-02 09:28:50.049  INFO 7772 --- [DiscoveryClient-CacheRefreshExecutor-0] com.netflix.discovery.DiscoveryClient    : Force full registry fetch : false
2020-07-02 09:28:50.050  INFO 7772 --- [DiscoveryClient-CacheRefreshExecutor-0] com.netflix.discovery.DiscoveryClient    : Application is null : false
2020-07-02 09:28:50.050  INFO 7772 --- [DiscoveryClient-CacheRefreshExecutor-0] com.netflix.discovery.DiscoveryClient    : Registered Applications size is zero : true
2020-07-02 09:28:50.050  INFO 7772 --- [DiscoveryClient-CacheRefreshExecutor-0] com.netflix.discovery.DiscoveryClient    : Application version is -1: true
2020-07-02 09:28:50.051  INFO 7772 --- [DiscoveryClient-CacheRefreshExecutor-0] com.netflix.discovery.DiscoveryClient    : Getting all instance registry info from the eureka server
2020-07-02 09:28:51.162  INFO 7772 --- [DiscoveryClient-InstanceInfoReplicator-0] com.netflix.discovery.DiscoveryClient    : DiscoveryClient_USER-CENTER/111.229.140.47:8761: registering service...
2020-07-02 09:29:21.064  INFO 7772 --- [DiscoveryClient-CacheRefreshExecutor-0] com.netflix.discovery.DiscoveryClient    : Disable delta property : false
2020-07-02 09:29:21.065  INFO 7772 --- [DiscoveryClient-CacheRefreshExecutor-0] com.netflix.discovery.DiscoveryClient    : Single vip registry refresh property : null
2020-07-02 09:29:21.066  INFO 7772 --- [DiscoveryClient-CacheRefreshExecutor-0] com.netflix.discovery.DiscoveryClient    : Force full registry fetch : false
2020-07-02 09:29:21.066  INFO 7772 --- [DiscoveryClient-CacheRefreshExecutor-0] com.netflix.discovery.DiscoveryClient    : Application is null : false
2020-07-02 09:29:21.066  INFO 7772 --- [DiscoveryClient-CacheRefreshExecutor-0] com.netflix.discovery.DiscoveryClient    : Registered Applications size is zero : true
2020-07-02 09:29:21.066  INFO 7772 --- [DiscoveryClient-CacheRefreshExecutor-0] com.netflix.discovery.DiscoveryClient    : Application version is -1: true
2020-07-02 09:29:21.067  INFO 7772 --- [DiscoveryClient-CacheRefreshExecutor-0] com.netflix.discovery.DiscoveryClient    : Getting all instance registry info from the eureka server
2020-07-02 09:29:22.165  INFO 7772 --- [DiscoveryClient-InstanceInfoReplicator-0] com.netflix.discovery.DiscoveryClient    : DiscoveryClient_USER-CENTER/111.229.140.47:8761: registering service...
2020-07-02 09:29:52.079  INFO 7772 --- [DiscoveryClient-CacheRefreshExecutor-0] com.netflix.discovery.DiscoveryClient    : Disable delta property : false
2020-07-02 09:29:52.080  INFO 7772 --- [DiscoveryClient-CacheRefreshExecutor-0] com.netflix.discovery.DiscoveryClient    : Single vip registry refresh property : null
2020-07-02 09:29:52.080  INFO 7772 --- [DiscoveryClient-CacheRefreshExecutor-0] com.netflix.discovery.DiscoveryClient    : Force full registry fetch : false
2020-07-02 09:29:52.081  INFO 7772 --- [DiscoveryClient-CacheRefreshExecutor-0] com.netflix.discovery.DiscoveryClient    : Application is null : false
2020-07-02 09:29:52.081  INFO 7772 --- [DiscoveryClient-CacheRefreshExecutor-0] com.netflix.discovery.DiscoveryClient    : Registered Applications size is zero : true
2020-07-02 09:29:52.081  INFO 7772 --- [DiscoveryClient-CacheRefreshExecutor-0] com.netflix.discovery.DiscoveryClient    : Application version is -1: true
2020-07-02 09:29:52.082  INFO 7772 --- [DiscoveryClient-CacheRefreshExecutor-0] com.netflix.discovery.DiscoveryClient    : Getting all instance registry info from the eureka server
2020-07-02 09:29:53.171  INFO 7772 --- [DiscoveryClient-InstanceInfoReplicator-0] com.netflix.discovery.DiscoveryClient    : DiscoveryClient_USER-CENTER/111.229.140.47:8761: registering service...
2020-07-02 09:30:23.088  INFO 7772 --- [DiscoveryClient-CacheRefreshExecutor-0] com.netflix.discovery.DiscoveryClient    : Disable delta property : false
2020-07-02 09:30:23.088  INFO 7772 --- [DiscoveryClient-CacheRefreshExecutor-0] com.netflix.discovery.DiscoveryClient    : Single vip registry refresh property : null
2020-07-02 09:30:23.088  INFO 7772 --- [DiscoveryClient-CacheRefreshExecutor-0] com.netflix.discovery.DiscoveryClient    : Force full registry fetch : false
2020-07-02 09:30:23.088  INFO 7772 --- [DiscoveryClient-CacheRefreshExecutor-0] com.netflix.discovery.DiscoveryClient    : Application is null : false
2020-07-02 09:30:23.089  INFO 7772 --- [DiscoveryClient-CacheRefreshExecutor-0] com.netflix.discovery.DiscoveryClient    : Registered Applications size is zero : true
2020-07-02 09:30:23.089  INFO 7772 --- [DiscoveryClient-CacheRefreshExecutor-0] com.netflix.discovery.DiscoveryClient    : Application version is -1: true
2020-07-02 09:30:23.089  INFO 7772 --- [DiscoveryClient-CacheRefreshExecutor-0] com.netflix.discovery.DiscoveryClient    : Getting all instance registry info from the eureka server
2020-07-02 09:30:24.186  INFO 7772 --- [DiscoveryClient-InstanceInfoReplicator-0] com.netflix.discovery.DiscoveryClient    : DiscoveryClient_USER-CENTER/111.229.140.47:8761: registering service...
2020-07-02 09:30:54.094  INFO 7772 --- [DiscoveryClient-CacheRefreshExecutor-0] com.netflix.discovery.DiscoveryClient    : Disable delta property : false
2020-07-02 09:30:54.094  INFO 7772 --- [DiscoveryClient-CacheRefreshExecutor-0] com.netflix.discovery.DiscoveryClient    : Single vip registry refresh property : null
2020-07-02 09:30:54.094  INFO 7772 --- [DiscoveryClient-CacheRefreshExecutor-0] com.netflix.discovery.DiscoveryClient    : Force full registry fetch : false
2020-07-02 09:30:54.094  INFO 7772 --- [DiscoveryClient-CacheRefreshExecutor-0] com.netflix.discovery.DiscoveryClient    : Application is null : false
2020-07-02 09:30:54.095  INFO 7772 --- [DiscoveryClient-CacheRefreshExecutor-0] com.netflix.discovery.DiscoveryClient    : Registered Applications size is zero : true
2020-07-02 09:30:54.095  INFO 7772 --- [DiscoveryClient-CacheRefreshExecutor-0] com.netflix.discovery.DiscoveryClient    : Application version is -1: true
2020-07-02 09:30:54.095  INFO 7772 --- [DiscoveryClient-CacheRefreshExecutor-0] com.netflix.discovery.DiscoveryClient    : Getting all instance registry info from the eureka server
2020-07-02 09:30:55.199  INFO 7772 --- [DiscoveryClient-InstanceInfoReplicator-0] com.netflix.discovery.DiscoveryClient    : DiscoveryClient_USER-CENTER/111.229.140.47:8761: registering service...
2020-07-02 09:31:14.718  INFO 7772 --- [AsyncResolver-bootstrap-executor-0] c.n.d.s.r.aws.ConfigClusterResolver      : Resolving eureka endpoints via configuration
2020-07-02 09:31:25.109  INFO 7772 --- [DiscoveryClient-CacheRefreshExecutor-0] com.netflix.discovery.DiscoveryClient    : Disable delta property : false
2020-07-02 09:31:25.110  INFO 7772 --- [DiscoveryClient-CacheRefreshExecutor-0] com.netflix.discovery.DiscoveryClient    : Single vip registry refresh property : null
2020-07-02 09:31:25.110  INFO 7772 --- [DiscoveryClient-CacheRefreshExecutor-0] com.netflix.discovery.DiscoveryClient    : Force full registry fetch : false
2020-07-02 09:31:25.111  INFO 7772 --- [DiscoveryClient-CacheRefreshExecutor-0] com.netflix.discovery.DiscoveryClient    : Application is null : false
2020-07-02 09:31:25.111  INFO 7772 --- [DiscoveryClient-CacheRefreshExecutor-0] com.netflix.discovery.DiscoveryClient    : Registered Applications size is zero : true
2020-07-02 09:31:25.111  INFO 7772 --- [DiscoveryClient-CacheRefreshExecutor-0] com.netflix.discovery.DiscoveryClient    : Application version is -1: true
2020-07-02 09:31:25.112  INFO 7772 --- [DiscoveryClient-CacheRefreshExecutor-0] com.netflix.discovery.DiscoveryClient    : Getting all instance registry info from the eureka server
2020-07-02 09:31:26.215  INFO 7772 --- [DiscoveryClient-InstanceInfoReplicator-0] com.netflix.discovery.DiscoveryClient    : DiscoveryClient_USER-CENTER/111.229.140.47:8761: registering service...
2020-07-02 09:31:56.126  INFO 7772 --- [DiscoveryClient-CacheRefreshExecutor-0] com.netflix.discovery.DiscoveryClient    : Disable delta property : false
2020-07-02 09:31:56.127  INFO 7772 --- [DiscoveryClient-CacheRefreshExecutor-0] com.netflix.discovery.DiscoveryClient    : Single vip registry refresh property : null
2020-07-02 09:31:56.127  INFO 7772 --- [DiscoveryClient-CacheRefreshExecutor-0] com.netflix.discovery.DiscoveryClient    : Force full registry fetch : false
2020-07-02 09:31:56.127  INFO 7772 --- [DiscoveryClient-CacheRefreshExecutor-0] com.netflix.discovery.DiscoveryClient    : Application is null : false
2020-07-02 09:31:56.128  INFO 7772 --- [DiscoveryClient-CacheRefreshExecutor-0] com.netflix.discovery.DiscoveryClient    : Registered Applications size is zero : true
2020-07-02 09:31:56.128  INFO 7772 --- [DiscoveryClient-CacheRefreshExecutor-0] com.netflix.discovery.DiscoveryClient    : Application version is -1: true
2020-07-02 09:31:56.129  INFO 7772 --- [DiscoveryClient-CacheRefreshExecutor-0] com.netflix.discovery.DiscoveryClient    : Getting all instance registry info from the eureka server
2020-07-02 09:31:57.231  INFO 7772 --- [DiscoveryClient-InstanceInfoReplicator-0] com.netflix.discovery.DiscoveryClient    : DiscoveryClient_USER-CENTER/111.229.140.47:8761: registering service...
2020-07-02 09:32:27.149  INFO 7772 --- [DiscoveryClient-CacheRefreshExecutor-0] com.netflix.discovery.DiscoveryClient    : Disable delta property : false
2020-07-02 09:32:27.150  INFO 7772 --- [DiscoveryClient-CacheRefreshExecutor-0] com.netflix.discovery.DiscoveryClient    : Single vip registry refresh property : null
2020-07-02 09:32:27.150  INFO 7772 --- [DiscoveryClient-CacheRefreshExecutor-0] com.netflix.discovery.DiscoveryClient    : Force full registry fetch : false
2020-07-02 09:32:27.150  INFO 7772 --- [DiscoveryClient-CacheRefreshExecutor-0] com.netflix.discovery.DiscoveryClient    : Application is null : false
2020-07-02 09:32:27.150  INFO 7772 --- [DiscoveryClient-CacheRefreshExecutor-0] com.netflix.discovery.DiscoveryClient    : Registered Applications size is zero : true
2020-07-02 09:32:27.151  INFO 7772 --- [DiscoveryClient-CacheRefreshExecutor-0] com.netflix.discovery.DiscoveryClient    : Application version is -1: true
2020-07-02 09:32:27.151  INFO 7772 --- [DiscoveryClient-CacheRefreshExecutor-0] com.netflix.discovery.DiscoveryClient    : Getting all instance registry info from the eureka server
2020-07-02 09:32:28.248  INFO 7772 --- [DiscoveryClient-InstanceInfoReplicator-0] com.netflix.discovery.DiscoveryClient    : DiscoveryClient_USER-CENTER/111.229.140.47:8761: registering service...
2020-07-02 09:32:58.156  INFO 7772 --- [DiscoveryClient-CacheRefreshExecutor-0] com.netflix.discovery.DiscoveryClient    : Disable delta property : false
2020-07-02 09:32:58.156  INFO 7772 --- [DiscoveryClient-CacheRefreshExecutor-0] com.netflix.discovery.DiscoveryClient    : Single vip registry refresh property : null
2020-07-02 09:32:58.156  INFO 7772 --- [DiscoveryClient-CacheRefreshExecutor-0] com.netflix.discovery.DiscoveryClient    : Force full registry fetch : false
2020-07-02 09:32:58.156  INFO 7772 --- [DiscoveryClient-CacheRefreshExecutor-0] com.netflix.discovery.DiscoveryClient    : Application is null : false
2020-07-02 09:32:58.156  INFO 7772 --- [DiscoveryClient-CacheRefreshExecutor-0] com.netflix.discovery.DiscoveryClient    : Registered Applications size is zero : true
2020-07-02 09:32:58.156  INFO 7772 --- [DiscoveryClient-CacheRefreshExecutor-0] com.netflix.discovery.DiscoveryClient    : Application version is -1: true
2020-07-02 09:32:58.156  INFO 7772 --- [DiscoveryClient-CacheRefreshExecutor-0] com.netflix.discovery.DiscoveryClient    : Getting all instance registry info from the eureka server
2020-07-02 09:32:59.264  INFO 7772 --- [DiscoveryClient-InstanceInfoReplicator-0] com.netflix.discovery.DiscoveryClient    : DiscoveryClient_USER-CENTER/111.229.140.47:8761: registering service...
2020-07-02 09:33:29.169  INFO 7772 --- [DiscoveryClient-CacheRefreshExecutor-0] com.netflix.discovery.DiscoveryClient    : Disable delta property : false
2020-07-02 09:33:29.170  INFO 7772 --- [DiscoveryClient-CacheRefreshExecutor-0] com.netflix.discovery.DiscoveryClient    : Single vip registry refresh property : null
2020-07-02 09:33:29.170  INFO 7772 --- [DiscoveryClient-CacheRefreshExecutor-0] com.netflix.discovery.DiscoveryClient    : Force full registry fetch : false
2020-07-02 09:33:29.171  INFO 7772 --- [DiscoveryClient-CacheRefreshExecutor-0] com.netflix.discovery.DiscoveryClient    : Application is null : false
2020-07-02 09:33:29.171  INFO 7772 --- [DiscoveryClient-CacheRefreshExecutor-0] com.netflix.discovery.DiscoveryClient    : Registered Applications size is zero : true
2020-07-02 09:33:29.171  INFO 7772 --- [DiscoveryClient-CacheRefreshExecutor-0] com.netflix.discovery.DiscoveryClient    : Application version is -1: true
2020-07-02 09:33:29.171  INFO 7772 --- [DiscoveryClient-CacheRefreshExecutor-0] com.netflix.discovery.DiscoveryClient    : Getting all instance registry info from the eureka server
2020-07-02 09:33:30.267  INFO 7772 --- [DiscoveryClient-InstanceInfoReplicator-0] com.netflix.discovery.DiscoveryClient    : DiscoveryClient_USER-CENTER/111.229.140.47:8761: registering service...
2020-07-02 09:34:00.186  INFO 7772 --- [DiscoveryClient-CacheRefreshExecutor-0] com.netflix.discovery.DiscoveryClient    : Disable delta property : false
2020-07-02 09:34:00.187  INFO 7772 --- [DiscoveryClient-CacheRefreshExecutor-0] com.netflix.discovery.DiscoveryClient    : Single vip registry refresh property : null
2020-07-02 09:34:00.187  INFO 7772 --- [DiscoveryClient-CacheRefreshExecutor-0] com.netflix.discovery.DiscoveryClient    : Force full registry fetch : false
2020-07-02 09:34:00.187  INFO 7772 --- [DiscoveryClient-CacheRefreshExecutor-0] com.netflix.discovery.DiscoveryClient    : Application is null : false
2020-07-02 09:34:00.187  INFO 7772 --- [DiscoveryClient-CacheRefreshExecutor-0] com.netflix.discovery.DiscoveryClient    : Registered Applications size is zero : true
2020-07-02 09:34:00.188  INFO 7772 --- [DiscoveryClient-CacheRefreshExecutor-0] com.netflix.discovery.DiscoveryClient    : Application version is -1: true
2020-07-02 09:34:00.188  INFO 7772 --- [DiscoveryClient-CacheRefreshExecutor-0] com.netflix.discovery.DiscoveryClient    : Getting all instance registry info from the eureka server
2020-07-02 09:34:01.273  INFO 7772 --- [DiscoveryClient-InstanceInfoReplicator-0] com.netflix.discovery.DiscoveryClient    : DiscoveryClient_USER-CENTER/111.229.140.47:8761: registering service...
2020-07-02 09:34:31.194  INFO 7772 --- [DiscoveryClient-CacheRefreshExecutor-0] com.netflix.discovery.DiscoveryClient    : Disable delta property : false
2020-07-02 09:34:31.194  INFO 7772 --- [DiscoveryClient-CacheRefreshExecutor-0] com.netflix.discovery.DiscoveryClient    : Single vip registry refresh property : null
2020-07-02 09:34:31.194  INFO 7772 --- [DiscoveryClient-CacheRefreshExecutor-0] com.netflix.discovery.DiscoveryClient    : Force full registry fetch : false
2020-07-02 09:34:31.194  INFO 7772 --- [DiscoveryClient-CacheRefreshExecutor-0] com.netflix.discovery.DiscoveryClient    : Application is null : false
2020-07-02 09:34:31.194  INFO 7772 --- [DiscoveryClient-CacheRefreshExecutor-0] com.netflix.discovery.DiscoveryClient    : Registered Applications size is zero : true
2020-07-02 09:34:31.194  INFO 7772 --- [DiscoveryClient-CacheRefreshExecutor-0] com.netflix.discovery.DiscoveryClient    : Application version is -1: true
2020-07-02 09:34:31.194  INFO 7772 --- [DiscoveryClient-CacheRefreshExecutor-0] com.netflix.discovery.DiscoveryClient    : Getting all instance registry info from the eureka server
2020-07-02 09:34:32.290  INFO 7772 --- [DiscoveryClient-InstanceInfoReplicator-0] com.netflix.discovery.DiscoveryClient    : DiscoveryClient_USER-CENTER/111.229.140.47:8761: registering service...
2020-07-02 09:35:02.208  INFO 7772 --- [DiscoveryClient-CacheRefreshExecutor-0] com.netflix.discovery.DiscoveryClient    : Disable delta property : false
2020-07-02 09:35:02.209  INFO 7772 --- [DiscoveryClient-CacheRefreshExecutor-0] com.netflix.discovery.DiscoveryClient    : Single vip registry refresh property : null
2020-07-02 09:35:02.209  INFO 7772 --- [DiscoveryClient-CacheRefreshExecutor-0] com.netflix.discovery.DiscoveryClient    : Force full registry fetch : false
2020-07-02 09:35:02.209  INFO 7772 --- [DiscoveryClient-CacheRefreshExecutor-0] com.netflix.discovery.DiscoveryClient    : Application is null : false
2020-07-02 09:35:02.209  INFO 7772 --- [DiscoveryClient-CacheRefreshExecutor-0] com.netflix.discovery.DiscoveryClient    : Registered Applications size is zero : true
2020-07-02 09:35:02.210  INFO 7772 --- [DiscoveryClient-CacheRefreshExecutor-0] com.netflix.discovery.DiscoveryClient    : Application version is -1: true
2020-07-02 09:35:02.210  INFO 7772 --- [DiscoveryClient-CacheRefreshExecutor-0] com.netflix.discovery.DiscoveryClient    : Getting all instance registry info from the eureka server
2020-07-02 09:35:03.306  INFO 7772 --- [DiscoveryClient-InstanceInfoReplicator-0] com.netflix.discovery.DiscoveryClient    : DiscoveryClient_USER-CENTER/111.229.140.47:8761: registering service...
2020-07-02 09:35:33.215  INFO 7772 --- [DiscoveryClient-CacheRefreshExecutor-0] com.netflix.discovery.DiscoveryClient    : Disable delta property : false
2020-07-02 09:35:33.216  INFO 7772 --- [DiscoveryClient-CacheRefreshExecutor-0] com.netflix.discovery.DiscoveryClient    : Single vip registry refresh property : null
2020-07-02 09:35:33.216  INFO 7772 --- [DiscoveryClient-CacheRefreshExecutor-0] com.netflix.discovery.DiscoveryClient    : Force full registry fetch : false
2020-07-02 09:35:33.216  INFO 7772 --- [DiscoveryClient-CacheRefreshExecutor-0] com.netflix.discovery.DiscoveryClient    : Application is null : false
2020-07-02 09:35:33.216  INFO 7772 --- [DiscoveryClient-CacheRefreshExecutor-0] com.netflix.discovery.DiscoveryClient    : Registered Applications size is zero : true
2020-07-02 09:35:33.217  INFO 7772 --- [DiscoveryClient-CacheRefreshExecutor-0] com.netflix.discovery.DiscoveryClient    : Application version is -1: true
2020-07-02 09:35:33.217  INFO 7772 --- [DiscoveryClient-CacheRefreshExecutor-0] com.netflix.discovery.DiscoveryClient    : Getting all instance registry info from the eureka server
2020-07-02 09:35:34.322  INFO 7772 --- [DiscoveryClient-InstanceInfoReplicator-0] com.netflix.discovery.DiscoveryClient    : DiscoveryClient_USER-CENTER/111.229.140.47:8761: registering service...
2020-07-02 09:36:04.231  INFO 7772 --- [DiscoveryClient-CacheRefreshExecutor-0] com.netflix.discovery.DiscoveryClient    : Disable delta property : false
2020-07-02 09:36:04.232  INFO 7772 --- [DiscoveryClient-CacheRefreshExecutor-0] com.netflix.discovery.DiscoveryClient    : Single vip registry refresh property : null
2020-07-02 09:36:04.232  INFO 7772 --- [DiscoveryClient-CacheRefreshExecutor-0] com.netflix.discovery.DiscoveryClient    : Force full registry fetch : false
2020-07-02 09:36:04.232  INFO 7772 --- [DiscoveryClient-CacheRefreshExecutor-0] com.netflix.discovery.DiscoveryClient    : Application is null : false
2020-07-02 09:36:04.232  INFO 7772 --- [DiscoveryClient-CacheRefreshExecutor-0] com.netflix.discovery.DiscoveryClient    : Registered Applications size is zero : true
2020-07-02 09:36:04.233  INFO 7772 --- [DiscoveryClient-CacheRefreshExecutor-0] com.netflix.discovery.DiscoveryClient    : Application version is -1: true
2020-07-02 09:36:04.233  INFO 7772 --- [DiscoveryClient-CacheRefreshExecutor-0] com.netflix.discovery.DiscoveryClient    : Getting all instance registry info from the eureka server
2020-07-02 09:36:05.326  INFO 7772 --- [DiscoveryClient-InstanceInfoReplicator-0] com.netflix.discovery.DiscoveryClient    : DiscoveryClient_USER-CENTER/111.229.140.47:8761: registering service...
2020-07-02 09:36:14.724  INFO 7772 --- [AsyncResolver-bootstrap-executor-0] c.n.d.s.r.aws.ConfigClusterResolver      : Resolving eureka endpoints via configuration
2020-07-02 09:36:35.248  INFO 7772 --- [DiscoveryClient-CacheRefreshExecutor-0] com.netflix.discovery.DiscoveryClient    : Disable delta property : false
2020-07-02 09:36:35.248  INFO 7772 --- [DiscoveryClient-CacheRefreshExecutor-0] com.netflix.discovery.DiscoveryClient    : Single vip registry refresh property : null
2020-07-02 09:36:35.249  INFO 7772 --- [DiscoveryClient-CacheRefreshExecutor-0] com.netflix.discovery.DiscoveryClient    : Force full registry fetch : false
2020-07-02 09:36:35.249  INFO 7772 --- [DiscoveryClient-CacheRefreshExecutor-0] com.netflix.discovery.DiscoveryClient    : Application is null : false
2020-07-02 09:36:35.249  INFO 7772 --- [DiscoveryClient-CacheRefreshExecutor-0] com.netflix.discovery.DiscoveryClient    : Registered Applications size is zero : true
2020-07-02 09:36:35.249  INFO 7772 --- [DiscoveryClient-CacheRefreshExecutor-0] com.netflix.discovery.DiscoveryClient    : Application version is -1: true
2020-07-02 09:36:35.249  INFO 7772 --- [DiscoveryClient-CacheRefreshExecutor-0] com.netflix.discovery.DiscoveryClient    : Getting all instance registry info from the eureka server
2020-07-02 09:36:36.331  INFO 7772 --- [DiscoveryClient-InstanceInfoReplicator-0] com.netflix.discovery.DiscoveryClient    : DiscoveryClient_USER-CENTER/111.229.140.47:8761: registering service...
2020-07-02 09:37:06.264  INFO 7772 --- [DiscoveryClient-CacheRefreshExecutor-0] com.netflix.discovery.DiscoveryClient    : Disable delta property : false
2020-07-02 09:37:06.264  INFO 7772 --- [DiscoveryClient-CacheRefreshExecutor-0] com.netflix.discovery.DiscoveryClient    : Single vip registry refresh property : null
2020-07-02 09:37:06.264  INFO 7772 --- [DiscoveryClient-CacheRefreshExecutor-0] com.netflix.discovery.DiscoveryClient    : Force full registry fetch : false
2020-07-02 09:37:06.264  INFO 7772 --- [DiscoveryClient-CacheRefreshExecutor-0] com.netflix.discovery.DiscoveryClient    : Application is null : false
2020-07-02 09:37:06.264  INFO 7772 --- [DiscoveryClient-CacheRefreshExecutor-0] com.netflix.discovery.DiscoveryClient    : Registered Applications size is zero : true
2020-07-02 09:37:06.264  INFO 7772 --- [DiscoveryClient-CacheRefreshExecutor-0] com.netflix.discovery.DiscoveryClient    : Application version is -1: true
2020-07-02 09:37:06.264  INFO 7772 --- [DiscoveryClient-CacheRefreshExecutor-0] com.netflix.discovery.DiscoveryClient    : Getting all instance registry info from the eureka server
2020-07-02 09:37:07.347  INFO 7772 --- [DiscoveryClient-InstanceInfoReplicator-0] com.netflix.discovery.DiscoveryClient    : DiscoveryClient_USER-CENTER/111.229.140.47:8761: registering service...
2020-07-02 09:37:37.278  INFO 7772 --- [DiscoveryClient-CacheRefreshExecutor-0] com.netflix.discovery.DiscoveryClient    : Disable delta property : false
2020-07-02 09:37:37.279  INFO 7772 --- [DiscoveryClient-CacheRefreshExecutor-0] com.netflix.discovery.DiscoveryClient    : Single vip registry refresh property : null
2020-07-02 09:37:37.279  INFO 7772 --- [DiscoveryClient-CacheRefreshExecutor-0] com.netflix.discovery.DiscoveryClient    : Force full registry fetch : false
2020-07-02 09:37:37.279  INFO 7772 --- [DiscoveryClient-CacheRefreshExecutor-0] com.netflix.discovery.DiscoveryClient    : Application is null : false
2020-07-02 09:37:37.279  INFO 7772 --- [DiscoveryClient-CacheRefreshExecutor-0] com.netflix.discovery.DiscoveryClient    : Registered Applications size is zero : true
2020-07-02 09:37:37.279  INFO 7772 --- [DiscoveryClient-CacheRefreshExecutor-0] com.netflix.discovery.DiscoveryClient    : Application version is -1: true
2020-07-02 09:37:37.279  INFO 7772 --- [DiscoveryClient-CacheRefreshExecutor-0] com.netflix.discovery.DiscoveryClient    : Getting all instance registry info from the eureka server
2020-07-02 09:37:38.353  INFO 7772 --- [DiscoveryClient-InstanceInfoReplicator-0] com.netflix.discovery.DiscoveryClient    : DiscoveryClient_USER-CENTER/111.229.140.47:8761: registering service...
2020-07-02 09:38:08.295  INFO 7772 --- [DiscoveryClient-CacheRefreshExecutor-0] com.netflix.discovery.DiscoveryClient    : Disable delta property : false
2020-07-02 09:38:08.296  INFO 7772 --- [DiscoveryClient-CacheRefreshExecutor-0] com.netflix.discovery.DiscoveryClient    : Single vip registry refresh property : null
2020-07-02 09:38:08.296  INFO 7772 --- [DiscoveryClient-CacheRefreshExecutor-0] com.netflix.discovery.DiscoveryClient    : Force full registry fetch : false
2020-07-02 09:38:08.296  INFO 7772 --- [DiscoveryClient-CacheRefreshExecutor-0] com.netflix.discovery.DiscoveryClient    : Application is null : false
2020-07-02 09:38:08.297  INFO 7772 --- [DiscoveryClient-CacheRefreshExecutor-0] com.netflix.discovery.DiscoveryClient    : Registered Applications size is zero : true
2020-07-02 09:38:08.297  INFO 7772 --- [DiscoveryClient-CacheRefreshExecutor-0] com.netflix.discovery.DiscoveryClient    : Application version is -1: true
2020-07-02 09:38:08.297  INFO 7772 --- [DiscoveryClient-CacheRefreshExecutor-0] com.netflix.discovery.DiscoveryClient    : Getting all instance registry info from the eureka server
2020-07-02 09:38:09.369  INFO 7772 --- [DiscoveryClient-InstanceInfoReplicator-0] com.netflix.discovery.DiscoveryClient    : DiscoveryClient_USER-CENTER/111.229.140.47:8761: registering service...
2020-07-02 09:38:39.301  INFO 7772 --- [DiscoveryClient-CacheRefreshExecutor-0] com.netflix.discovery.DiscoveryClient    : Disable delta property : false
2020-07-02 09:38:39.301  INFO 7772 --- [DiscoveryClient-CacheRefreshExecutor-0] com.netflix.discovery.DiscoveryClient    : Single vip registry refresh property : null
2020-07-02 09:38:39.302  INFO 7772 --- [DiscoveryClient-CacheRefreshExecutor-0] com.netflix.discovery.DiscoveryClient    : Force full registry fetch : false
2020-07-02 09:38:39.302  INFO 7772 --- [DiscoveryClient-CacheRefreshExecutor-0] com.netflix.discovery.DiscoveryClient    : Application is null : false
2020-07-02 09:38:39.302  INFO 7772 --- [DiscoveryClient-CacheRefreshExecutor-0] com.netflix.discovery.DiscoveryClient    : Registered Applications size is zero : true
2020-07-02 09:38:39.302  INFO 7772 --- [DiscoveryClient-CacheRefreshExecutor-0] com.netflix.discovery.DiscoveryClient    : Application version is -1: true
2020-07-02 09:38:39.303  INFO 7772 --- [DiscoveryClient-CacheRefreshExecutor-0] com.netflix.discovery.DiscoveryClient    : Getting all instance registry info from the eureka server
2020-07-02 09:38:40.384  INFO 7772 --- [DiscoveryClient-InstanceInfoReplicator-0] com.netflix.discovery.DiscoveryClient    : DiscoveryClient_USER-CENTER/111.229.140.47:8761: registering service...
2020-07-02 09:39:10.318  INFO 7772 --- [DiscoveryClient-CacheRefreshExecutor-0] com.netflix.discovery.DiscoveryClient    : Disable delta property : false
2020-07-02 09:39:10.319  INFO 7772 --- [DiscoveryClient-CacheRefreshExecutor-0] com.netflix.discovery.DiscoveryClient    : Single vip registry refresh property : null
2020-07-02 09:39:10.319  INFO 7772 --- [DiscoveryClient-CacheRefreshExecutor-0] com.netflix.discovery.DiscoveryClient    : Force full registry fetch : false
2020-07-02 09:39:10.319  INFO 7772 --- [DiscoveryClient-CacheRefreshExecutor-0] com.netflix.discovery.DiscoveryClient    : Application is null : false
2020-07-02 09:39:10.319  INFO 7772 --- [DiscoveryClient-CacheRefreshExecutor-0] com.netflix.discovery.DiscoveryClient    : Registered Applications size is zero : true
2020-07-02 09:39:10.320  INFO 7772 --- [DiscoveryClient-CacheRefreshExecutor-0] com.netflix.discovery.DiscoveryClient    : Application version is -1: true
2020-07-02 09:39:10.320  INFO 7772 --- [DiscoveryClient-CacheRefreshExecutor-0] com.netflix.discovery.DiscoveryClient    : Getting all instance registry info from the eureka server
2020-07-02 09:39:11.400  INFO 7772 --- [DiscoveryClient-InstanceInfoReplicator-0] com.netflix.discovery.DiscoveryClient    : DiscoveryClient_USER-CENTER/111.229.140.47:8761: registering service...
2020-07-02 09:39:41.334  INFO 7772 --- [DiscoveryClient-CacheRefreshExecutor-0] com.netflix.discovery.DiscoveryClient    : Disable delta property : false
2020-07-02 09:39:41.334  INFO 7772 --- [DiscoveryClient-CacheRefreshExecutor-0] com.netflix.discovery.DiscoveryClient    : Single vip registry refresh property : null
2020-07-02 09:39:41.335  INFO 7772 --- [DiscoveryClient-CacheRefreshExecutor-0] com.netflix.discovery.DiscoveryClient    : Force full registry fetch : false
2020-07-02 09:39:41.335  INFO 7772 --- [DiscoveryClient-CacheRefreshExecutor-0] com.netflix.discovery.DiscoveryClient    : Application is null : false
2020-07-02 09:39:41.335  INFO 7772 --- [DiscoveryClient-CacheRefreshExecutor-0] com.netflix.discovery.DiscoveryClient    : Registered Applications size is zero : true
2020-07-02 09:39:41.335  INFO 7772 --- [DiscoveryClient-CacheRefreshExecutor-0] com.netflix.discovery.DiscoveryClient    : Application version is -1: true
2020-07-02 09:39:41.335  INFO 7772 --- [DiscoveryClient-CacheRefreshExecutor-0] com.netflix.discovery.DiscoveryClient    : Getting all instance registry info from the eureka server
2020-07-02 09:39:42.415  INFO 7772 --- [DiscoveryClient-InstanceInfoReplicator-0] com.netflix.discovery.DiscoveryClient    : DiscoveryClient_USER-CENTER/111.229.140.47:8761: registering service...
2020-07-02 09:40:12.351  INFO 7772 --- [DiscoveryClient-CacheRefreshExecutor-0] com.netflix.discovery.DiscoveryClient    : Disable delta property : false
2020-07-02 09:40:12.351  INFO 7772 --- [DiscoveryClient-CacheRefreshExecutor-0] com.netflix.discovery.DiscoveryClient    : Single vip registry refresh property : null
2020-07-02 09:40:12.352  INFO 7772 --- [DiscoveryClient-CacheRefreshExecutor-0] com.netflix.discovery.DiscoveryClient    : Force full registry fetch : false
2020-07-02 09:40:12.352  INFO 7772 --- [DiscoveryClient-CacheRefreshExecutor-0] com.netflix.discovery.DiscoveryClient    : Application is null : false
2020-07-02 09:40:12.352  INFO 7772 --- [DiscoveryClient-CacheRefreshExecutor-0] com.netflix.discovery.DiscoveryClient    : Registered Applications size is zero : true
2020-07-02 09:40:12.353  INFO 7772 --- [DiscoveryClient-CacheRefreshExecutor-0] com.netflix.discovery.DiscoveryClient    : Application version is -1: true
2020-07-02 09:40:12.353  INFO 7772 --- [DiscoveryClient-CacheRefreshExecutor-0] com.netflix.discovery.DiscoveryClient    : Getting all instance registry info from the eureka server
2020-07-02 09:40:13.431  INFO 7772 --- [DiscoveryClient-InstanceInfoReplicator-0] com.netflix.discovery.DiscoveryClient    : DiscoveryClient_USER-CENTER/111.229.140.47:8761: registering service...
2020-07-02 09:40:43.387  INFO 7772 --- [DiscoveryClient-CacheRefreshExecutor-0] com.netflix.discovery.DiscoveryClient    : Disable delta property : false
2020-07-02 09:40:43.387  INFO 7772 --- [DiscoveryClient-CacheRefreshExecutor-0] com.netflix.discovery.DiscoveryClient    : Single vip registry refresh property : null
2020-07-02 09:40:43.388  INFO 7772 --- [DiscoveryClient-CacheRefreshExecutor-0] com.netflix.discovery.DiscoveryClient    : Force full registry fetch : false
2020-07-02 09:40:43.388  INFO 7772 --- [DiscoveryClient-CacheRefreshExecutor-0] com.netflix.discovery.DiscoveryClient    : Application is null : false
2020-07-02 09:40:43.388  INFO 7772 --- [DiscoveryClient-CacheRefreshExecutor-0] com.netflix.discovery.DiscoveryClient    : Registered Applications size is zero : true
2020-07-02 09:40:43.388  INFO 7772 --- [DiscoveryClient-CacheRefreshExecutor-0] com.netflix.discovery.DiscoveryClient    : Application version is -1: true
2020-07-02 09:40:43.388  INFO 7772 --- [DiscoveryClient-CacheRefreshExecutor-0] com.netflix.discovery.DiscoveryClient    : Getting all instance registry info from the eureka server
2020-07-02 09:40:44.437  INFO 7772 --- [DiscoveryClient-InstanceInfoReplicator-0] com.netflix.discovery.DiscoveryClient    : DiscoveryClient_USER-CENTER/111.229.140.47:8761: registering service...
2020-07-02 09:41:14.404  INFO 7772 --- [DiscoveryClient-CacheRefreshExecutor-0] com.netflix.discovery.DiscoveryClient    : Disable delta property : false
2020-07-02 09:41:14.404  INFO 7772 --- [DiscoveryClient-CacheRefreshExecutor-0] com.netflix.discovery.DiscoveryClient    : Single vip registry refresh property : null
2020-07-02 09:41:14.405  INFO 7772 --- [DiscoveryClient-CacheRefreshExecutor-0] com.netflix.discovery.DiscoveryClient    : Force full registry fetch : false
2020-07-02 09:41:14.405  INFO 7772 --- [DiscoveryClient-CacheRefreshExecutor-0] com.netflix.discovery.DiscoveryClient    : Application is null : false
2020-07-02 09:41:14.405  INFO 7772 --- [DiscoveryClient-CacheRefreshExecutor-0] com.netflix.discovery.DiscoveryClient    : Registered Applications size is zero : true
2020-07-02 09:41:14.406  INFO 7772 --- [DiscoveryClient-CacheRefreshExecutor-0] com.netflix.discovery.DiscoveryClient    : Application version is -1: true
2020-07-02 09:41:14.406  INFO 7772 --- [DiscoveryClient-CacheRefreshExecutor-0] com.netflix.discovery.DiscoveryClient    : Getting all instance registry info from the eureka server
2020-07-02 09:41:14.729  INFO 7772 --- [AsyncResolver-bootstrap-executor-0] c.n.d.s.r.aws.ConfigClusterResolver      : Resolving eureka endpoints via configuration
2020-07-02 09:41:15.452  INFO 7772 --- [DiscoveryClient-InstanceInfoReplicator-0] com.netflix.discovery.DiscoveryClient    : DiscoveryClient_USER-CENTER/111.229.140.47:8761: registering service...
2020-07-02 09:41:45.420  INFO 7772 --- [DiscoveryClient-CacheRefreshExecutor-0] com.netflix.discovery.DiscoveryClient    : Disable delta property : false
2020-07-02 09:41:45.421  INFO 7772 --- [DiscoveryClient-CacheRefreshExecutor-0] com.netflix.discovery.DiscoveryClient    : Single vip registry refresh property : null
2020-07-02 09:41:45.421  INFO 7772 --- [DiscoveryClient-CacheRefreshExecutor-0] com.netflix.discovery.DiscoveryClient    : Force full registry fetch : false
2020-07-02 09:41:45.421  INFO 7772 --- [DiscoveryClient-CacheRefreshExecutor-0] com.netflix.discovery.DiscoveryClient    : Application is null : false
2020-07-02 09:41:45.421  INFO 7772 --- [DiscoveryClient-CacheRefreshExecutor-0] com.netflix.discovery.DiscoveryClient    : Registered Applications size is zero : true
2020-07-02 09:41:45.422  INFO 7772 --- [DiscoveryClient-CacheRefreshExecutor-0] com.netflix.discovery.DiscoveryClient    : Application version is -1: true
2020-07-02 09:41:45.422  INFO 7772 --- [DiscoveryClient-CacheRefreshExecutor-0] com.netflix.discovery.DiscoveryClient    : Getting all instance registry info from the eureka server
2020-07-02 09:41:46.467  INFO 7772 --- [DiscoveryClient-InstanceInfoReplicator-0] com.netflix.discovery.DiscoveryClient    : DiscoveryClient_USER-CENTER/111.229.140.47:8761: registering service...
2020-07-02 09:42:16.440  INFO 7772 --- [DiscoveryClient-CacheRefreshExecutor-0] com.netflix.discovery.DiscoveryClient    : Disable delta property : false
2020-07-02 09:42:16.440  INFO 7772 --- [DiscoveryClient-CacheRefreshExecutor-0] com.netflix.discovery.DiscoveryClient    : Single vip registry refresh property : null
2020-07-02 09:42:16.440  INFO 7772 --- [DiscoveryClient-CacheRefreshExecutor-0] com.netflix.discovery.DiscoveryClient    : Force full registry fetch : false
2020-07-02 09:42:16.440  INFO 7772 --- [DiscoveryClient-CacheRefreshExecutor-0] com.netflix.discovery.DiscoveryClient    : Application is null : false
2020-07-02 09:42:16.441  INFO 7772 --- [DiscoveryClient-CacheRefreshExecutor-0] com.netflix.discovery.DiscoveryClient    : Registered Applications size is zero : true
2020-07-02 09:42:16.441  INFO 7772 --- [DiscoveryClient-CacheRefreshExecutor-0] com.netflix.discovery.DiscoveryClient    : Application version is -1: true
2020-07-02 09:42:16.441  INFO 7772 --- [DiscoveryClient-CacheRefreshExecutor-0] com.netflix.discovery.DiscoveryClient    : Getting all instance registry info from the eureka server
2020-07-02 09:42:17.473  INFO 7772 --- [DiscoveryClient-InstanceInfoReplicator-0] com.netflix.discovery.DiscoveryClient    : DiscoveryClient_USER-CENTER/111.229.140.47:8761: registering service...
2020-07-02 09:42:47.454  INFO 7772 --- [DiscoveryClient-CacheRefreshExecutor-0] com.netflix.discovery.DiscoveryClient    : Disable delta property : false
2020-07-02 09:42:47.454  INFO 7772 --- [DiscoveryClient-CacheRefreshExecutor-0] com.netflix.discovery.DiscoveryClient    : Single vip registry refresh property : null
2020-07-02 09:42:47.454  INFO 7772 --- [DiscoveryClient-CacheRefreshExecutor-0] com.netflix.discovery.DiscoveryClient    : Force full registry fetch : false
2020-07-02 09:42:47.455  INFO 7772 --- [DiscoveryClient-CacheRefreshExecutor-0] com.netflix.discovery.DiscoveryClient    : Application is null : false
2020-07-02 09:42:47.455  INFO 7772 --- [DiscoveryClient-CacheRefreshExecutor-0] com.netflix.discovery.DiscoveryClient    : Registered Applications size is zero : true
2020-07-02 09:42:47.455  INFO 7772 --- [DiscoveryClient-CacheRefreshExecutor-0] com.netflix.discovery.DiscoveryClient    : Application version is -1: true
2020-07-02 09:42:47.455  INFO 7772 --- [DiscoveryClient-CacheRefreshExecutor-0] com.netflix.discovery.DiscoveryClient    : Getting all instance registry info from the eureka server
2020-07-02 09:42:48.487  INFO 7772 --- [DiscoveryClient-InstanceInfoReplicator-0] com.netflix.discovery.DiscoveryClient    : DiscoveryClient_USER-CENTER/111.229.140.47:8761: registering service...
2020-07-02 09:43:18.470  INFO 7772 --- [DiscoveryClient-CacheRefreshExecutor-0] com.netflix.discovery.DiscoveryClient    : Disable delta property : false
2020-07-02 09:43:18.471  INFO 7772 --- [DiscoveryClient-CacheRefreshExecutor-0] com.netflix.discovery.DiscoveryClient    : Single vip registry refresh property : null
2020-07-02 09:43:18.471  INFO 7772 --- [DiscoveryClient-CacheRefreshExecutor-0] com.netflix.discovery.DiscoveryClient    : Force full registry fetch : false
2020-07-02 09:43:18.471  INFO 7772 --- [DiscoveryClient-CacheRefreshExecutor-0] com.netflix.discovery.DiscoveryClient    : Application is null : false
2020-07-02 09:43:18.471  INFO 7772 --- [DiscoveryClient-CacheRefreshExecutor-0] com.netflix.discovery.DiscoveryClient    : Registered Applications size is zero : true
2020-07-02 09:43:18.471  INFO 7772 --- [DiscoveryClient-CacheRefreshExecutor-0] com.netflix.discovery.DiscoveryClient    : Application version is -1: true
2020-07-02 09:43:18.471  INFO 7772 --- [DiscoveryClient-CacheRefreshExecutor-0] com.netflix.discovery.DiscoveryClient    : Getting all instance registry info from the eureka server
2020-07-02 09:43:19.492  INFO 7772 --- [DiscoveryClient-InstanceInfoReplicator-0] com.netflix.discovery.DiscoveryClient    : DiscoveryClient_USER-CENTER/111.229.140.47:8761: registering service...
2020-07-02 09:43:49.486  INFO 7772 --- [DiscoveryClient-CacheRefreshExecutor-0] com.netflix.discovery.DiscoveryClient    : Disable delta property : false
2020-07-02 09:43:49.487  INFO 7772 --- [DiscoveryClient-CacheRefreshExecutor-0] com.netflix.discovery.DiscoveryClient    : Single vip registry refresh property : null
2020-07-02 09:43:49.487  INFO 7772 --- [DiscoveryClient-CacheRefreshExecutor-0] com.netflix.discovery.DiscoveryClient    : Force full registry fetch : false
2020-07-02 09:43:49.487  INFO 7772 --- [DiscoveryClient-CacheRefreshExecutor-0] com.netflix.discovery.DiscoveryClient    : Application is null : false
2020-07-02 09:43:49.487  INFO 7772 --- [DiscoveryClient-CacheRefreshExecutor-0] com.netflix.discovery.DiscoveryClient    : Registered Applications size is zero : true
2020-07-02 09:43:49.487  INFO 7772 --- [DiscoveryClient-CacheRefreshExecutor-0] com.netflix.discovery.DiscoveryClient    : Application version is -1: true
2020-07-02 09:43:49.487  INFO 7772 --- [DiscoveryClient-CacheRefreshExecutor-0] com.netflix.discovery.DiscoveryClient    : Getting all instance registry info from the eureka server
2020-07-02 09:43:50.507  INFO 7772 --- [DiscoveryClient-InstanceInfoReplicator-0] com.netflix.discovery.DiscoveryClient    : DiscoveryClient_USER-CENTER/111.229.140.47:8761: registering service...
2020-07-02 09:44:20.503  INFO 7772 --- [DiscoveryClient-CacheRefreshExecutor-0] com.netflix.discovery.DiscoveryClient    : Disable delta property : false
2020-07-02 09:44:20.503  INFO 7772 --- [DiscoveryClient-CacheRefreshExecutor-0] com.netflix.discovery.DiscoveryClient    : Single vip registry refresh property : null
2020-07-02 09:44:20.503  INFO 7772 --- [DiscoveryClient-CacheRefreshExecutor-0] com.netflix.discovery.DiscoveryClient    : Force full registry fetch : false
2020-07-02 09:44:20.503  INFO 7772 --- [DiscoveryClient-CacheRefreshExecutor-0] com.netflix.discovery.DiscoveryClient    : Application is null : false
2020-07-02 09:44:20.503  INFO 7772 --- [DiscoveryClient-CacheRefreshExecutor-0] com.netflix.discovery.DiscoveryClient    : Registered Applications size is zero : true
2020-07-02 09:44:20.503  INFO 7772 --- [DiscoveryClient-CacheRefreshExecutor-0] com.netflix.discovery.DiscoveryClient    : Application version is -1: true
2020-07-02 09:44:20.503  INFO 7772 --- [DiscoveryClient-CacheRefreshExecutor-0] com.netflix.discovery.DiscoveryClient    : Getting all instance registry info from the eureka server
2020-07-02 09:44:21.520  INFO 7772 --- [DiscoveryClient-InstanceInfoReplicator-0] com.netflix.discovery.DiscoveryClient    : DiscoveryClient_USER-CENTER/111.229.140.47:8761: registering service...
2020-07-02 09:44:51.516  INFO 7772 --- [DiscoveryClient-CacheRefreshExecutor-0] com.netflix.discovery.DiscoveryClient    : Disable delta property : false
2020-07-02 09:44:51.516  INFO 7772 --- [DiscoveryClient-CacheRefreshExecutor-0] com.netflix.discovery.DiscoveryClient    : Single vip registry refresh property : null
2020-07-02 09:44:51.517  INFO 7772 --- [DiscoveryClient-CacheRefreshExecutor-0] com.netflix.discovery.DiscoveryClient    : Force full registry fetch : false
2020-07-02 09:44:51.517  INFO 7772 --- [DiscoveryClient-CacheRefreshExecutor-0] com.netflix.discovery.DiscoveryClient    : Application is null : false
2020-07-02 09:44:51.517  INFO 7772 --- [DiscoveryClient-CacheRefreshExecutor-0] com.netflix.discovery.DiscoveryClient    : Registered Applications size is zero : true
2020-07-02 09:44:51.517  INFO 7772 --- [DiscoveryClient-CacheRefreshExecutor-0] com.netflix.discovery.DiscoveryClient    : Application version is -1: true
2020-07-02 09:44:51.517  INFO 7772 --- [DiscoveryClient-CacheRefreshExecutor-0] com.netflix.discovery.DiscoveryClient    : Getting all instance registry info from the eureka server
2020-07-02 09:44:52.524  INFO 7772 --- [DiscoveryClient-InstanceInfoReplicator-0] com.netflix.discovery.DiscoveryClient    : DiscoveryClient_USER-CENTER/111.229.140.47:8761: registering service...
2020-07-02 09:45:22.531  INFO 7772 --- [DiscoveryClient-CacheRefreshExecutor-0] com.netflix.discovery.DiscoveryClient    : Disable delta property : false
2020-07-02 09:45:22.532  INFO 7772 --- [DiscoveryClient-CacheRefreshExecutor-0] com.netflix.discovery.DiscoveryClient    : Single vip registry refresh property : null
2020-07-02 09:45:22.532  INFO 7772 --- [DiscoveryClient-CacheRefreshExecutor-0] com.netflix.discovery.DiscoveryClient    : Force full registry fetch : false
2020-07-02 09:45:22.533  INFO 7772 --- [DiscoveryClient-CacheRefreshExecutor-0] com.netflix.discovery.DiscoveryClient    : Application is null : false
2020-07-02 09:45:22.533  INFO 7772 --- [DiscoveryClient-CacheRefreshExecutor-0] com.netflix.discovery.DiscoveryClient    : Registered Applications size is zero : true
2020-07-02 09:45:22.533  INFO 7772 --- [DiscoveryClient-CacheRefreshExecutor-0] com.netflix.discovery.DiscoveryClient    : Application version is -1: true
2020-07-02 09:45:22.533  INFO 7772 --- [DiscoveryClient-CacheRefreshExecutor-0] com.netflix.discovery.DiscoveryClient    : Getting all instance registry info from the eureka server
2020-07-02 09:45:23.538  INFO 7772 --- [DiscoveryClient-InstanceInfoReplicator-0] com.netflix.discovery.DiscoveryClient    : DiscoveryClient_USER-CENTER/111.229.140.47:8761: registering service...
2020-07-02 09:45:53.550  INFO 7772 --- [DiscoveryClient-CacheRefreshExecutor-0] com.netflix.discovery.DiscoveryClient    : Disable delta property : false
2020-07-02 09:45:53.550  INFO 7772 --- [DiscoveryClient-CacheRefreshExecutor-0] com.netflix.discovery.DiscoveryClient    : Single vip registry refresh property : null
2020-07-02 09:45:53.550  INFO 7772 --- [DiscoveryClient-CacheRefreshExecutor-0] com.netflix.discovery.DiscoveryClient    : Force full registry fetch : false
2020-07-02 09:45:53.550  INFO 7772 --- [DiscoveryClient-CacheRefreshExecutor-0] com.netflix.discovery.DiscoveryClient    : Application is null : false
2020-07-02 09:45:53.550  INFO 7772 --- [DiscoveryClient-CacheRefreshExecutor-0] com.netflix.discovery.DiscoveryClient    : Registered Applications size is zero : true
2020-07-02 09:45:53.550  INFO 7772 --- [DiscoveryClient-CacheRefreshExecutor-0] com.netflix.discovery.DiscoveryClient    : Application version is -1: true
2020-07-02 09:45:53.550  INFO 7772 --- [DiscoveryClient-CacheRefreshExecutor-0] com.netflix.discovery.DiscoveryClient    : Getting all instance registry info from the eureka server
2020-07-02 09:45:54.545  INFO 7772 --- [DiscoveryClient-InstanceInfoReplicator-0] com.netflix.discovery.DiscoveryClient    : DiscoveryClient_USER-CENTER/111.229.140.47:8761: registering service...
2020-07-02 09:46:14.734  INFO 7772 --- [AsyncResolver-bootstrap-executor-0] c.n.d.s.r.aws.ConfigClusterResolver      : Resolving eureka endpoints via configuration
2020-07-02 09:46:24.564  INFO 7772 --- [DiscoveryClient-CacheRefreshExecutor-0] com.netflix.discovery.DiscoveryClient    : Disable delta property : false
2020-07-02 09:46:24.564  INFO 7772 --- [DiscoveryClient-CacheRefreshExecutor-0] com.netflix.discovery.DiscoveryClient    : Single vip registry refresh property : null
2020-07-02 09:46:24.565  INFO 7772 --- [DiscoveryClient-CacheRefreshExecutor-0] com.netflix.discovery.DiscoveryClient    : Force full registry fetch : false
2020-07-02 09:46:24.565  INFO 7772 --- [DiscoveryClient-CacheRefreshExecutor-0] com.netflix.discovery.DiscoveryClient    : Application is null : false
2020-07-02 09:46:24.565  INFO 7772 --- [DiscoveryClient-CacheRefreshExecutor-0] com.netflix.discovery.DiscoveryClient    : Registered Applications size is zero : true
2020-07-02 09:46:24.565  INFO 7772 --- [DiscoveryClient-CacheRefreshExecutor-0] com.netflix.discovery.DiscoveryClient    : Application version is -1: true
2020-07-02 09:46:24.566  INFO 7772 --- [DiscoveryClient-CacheRefreshExecutor-0] com.netflix.discovery.DiscoveryClient    : Getting all instance registry info from the eureka server
2020-07-02 09:46:25.550  INFO 7772 --- [DiscoveryClient-InstanceInfoReplicator-0] com.netflix.discovery.DiscoveryClient    : DiscoveryClient_USER-CENTER/111.229.140.47:8761: registering service...
2020-07-02 09:46:55.579  INFO 7772 --- [DiscoveryClient-CacheRefreshExecutor-0] com.netflix.discovery.DiscoveryClient    : Disable delta property : false
2020-07-02 09:46:55.579  INFO 7772 --- [DiscoveryClient-CacheRefreshExecutor-0] com.netflix.discovery.DiscoveryClient    : Single vip registry refresh property : null
2020-07-02 09:46:55.580  INFO 7772 --- [DiscoveryClient-CacheRefreshExecutor-0] com.netflix.discovery.DiscoveryClient    : Force full registry fetch : false
2020-07-02 09:46:55.580  INFO 7772 --- [DiscoveryClient-CacheRefreshExecutor-0] com.netflix.discovery.DiscoveryClient    : Application is null : false
2020-07-02 09:46:55.580  INFO 7772 --- [DiscoveryClient-CacheRefreshExecutor-0] com.netflix.discovery.DiscoveryClient    : Registered Applications size is zero : true
2020-07-02 09:46:55.581  INFO 7772 --- [DiscoveryClient-CacheRefreshExecutor-0] com.netflix.discovery.DiscoveryClient    : Application version is -1: true
2020-07-02 09:46:55.581  INFO 7772 --- [DiscoveryClient-CacheRefreshExecutor-0] com.netflix.discovery.DiscoveryClient    : Getting all instance registry info from the eureka server
2020-07-02 09:46:56.564  INFO 7772 --- [DiscoveryClient-InstanceInfoReplicator-0] com.netflix.discovery.DiscoveryClient    : DiscoveryClient_USER-CENTER/111.229.140.47:8761: registering service...
2020-07-02 09:47:26.596  INFO 7772 --- [DiscoveryClient-CacheRefreshExecutor-0] com.netflix.discovery.DiscoveryClient    : Disable delta property : false
2020-07-02 09:47:26.597  INFO 7772 --- [DiscoveryClient-CacheRefreshExecutor-0] com.netflix.discovery.DiscoveryClient    : Single vip registry refresh property : null
2020-07-02 09:47:26.597  INFO 7772 --- [DiscoveryClient-CacheRefreshExecutor-0] com.netflix.discovery.DiscoveryClient    : Force full registry fetch : false
2020-07-02 09:47:26.597  INFO 7772 --- [DiscoveryClient-CacheRefreshExecutor-0] com.netflix.discovery.DiscoveryClient    : Application is null : false
2020-07-02 09:47:26.597  INFO 7772 --- [DiscoveryClient-CacheRefreshExecutor-0] com.netflix.discovery.DiscoveryClient    : Registered Applications size is zero : true
2020-07-02 09:47:26.598  INFO 7772 --- [DiscoveryClient-CacheRefreshExecutor-0] com.netflix.discovery.DiscoveryClient    : Application version is -1: true
2020-07-02 09:47:26.598  INFO 7772 --- [DiscoveryClient-CacheRefreshExecutor-0] com.netflix.discovery.DiscoveryClient    : Getting all instance registry info from the eureka server
2020-07-02 09:47:27.580  INFO 7772 --- [DiscoveryClient-InstanceInfoReplicator-0] com.netflix.discovery.DiscoveryClient    : DiscoveryClient_USER-CENTER/111.229.140.47:8761: registering service...
2020-07-02 09:47:57.612  INFO 7772 --- [DiscoveryClient-CacheRefreshExecutor-0] com.netflix.discovery.DiscoveryClient    : Disable delta property : false
2020-07-02 09:47:57.613  INFO 7772 --- [DiscoveryClient-CacheRefreshExecutor-0] com.netflix.discovery.DiscoveryClient    : Single vip registry refresh property : null
2020-07-02 09:47:57.613  INFO 7772 --- [DiscoveryClient-CacheRefreshExecutor-0] com.netflix.discovery.DiscoveryClient    : Force full registry fetch : false
2020-07-02 09:47:57.613  INFO 7772 --- [DiscoveryClient-CacheRefreshExecutor-0] com.netflix.discovery.DiscoveryClient    : Application is null : false
2020-07-02 09:47:57.614  INFO 7772 --- [DiscoveryClient-CacheRefreshExecutor-0] com.netflix.discovery.DiscoveryClient    : Registered Applications size is zero : true
2020-07-02 09:47:57.614  INFO 7772 --- [DiscoveryClient-CacheRefreshExecutor-0] com.netflix.discovery.DiscoveryClient    : Application version is -1: true
2020-07-02 09:47:57.615  INFO 7772 --- [DiscoveryClient-CacheRefreshExecutor-0] com.netflix.discovery.DiscoveryClient    : Getting all instance registry info from the eureka server
2020-07-02 09:47:58.593  INFO 7772 --- [DiscoveryClient-InstanceInfoReplicator-0] com.netflix.discovery.DiscoveryClient    : DiscoveryClient_USER-CENTER/111.229.140.47:8761: registering service...
2020-07-02 09:48:28.631  INFO 7772 --- [DiscoveryClient-CacheRefreshExecutor-0] com.netflix.discovery.DiscoveryClient    : Disable delta property : false
2020-07-02 09:48:28.631  INFO 7772 --- [DiscoveryClient-CacheRefreshExecutor-0] com.netflix.discovery.DiscoveryClient    : Single vip registry refresh property : null
2020-07-02 09:48:28.632  INFO 7772 --- [DiscoveryClient-CacheRefreshExecutor-0] com.netflix.discovery.DiscoveryClient    : Force full registry fetch : false
2020-07-02 09:48:28.632  INFO 7772 --- [DiscoveryClient-CacheRefreshExecutor-0] com.netflix.discovery.DiscoveryClient    : Application is null : false
2020-07-02 09:48:28.633  INFO 7772 --- [DiscoveryClient-CacheRefreshExecutor-0] com.netflix.discovery.DiscoveryClient    : Registered Applications size is zero : true
2020-07-02 09:48:28.633  INFO 7772 --- [DiscoveryClient-CacheRefreshExecutor-0] com.netflix.discovery.DiscoveryClient    : Application version is -1: true
2020-07-02 09:48:28.633  INFO 7772 --- [DiscoveryClient-CacheRefreshExecutor-0] com.netflix.discovery.DiscoveryClient    : Getting all instance registry info from the eureka server
2020-07-02 09:48:29.607  INFO 7772 --- [DiscoveryClient-InstanceInfoReplicator-0] com.netflix.discovery.DiscoveryClient    : DiscoveryClient_USER-CENTER/111.229.140.47:8761: registering service...
2020-07-02 09:48:59.639  INFO 7772 --- [DiscoveryClient-CacheRefreshExecutor-0] com.netflix.discovery.DiscoveryClient    : Disable delta property : false
2020-07-02 09:48:59.640  INFO 7772 --- [DiscoveryClient-CacheRefreshExecutor-0] com.netflix.discovery.DiscoveryClient    : Single vip registry refresh property : null
2020-07-02 09:48:59.640  INFO 7772 --- [DiscoveryClient-CacheRefreshExecutor-0] com.netflix.discovery.DiscoveryClient    : Force full registry fetch : false
2020-07-02 09:48:59.640  INFO 7772 --- [DiscoveryClient-CacheRefreshExecutor-0] com.netflix.discovery.DiscoveryClient    : Application is null : false
2020-07-02 09:48:59.640  INFO 7772 --- [DiscoveryClient-CacheRefreshExecutor-0] com.netflix.discovery.DiscoveryClient    : Registered Applications size is zero : true
2020-07-02 09:48:59.641  INFO 7772 --- [DiscoveryClient-CacheRefreshExecutor-0] com.netflix.discovery.DiscoveryClient    : Application version is -1: true
2020-07-02 09:48:59.641  INFO 7772 --- [DiscoveryClient-CacheRefreshExecutor-0] com.netflix.discovery.DiscoveryClient    : Getting all instance registry info from the eureka server
2020-07-02 09:49:00.613  INFO 7772 --- [DiscoveryClient-InstanceInfoReplicator-0] com.netflix.discovery.DiscoveryClient    : DiscoveryClient_USER-CENTER/111.229.140.47:8761: registering service...
2020-07-02 09:49:30.656  INFO 7772 --- [DiscoveryClient-CacheRefreshExecutor-0] com.netflix.discovery.DiscoveryClient    : Disable delta property : false
2020-07-02 09:49:30.656  INFO 7772 --- [DiscoveryClient-CacheRefreshExecutor-0] com.netflix.discovery.DiscoveryClient    : Single vip registry refresh property : null
2020-07-02 09:49:30.656  INFO 7772 --- [DiscoveryClient-CacheRefreshExecutor-0] com.netflix.discovery.DiscoveryClient    : Force full registry fetch : false
2020-07-02 09:49:30.656  INFO 7772 --- [DiscoveryClient-CacheRefreshExecutor-0] com.netflix.discovery.DiscoveryClient    : Application is null : false
2020-07-02 09:49:30.656  INFO 7772 --- [DiscoveryClient-CacheRefreshExecutor-0] com.netflix.discovery.DiscoveryClient    : Registered Applications size is zero : true
2020-07-02 09:49:30.656  INFO 7772 --- [DiscoveryClient-CacheRefreshExecutor-0] com.netflix.discovery.DiscoveryClient    : Application version is -1: true
2020-07-02 09:49:30.657  INFO 7772 --- [DiscoveryClient-CacheRefreshExecutor-0] com.netflix.discovery.DiscoveryClient    : Getting all instance registry info from the eureka server
2020-07-02 09:49:31.629  INFO 7772 --- [DiscoveryClient-InstanceInfoReplicator-0] com.netflix.discovery.DiscoveryClient    : DiscoveryClient_USER-CENTER/111.229.140.47:8761: registering service...
2020-07-02 09:50:01.668  INFO 7772 --- [DiscoveryClient-CacheRefreshExecutor-0] com.netflix.discovery.DiscoveryClient    : Disable delta property : false
2020-07-02 09:50:01.669  INFO 7772 --- [DiscoveryClient-CacheRefreshExecutor-0] com.netflix.discovery.DiscoveryClient    : Single vip registry refresh property : null
2020-07-02 09:50:01.669  INFO 7772 --- [DiscoveryClient-CacheRefreshExecutor-0] com.netflix.discovery.DiscoveryClient    : Force full registry fetch : false
2020-07-02 09:50:01.669  INFO 7772 --- [DiscoveryClient-CacheRefreshExecutor-0] com.netflix.discovery.DiscoveryClient    : Application is null : false
2020-07-02 09:50:01.669  INFO 7772 --- [DiscoveryClient-CacheRefreshExecutor-0] com.netflix.discovery.DiscoveryClient    : Registered Applications size is zero : true
2020-07-02 09:50:01.670  INFO 7772 --- [DiscoveryClient-CacheRefreshExecutor-0] com.netflix.discovery.DiscoveryClient    : Application version is -1: true
2020-07-02 09:50:01.670  INFO 7772 --- [DiscoveryClient-CacheRefreshExecutor-0] com.netflix.discovery.DiscoveryClient    : Getting all instance registry info from the eureka server
2020-07-02 09:50:02.631  INFO 7772 --- [DiscoveryClient-InstanceInfoReplicator-0] com.netflix.discovery.DiscoveryClient    : DiscoveryClient_USER-CENTER/111.229.140.47:8761: registering service...
2020-07-02 09:50:32.685  INFO 7772 --- [DiscoveryClient-CacheRefreshExecutor-0] com.netflix.discovery.DiscoveryClient    : Disable delta property : false
2020-07-02 09:50:32.685  INFO 7772 --- [DiscoveryClient-CacheRefreshExecutor-0] com.netflix.discovery.DiscoveryClient    : Single vip registry refresh property : null
2020-07-02 09:50:32.685  INFO 7772 --- [DiscoveryClient-CacheRefreshExecutor-0] com.netflix.discovery.DiscoveryClient    : Force full registry fetch : false
2020-07-02 09:50:32.685  INFO 7772 --- [DiscoveryClient-CacheRefreshExecutor-0] com.netflix.discovery.DiscoveryClient    : Application is null : false
2020-07-02 09:50:32.685  INFO 7772 --- [DiscoveryClient-CacheRefreshExecutor-0] com.netflix.discovery.DiscoveryClient    : Registered Applications size is zero : true
2020-07-02 09:50:32.685  INFO 7772 --- [DiscoveryClient-CacheRefreshExecutor-0] com.netflix.discovery.DiscoveryClient    : Application version is -1: true
2020-07-02 09:50:32.686  INFO 7772 --- [DiscoveryClient-CacheRefreshExecutor-0] com.netflix.discovery.DiscoveryClient    : Getting all instance registry info from the eureka server
2020-07-02 09:50:33.637  INFO 7772 --- [DiscoveryClient-InstanceInfoReplicator-0] com.netflix.discovery.DiscoveryClient    : DiscoveryClient_USER-CENTER/111.229.140.47:8761: registering service...
2020-07-02 09:51:03.698  INFO 7772 --- [DiscoveryClient-CacheRefreshExecutor-0] com.netflix.discovery.DiscoveryClient    : Disable delta property : false
2020-07-02 09:51:03.698  INFO 7772 --- [DiscoveryClient-CacheRefreshExecutor-0] com.netflix.discovery.DiscoveryClient    : Single vip registry refresh property : null
2020-07-02 09:51:03.699  INFO 7772 --- [DiscoveryClient-CacheRefreshExecutor-0] com.netflix.discovery.DiscoveryClient    : Force full registry fetch : false
2020-07-02 09:51:03.699  INFO 7772 --- [DiscoveryClient-CacheRefreshExecutor-0] com.netflix.discovery.DiscoveryClient    : Application is null : false
2020-07-02 09:51:03.699  INFO 7772 --- [DiscoveryClient-CacheRefreshExecutor-0] com.netflix.discovery.DiscoveryClient    : Registered Applications size is zero : true
2020-07-02 09:51:03.699  INFO 7772 --- [DiscoveryClient-CacheRefreshExecutor-0] com.netflix.discovery.DiscoveryClient    : Application version is -1: true
2020-07-02 09:51:03.700  INFO 7772 --- [DiscoveryClient-CacheRefreshExecutor-0] com.netflix.discovery.DiscoveryClient    : Getting all instance registry info from the eureka server
2020-07-02 09:51:04.640  INFO 7772 --- [DiscoveryClient-InstanceInfoReplicator-0] com.netflix.discovery.DiscoveryClient    : DiscoveryClient_USER-CENTER/111.229.140.47:8761: registering service...
2020-07-02 10:09:36.217  INFO 3216 --- [main] trationDelegate$BeanPostProcessorChecker : Bean 'org.springframework.cloud.autoconfigure.ConfigurationPropertiesRebinderAutoConfiguration' of type [org.springframework.cloud.autoconfigure.ConfigurationPropertiesRebinderAutoConfiguration$$EnhancerBySpringCGLIB$$722710cd] is not eligible for getting processed by all BeanPostProcessors (for example: not eligible for auto-proxying)
2020-07-02 10:09:36.726  INFO 3216 --- [main] c.jit.usercenter.UserCenterApplication   : No active profile set, falling back to default profiles: default
2020-07-02 10:09:38.909  INFO 3216 --- [main] .s.d.r.c.RepositoryConfigurationDelegate : Multiple Spring Data modules found, entering strict repository configuration mode!
2020-07-02 10:09:38.912  INFO 3216 --- [main] .s.d.r.c.RepositoryConfigurationDelegate : Bootstrapping Spring Data repositories in DEFAULT mode.
2020-07-02 10:09:38.996  INFO 3216 --- [main] .s.d.r.c.RepositoryConfigurationDelegate : Finished Spring Data repository scanning in 51ms. Found 0 repository interfaces.
2020-07-02 10:09:39.457  INFO 3216 --- [main] o.s.cloud.context.scope.GenericScope     : BeanFactory id=990fd313-6b34-33dc-b4c0-1c20bd920664
2020-07-02 10:09:39.581  INFO 3216 --- [main] trationDelegate$BeanPostProcessorChecker : Bean 'org.springframework.transaction.annotation.ProxyTransactionManagementConfiguration' of type [org.springframework.transaction.annotation.ProxyTransactionManagementConfiguration$$EnhancerBySpringCGLIB$$560d0dd0] is not eligible for getting processed by all BeanPostProcessors (for example: not eligible for auto-proxying)
2020-07-02 10:09:39.630  INFO 3216 --- [main] trationDelegate$BeanPostProcessorChecker : Bean 'org.springframework.cloud.autoconfigure.ConfigurationPropertiesRebinderAutoConfiguration' of type [org.springframework.cloud.autoconfigure.ConfigurationPropertiesRebinderAutoConfiguration$$EnhancerBySpringCGLIB$$722710cd] is not eligible for getting processed by all BeanPostProcessors (for example: not eligible for auto-proxying)
2020-07-02 10:09:40.138  INFO 3216 --- [main] o.s.b.w.embedded.tomcat.TomcatWebServer  : Tomcat initialized with port(s): 8081 (http)
2020-07-02 10:09:40.199  INFO 3216 --- [main] o.apache.catalina.core.StandardService   : Starting service [Tomcat]
2020-07-02 10:09:40.200  INFO 3216 --- [main] org.apache.catalina.core.StandardEngine  : Starting Servlet engine: [Apache Tomcat/9.0.21]
2020-07-02 10:09:40.680  INFO 3216 --- [main] o.a.c.c.C.[Tomcat].[localhost].[/]       : Initializing Spring embedded WebApplicationContext
2020-07-02 10:09:40.681  INFO 3216 --- [main] o.s.web.context.ContextLoader            : Root WebApplicationContext: initialization completed in 3917 ms
2020-07-02 10:09:42.787  INFO 3216 --- [main] pertySourcedRequestMappingHandlerMapping : Mapped URL path [/v2/api-docs] onto method [public org.springframework.http.ResponseEntity<springfox.documentation.spring.web.json.Json> springfox.documentation.swagger2.web.Swagger2Controller.getDocumentation(java.lang.String,javax.servlet.http.HttpServletRequest)]
2020-07-02 10:09:42.852  INFO 3216 --- [main] c.n.c.sources.URLConfigurationSource     : To enable URLs as dynamic configuration sources, define System property archaius.configurationSource.additionalUrls or make config.properties available on classpath.
2020-07-02 10:09:42.891  INFO 3216 --- [main] c.n.c.sources.URLConfigurationSource     : To enable URLs as dynamic configuration sources, define System property archaius.configurationSource.additionalUrls or make config.properties available on classpath.
2020-07-02 10:09:43.298  INFO 3216 --- [main] o.s.s.concurrent.ThreadPoolTaskExecutor  : Initializing ExecutorService 'applicationTaskExecutor'
2020-07-02 10:09:47.131  INFO 3216 --- [main] o.s.c.n.eureka.InstanceInfoFactory       : Setting initial instance status as: STARTING
2020-07-02 10:09:47.195  INFO 3216 --- [main] com.netflix.discovery.DiscoveryClient    : Initializing Eureka in region us-east-1
2020-07-02 10:09:47.823  INFO 3216 --- [main] c.n.d.provider.DiscoveryJerseyProvider   : Using JSON encoding codec LegacyJacksonJson
2020-07-02 10:09:47.823  INFO 3216 --- [main] c.n.d.provider.DiscoveryJerseyProvider   : Using JSON decoding codec LegacyJacksonJson
2020-07-02 10:09:48.097  INFO 3216 --- [main] c.n.d.provider.DiscoveryJerseyProvider   : Using XML encoding codec XStreamXml
2020-07-02 10:09:48.098  INFO 3216 --- [main] c.n.d.provider.DiscoveryJerseyProvider   : Using XML decoding codec XStreamXml
2020-07-02 10:09:48.474  INFO 3216 --- [main] c.n.d.s.r.aws.ConfigClusterResolver      : Resolving eureka endpoints via configuration
2020-07-02 10:09:48.707  INFO 3216 --- [main] com.netflix.discovery.DiscoveryClient    : Disable delta property : false
2020-07-02 10:09:48.707  INFO 3216 --- [main] com.netflix.discovery.DiscoveryClient    : Single vip registry refresh property : null
2020-07-02 10:09:48.707  INFO 3216 --- [main] com.netflix.discovery.DiscoveryClient    : Force full registry fetch : false
2020-07-02 10:09:48.707  INFO 3216 --- [main] com.netflix.discovery.DiscoveryClient    : Application is null : false
2020-07-02 10:09:48.707  INFO 3216 --- [main] com.netflix.discovery.DiscoveryClient    : Registered Applications size is zero : true
2020-07-02 10:09:48.707  INFO 3216 --- [main] com.netflix.discovery.DiscoveryClient    : Application version is -1: true
2020-07-02 10:09:48.707  INFO 3216 --- [main] com.netflix.discovery.DiscoveryClient    : Getting all instance registry info from the eureka server
2020-07-02 10:09:49.154  INFO 3216 --- [main] com.netflix.discovery.DiscoveryClient    : The response status is 200
2020-07-02 10:09:49.158  INFO 3216 --- [main] com.netflix.discovery.DiscoveryClient    : Starting heartbeat executor: renew interval is: 30
2020-07-02 10:09:49.160  INFO 3216 --- [main] c.n.discovery.InstanceInfoReplicator     : InstanceInfoReplicator onDemand update allowed rate per min is 4
2020-07-02 10:09:49.175  INFO 3216 --- [main] com.netflix.discovery.DiscoveryClient    : Discovery Client initialized at timestamp 1593655789162 with initial instances count: 10
2020-07-02 10:09:49.177  INFO 3216 --- [main] o.s.c.n.e.s.EurekaServiceRegistry        : Registering application USER-CENTER with eureka with status UP
2020-07-02 10:09:49.177  INFO 3216 --- [main] com.netflix.discovery.DiscoveryClient    : Saw local status change event StatusChangeEvent [timestamp=1593655789177, current=UP, previous=STARTING]
2020-07-02 10:09:49.179  INFO 3216 --- [DiscoveryClient-InstanceInfoReplicator-0] com.netflix.discovery.DiscoveryClient    : DiscoveryClient_USER-CENTER/111.229.163.181:8081: registering service...
2020-07-02 10:09:49.180  INFO 3216 --- [main] d.s.w.p.DocumentationPluginsBootstrapper : Context refreshed
2020-07-02 10:09:49.210  INFO 3216 --- [main] d.s.w.p.DocumentationPluginsBootstrapper : Found 1 custom documentation plugin(s)
2020-07-02 10:09:49.260  INFO 3216 --- [DiscoveryClient-InstanceInfoReplicator-0] com.netflix.discovery.DiscoveryClient    : DiscoveryClient_USER-CENTER/111.229.163.181:8081 - registration status: 204
2020-07-02 10:09:49.303  INFO 3216 --- [main] s.d.s.w.s.ApiListingReferenceScanner     : Scanning for api listing references
2020-07-02 10:09:49.895  INFO 3216 --- [main] o.s.b.w.embedded.tomcat.TomcatWebServer  : Tomcat started on port(s): 8081 (http) with context path ''
2020-07-02 10:09:49.896  INFO 3216 --- [main] .s.c.n.e.s.EurekaAutoServiceRegistration : Updating port to 8081
2020-07-02 10:09:49.897  INFO 3216 --- [main] c.jit.usercenter.UserCenterApplication   : Started UserCenterApplication in 18.429 seconds (JVM running for 23.1)
