2020-06-30 09:57:16.625  INFO 8956 --- [main] trationDelegate$BeanPostProcessorChecker : Bean 'org.springframework.cloud.autoconfigure.ConfigurationPropertiesRebinderAutoConfiguration' of type [org.springframework.cloud.autoconfigure.ConfigurationPropertiesRebinderAutoConfiguration$$EnhancerBySpringCGLIB$$6d173a79] is not eligible for getting processed by all BeanPostProcessors (for example: not eligible for auto-proxying)
2020-06-30 09:57:17.139  INFO 8956 --- [main] c.jit.usercenter.UserCenterApplication   : No active profile set, falling back to default profiles: default
2020-06-30 09:57:18.768  INFO 8956 --- [main] .s.d.r.c.RepositoryConfigurationDelegate : Multiple Spring Data modules found, entering strict repository configuration mode!
2020-06-30 09:57:18.770  INFO 8956 --- [main] .s.d.r.c.RepositoryConfigurationDelegate : Bootstrapping Spring Data repositories in DEFAULT mode.
2020-06-30 09:57:18.827  INFO 8956 --- [main] .s.d.r.c.RepositoryConfigurationDelegate : Finished Spring Data repository scanning in 41ms. Found 0 repository interfaces.
2020-06-30 09:57:19.231  INFO 8956 --- [main] o.s.cloud.context.scope.GenericScope     : BeanFactory id=990fd313-6b34-33dc-b4c0-1c20bd920664
2020-06-30 09:57:19.352  INFO 8956 --- [main] trationDelegate$BeanPostProcessorChecker : Bean 'org.springframework.transaction.annotation.ProxyTransactionManagementConfiguration' of type [org.springframework.transaction.annotation.ProxyTransactionManagementConfiguration$$EnhancerBySpringCGLIB$$50fd377c] is not eligible for getting processed by all BeanPostProcessors (for example: not eligible for auto-proxying)
2020-06-30 09:57:19.369  INFO 8956 --- [main] trationDelegate$BeanPostProcessorChecker : Bean 'org.springframework.cloud.autoconfigure.ConfigurationPropertiesRebinderAutoConfiguration' of type [org.springframework.cloud.autoconfigure.ConfigurationPropertiesRebinderAutoConfiguration$$EnhancerBySpringCGLIB$$6d173a79] is not eligible for getting processed by all BeanPostProcessors (for example: not eligible for auto-proxying)
2020-06-30 09:57:19.997  INFO 8956 --- [main] o.s.b.w.embedded.tomcat.TomcatWebServer  : Tomcat initialized with port(s): 8081 (http)
2020-06-30 09:57:20.041  INFO 8956 --- [main] o.apache.catalina.core.StandardService   : Starting service [Tomcat]
2020-06-30 09:57:20.041  INFO 8956 --- [main] org.apache.catalina.core.StandardEngine  : Starting Servlet engine: [Apache Tomcat/9.0.21]
2020-06-30 09:57:20.515  INFO 8956 --- [main] o.a.c.c.C.[Tomcat].[localhost].[/]       : Initializing Spring embedded WebApplicationContext
2020-06-30 09:57:20.516  INFO 8956 --- [main] o.s.web.context.ContextLoader            : Root WebApplicationContext: initialization completed in 3365 ms
2020-06-30 09:57:27.491  INFO 8956 --- [main] pertySourcedRequestMappingHandlerMapping : Mapped URL path [/v2/api-docs] onto method [public org.springframework.http.ResponseEntity<springfox.documentation.spring.web.json.Json> springfox.documentation.swagger2.web.Swagger2Controller.getDocumentation(java.lang.String,javax.servlet.http.HttpServletRequest)]
2020-06-30 09:57:27.589  INFO 8956 --- [main] c.n.c.sources.URLConfigurationSource     : To enable URLs as dynamic configuration sources, define System property archaius.configurationSource.additionalUrls or make config.properties available on classpath.
2020-06-30 09:57:27.702  INFO 8956 --- [main] c.n.c.sources.URLConfigurationSource     : To enable URLs as dynamic configuration sources, define System property archaius.configurationSource.additionalUrls or make config.properties available on classpath.
2020-06-30 09:57:30.468  INFO 8956 --- [main] o.s.s.concurrent.ThreadPoolTaskExecutor  : Initializing ExecutorService 'applicationTaskExecutor'
2020-06-30 09:57:41.904  INFO 8956 --- [main] o.s.c.n.eureka.InstanceInfoFactory       : Setting initial instance status as: STARTING
2020-06-30 09:57:42.275  INFO 8956 --- [main] com.netflix.discovery.DiscoveryClient    : Initializing Eureka in region us-east-1
2020-06-30 09:57:44.830  INFO 8956 --- [main] c.n.d.provider.DiscoveryJerseyProvider   : Using JSON encoding codec LegacyJacksonJson
2020-06-30 09:57:44.831  INFO 8956 --- [main] c.n.d.provider.DiscoveryJerseyProvider   : Using JSON decoding codec LegacyJacksonJson
2020-06-30 09:57:46.667  INFO 8956 --- [main] c.n.d.provider.DiscoveryJerseyProvider   : Using XML encoding codec XStreamXml
2020-06-30 09:57:46.668  INFO 8956 --- [main] c.n.d.provider.DiscoveryJerseyProvider   : Using XML decoding codec XStreamXml
2020-06-30 09:57:48.549  INFO 8956 --- [main] c.n.d.s.r.aws.ConfigClusterResolver      : Resolving eureka endpoints via configuration
2020-06-30 09:57:48.750  INFO 8956 --- [main] com.netflix.discovery.DiscoveryClient    : Disable delta property : false
2020-06-30 09:57:48.751  INFO 8956 --- [main] com.netflix.discovery.DiscoveryClient    : Single vip registry refresh property : null
2020-06-30 09:57:48.751  INFO 8956 --- [main] com.netflix.discovery.DiscoveryClient    : Force full registry fetch : false
2020-06-30 09:57:48.751  INFO 8956 --- [main] com.netflix.discovery.DiscoveryClient    : Application is null : false
2020-06-30 09:57:48.751  INFO 8956 --- [main] com.netflix.discovery.DiscoveryClient    : Registered Applications size is zero : true
2020-06-30 09:57:48.752  INFO 8956 --- [main] com.netflix.discovery.DiscoveryClient    : Application version is -1: true
2020-06-30 09:57:48.752  INFO 8956 --- [main] com.netflix.discovery.DiscoveryClient    : Getting all instance registry info from the eureka server
2020-06-30 09:57:50.302  INFO 8956 --- [main] com.netflix.discovery.DiscoveryClient    : The response status is 200
2020-06-30 09:57:50.319  INFO 8956 --- [main] com.netflix.discovery.DiscoveryClient    : Starting heartbeat executor: renew interval is: 30
2020-06-30 09:57:50.322  INFO 8956 --- [main] c.n.discovery.InstanceInfoReplicator     : InstanceInfoReplicator onDemand update allowed rate per min is 4
2020-06-30 09:57:50.348  INFO 8956 --- [main] com.netflix.discovery.DiscoveryClient    : Discovery Client initialized at timestamp 1593482270325 with initial instances count: 8
2020-06-30 09:57:50.351  INFO 8956 --- [main] o.s.c.n.e.s.EurekaServiceRegistry        : Registering application USER-CENTER with eureka with status UP
2020-06-30 09:57:50.352  INFO 8956 --- [main] com.netflix.discovery.DiscoveryClient    : Saw local status change event StatusChangeEvent [timestamp=1593482270352, current=UP, previous=STARTING]
2020-06-30 09:57:58.460  INFO 8956 --- [main] d.s.w.p.DocumentationPluginsBootstrapper : Context refreshed
2020-06-30 09:57:58.490  INFO 8956 --- [DiscoveryClient-InstanceInfoReplicator-0] com.netflix.discovery.DiscoveryClient    : DiscoveryClient_USER-CENTER/dell-PC:user-center:8081: registering service...
2020-06-30 09:57:59.634  INFO 8956 --- [main] d.s.w.p.DocumentationPluginsBootstrapper : Found 1 custom documentation plugin(s)
2020-06-30 09:58:01.106  INFO 8956 --- [DiscoveryClient-InstanceInfoReplicator-0] com.netflix.discovery.DiscoveryClient    : DiscoveryClient_USER-CENTER/dell-PC:user-center:8081 - registration status: 204
2020-06-30 09:58:01.167  INFO 8956 --- [main] s.d.s.w.s.ApiListingReferenceScanner     : Scanning for api listing references
2020-06-30 09:58:03.028  INFO 8956 --- [main] o.s.b.w.embedded.tomcat.TomcatWebServer  : Tomcat started on port(s): 8081 (http) with context path ''
2020-06-30 09:58:03.030  INFO 8956 --- [main] .s.c.n.e.s.EurekaAutoServiceRegistration : Updating port to 8081
2020-06-30 09:58:03.032  INFO 8956 --- [main] c.jit.usercenter.UserCenterApplication   : Started UserCenterApplication in 49.374 seconds (JVM running for 52.028)
2020-06-30 10:04:11.739  INFO 9160 --- [main] trationDelegate$BeanPostProcessorChecker : Bean 'org.springframework.cloud.autoconfigure.ConfigurationPropertiesRebinderAutoConfiguration' of type [org.springframework.cloud.autoconfigure.ConfigurationPropertiesRebinderAutoConfiguration$$EnhancerBySpringCGLIB$$62f7650a] is not eligible for getting processed by all BeanPostProcessors (for example: not eligible for auto-proxying)
2020-06-30 10:04:12.100  INFO 9160 --- [main] c.jit.usercenter.UserCenterApplication   : No active profile set, falling back to default profiles: default
2020-06-30 10:04:13.443  INFO 9160 --- [main] .s.d.r.c.RepositoryConfigurationDelegate : Multiple Spring Data modules found, entering strict repository configuration mode!
2020-06-30 10:04:13.448  INFO 9160 --- [main] .s.d.r.c.RepositoryConfigurationDelegate : Bootstrapping Spring Data repositories in DEFAULT mode.
2020-06-30 10:04:13.516  INFO 9160 --- [main] .s.d.r.c.RepositoryConfigurationDelegate : Finished Spring Data repository scanning in 49ms. Found 0 repository interfaces.
2020-06-30 10:04:13.827  INFO 9160 --- [main] o.s.cloud.context.scope.GenericScope     : BeanFactory id=990fd313-6b34-33dc-b4c0-1c20bd920664
2020-06-30 10:04:13.919  INFO 9160 --- [main] trationDelegate$BeanPostProcessorChecker : Bean 'org.springframework.transaction.annotation.ProxyTransactionManagementConfiguration' of type [org.springframework.transaction.annotation.ProxyTransactionManagementConfiguration$$EnhancerBySpringCGLIB$$46dd620d] is not eligible for getting processed by all BeanPostProcessors (for example: not eligible for auto-proxying)
2020-06-30 10:04:13.939  INFO 9160 --- [main] trationDelegate$BeanPostProcessorChecker : Bean 'org.springframework.cloud.autoconfigure.ConfigurationPropertiesRebinderAutoConfiguration' of type [org.springframework.cloud.autoconfigure.ConfigurationPropertiesRebinderAutoConfiguration$$EnhancerBySpringCGLIB$$62f7650a] is not eligible for getting processed by all BeanPostProcessors (for example: not eligible for auto-proxying)
2020-06-30 10:04:14.178  INFO 9160 --- [main] o.s.b.w.embedded.tomcat.TomcatWebServer  : Tomcat initialized with port(s): 8081 (http)
2020-06-30 10:04:14.199  INFO 9160 --- [main] o.apache.catalina.core.StandardService   : Starting service [Tomcat]
2020-06-30 10:04:14.199  INFO 9160 --- [main] org.apache.catalina.core.StandardEngine  : Starting Servlet engine: [Apache Tomcat/9.0.21]
2020-06-30 10:04:14.563  INFO 9160 --- [main] o.a.c.c.C.[Tomcat].[localhost].[/]       : Initializing Spring embedded WebApplicationContext
2020-06-30 10:04:14.564  INFO 9160 --- [main] o.s.web.context.ContextLoader            : Root WebApplicationContext: initialization completed in 2448 ms
2020-06-30 10:04:15.971  INFO 9160 --- [main] pertySourcedRequestMappingHandlerMapping : Mapped URL path [/v2/api-docs] onto method [public org.springframework.http.ResponseEntity<springfox.documentation.spring.web.json.Json> springfox.documentation.swagger2.web.Swagger2Controller.getDocumentation(java.lang.String,javax.servlet.http.HttpServletRequest)]
2020-06-30 10:04:15.992  INFO 9160 --- [main] c.n.c.sources.URLConfigurationSource     : To enable URLs as dynamic configuration sources, define System property archaius.configurationSource.additionalUrls or make config.properties available on classpath.
2020-06-30 10:04:15.996  INFO 9160 --- [main] c.n.c.sources.URLConfigurationSource     : To enable URLs as dynamic configuration sources, define System property archaius.configurationSource.additionalUrls or make config.properties available on classpath.
2020-06-30 10:04:16.199  INFO 9160 --- [main] o.s.s.concurrent.ThreadPoolTaskExecutor  : Initializing ExecutorService 'applicationTaskExecutor'
2020-06-30 10:04:17.448  INFO 9160 --- [main] o.s.c.n.eureka.InstanceInfoFactory       : Setting initial instance status as: STARTING
2020-06-30 10:04:17.501  INFO 9160 --- [main] com.netflix.discovery.DiscoveryClient    : Initializing Eureka in region us-east-1
2020-06-30 10:04:17.985  INFO 9160 --- [main] c.n.d.provider.DiscoveryJerseyProvider   : Using JSON encoding codec LegacyJacksonJson
2020-06-30 10:04:17.985  INFO 9160 --- [main] c.n.d.provider.DiscoveryJerseyProvider   : Using JSON decoding codec LegacyJacksonJson
2020-06-30 10:04:18.300  INFO 9160 --- [main] c.n.d.provider.DiscoveryJerseyProvider   : Using XML encoding codec XStreamXml
2020-06-30 10:04:18.300  INFO 9160 --- [main] c.n.d.provider.DiscoveryJerseyProvider   : Using XML decoding codec XStreamXml
2020-06-30 10:04:18.677  INFO 9160 --- [main] c.n.d.s.r.aws.ConfigClusterResolver      : Resolving eureka endpoints via configuration
2020-06-30 10:04:18.850  INFO 9160 --- [main] com.netflix.discovery.DiscoveryClient    : Disable delta property : false
2020-06-30 10:04:18.851  INFO 9160 --- [main] com.netflix.discovery.DiscoveryClient    : Single vip registry refresh property : null
2020-06-30 10:04:18.851  INFO 9160 --- [main] com.netflix.discovery.DiscoveryClient    : Force full registry fetch : false
2020-06-30 10:04:18.851  INFO 9160 --- [main] com.netflix.discovery.DiscoveryClient    : Application is null : false
2020-06-30 10:04:18.851  INFO 9160 --- [main] com.netflix.discovery.DiscoveryClient    : Registered Applications size is zero : true
2020-06-30 10:04:18.851  INFO 9160 --- [main] com.netflix.discovery.DiscoveryClient    : Application version is -1: true
2020-06-30 10:04:18.851  INFO 9160 --- [main] com.netflix.discovery.DiscoveryClient    : Getting all instance registry info from the eureka server
2020-06-30 10:04:22.395  INFO 9160 --- [main] com.netflix.discovery.DiscoveryClient    : The response status is 200
2020-06-30 10:04:22.414  INFO 9160 --- [main] com.netflix.discovery.DiscoveryClient    : Starting heartbeat executor: renew interval is: 30
2020-06-30 10:04:22.417  INFO 9160 --- [main] c.n.discovery.InstanceInfoReplicator     : InstanceInfoReplicator onDemand update allowed rate per min is 4
2020-06-30 10:04:22.421  INFO 9160 --- [main] com.netflix.discovery.DiscoveryClient    : Discovery Client initialized at timestamp 1593482662420 with initial instances count: 8
2020-06-30 10:04:22.424  INFO 9160 --- [main] o.s.c.n.e.s.EurekaServiceRegistry        : Registering application USER-CENTER with eureka with status UP
2020-06-30 10:04:22.425  INFO 9160 --- [main] com.netflix.discovery.DiscoveryClient    : Saw local status change event StatusChangeEvent [timestamp=1593482662425, current=UP, previous=STARTING]
2020-06-30 10:04:22.428  INFO 9160 --- [DiscoveryClient-InstanceInfoReplicator-0] com.netflix.discovery.DiscoveryClient    : DiscoveryClient_USER-CENTER/dell-PC:user-center:8081: registering service...
2020-06-30 10:04:22.428  INFO 9160 --- [main] d.s.w.p.DocumentationPluginsBootstrapper : Context refreshed
2020-06-30 10:04:22.496  INFO 9160 --- [main] d.s.w.p.DocumentationPluginsBootstrapper : Found 1 custom documentation plugin(s)
2020-06-30 10:04:22.557  INFO 9160 --- [DiscoveryClient-InstanceInfoReplicator-0] com.netflix.discovery.DiscoveryClient    : DiscoveryClient_USER-CENTER/dell-PC:user-center:8081 - registration status: 204
2020-06-30 10:04:23.008  INFO 9160 --- [main] s.d.s.w.s.ApiListingReferenceScanner     : Scanning for api listing references
2020-06-30 10:04:23.560  INFO 9160 --- [main] o.s.b.w.embedded.tomcat.TomcatWebServer  : Tomcat started on port(s): 8081 (http) with context path ''
2020-06-30 10:04:23.560  INFO 9160 --- [main] .s.c.n.e.s.EurekaAutoServiceRegistration : Updating port to 8081
2020-06-30 10:04:23.562  INFO 9160 --- [main] c.jit.usercenter.UserCenterApplication   : Started UserCenterApplication in 14.006 seconds (JVM running for 15.66)
2020-06-30 10:09:02.000  INFO 9020 --- [main] trationDelegate$BeanPostProcessorChecker : Bean 'org.springframework.cloud.autoconfigure.ConfigurationPropertiesRebinderAutoConfiguration' of type [org.springframework.cloud.autoconfigure.ConfigurationPropertiesRebinderAutoConfiguration$$EnhancerBySpringCGLIB$$4fd48e8b] is not eligible for getting processed by all BeanPostProcessors (for example: not eligible for auto-proxying)
2020-06-30 10:09:02.285  INFO 9020 --- [main] c.jit.usercenter.UserCenterApplication   : No active profile set, falling back to default profiles: default
2020-06-30 10:09:03.157  INFO 9020 --- [main] .s.d.r.c.RepositoryConfigurationDelegate : Multiple Spring Data modules found, entering strict repository configuration mode!
2020-06-30 10:09:03.158  INFO 9020 --- [main] .s.d.r.c.RepositoryConfigurationDelegate : Bootstrapping Spring Data repositories in DEFAULT mode.
2020-06-30 10:09:03.189  INFO 9020 --- [main] .s.d.r.c.RepositoryConfigurationDelegate : Finished Spring Data repository scanning in 19ms. Found 0 repository interfaces.
2020-06-30 10:09:03.398  INFO 9020 --- [main] o.s.cloud.context.scope.GenericScope     : BeanFactory id=990fd313-6b34-33dc-b4c0-1c20bd920664
2020-06-30 10:09:03.477  INFO 9020 --- [main] trationDelegate$BeanPostProcessorChecker : Bean 'org.springframework.transaction.annotation.ProxyTransactionManagementConfiguration' of type [org.springframework.transaction.annotation.ProxyTransactionManagementConfiguration$$EnhancerBySpringCGLIB$$33ba8b8e] is not eligible for getting processed by all BeanPostProcessors (for example: not eligible for auto-proxying)
2020-06-30 10:09:03.495  INFO 9020 --- [main] trationDelegate$BeanPostProcessorChecker : Bean 'org.springframework.cloud.autoconfigure.ConfigurationPropertiesRebinderAutoConfiguration' of type [org.springframework.cloud.autoconfigure.ConfigurationPropertiesRebinderAutoConfiguration$$EnhancerBySpringCGLIB$$4fd48e8b] is not eligible for getting processed by all BeanPostProcessors (for example: not eligible for auto-proxying)
2020-06-30 10:09:03.722  INFO 9020 --- [main] o.s.b.w.embedded.tomcat.TomcatWebServer  : Tomcat initialized with port(s): 8081 (http)
2020-06-30 10:09:03.740  INFO 9020 --- [main] o.apache.catalina.core.StandardService   : Starting service [Tomcat]
2020-06-30 10:09:03.740  INFO 9020 --- [main] org.apache.catalina.core.StandardEngine  : Starting Servlet engine: [Apache Tomcat/9.0.21]
2020-06-30 10:09:05.680  INFO 9020 --- [main] o.a.c.c.C.[Tomcat].[localhost].[/]       : Initializing Spring embedded WebApplicationContext
2020-06-30 10:09:05.680  INFO 9020 --- [main] o.s.web.context.ContextLoader            : Root WebApplicationContext: initialization completed in 3382 ms
2020-06-30 10:09:06.718  INFO 9020 --- [main] pertySourcedRequestMappingHandlerMapping : Mapped URL path [/v2/api-docs] onto method [public org.springframework.http.ResponseEntity<springfox.documentation.spring.web.json.Json> springfox.documentation.swagger2.web.Swagger2Controller.getDocumentation(java.lang.String,javax.servlet.http.HttpServletRequest)]
2020-06-30 10:09:06.755  INFO 9020 --- [main] c.n.c.sources.URLConfigurationSource     : To enable URLs as dynamic configuration sources, define System property archaius.configurationSource.additionalUrls or make config.properties available on classpath.
2020-06-30 10:09:06.762  INFO 9020 --- [main] c.n.c.sources.URLConfigurationSource     : To enable URLs as dynamic configuration sources, define System property archaius.configurationSource.additionalUrls or make config.properties available on classpath.
2020-06-30 10:09:06.913  INFO 9020 --- [main] o.s.s.concurrent.ThreadPoolTaskExecutor  : Initializing ExecutorService 'applicationTaskExecutor'
2020-06-30 10:09:10.829  INFO 9020 --- [main] o.s.c.n.eureka.InstanceInfoFactory       : Setting initial instance status as: STARTING
2020-06-30 10:09:10.894  INFO 9020 --- [main] com.netflix.discovery.DiscoveryClient    : Initializing Eureka in region us-east-1
2020-06-30 10:09:11.159  INFO 9020 --- [main] c.n.d.provider.DiscoveryJerseyProvider   : Using JSON encoding codec LegacyJacksonJson
2020-06-30 10:09:11.159  INFO 9020 --- [main] c.n.d.provider.DiscoveryJerseyProvider   : Using JSON decoding codec LegacyJacksonJson
2020-06-30 10:09:11.308  INFO 9020 --- [main] c.n.d.provider.DiscoveryJerseyProvider   : Using XML encoding codec XStreamXml
2020-06-30 10:09:11.309  INFO 9020 --- [main] c.n.d.provider.DiscoveryJerseyProvider   : Using XML decoding codec XStreamXml
2020-06-30 10:09:11.549  INFO 9020 --- [main] c.n.d.s.r.aws.ConfigClusterResolver      : Resolving eureka endpoints via configuration
2020-06-30 10:09:11.673  INFO 9020 --- [main] com.netflix.discovery.DiscoveryClient    : Disable delta property : false
2020-06-30 10:09:11.673  INFO 9020 --- [main] com.netflix.discovery.DiscoveryClient    : Single vip registry refresh property : null
2020-06-30 10:09:11.673  INFO 9020 --- [main] com.netflix.discovery.DiscoveryClient    : Force full registry fetch : false
2020-06-30 10:09:11.673  INFO 9020 --- [main] com.netflix.discovery.DiscoveryClient    : Application is null : false
2020-06-30 10:09:11.673  INFO 9020 --- [main] com.netflix.discovery.DiscoveryClient    : Registered Applications size is zero : true
2020-06-30 10:09:11.674  INFO 9020 --- [main] com.netflix.discovery.DiscoveryClient    : Application version is -1: true
2020-06-30 10:09:11.674  INFO 9020 --- [main] com.netflix.discovery.DiscoveryClient    : Getting all instance registry info from the eureka server
2020-06-30 10:09:11.987  INFO 9020 --- [main] com.netflix.discovery.DiscoveryClient    : The response status is 200
2020-06-30 10:09:11.989  INFO 9020 --- [main] com.netflix.discovery.DiscoveryClient    : Starting heartbeat executor: renew interval is: 30
2020-06-30 10:09:11.991  INFO 9020 --- [main] c.n.discovery.InstanceInfoReplicator     : InstanceInfoReplicator onDemand update allowed rate per min is 4
2020-06-30 10:09:11.994  INFO 9020 --- [main] com.netflix.discovery.DiscoveryClient    : Discovery Client initialized at timestamp 1593482951993 with initial instances count: 8
2020-06-30 10:09:11.996  INFO 9020 --- [main] o.s.c.n.e.s.EurekaServiceRegistry        : Registering application USER-CENTER with eureka with status UP
2020-06-30 10:09:11.996  INFO 9020 --- [main] com.netflix.discovery.DiscoveryClient    : Saw local status change event StatusChangeEvent [timestamp=1593482951996, current=UP, previous=STARTING]
2020-06-30 10:09:11.998  INFO 9020 --- [DiscoveryClient-InstanceInfoReplicator-0] com.netflix.discovery.DiscoveryClient    : DiscoveryClient_USER-CENTER/dell-PC:user-center:8081: registering service...
2020-06-30 10:09:11.999  INFO 9020 --- [main] d.s.w.p.DocumentationPluginsBootstrapper : Context refreshed
2020-06-30 10:09:12.045  INFO 9020 --- [main] d.s.w.p.DocumentationPluginsBootstrapper : Found 1 custom documentation plugin(s)
2020-06-30 10:09:12.089  INFO 9020 --- [DiscoveryClient-InstanceInfoReplicator-0] com.netflix.discovery.DiscoveryClient    : DiscoveryClient_USER-CENTER/dell-PC:user-center:8081 - registration status: 204
2020-06-30 10:09:12.139  INFO 9020 --- [main] s.d.s.w.s.ApiListingReferenceScanner     : Scanning for api listing references
2020-06-30 10:09:12.597  INFO 9020 --- [main] o.s.b.w.embedded.tomcat.TomcatWebServer  : Tomcat started on port(s): 8081 (http) with context path ''
2020-06-30 10:09:12.598  INFO 9020 --- [main] .s.c.n.e.s.EurekaAutoServiceRegistration : Updating port to 8081
2020-06-30 10:09:12.599  INFO 9020 --- [main] c.jit.usercenter.UserCenterApplication   : Started UserCenterApplication in 11.613 seconds (JVM running for 12.497)
2020-06-30 10:09:22.892  INFO 4512 --- [main] trationDelegate$BeanPostProcessorChecker : Bean 'org.springframework.cloud.autoconfigure.ConfigurationPropertiesRebinderAutoConfiguration' of type [org.springframework.cloud.autoconfigure.ConfigurationPropertiesRebinderAutoConfiguration$$EnhancerBySpringCGLIB$$b5c5813a] is not eligible for getting processed by all BeanPostProcessors (for example: not eligible for auto-proxying)
2020-06-30 10:09:23.162  INFO 4512 --- [main] c.jit.usercenter.UserCenterApplication   : No active profile set, falling back to default profiles: default
2020-06-30 10:09:23.914  INFO 4512 --- [main] .s.d.r.c.RepositoryConfigurationDelegate : Multiple Spring Data modules found, entering strict repository configuration mode!
2020-06-30 10:09:23.916  INFO 4512 --- [main] .s.d.r.c.RepositoryConfigurationDelegate : Bootstrapping Spring Data repositories in DEFAULT mode.
2020-06-30 10:09:23.946  INFO 4512 --- [main] .s.d.r.c.RepositoryConfigurationDelegate : Finished Spring Data repository scanning in 19ms. Found 0 repository interfaces.
2020-06-30 10:09:24.188  INFO 4512 --- [main] o.s.cloud.context.scope.GenericScope     : BeanFactory id=990fd313-6b34-33dc-b4c0-1c20bd920664
2020-06-30 10:09:24.271  INFO 4512 --- [main] trationDelegate$BeanPostProcessorChecker : Bean 'org.springframework.transaction.annotation.ProxyTransactionManagementConfiguration' of type [org.springframework.transaction.annotation.ProxyTransactionManagementConfiguration$$EnhancerBySpringCGLIB$$99ab7e3d] is not eligible for getting processed by all BeanPostProcessors (for example: not eligible for auto-proxying)
2020-06-30 10:09:24.294  INFO 4512 --- [main] trationDelegate$BeanPostProcessorChecker : Bean 'org.springframework.cloud.autoconfigure.ConfigurationPropertiesRebinderAutoConfiguration' of type [org.springframework.cloud.autoconfigure.ConfigurationPropertiesRebinderAutoConfiguration$$EnhancerBySpringCGLIB$$b5c5813a] is not eligible for getting processed by all BeanPostProcessors (for example: not eligible for auto-proxying)
2020-06-30 10:09:24.507  INFO 4512 --- [main] o.s.b.w.embedded.tomcat.TomcatWebServer  : Tomcat initialized with port(s): 8081 (http)
2020-06-30 10:09:24.528  INFO 4512 --- [main] o.apache.catalina.core.StandardService   : Starting service [Tomcat]
2020-06-30 10:09:24.528  INFO 4512 --- [main] org.apache.catalina.core.StandardEngine  : Starting Servlet engine: [Apache Tomcat/9.0.21]
2020-06-30 10:09:24.753  INFO 4512 --- [main] o.a.c.c.C.[Tomcat].[localhost].[/]       : Initializing Spring embedded WebApplicationContext
2020-06-30 10:09:24.753  INFO 4512 --- [main] o.s.web.context.ContextLoader            : Root WebApplicationContext: initialization completed in 1581 ms
2020-06-30 10:09:25.939  INFO 4512 --- [main] pertySourcedRequestMappingHandlerMapping : Mapped URL path [/v2/api-docs] onto method [public org.springframework.http.ResponseEntity<springfox.documentation.spring.web.json.Json> springfox.documentation.swagger2.web.Swagger2Controller.getDocumentation(java.lang.String,javax.servlet.http.HttpServletRequest)]
2020-06-30 10:09:25.957  INFO 4512 --- [main] c.n.c.sources.URLConfigurationSource     : To enable URLs as dynamic configuration sources, define System property archaius.configurationSource.additionalUrls or make config.properties available on classpath.
2020-06-30 10:09:25.961  INFO 4512 --- [main] c.n.c.sources.URLConfigurationSource     : To enable URLs as dynamic configuration sources, define System property archaius.configurationSource.additionalUrls or make config.properties available on classpath.
2020-06-30 10:09:26.102  INFO 4512 --- [main] o.s.s.concurrent.ThreadPoolTaskExecutor  : Initializing ExecutorService 'applicationTaskExecutor'
2020-06-30 10:09:27.072  INFO 4512 --- [main] o.s.c.n.eureka.InstanceInfoFactory       : Setting initial instance status as: STARTING
2020-06-30 10:09:27.098  INFO 4512 --- [main] com.netflix.discovery.DiscoveryClient    : Initializing Eureka in region us-east-1
2020-06-30 10:09:27.208  INFO 4512 --- [main] c.n.d.provider.DiscoveryJerseyProvider   : Using JSON encoding codec LegacyJacksonJson
2020-06-30 10:09:27.208  INFO 4512 --- [main] c.n.d.provider.DiscoveryJerseyProvider   : Using JSON decoding codec LegacyJacksonJson
2020-06-30 10:09:27.296  INFO 4512 --- [main] c.n.d.provider.DiscoveryJerseyProvider   : Using XML encoding codec XStreamXml
2020-06-30 10:09:27.296  INFO 4512 --- [main] c.n.d.provider.DiscoveryJerseyProvider   : Using XML decoding codec XStreamXml
2020-06-30 10:09:27.471  INFO 4512 --- [main] c.n.d.s.r.aws.ConfigClusterResolver      : Resolving eureka endpoints via configuration
2020-06-30 10:09:27.566  INFO 4512 --- [main] com.netflix.discovery.DiscoveryClient    : Disable delta property : false
2020-06-30 10:09:27.566  INFO 4512 --- [main] com.netflix.discovery.DiscoveryClient    : Single vip registry refresh property : null
2020-06-30 10:09:27.567  INFO 4512 --- [main] com.netflix.discovery.DiscoveryClient    : Force full registry fetch : false
2020-06-30 10:09:27.567  INFO 4512 --- [main] com.netflix.discovery.DiscoveryClient    : Application is null : false
2020-06-30 10:09:27.567  INFO 4512 --- [main] com.netflix.discovery.DiscoveryClient    : Registered Applications size is zero : true
2020-06-30 10:09:27.567  INFO 4512 --- [main] com.netflix.discovery.DiscoveryClient    : Application version is -1: true
2020-06-30 10:09:27.567  INFO 4512 --- [main] com.netflix.discovery.DiscoveryClient    : Getting all instance registry info from the eureka server
2020-06-30 10:09:27.729  INFO 4512 --- [main] com.netflix.discovery.DiscoveryClient    : The response status is 200
2020-06-30 10:09:27.733  INFO 4512 --- [main] com.netflix.discovery.DiscoveryClient    : Starting heartbeat executor: renew interval is: 30
2020-06-30 10:09:27.735  INFO 4512 --- [main] c.n.discovery.InstanceInfoReplicator     : InstanceInfoReplicator onDemand update allowed rate per min is 4
2020-06-30 10:09:27.739  INFO 4512 --- [main] com.netflix.discovery.DiscoveryClient    : Discovery Client initialized at timestamp 1593482967738 with initial instances count: 8
2020-06-30 10:09:27.741  INFO 4512 --- [main] o.s.c.n.e.s.EurekaServiceRegistry        : Registering application USER-CENTER with eureka with status UP
2020-06-30 10:09:27.741  INFO 4512 --- [main] com.netflix.discovery.DiscoveryClient    : Saw local status change event StatusChangeEvent [timestamp=1593482967741, current=UP, previous=STARTING]
2020-06-30 10:09:27.743  INFO 4512 --- [DiscoveryClient-InstanceInfoReplicator-0] com.netflix.discovery.DiscoveryClient    : DiscoveryClient_USER-CENTER/dell-PC:user-center:8081: registering service...
2020-06-30 10:09:27.744  INFO 4512 --- [main] d.s.w.p.DocumentationPluginsBootstrapper : Context refreshed
2020-06-30 10:09:27.770  INFO 4512 --- [main] d.s.w.p.DocumentationPluginsBootstrapper : Found 1 custom documentation plugin(s)
2020-06-30 10:09:27.805  INFO 4512 --- [main] s.d.s.w.s.ApiListingReferenceScanner     : Scanning for api listing references
2020-06-30 10:09:27.809  INFO 4512 --- [DiscoveryClient-InstanceInfoReplicator-0] com.netflix.discovery.DiscoveryClient    : DiscoveryClient_USER-CENTER/dell-PC:user-center:8081 - registration status: 204
2020-06-30 10:09:28.177  INFO 4512 --- [main] o.s.b.w.embedded.tomcat.TomcatWebServer  : Tomcat started on port(s): 8081 (http) with context path ''
2020-06-30 10:09:28.177  INFO 4512 --- [main] .s.c.n.e.s.EurekaAutoServiceRegistration : Updating port to 8081
2020-06-30 10:09:28.179  INFO 4512 --- [main] c.jit.usercenter.UserCenterApplication   : Started UserCenterApplication in 6.381 seconds (JVM running for 7.184)
2020-06-30 11:14:58.511  INFO 9788 --- [main] trationDelegate$BeanPostProcessorChecker : Bean 'org.springframework.cloud.autoconfigure.ConfigurationPropertiesRebinderAutoConfiguration' of type [org.springframework.cloud.autoconfigure.ConfigurationPropertiesRebinderAutoConfiguration$$EnhancerBySpringCGLIB$$e9fd99e8] is not eligible for getting processed by all BeanPostProcessors (for example: not eligible for auto-proxying)
2020-06-30 11:15:00.400  INFO 9788 --- [main] c.jit.usercenter.UserCenterApplication   : No active profile set, falling back to default profiles: default
2020-06-30 11:15:16.096  INFO 9788 --- [main] .s.d.r.c.RepositoryConfigurationDelegate : Multiple Spring Data modules found, entering strict repository configuration mode!
2020-06-30 11:15:16.099  INFO 9788 --- [main] .s.d.r.c.RepositoryConfigurationDelegate : Bootstrapping Spring Data repositories in DEFAULT mode.
2020-06-30 11:15:17.123  INFO 9788 --- [main] .s.d.r.c.RepositoryConfigurationDelegate : Finished Spring Data repository scanning in 674ms. Found 0 repository interfaces.
2020-06-30 11:15:20.422  INFO 9788 --- [main] o.s.cloud.context.scope.GenericScope     : BeanFactory id=990fd313-6b34-33dc-b4c0-1c20bd920664
2020-06-30 11:15:21.282  INFO 9788 --- [main] trationDelegate$BeanPostProcessorChecker : Bean 'org.springframework.transaction.annotation.ProxyTransactionManagementConfiguration' of type [org.springframework.transaction.annotation.ProxyTransactionManagementConfiguration$$EnhancerBySpringCGLIB$$cde396eb] is not eligible for getting processed by all BeanPostProcessors (for example: not eligible for auto-proxying)
2020-06-30 11:15:21.934  INFO 9788 --- [main] trationDelegate$BeanPostProcessorChecker : Bean 'org.springframework.cloud.autoconfigure.ConfigurationPropertiesRebinderAutoConfiguration' of type [org.springframework.cloud.autoconfigure.ConfigurationPropertiesRebinderAutoConfiguration$$EnhancerBySpringCGLIB$$e9fd99e8] is not eligible for getting processed by all BeanPostProcessors (for example: not eligible for auto-proxying)
2020-06-30 11:15:24.044  INFO 9788 --- [main] o.s.b.w.embedded.tomcat.TomcatWebServer  : Tomcat initialized with port(s): 8081 (http)
2020-06-30 11:15:24.531  INFO 9788 --- [main] o.apache.catalina.core.StandardService   : Starting service [Tomcat]
2020-06-30 11:15:24.532  INFO 9788 --- [main] org.apache.catalina.core.StandardEngine  : Starting Servlet engine: [Apache Tomcat/9.0.21]
2020-06-30 11:15:35.080  INFO 9788 --- [main] o.a.c.c.C.[Tomcat].[localhost].[/]       : Initializing Spring embedded WebApplicationContext
2020-06-30 11:15:35.081  INFO 9788 --- [main] o.s.web.context.ContextLoader            : Root WebApplicationContext: initialization completed in 34066 ms
2020-06-30 11:15:54.338  INFO 9788 --- [main] pertySourcedRequestMappingHandlerMapping : Mapped URL path [/v2/api-docs] onto method [public org.springframework.http.ResponseEntity<springfox.documentation.spring.web.json.Json> springfox.documentation.swagger2.web.Swagger2Controller.getDocumentation(java.lang.String,javax.servlet.http.HttpServletRequest)]
2020-06-30 11:15:54.925  INFO 9788 --- [main] c.n.c.sources.URLConfigurationSource     : To enable URLs as dynamic configuration sources, define System property archaius.configurationSource.additionalUrls or make config.properties available on classpath.
2020-06-30 11:15:55.054  INFO 9788 --- [main] c.n.c.sources.URLConfigurationSource     : To enable URLs as dynamic configuration sources, define System property archaius.configurationSource.additionalUrls or make config.properties available on classpath.
2020-06-30 11:16:08.792  INFO 9788 --- [main] o.s.s.concurrent.ThreadPoolTaskExecutor  : Initializing ExecutorService 'applicationTaskExecutor'
2020-06-30 11:16:47.420  INFO 9788 --- [main] o.s.c.n.eureka.InstanceInfoFactory       : Setting initial instance status as: STARTING
2020-06-30 11:16:48.901  INFO 9788 --- [main] com.netflix.discovery.DiscoveryClient    : Initializing Eureka in region us-east-1
2020-06-30 11:16:57.236  INFO 9788 --- [main] c.n.d.provider.DiscoveryJerseyProvider   : Using JSON encoding codec LegacyJacksonJson
2020-06-30 11:16:57.237  INFO 9788 --- [main] c.n.d.provider.DiscoveryJerseyProvider   : Using JSON decoding codec LegacyJacksonJson
2020-06-30 11:16:58.144  INFO 9788 --- [main] c.n.d.provider.DiscoveryJerseyProvider   : Using XML encoding codec XStreamXml
2020-06-30 11:16:58.144  INFO 9788 --- [main] c.n.d.provider.DiscoveryJerseyProvider   : Using XML decoding codec XStreamXml
2020-06-30 11:16:59.374  INFO 9788 --- [main] c.n.d.s.r.aws.ConfigClusterResolver      : Resolving eureka endpoints via configuration
2020-06-30 11:16:59.838  INFO 9788 --- [main] com.netflix.discovery.DiscoveryClient    : Disable delta property : false
2020-06-30 11:16:59.838  INFO 9788 --- [main] com.netflix.discovery.DiscoveryClient    : Single vip registry refresh property : null
2020-06-30 11:16:59.838  INFO 9788 --- [main] com.netflix.discovery.DiscoveryClient    : Force full registry fetch : false
2020-06-30 11:16:59.838  INFO 9788 --- [main] com.netflix.discovery.DiscoveryClient    : Application is null : false
2020-06-30 11:16:59.838  INFO 9788 --- [main] com.netflix.discovery.DiscoveryClient    : Registered Applications size is zero : true
2020-06-30 11:16:59.838  INFO 9788 --- [main] com.netflix.discovery.DiscoveryClient    : Application version is -1: true
2020-06-30 11:16:59.838  INFO 9788 --- [main] com.netflix.discovery.DiscoveryClient    : Getting all instance registry info from the eureka server
2020-06-30 11:17:16.295  INFO 9788 --- [main] com.netflix.discovery.DiscoveryClient    : The response status is 200
2020-06-30 11:17:16.299  INFO 9788 --- [main] com.netflix.discovery.DiscoveryClient    : Starting heartbeat executor: renew interval is: 30
2020-06-30 11:17:16.303  INFO 9788 --- [main] c.n.discovery.InstanceInfoReplicator     : InstanceInfoReplicator onDemand update allowed rate per min is 4
2020-06-30 11:17:16.366  INFO 9788 --- [main] com.netflix.discovery.DiscoveryClient    : Discovery Client initialized at timestamp 1593487036306 with initial instances count: 0
2020-06-30 11:17:16.443  INFO 9788 --- [main] o.s.c.n.e.s.EurekaServiceRegistry        : Registering application USER-CENTER with eureka with status UP
2020-06-30 11:17:16.444  INFO 9788 --- [main] com.netflix.discovery.DiscoveryClient    : Saw local status change event StatusChangeEvent [timestamp=1593487036444, current=UP, previous=STARTING]
2020-06-30 11:17:16.447  INFO 9788 --- [main] d.s.w.p.DocumentationPluginsBootstrapper : Context refreshed
2020-06-30 11:17:16.454  INFO 9788 --- [DiscoveryClient-InstanceInfoReplicator-0] com.netflix.discovery.DiscoveryClient    : DiscoveryClient_USER-CENTER/dell-PC:user-center:8081: registering service...
2020-06-30 11:17:17.531  INFO 9788 --- [main] d.s.w.p.DocumentationPluginsBootstrapper : Found 1 custom documentation plugin(s)
2020-06-30 11:17:18.618  INFO 9788 --- [main] s.d.s.w.s.ApiListingReferenceScanner     : Scanning for api listing references
2020-06-30 11:17:18.987  INFO 9788 --- [DiscoveryClient-InstanceInfoReplicator-0] com.netflix.discovery.DiscoveryClient    : DiscoveryClient_USER-CENTER/dell-PC:user-center:8081 - registration status: 204
2020-06-30 11:17:27.667  INFO 9788 --- [main] o.s.b.w.embedded.tomcat.TomcatWebServer  : Tomcat started on port(s): 8081 (http) with context path ''
2020-06-30 11:17:27.668  INFO 9788 --- [main] .s.c.n.e.s.EurekaAutoServiceRegistration : Updating port to 8081
2020-06-30 11:17:27.692  INFO 9788 --- [main] c.jit.usercenter.UserCenterApplication   : Started UserCenterApplication in 159.192 seconds (JVM running for 162.509)
2020-06-30 11:17:46.373  INFO 9788 --- [DiscoveryClient-CacheRefreshExecutor-0] com.netflix.discovery.DiscoveryClient    : Disable delta property : false
2020-06-30 11:17:46.373  INFO 9788 --- [DiscoveryClient-CacheRefreshExecutor-0] com.netflix.discovery.DiscoveryClient    : Single vip registry refresh property : null
2020-06-30 11:17:46.374  INFO 9788 --- [DiscoveryClient-CacheRefreshExecutor-0] com.netflix.discovery.DiscoveryClient    : Force full registry fetch : false
2020-06-30 11:17:46.374  INFO 9788 --- [DiscoveryClient-CacheRefreshExecutor-0] com.netflix.discovery.DiscoveryClient    : Application is null : false
2020-06-30 11:17:46.374  INFO 9788 --- [DiscoveryClient-CacheRefreshExecutor-0] com.netflix.discovery.DiscoveryClient    : Registered Applications size is zero : true
2020-06-30 11:17:46.374  INFO 9788 --- [DiscoveryClient-CacheRefreshExecutor-0] com.netflix.discovery.DiscoveryClient    : Application version is -1: false
2020-06-30 11:17:46.374  INFO 9788 --- [DiscoveryClient-CacheRefreshExecutor-0] com.netflix.discovery.DiscoveryClient    : Getting all instance registry info from the eureka server
2020-06-30 11:17:47.045  INFO 9788 --- [DiscoveryClient-CacheRefreshExecutor-0] com.netflix.discovery.DiscoveryClient    : The response status is 200
2020-06-30 11:21:59.975  INFO 9788 --- [AsyncResolver-bootstrap-executor-0] c.n.d.s.r.aws.ConfigClusterResolver      : Resolving eureka endpoints via configuration
2020-06-30 11:27:00.009  INFO 9788 --- [AsyncResolver-bootstrap-executor-0] c.n.d.s.r.aws.ConfigClusterResolver      : Resolving eureka endpoints via configuration
2020-06-30 11:30:21.346  INFO 9788 --- [http-nio-8081-exec-1] o.a.c.c.C.[Tomcat].[localhost].[/]       : Initializing Spring DispatcherServlet 'dispatcherServlet'
2020-06-30 11:30:21.378  INFO 9788 --- [http-nio-8081-exec-1] o.s.web.servlet.DispatcherServlet        : Initializing Servlet 'dispatcherServlet'
2020-06-30 11:30:22.823  INFO 9788 --- [http-nio-8081-exec-1] o.s.web.servlet.DispatcherServlet        : Completed initialization in 1445 ms
2020-06-30 11:30:25.430  INFO 9788 --- [http-nio-8081-exec-2] c.j.u.controller.UserController          : ========getOneUserbyTel==start====
2020-06-30 11:30:25.430  INFO 9788 --- [http-nio-8081-exec-1] c.j.u.controller.UserController          : ========getOneUserbyTel==start====
2020-06-30 11:30:31.198  INFO 9788 --- [http-nio-8081-exec-1] c.j.u.serviceimpl.UserServiceImpl        : ========getOneUserbyTel===end===
2020-06-30 11:30:31.198  INFO 9788 --- [http-nio-8081-exec-2] c.j.u.serviceimpl.UserServiceImpl        : ========getOneUserbyTel===end===
2020-06-30 11:32:00.080  INFO 9788 --- [AsyncResolver-bootstrap-executor-0] c.n.d.s.r.aws.ConfigClusterResolver      : Resolving eureka endpoints via configuration
2020-06-30 11:37:00.102  INFO 9788 --- [AsyncResolver-bootstrap-executor-0] c.n.d.s.r.aws.ConfigClusterResolver      : Resolving eureka endpoints via configuration
2020-06-30 11:42:00.111  INFO 9788 --- [AsyncResolver-bootstrap-executor-0] c.n.d.s.r.aws.ConfigClusterResolver      : Resolving eureka endpoints via configuration
2020-06-30 11:47:00.120  INFO 9788 --- [AsyncResolver-bootstrap-executor-0] c.n.d.s.r.aws.ConfigClusterResolver      : Resolving eureka endpoints via configuration
2020-06-30 11:52:00.141  INFO 9788 --- [AsyncResolver-bootstrap-executor-0] c.n.d.s.r.aws.ConfigClusterResolver      : Resolving eureka endpoints via configuration
2020-06-30 11:57:00.150  INFO 9788 --- [AsyncResolver-bootstrap-executor-0] c.n.d.s.r.aws.ConfigClusterResolver      : Resolving eureka endpoints via configuration
2020-06-30 12:02:00.168  INFO 9788 --- [AsyncResolver-bootstrap-executor-0] c.n.d.s.r.aws.ConfigClusterResolver      : Resolving eureka endpoints via configuration
2020-06-30 12:07:00.198  INFO 9788 --- [AsyncResolver-bootstrap-executor-0] c.n.d.s.r.aws.ConfigClusterResolver      : Resolving eureka endpoints via configuration
2020-06-30 12:12:00.207  INFO 9788 --- [AsyncResolver-bootstrap-executor-0] c.n.d.s.r.aws.ConfigClusterResolver      : Resolving eureka endpoints via configuration
2020-06-30 12:17:00.225  INFO 9788 --- [AsyncResolver-bootstrap-executor-0] c.n.d.s.r.aws.ConfigClusterResolver      : Resolving eureka endpoints via configuration
2020-06-30 12:22:00.235  INFO 9788 --- [AsyncResolver-bootstrap-executor-0] c.n.d.s.r.aws.ConfigClusterResolver      : Resolving eureka endpoints via configuration
2020-06-30 12:27:00.245  INFO 9788 --- [AsyncResolver-bootstrap-executor-0] c.n.d.s.r.aws.ConfigClusterResolver      : Resolving eureka endpoints via configuration
2020-06-30 12:32:00.280  INFO 9788 --- [AsyncResolver-bootstrap-executor-0] c.n.d.s.r.aws.ConfigClusterResolver      : Resolving eureka endpoints via configuration
2020-06-30 12:37:00.289  INFO 9788 --- [AsyncResolver-bootstrap-executor-0] c.n.d.s.r.aws.ConfigClusterResolver      : Resolving eureka endpoints via configuration
2020-06-30 12:42:00.310  INFO 9788 --- [AsyncResolver-bootstrap-executor-0] c.n.d.s.r.aws.ConfigClusterResolver      : Resolving eureka endpoints via configuration
2020-06-30 12:47:00.320  INFO 9788 --- [AsyncResolver-bootstrap-executor-0] c.n.d.s.r.aws.ConfigClusterResolver      : Resolving eureka endpoints via configuration
2020-06-30 12:52:00.329  INFO 9788 --- [AsyncResolver-bootstrap-executor-0] c.n.d.s.r.aws.ConfigClusterResolver      : Resolving eureka endpoints via configuration
2020-06-30 12:57:00.344  INFO 9788 --- [AsyncResolver-bootstrap-executor-0] c.n.d.s.r.aws.ConfigClusterResolver      : Resolving eureka endpoints via configuration
2020-06-30 13:02:00.353  INFO 9788 --- [AsyncResolver-bootstrap-executor-0] c.n.d.s.r.aws.ConfigClusterResolver      : Resolving eureka endpoints via configuration
2020-06-30 13:07:00.368  INFO 9788 --- [AsyncResolver-bootstrap-executor-0] c.n.d.s.r.aws.ConfigClusterResolver      : Resolving eureka endpoints via configuration
2020-06-30 13:12:00.384  INFO 9788 --- [AsyncResolver-bootstrap-executor-0] c.n.d.s.r.aws.ConfigClusterResolver      : Resolving eureka endpoints via configuration
2020-06-30 13:17:00.393  INFO 9788 --- [AsyncResolver-bootstrap-executor-0] c.n.d.s.r.aws.ConfigClusterResolver      : Resolving eureka endpoints via configuration
2020-06-30 13:22:00.437  INFO 9788 --- [AsyncResolver-bootstrap-executor-0] c.n.d.s.r.aws.ConfigClusterResolver      : Resolving eureka endpoints via configuration
2020-06-30 13:27:00.447  INFO 9788 --- [AsyncResolver-bootstrap-executor-0] c.n.d.s.r.aws.ConfigClusterResolver      : Resolving eureka endpoints via configuration
2020-06-30 13:32:00.456  INFO 9788 --- [AsyncResolver-bootstrap-executor-0] c.n.d.s.r.aws.ConfigClusterResolver      : Resolving eureka endpoints via configuration
2020-06-30 13:37:00.477  INFO 9788 --- [AsyncResolver-bootstrap-executor-0] c.n.d.s.r.aws.ConfigClusterResolver      : Resolving eureka endpoints via configuration
2020-06-30 13:42:00.486  INFO 9788 --- [AsyncResolver-bootstrap-executor-0] c.n.d.s.r.aws.ConfigClusterResolver      : Resolving eureka endpoints via configuration
2020-06-30 13:47:00.494  INFO 9788 --- [AsyncResolver-bootstrap-executor-0] c.n.d.s.r.aws.ConfigClusterResolver      : Resolving eureka endpoints via configuration
2020-06-30 13:52:00.503  INFO 9788 --- [AsyncResolver-bootstrap-executor-0] c.n.d.s.r.aws.ConfigClusterResolver      : Resolving eureka endpoints via configuration
2020-06-30 13:57:00.526  INFO 9788 --- [AsyncResolver-bootstrap-executor-0] c.n.d.s.r.aws.ConfigClusterResolver      : Resolving eureka endpoints via configuration
2020-06-30 14:02:00.543  INFO 9788 --- [AsyncResolver-bootstrap-executor-0] c.n.d.s.r.aws.ConfigClusterResolver      : Resolving eureka endpoints via configuration
2020-06-30 14:07:00.553  INFO 9788 --- [AsyncResolver-bootstrap-executor-0] c.n.d.s.r.aws.ConfigClusterResolver      : Resolving eureka endpoints via configuration
2020-06-30 14:12:00.562  INFO 9788 --- [AsyncResolver-bootstrap-executor-0] c.n.d.s.r.aws.ConfigClusterResolver      : Resolving eureka endpoints via configuration
2020-06-30 14:17:00.572  INFO 9788 --- [AsyncResolver-bootstrap-executor-0] c.n.d.s.r.aws.ConfigClusterResolver      : Resolving eureka endpoints via configuration
2020-06-30 14:22:00.924  INFO 9788 --- [AsyncResolver-bootstrap-executor-0] c.n.d.s.r.aws.ConfigClusterResolver      : Resolving eureka endpoints via configuration
2020-06-30 14:27:01.158  INFO 9788 --- [AsyncResolver-bootstrap-executor-0] c.n.d.s.r.aws.ConfigClusterResolver      : Resolving eureka endpoints via configuration
2020-06-30 14:32:01.189  INFO 9788 --- [AsyncResolver-bootstrap-executor-0] c.n.d.s.r.aws.ConfigClusterResolver      : Resolving eureka endpoints via configuration
2020-06-30 14:37:01.233  INFO 9788 --- [AsyncResolver-bootstrap-executor-0] c.n.d.s.r.aws.ConfigClusterResolver      : Resolving eureka endpoints via configuration
2020-06-30 14:42:01.275  INFO 9788 --- [AsyncResolver-bootstrap-executor-0] c.n.d.s.r.aws.ConfigClusterResolver      : Resolving eureka endpoints via configuration
2020-06-30 14:42:08.159  INFO 9788 --- [http-nio-8081-exec-5] c.j.u.controller.UserController          : ========getOneUserbyTel==start====
2020-06-30 14:42:08.641  INFO 9788 --- [http-nio-8081-exec-6] c.j.u.controller.UserController          : ========getOneUserbyTel==start====
2020-06-30 14:42:22.382  INFO 9788 --- [http-nio-8081-exec-6] c.j.u.serviceimpl.UserServiceImpl        : ========getOneUserbyTel===end===
2020-06-30 14:42:22.382  INFO 9788 --- [http-nio-8081-exec-5] c.j.u.serviceimpl.UserServiceImpl        : ========getOneUserbyTel===end===
2020-06-30 14:42:23.942  INFO 9788 --- [http-nio-8081-exec-7] c.j.u.controller.UserController          : ========getOneUserbyTel==start====
2020-06-30 14:42:23.953  INFO 9788 --- [http-nio-8081-exec-5] c.j.u.controller.UserController          : ========getOneUserbyTel==start====
2020-06-30 14:42:26.503  INFO 9788 --- [http-nio-8081-exec-7] c.j.u.serviceimpl.UserServiceImpl        : ========getOneUserbyTel===end===
2020-06-30 14:42:26.865  INFO 9788 --- [http-nio-8081-exec-5] c.j.u.serviceimpl.UserServiceImpl        : ========getOneUserbyTel===end===
2020-06-30 14:42:37.057  INFO 9788 --- [http-nio-8081-exec-9] c.j.u.controller.UserController          : ========getOneUserbyTel==start====
2020-06-30 14:42:37.083  INFO 9788 --- [http-nio-8081-exec-9] c.j.u.serviceimpl.UserServiceImpl        : ========getOneUserbyTel===end===
2020-06-30 14:47:01.297  INFO 9788 --- [AsyncResolver-bootstrap-executor-0] c.n.d.s.r.aws.ConfigClusterResolver      : Resolving eureka endpoints via configuration
2020-06-30 14:48:03.580  INFO 9788 --- [http-nio-8081-exec-2] c.j.u.controller.UserController          : ========getOneUserbyTel==start====
2020-06-30 14:48:03.641  INFO 9788 --- [http-nio-8081-exec-2] c.j.u.serviceimpl.UserServiceImpl        : ========getOneUserbyTel===end===
2020-06-30 14:49:40.293  INFO 7248 --- [main] trationDelegate$BeanPostProcessorChecker : Bean 'org.springframework.cloud.autoconfigure.ConfigurationPropertiesRebinderAutoConfiguration' of type [org.springframework.cloud.autoconfigure.ConfigurationPropertiesRebinderAutoConfiguration$$EnhancerBySpringCGLIB$$7e1e8e8d] is not eligible for getting processed by all BeanPostProcessors (for example: not eligible for auto-proxying)
2020-06-30 14:49:40.994  INFO 7248 --- [main] c.jit.usercenter.UserCenterApplication   : No active profile set, falling back to default profiles: default
2020-06-30 14:49:47.208  INFO 7248 --- [main] .s.d.r.c.RepositoryConfigurationDelegate : Multiple Spring Data modules found, entering strict repository configuration mode!
2020-06-30 14:49:47.297  INFO 7248 --- [main] .s.d.r.c.RepositoryConfigurationDelegate : Bootstrapping Spring Data repositories in DEFAULT mode.
2020-06-30 14:49:47.532  INFO 7248 --- [main] .s.d.r.c.RepositoryConfigurationDelegate : Finished Spring Data repository scanning in 82ms. Found 0 repository interfaces.
2020-06-30 14:49:49.416  INFO 7248 --- [main] o.s.cloud.context.scope.GenericScope     : BeanFactory id=990fd313-6b34-33dc-b4c0-1c20bd920664
2020-06-30 14:49:50.669  INFO 7248 --- [main] trationDelegate$BeanPostProcessorChecker : Bean 'org.springframework.transaction.annotation.ProxyTransactionManagementConfiguration' of type [org.springframework.transaction.annotation.ProxyTransactionManagementConfiguration$$EnhancerBySpringCGLIB$$62048b90] is not eligible for getting processed by all BeanPostProcessors (for example: not eligible for auto-proxying)
2020-06-30 14:49:51.075  INFO 7248 --- [main] trationDelegate$BeanPostProcessorChecker : Bean 'org.springframework.cloud.autoconfigure.ConfigurationPropertiesRebinderAutoConfiguration' of type [org.springframework.cloud.autoconfigure.ConfigurationPropertiesRebinderAutoConfiguration$$EnhancerBySpringCGLIB$$7e1e8e8d] is not eligible for getting processed by all BeanPostProcessors (for example: not eligible for auto-proxying)
2020-06-30 14:49:52.513  INFO 7248 --- [main] o.s.b.w.embedded.tomcat.TomcatWebServer  : Tomcat initialized with port(s): 8081 (http)
2020-06-30 14:49:52.768  INFO 7248 --- [main] o.apache.catalina.core.StandardService   : Starting service [Tomcat]
2020-06-30 14:49:52.769  INFO 7248 --- [main] org.apache.catalina.core.StandardEngine  : Starting Servlet engine: [Apache Tomcat/9.0.21]
2020-06-30 14:49:53.233  INFO 7248 --- [main] o.a.c.c.C.[Tomcat].[localhost].[/]       : Initializing Spring embedded WebApplicationContext
2020-06-30 14:49:53.234  INFO 7248 --- [main] o.s.web.context.ContextLoader            : Root WebApplicationContext: initialization completed in 12225 ms
2020-06-30 14:49:56.050  INFO 7248 --- [main] pertySourcedRequestMappingHandlerMapping : Mapped URL path [/v2/api-docs] onto method [public org.springframework.http.ResponseEntity<springfox.documentation.spring.web.json.Json> springfox.documentation.swagger2.web.Swagger2Controller.getDocumentation(java.lang.String,javax.servlet.http.HttpServletRequest)]
2020-06-30 14:49:56.103  INFO 7248 --- [main] c.n.c.sources.URLConfigurationSource     : To enable URLs as dynamic configuration sources, define System property archaius.configurationSource.additionalUrls or make config.properties available on classpath.
2020-06-30 14:49:56.143  INFO 7248 --- [main] c.n.c.sources.URLConfigurationSource     : To enable URLs as dynamic configuration sources, define System property archaius.configurationSource.additionalUrls or make config.properties available on classpath.
2020-06-30 14:49:56.549  INFO 7248 --- [main] o.s.s.concurrent.ThreadPoolTaskExecutor  : Initializing ExecutorService 'applicationTaskExecutor'
2020-06-30 14:50:07.393  INFO 7248 --- [main] o.s.c.n.eureka.InstanceInfoFactory       : Setting initial instance status as: STARTING
2020-06-30 14:50:07.452  INFO 7248 --- [main] com.netflix.discovery.DiscoveryClient    : Initializing Eureka in region us-east-1
2020-06-30 14:50:08.052  INFO 7248 --- [main] c.n.d.provider.DiscoveryJerseyProvider   : Using JSON encoding codec LegacyJacksonJson
2020-06-30 14:50:08.052  INFO 7248 --- [main] c.n.d.provider.DiscoveryJerseyProvider   : Using JSON decoding codec LegacyJacksonJson
2020-06-30 14:50:08.444  INFO 7248 --- [main] c.n.d.provider.DiscoveryJerseyProvider   : Using XML encoding codec XStreamXml
2020-06-30 14:50:08.444  INFO 7248 --- [main] c.n.d.provider.DiscoveryJerseyProvider   : Using XML decoding codec XStreamXml
2020-06-30 14:50:08.963  INFO 7248 --- [main] c.n.d.s.r.aws.ConfigClusterResolver      : Resolving eureka endpoints via configuration
2020-06-30 14:50:09.119  INFO 7248 --- [main] com.netflix.discovery.DiscoveryClient    : Disable delta property : false
2020-06-30 14:50:09.119  INFO 7248 --- [main] com.netflix.discovery.DiscoveryClient    : Single vip registry refresh property : null
2020-06-30 14:50:09.119  INFO 7248 --- [main] com.netflix.discovery.DiscoveryClient    : Force full registry fetch : false
2020-06-30 14:50:09.119  INFO 7248 --- [main] com.netflix.discovery.DiscoveryClient    : Application is null : false
2020-06-30 14:50:09.119  INFO 7248 --- [main] com.netflix.discovery.DiscoveryClient    : Registered Applications size is zero : true
2020-06-30 14:50:09.119  INFO 7248 --- [main] com.netflix.discovery.DiscoveryClient    : Application version is -1: true
2020-06-30 14:50:09.120  INFO 7248 --- [main] com.netflix.discovery.DiscoveryClient    : Getting all instance registry info from the eureka server
2020-06-30 14:50:09.750  INFO 7248 --- [main] com.netflix.discovery.DiscoveryClient    : The response status is 200
2020-06-30 14:50:09.765  INFO 7248 --- [main] com.netflix.discovery.DiscoveryClient    : Starting heartbeat executor: renew interval is: 30
2020-06-30 14:50:09.767  INFO 7248 --- [main] c.n.discovery.InstanceInfoReplicator     : InstanceInfoReplicator onDemand update allowed rate per min is 4
2020-06-30 14:50:09.778  INFO 7248 --- [main] com.netflix.discovery.DiscoveryClient    : Discovery Client initialized at timestamp 1593499809769 with initial instances count: 3
2020-06-30 14:50:09.780  INFO 7248 --- [main] o.s.c.n.e.s.EurekaServiceRegistry        : Registering application USER-CENTER with eureka with status UP
2020-06-30 14:50:09.780  INFO 7248 --- [main] com.netflix.discovery.DiscoveryClient    : Saw local status change event StatusChangeEvent [timestamp=1593499809780, current=UP, previous=STARTING]
2020-06-30 14:50:09.783  INFO 7248 --- [DiscoveryClient-InstanceInfoReplicator-0] com.netflix.discovery.DiscoveryClient    : DiscoveryClient_USER-CENTER/dell-PC:user-center:8081: registering service...
2020-06-30 14:50:09.784  INFO 7248 --- [main] d.s.w.p.DocumentationPluginsBootstrapper : Context refreshed
2020-06-30 14:50:09.940  INFO 7248 --- [main] d.s.w.p.DocumentationPluginsBootstrapper : Found 1 custom documentation plugin(s)
2020-06-30 14:50:10.612  INFO 7248 --- [main] s.d.s.w.s.ApiListingReferenceScanner     : Scanning for api listing references
2020-06-30 14:50:11.075  INFO 7248 --- [DiscoveryClient-InstanceInfoReplicator-0] com.netflix.discovery.DiscoveryClient    : DiscoveryClient_USER-CENTER/dell-PC:user-center:8081 - registration status: 204
2020-06-30 14:50:11.842  INFO 7248 --- [main] o.s.b.w.embedded.tomcat.TomcatWebServer  : Tomcat started on port(s): 8081 (http) with context path ''
2020-06-30 14:50:11.843  INFO 7248 --- [main] .s.c.n.e.s.EurekaAutoServiceRegistration : Updating port to 8081
2020-06-30 14:50:11.844  INFO 7248 --- [main] c.jit.usercenter.UserCenterApplication   : Started UserCenterApplication in 51.806 seconds (JVM running for 61.289)
2020-06-30 14:50:50.022  INFO 7248 --- [http-nio-8081-exec-3] o.a.c.c.C.[Tomcat].[localhost].[/]       : Initializing Spring DispatcherServlet 'dispatcherServlet'
2020-06-30 14:50:50.022  INFO 7248 --- [http-nio-8081-exec-3] o.s.web.servlet.DispatcherServlet        : Initializing Servlet 'dispatcherServlet'
2020-06-30 14:50:50.084  INFO 7248 --- [http-nio-8081-exec-3] o.s.web.servlet.DispatcherServlet        : Completed initialization in 61 ms
2020-06-30 14:50:50.259  INFO 7248 --- [http-nio-8081-exec-3] c.j.u.controller.UserController          : ========getOneUserbyTel==start====
2020-06-30 14:50:50.259  INFO 7248 --- [http-nio-8081-exec-2] c.j.u.controller.UserController          : ========getOneUserbyTel==start====
2020-06-30 14:52:16.624  INFO 7248 --- [http-nio-8081-exec-3] c.j.u.serviceimpl.UserServiceImpl        : ========getOneUserbyTel===end===
2020-06-30 14:52:18.460  INFO 7248 --- [http-nio-8081-exec-2] c.j.u.serviceimpl.UserServiceImpl        : ========getOneUserbyTel===end===
2020-06-30 14:52:47.484  INFO 7248 --- [http-nio-8081-exec-1] c.j.u.controller.UserController          : ========getOneUserbyTel==start====
2020-06-30 14:52:57.234  INFO 7248 --- [http-nio-8081-exec-5] c.j.u.controller.UserController          : ========getOneUserbyTel==start====
2020-06-30 14:53:01.403  INFO 7248 --- [http-nio-8081-exec-1] c.j.u.serviceimpl.UserServiceImpl        : ========getOneUserbyTel===end===
2020-06-30 14:53:03.022  INFO 7248 --- [http-nio-8081-exec-5] c.j.u.serviceimpl.UserServiceImpl        : ========getOneUserbyTel===end===
2020-06-30 14:53:21.471  INFO 7248 --- [http-nio-8081-exec-4] c.j.u.controller.UserController          : ========getOneUserbyTel==start====
2020-06-30 14:53:22.459  INFO 7248 --- [http-nio-8081-exec-4] c.j.u.serviceimpl.UserServiceImpl        : ========getOneUserbyTel===end===
2020-06-30 14:53:26.179  INFO 7248 --- [Thread-98] o.s.c.n.e.s.EurekaServiceRegistry        : Unregistering application USER-CENTER with eureka with status DOWN
2020-06-30 14:53:26.181  INFO 7248 --- [DiscoveryClient-InstanceInfoReplicator-0] com.netflix.discovery.DiscoveryClient    : DiscoveryClient_USER-CENTER/dell-PC:user-center:8081: registering service...
2020-06-30 14:53:26.367  INFO 7248 --- [DiscoveryClient-InstanceInfoReplicator-0] com.netflix.discovery.DiscoveryClient    : DiscoveryClient_USER-CENTER/dell-PC:user-center:8081 - registration status: 204
2020-06-30 14:53:26.941  INFO 7248 --- [Thread-98] o.s.s.concurrent.ThreadPoolTaskExecutor  : Shutting down ExecutorService 'applicationTaskExecutor'
2020-06-30 14:53:26.979  INFO 7248 --- [Thread-98] com.netflix.discovery.DiscoveryClient    : Shutting down DiscoveryClient ...
2020-06-30 14:53:29.980  INFO 7248 --- [Thread-98] com.netflix.discovery.DiscoveryClient    : Unregistering ...
2020-06-30 14:53:35.650  INFO 7248 --- [Thread-98] com.netflix.discovery.DiscoveryClient    : DiscoveryClient_USER-CENTER/dell-PC:user-center:8081 - deregister  status: 200
2020-06-30 14:53:35.682  INFO 7248 --- [Thread-98] com.netflix.discovery.DiscoveryClient    : Completed shut down of DiscoveryClient
2020-06-30 14:53:48.896  INFO 10832 --- [main] trationDelegate$BeanPostProcessorChecker : Bean 'org.springframework.cloud.autoconfigure.ConfigurationPropertiesRebinderAutoConfiguration' of type [org.springframework.cloud.autoconfigure.ConfigurationPropertiesRebinderAutoConfiguration$$EnhancerBySpringCGLIB$$49495ee9] is not eligible for getting processed by all BeanPostProcessors (for example: not eligible for auto-proxying)
2020-06-30 14:53:49.296  INFO 10832 --- [main] c.jit.usercenter.UserCenterApplication   : No active profile set, falling back to default profiles: default
2020-06-30 14:53:50.723  INFO 10832 --- [main] .s.d.r.c.RepositoryConfigurationDelegate : Multiple Spring Data modules found, entering strict repository configuration mode!
2020-06-30 14:53:50.725  INFO 10832 --- [main] .s.d.r.c.RepositoryConfigurationDelegate : Bootstrapping Spring Data repositories in DEFAULT mode.
2020-06-30 14:53:50.782  INFO 10832 --- [main] .s.d.r.c.RepositoryConfigurationDelegate : Finished Spring Data repository scanning in 43ms. Found 0 repository interfaces.
2020-06-30 14:53:51.059  INFO 10832 --- [main] o.s.cloud.context.scope.GenericScope     : BeanFactory id=990fd313-6b34-33dc-b4c0-1c20bd920664
2020-06-30 14:53:51.167  INFO 10832 --- [main] trationDelegate$BeanPostProcessorChecker : Bean 'org.springframework.transaction.annotation.ProxyTransactionManagementConfiguration' of type [org.springframework.transaction.annotation.ProxyTransactionManagementConfiguration$$EnhancerBySpringCGLIB$$2d2f5bec] is not eligible for getting processed by all BeanPostProcessors (for example: not eligible for auto-proxying)
2020-06-30 14:53:51.191  INFO 10832 --- [main] trationDelegate$BeanPostProcessorChecker : Bean 'org.springframework.cloud.autoconfigure.ConfigurationPropertiesRebinderAutoConfiguration' of type [org.springframework.cloud.autoconfigure.ConfigurationPropertiesRebinderAutoConfiguration$$EnhancerBySpringCGLIB$$49495ee9] is not eligible for getting processed by all BeanPostProcessors (for example: not eligible for auto-proxying)
2020-06-30 14:53:56.695  INFO 10832 --- [main] o.s.b.w.embedded.tomcat.TomcatWebServer  : Tomcat initialized with port(s): 8081 (http)
2020-06-30 14:53:56.905  INFO 10832 --- [main] o.apache.catalina.core.StandardService   : Starting service [Tomcat]
2020-06-30 14:53:56.906  INFO 10832 --- [main] org.apache.catalina.core.StandardEngine  : Starting Servlet engine: [Apache Tomcat/9.0.21]
2020-06-30 14:53:57.762  INFO 10832 --- [main] o.a.c.c.C.[Tomcat].[localhost].[/]       : Initializing Spring embedded WebApplicationContext
2020-06-30 14:53:57.763  INFO 10832 --- [main] o.s.web.context.ContextLoader            : Root WebApplicationContext: initialization completed in 8453 ms
2020-06-30 14:53:59.902  INFO 10832 --- [main] pertySourcedRequestMappingHandlerMapping : Mapped URL path [/v2/api-docs] onto method [public org.springframework.http.ResponseEntity<springfox.documentation.spring.web.json.Json> springfox.documentation.swagger2.web.Swagger2Controller.getDocumentation(java.lang.String,javax.servlet.http.HttpServletRequest)]
2020-06-30 14:53:59.927  INFO 10832 --- [main] c.n.c.sources.URLConfigurationSource     : To enable URLs as dynamic configuration sources, define System property archaius.configurationSource.additionalUrls or make config.properties available on classpath.
2020-06-30 14:53:59.931  INFO 10832 --- [main] c.n.c.sources.URLConfigurationSource     : To enable URLs as dynamic configuration sources, define System property archaius.configurationSource.additionalUrls or make config.properties available on classpath.
2020-06-30 14:54:00.116  INFO 10832 --- [main] o.s.s.concurrent.ThreadPoolTaskExecutor  : Initializing ExecutorService 'applicationTaskExecutor'
2020-06-30 14:54:01.952  INFO 10832 --- [main] o.s.c.n.eureka.InstanceInfoFactory       : Setting initial instance status as: STARTING
2020-06-30 14:54:02.044  INFO 10832 --- [main] com.netflix.discovery.DiscoveryClient    : Initializing Eureka in region us-east-1
2020-06-30 14:54:02.285  INFO 10832 --- [main] c.n.d.provider.DiscoveryJerseyProvider   : Using JSON encoding codec LegacyJacksonJson
2020-06-30 14:54:02.285  INFO 10832 --- [main] c.n.d.provider.DiscoveryJerseyProvider   : Using JSON decoding codec LegacyJacksonJson
2020-06-30 14:54:02.460  INFO 10832 --- [main] c.n.d.provider.DiscoveryJerseyProvider   : Using XML encoding codec XStreamXml
2020-06-30 14:54:02.460  INFO 10832 --- [main] c.n.d.provider.DiscoveryJerseyProvider   : Using XML decoding codec XStreamXml
2020-06-30 14:54:02.888  INFO 10832 --- [main] c.n.d.s.r.aws.ConfigClusterResolver      : Resolving eureka endpoints via configuration
2020-06-30 14:54:04.637  INFO 10832 --- [main] com.netflix.discovery.DiscoveryClient    : Disable delta property : false
2020-06-30 14:54:04.637  INFO 10832 --- [main] com.netflix.discovery.DiscoveryClient    : Single vip registry refresh property : null
2020-06-30 14:54:04.637  INFO 10832 --- [main] com.netflix.discovery.DiscoveryClient    : Force full registry fetch : false
2020-06-30 14:54:04.637  INFO 10832 --- [main] com.netflix.discovery.DiscoveryClient    : Application is null : false
2020-06-30 14:54:04.637  INFO 10832 --- [main] com.netflix.discovery.DiscoveryClient    : Registered Applications size is zero : true
2020-06-30 14:54:04.638  INFO 10832 --- [main] com.netflix.discovery.DiscoveryClient    : Application version is -1: true
2020-06-30 14:54:04.640  INFO 10832 --- [main] com.netflix.discovery.DiscoveryClient    : Getting all instance registry info from the eureka server
2020-06-30 14:54:04.850  INFO 10832 --- [main] com.netflix.discovery.DiscoveryClient    : The response status is 200
2020-06-30 14:54:04.999  INFO 10832 --- [main] com.netflix.discovery.DiscoveryClient    : Starting heartbeat executor: renew interval is: 30
2020-06-30 14:54:05.003  INFO 10832 --- [main] c.n.discovery.InstanceInfoReplicator     : InstanceInfoReplicator onDemand update allowed rate per min is 4
2020-06-30 14:54:05.009  INFO 10832 --- [main] com.netflix.discovery.DiscoveryClient    : Discovery Client initialized at timestamp 1593500045007 with initial instances count: 2
2020-06-30 14:54:05.011  INFO 10832 --- [main] o.s.c.n.e.s.EurekaServiceRegistry        : Registering application USER-CENTER with eureka with status UP
2020-06-30 14:54:05.012  INFO 10832 --- [main] com.netflix.discovery.DiscoveryClient    : Saw local status change event StatusChangeEvent [timestamp=1593500045012, current=UP, previous=STARTING]
2020-06-30 14:54:05.015  INFO 10832 --- [DiscoveryClient-InstanceInfoReplicator-0] com.netflix.discovery.DiscoveryClient    : DiscoveryClient_USER-CENTER/dell-PC:user-center:8081: registering service...
2020-06-30 14:54:05.015  INFO 10832 --- [main] d.s.w.p.DocumentationPluginsBootstrapper : Context refreshed
2020-06-30 14:54:05.689  INFO 10832 --- [main] d.s.w.p.DocumentationPluginsBootstrapper : Found 1 custom documentation plugin(s)
2020-06-30 14:54:05.964  INFO 10832 --- [DiscoveryClient-InstanceInfoReplicator-0] com.netflix.discovery.DiscoveryClient    : DiscoveryClient_USER-CENTER/dell-PC:user-center:8081 - registration status: 204
2020-06-30 14:54:06.044  INFO 10832 --- [main] s.d.s.w.s.ApiListingReferenceScanner     : Scanning for api listing references
2020-06-30 14:54:06.553  INFO 10832 --- [main] o.s.b.w.embedded.tomcat.TomcatWebServer  : Tomcat started on port(s): 8081 (http) with context path ''
2020-06-30 14:54:06.554  INFO 10832 --- [main] .s.c.n.e.s.EurekaAutoServiceRegistration : Updating port to 8081
2020-06-30 14:54:06.556  INFO 10832 --- [main] c.jit.usercenter.UserCenterApplication   : Started UserCenterApplication in 20.456 seconds (JVM running for 24.887)
2020-06-30 14:59:04.667  INFO 10832 --- [AsyncResolver-bootstrap-executor-0] c.n.d.s.r.aws.ConfigClusterResolver      : Resolving eureka endpoints via configuration
2020-06-30 15:04:04.852  INFO 10832 --- [AsyncResolver-bootstrap-executor-0] c.n.d.s.r.aws.ConfigClusterResolver      : Resolving eureka endpoints via configuration
2020-06-30 15:04:59.253  INFO 10832 --- [http-nio-8081-exec-1] o.a.c.c.C.[Tomcat].[localhost].[/]       : Initializing Spring DispatcherServlet 'dispatcherServlet'
2020-06-30 15:04:59.270  INFO 10832 --- [http-nio-8081-exec-1] o.s.web.servlet.DispatcherServlet        : Initializing Servlet 'dispatcherServlet'
2020-06-30 15:05:00.156  INFO 10832 --- [http-nio-8081-exec-1] o.s.web.servlet.DispatcherServlet        : Completed initialization in 881 ms
2020-06-30 15:05:00.800  INFO 10832 --- [http-nio-8081-exec-1] c.j.u.controller.UserController          : ========getOneUserbyTel==start====
2020-06-30 15:05:07.086  INFO 10832 --- [http-nio-8081-exec-1] c.j.u.serviceimpl.UserServiceImpl        : ========getOneUserbyTel===end===
2020-06-30 15:09:05.350  INFO 10832 --- [AsyncResolver-bootstrap-executor-0] c.n.d.s.r.aws.ConfigClusterResolver      : Resolving eureka endpoints via configuration
2020-06-30 15:14:05.366  INFO 10832 --- [AsyncResolver-bootstrap-executor-0] c.n.d.s.r.aws.ConfigClusterResolver      : Resolving eureka endpoints via configuration
2020-06-30 15:19:05.401  INFO 10832 --- [AsyncResolver-bootstrap-executor-0] c.n.d.s.r.aws.ConfigClusterResolver      : Resolving eureka endpoints via configuration
2020-06-30 15:23:11.336  INFO 10832 --- [http-nio-8081-exec-3] c.j.u.controller.UserController          : ========getOneUserbyTel==start====
2020-06-30 15:23:32.966  INFO 10832 --- [http-nio-8081-exec-3] c.j.u.serviceimpl.UserServiceImpl        : ========getOneUserbyTel===end===
2020-06-30 15:24:05.447  INFO 10832 --- [AsyncResolver-bootstrap-executor-0] c.n.d.s.r.aws.ConfigClusterResolver      : Resolving eureka endpoints via configuration
2020-06-30 15:28:41.562  INFO 10832 --- [http-nio-8081-exec-5] c.j.u.controller.UserController          : ========getOneUserbyTel==start====
2020-06-30 15:28:47.085  INFO 10832 --- [http-nio-8081-exec-5] c.j.u.serviceimpl.UserServiceImpl        : ========getOneUserbyTel===end===
2020-06-30 15:29:04.470  INFO 10832 --- [Thread-45] o.s.c.n.e.s.EurekaServiceRegistry        : Unregistering application USER-CENTER with eureka with status DOWN
2020-06-30 15:29:04.705  INFO 10832 --- [DiscoveryClient-InstanceInfoReplicator-0] com.netflix.discovery.DiscoveryClient    : DiscoveryClient_USER-CENTER/dell-PC:user-center:8081: registering service...
2020-06-30 15:29:05.396  INFO 10832 --- [DiscoveryClient-InstanceInfoReplicator-0] com.netflix.discovery.DiscoveryClient    : DiscoveryClient_USER-CENTER/dell-PC:user-center:8081 - registration status: 204
2020-06-30 15:29:05.524  INFO 10832 --- [AsyncResolver-bootstrap-executor-0] c.n.d.s.r.aws.ConfigClusterResolver      : Resolving eureka endpoints via configuration
2020-06-30 15:29:18.422  INFO 10832 --- [Thread-45] o.s.s.concurrent.ThreadPoolTaskExecutor  : Shutting down ExecutorService 'applicationTaskExecutor'
2020-06-30 15:29:19.729  INFO 10832 --- [Thread-45] com.netflix.discovery.DiscoveryClient    : Shutting down DiscoveryClient ...
2020-06-30 15:29:22.820  INFO 10832 --- [Thread-45] com.netflix.discovery.DiscoveryClient    : Unregistering ...
2020-06-30 15:29:25.762  INFO 10832 --- [Thread-45] com.netflix.discovery.DiscoveryClient    : DiscoveryClient_USER-CENTER/dell-PC:user-center:8081 - deregister  status: 200
2020-06-30 15:29:30.253  INFO 10832 --- [Thread-45] com.netflix.discovery.DiscoveryClient    : Completed shut down of DiscoveryClient
2020-06-30 15:35:04.163  INFO 7424 --- [main] trationDelegate$BeanPostProcessorChecker : Bean 'org.springframework.cloud.autoconfigure.ConfigurationPropertiesRebinderAutoConfiguration' of type [org.springframework.cloud.autoconfigure.ConfigurationPropertiesRebinderAutoConfiguration$$EnhancerBySpringCGLIB$$7fcc0191] is not eligible for getting processed by all BeanPostProcessors (for example: not eligible for auto-proxying)
2020-06-30 15:35:04.680  INFO 7424 --- [main] c.jit.usercenter.UserCenterApplication   : No active profile set, falling back to default profiles: default
2020-06-30 15:35:08.728  INFO 7424 --- [main] .s.d.r.c.RepositoryConfigurationDelegate : Multiple Spring Data modules found, entering strict repository configuration mode!
2020-06-30 15:35:08.762  INFO 7424 --- [main] .s.d.r.c.RepositoryConfigurationDelegate : Bootstrapping Spring Data repositories in DEFAULT mode.
2020-06-30 15:35:09.262  INFO 7424 --- [main] .s.d.r.c.RepositoryConfigurationDelegate : Finished Spring Data repository scanning in 273ms. Found 0 repository interfaces.
2020-06-30 15:35:11.037  INFO 7424 --- [main] o.s.cloud.context.scope.GenericScope     : BeanFactory id=990fd313-6b34-33dc-b4c0-1c20bd920664
2020-06-30 15:35:11.299  INFO 7424 --- [main] trationDelegate$BeanPostProcessorChecker : Bean 'org.springframework.transaction.annotation.ProxyTransactionManagementConfiguration' of type [org.springframework.transaction.annotation.ProxyTransactionManagementConfiguration$$EnhancerBySpringCGLIB$$63b1fe94] is not eligible for getting processed by all BeanPostProcessors (for example: not eligible for auto-proxying)
2020-06-30 15:35:11.372  INFO 7424 --- [main] trationDelegate$BeanPostProcessorChecker : Bean 'org.springframework.cloud.autoconfigure.ConfigurationPropertiesRebinderAutoConfiguration' of type [org.springframework.cloud.autoconfigure.ConfigurationPropertiesRebinderAutoConfiguration$$EnhancerBySpringCGLIB$$7fcc0191] is not eligible for getting processed by all BeanPostProcessors (for example: not eligible for auto-proxying)
2020-06-30 15:35:12.816  INFO 7424 --- [main] o.s.b.w.embedded.tomcat.TomcatWebServer  : Tomcat initialized with port(s): 8081 (http)
2020-06-30 15:35:12.904  INFO 7424 --- [main] o.apache.catalina.core.StandardService   : Starting service [Tomcat]
2020-06-30 15:35:12.905  INFO 7424 --- [main] org.apache.catalina.core.StandardEngine  : Starting Servlet engine: [Apache Tomcat/9.0.21]
2020-06-30 15:35:13.345  INFO 7424 --- [main] o.a.c.c.C.[Tomcat].[localhost].[/]       : Initializing Spring embedded WebApplicationContext
2020-06-30 15:35:13.345  INFO 7424 --- [main] o.s.web.context.ContextLoader            : Root WebApplicationContext: initialization completed in 8575 ms
2020-06-30 15:35:16.896  INFO 7424 --- [main] pertySourcedRequestMappingHandlerMapping : Mapped URL path [/v2/api-docs] onto method [public org.springframework.http.ResponseEntity<springfox.documentation.spring.web.json.Json> springfox.documentation.swagger2.web.Swagger2Controller.getDocumentation(java.lang.String,javax.servlet.http.HttpServletRequest)]
2020-06-30 15:35:17.049  INFO 7424 --- [main] c.n.c.sources.URLConfigurationSource     : To enable URLs as dynamic configuration sources, define System property archaius.configurationSource.additionalUrls or make config.properties available on classpath.
2020-06-30 15:35:17.094  INFO 7424 --- [main] c.n.c.sources.URLConfigurationSource     : To enable URLs as dynamic configuration sources, define System property archaius.configurationSource.additionalUrls or make config.properties available on classpath.
2020-06-30 15:35:17.715  INFO 7424 --- [main] o.s.s.concurrent.ThreadPoolTaskExecutor  : Initializing ExecutorService 'applicationTaskExecutor'
2020-06-30 15:35:20.625  INFO 7424 --- [main] o.s.c.n.eureka.InstanceInfoFactory       : Setting initial instance status as: STARTING
2020-06-30 15:35:20.664  INFO 7424 --- [main] com.netflix.discovery.DiscoveryClient    : Initializing Eureka in region us-east-1
2020-06-30 15:35:21.587  INFO 7424 --- [main] c.n.d.provider.DiscoveryJerseyProvider   : Using JSON encoding codec LegacyJacksonJson
2020-06-30 15:35:21.587  INFO 7424 --- [main] c.n.d.provider.DiscoveryJerseyProvider   : Using JSON decoding codec LegacyJacksonJson
2020-06-30 15:35:21.977  INFO 7424 --- [main] c.n.d.provider.DiscoveryJerseyProvider   : Using XML encoding codec XStreamXml
2020-06-30 15:35:21.977  INFO 7424 --- [main] c.n.d.provider.DiscoveryJerseyProvider   : Using XML decoding codec XStreamXml
2020-06-30 15:35:22.262  INFO 7424 --- [main] c.n.d.s.r.aws.ConfigClusterResolver      : Resolving eureka endpoints via configuration
2020-06-30 15:35:22.398  INFO 7424 --- [main] com.netflix.discovery.DiscoveryClient    : Disable delta property : false
2020-06-30 15:35:22.399  INFO 7424 --- [main] com.netflix.discovery.DiscoveryClient    : Single vip registry refresh property : null
2020-06-30 15:35:22.400  INFO 7424 --- [main] com.netflix.discovery.DiscoveryClient    : Force full registry fetch : false
2020-06-30 15:35:22.400  INFO 7424 --- [main] com.netflix.discovery.DiscoveryClient    : Application is null : false
2020-06-30 15:35:22.401  INFO 7424 --- [main] com.netflix.discovery.DiscoveryClient    : Registered Applications size is zero : true
2020-06-30 15:35:22.402  INFO 7424 --- [main] com.netflix.discovery.DiscoveryClient    : Application version is -1: true
2020-06-30 15:35:22.402  INFO 7424 --- [main] com.netflix.discovery.DiscoveryClient    : Getting all instance registry info from the eureka server
2020-06-30 15:35:22.905  INFO 7424 --- [main] com.netflix.discovery.DiscoveryClient    : The response status is 200
2020-06-30 15:35:22.915  INFO 7424 --- [main] com.netflix.discovery.DiscoveryClient    : Starting heartbeat executor: renew interval is: 30
2020-06-30 15:35:22.917  INFO 7424 --- [main] c.n.discovery.InstanceInfoReplicator     : InstanceInfoReplicator onDemand update allowed rate per min is 4
2020-06-30 15:35:22.938  INFO 7424 --- [main] com.netflix.discovery.DiscoveryClient    : Discovery Client initialized at timestamp 1593502522919 with initial instances count: 2
2020-06-30 15:35:22.939  INFO 7424 --- [main] o.s.c.n.e.s.EurekaServiceRegistry        : Registering application USER-CENTER with eureka with status UP
2020-06-30 15:35:22.940  INFO 7424 --- [main] com.netflix.discovery.DiscoveryClient    : Saw local status change event StatusChangeEvent [timestamp=1593502522940, current=UP, previous=STARTING]
2020-06-30 15:35:22.942  INFO 7424 --- [DiscoveryClient-InstanceInfoReplicator-0] com.netflix.discovery.DiscoveryClient    : DiscoveryClient_USER-CENTER/dell-PC:user-center:8081: registering service...
2020-06-30 15:35:22.943  INFO 7424 --- [main] d.s.w.p.DocumentationPluginsBootstrapper : Context refreshed
2020-06-30 15:35:23.071  INFO 7424 --- [main] d.s.w.p.DocumentationPluginsBootstrapper : Found 1 custom documentation plugin(s)
2020-06-30 15:35:23.301  INFO 7424 --- [main] s.d.s.w.s.ApiListingReferenceScanner     : Scanning for api listing references
2020-06-30 15:35:23.630  INFO 7424 --- [DiscoveryClient-InstanceInfoReplicator-0] com.netflix.discovery.DiscoveryClient    : DiscoveryClient_USER-CENTER/dell-PC:user-center:8081 - registration status: 204
2020-06-30 15:35:25.051  INFO 7424 --- [main] o.s.b.w.embedded.tomcat.TomcatWebServer  : Tomcat started on port(s): 8081 (http) with context path ''
2020-06-30 15:35:25.053  INFO 7424 --- [main] .s.c.n.e.s.EurekaAutoServiceRegistration : Updating port to 8081
2020-06-30 15:35:25.057  INFO 7424 --- [main] c.jit.usercenter.UserCenterApplication   : Started UserCenterApplication in 95.017 seconds (JVM running for 168.376)
2020-06-30 15:40:22.415  INFO 7424 --- [AsyncResolver-bootstrap-executor-0] c.n.d.s.r.aws.ConfigClusterResolver      : Resolving eureka endpoints via configuration
2020-06-30 15:41:08.132  INFO 7424 --- [http-nio-8081-exec-1] o.a.c.c.C.[Tomcat].[localhost].[/]       : Initializing Spring DispatcherServlet 'dispatcherServlet'
2020-06-30 15:41:08.133  INFO 7424 --- [http-nio-8081-exec-1] o.s.web.servlet.DispatcherServlet        : Initializing Servlet 'dispatcherServlet'
2020-06-30 15:41:09.596  INFO 7424 --- [http-nio-8081-exec-1] o.s.web.servlet.DispatcherServlet        : Completed initialization in 1451 ms
2020-06-30 15:41:09.999  INFO 7424 --- [http-nio-8081-exec-1] c.j.u.controller.UserController          : ========getOneUserbyTel==start====
2020-06-30 15:41:11.948  INFO 7424 --- [http-nio-8081-exec-1] c.j.u.serviceimpl.UserServiceImpl        : ========getOneUserbyTel===end===
2020-06-30 15:47:56.931  INFO 2808 --- [main] trationDelegate$BeanPostProcessorChecker : Bean 'org.springframework.cloud.autoconfigure.ConfigurationPropertiesRebinderAutoConfiguration' of type [org.springframework.cloud.autoconfigure.ConfigurationPropertiesRebinderAutoConfiguration$$EnhancerBySpringCGLIB$$88fb1f6e] is not eligible for getting processed by all BeanPostProcessors (for example: not eligible for auto-proxying)
2020-06-30 15:47:59.976  INFO 2808 --- [main] c.jit.usercenter.UserCenterApplication   : No active profile set, falling back to default profiles: default
2020-06-30 15:48:07.339  INFO 2808 --- [main] .s.d.r.c.RepositoryConfigurationDelegate : Multiple Spring Data modules found, entering strict repository configuration mode!
2020-06-30 15:48:07.344  INFO 2808 --- [main] .s.d.r.c.RepositoryConfigurationDelegate : Bootstrapping Spring Data repositories in DEFAULT mode.
2020-06-30 15:48:08.351  INFO 2808 --- [main] .s.d.r.c.RepositoryConfigurationDelegate : Finished Spring Data repository scanning in 894ms. Found 0 repository interfaces.
2020-06-30 15:48:19.688  INFO 2808 --- [main] o.s.cloud.context.scope.GenericScope     : BeanFactory id=990fd313-6b34-33dc-b4c0-1c20bd920664
2020-06-30 15:48:20.143  INFO 2808 --- [main] trationDelegate$BeanPostProcessorChecker : Bean 'org.springframework.transaction.annotation.ProxyTransactionManagementConfiguration' of type [org.springframework.transaction.annotation.ProxyTransactionManagementConfiguration$$EnhancerBySpringCGLIB$$6ce11c71] is not eligible for getting processed by all BeanPostProcessors (for example: not eligible for auto-proxying)
2020-06-30 15:48:20.430  INFO 2808 --- [main] trationDelegate$BeanPostProcessorChecker : Bean 'org.springframework.cloud.autoconfigure.ConfigurationPropertiesRebinderAutoConfiguration' of type [org.springframework.cloud.autoconfigure.ConfigurationPropertiesRebinderAutoConfiguration$$EnhancerBySpringCGLIB$$88fb1f6e] is not eligible for getting processed by all BeanPostProcessors (for example: not eligible for auto-proxying)
2020-06-30 15:48:23.177  INFO 2808 --- [main] o.s.b.w.embedded.tomcat.TomcatWebServer  : Tomcat initialized with port(s): 8081 (http)
2020-06-30 15:48:23.303  INFO 2808 --- [main] o.apache.catalina.core.StandardService   : Starting service [Tomcat]
2020-06-30 15:48:23.304  INFO 2808 --- [main] org.apache.catalina.core.StandardEngine  : Starting Servlet engine: [Apache Tomcat/9.0.21]
2020-06-30 15:48:23.974  INFO 2808 --- [main] o.a.c.c.C.[Tomcat].[localhost].[/]       : Initializing Spring embedded WebApplicationContext
2020-06-30 15:48:23.974  INFO 2808 --- [main] o.s.web.context.ContextLoader            : Root WebApplicationContext: initialization completed in 23719 ms
2020-06-30 15:48:26.594  INFO 2808 --- [main] pertySourcedRequestMappingHandlerMapping : Mapped URL path [/v2/api-docs] onto method [public org.springframework.http.ResponseEntity<springfox.documentation.spring.web.json.Json> springfox.documentation.swagger2.web.Swagger2Controller.getDocumentation(java.lang.String,javax.servlet.http.HttpServletRequest)]
2020-06-30 15:48:26.667  INFO 2808 --- [main] c.n.c.sources.URLConfigurationSource     : To enable URLs as dynamic configuration sources, define System property archaius.configurationSource.additionalUrls or make config.properties available on classpath.
2020-06-30 15:48:26.719  INFO 2808 --- [main] c.n.c.sources.URLConfigurationSource     : To enable URLs as dynamic configuration sources, define System property archaius.configurationSource.additionalUrls or make config.properties available on classpath.
2020-06-30 15:48:27.071  INFO 2808 --- [main] o.s.s.concurrent.ThreadPoolTaskExecutor  : Initializing ExecutorService 'applicationTaskExecutor'
2020-06-30 15:48:29.631  INFO 2808 --- [main] o.s.c.n.eureka.InstanceInfoFactory       : Setting initial instance status as: STARTING
2020-06-30 15:48:29.693  INFO 2808 --- [main] com.netflix.discovery.DiscoveryClient    : Initializing Eureka in region us-east-1
2020-06-30 15:48:30.222  INFO 2808 --- [main] c.n.d.provider.DiscoveryJerseyProvider   : Using JSON encoding codec LegacyJacksonJson
2020-06-30 15:48:30.222  INFO 2808 --- [main] c.n.d.provider.DiscoveryJerseyProvider   : Using JSON decoding codec LegacyJacksonJson
2020-06-30 15:48:30.488  INFO 2808 --- [main] c.n.d.provider.DiscoveryJerseyProvider   : Using XML encoding codec XStreamXml
2020-06-30 15:48:30.488  INFO 2808 --- [main] c.n.d.provider.DiscoveryJerseyProvider   : Using XML decoding codec XStreamXml
2020-06-30 15:48:31.199  INFO 2808 --- [main] c.n.d.s.r.aws.ConfigClusterResolver      : Resolving eureka endpoints via configuration
2020-06-30 15:48:31.390  INFO 2808 --- [main] com.netflix.discovery.DiscoveryClient    : Disable delta property : false
2020-06-30 15:48:31.391  INFO 2808 --- [main] com.netflix.discovery.DiscoveryClient    : Single vip registry refresh property : null
2020-06-30 15:48:31.391  INFO 2808 --- [main] com.netflix.discovery.DiscoveryClient    : Force full registry fetch : false
2020-06-30 15:48:31.391  INFO 2808 --- [main] com.netflix.discovery.DiscoveryClient    : Application is null : false
2020-06-30 15:48:31.391  INFO 2808 --- [main] com.netflix.discovery.DiscoveryClient    : Registered Applications size is zero : true
2020-06-30 15:48:31.392  INFO 2808 --- [main] com.netflix.discovery.DiscoveryClient    : Application version is -1: true
2020-06-30 15:48:31.392  INFO 2808 --- [main] com.netflix.discovery.DiscoveryClient    : Getting all instance registry info from the eureka server
2020-06-30 15:48:32.245  INFO 2808 --- [main] com.netflix.discovery.DiscoveryClient    : The response status is 200
2020-06-30 15:48:32.260  INFO 2808 --- [main] com.netflix.discovery.DiscoveryClient    : Starting heartbeat executor: renew interval is: 30
2020-06-30 15:48:32.263  INFO 2808 --- [main] c.n.discovery.InstanceInfoReplicator     : InstanceInfoReplicator onDemand update allowed rate per min is 4
2020-06-30 15:48:32.274  INFO 2808 --- [main] com.netflix.discovery.DiscoveryClient    : Discovery Client initialized at timestamp 1593503312266 with initial instances count: 3
2020-06-30 15:48:32.276  INFO 2808 --- [main] o.s.c.n.e.s.EurekaServiceRegistry        : Registering application USER-CENTER with eureka with status UP
2020-06-30 15:48:32.277  INFO 2808 --- [main] com.netflix.discovery.DiscoveryClient    : Saw local status change event StatusChangeEvent [timestamp=1593503312277, current=UP, previous=STARTING]
2020-06-30 15:48:32.279  INFO 2808 --- [DiscoveryClient-InstanceInfoReplicator-0] com.netflix.discovery.DiscoveryClient    : DiscoveryClient_USER-CENTER/dell-PC:user-center:8081: registering service...
2020-06-30 15:48:32.280  INFO 2808 --- [main] d.s.w.p.DocumentationPluginsBootstrapper : Context refreshed
2020-06-30 15:48:32.458  INFO 2808 --- [main] d.s.w.p.DocumentationPluginsBootstrapper : Found 1 custom documentation plugin(s)
2020-06-30 15:48:32.674  INFO 2808 --- [main] s.d.s.w.s.ApiListingReferenceScanner     : Scanning for api listing references
2020-06-30 15:48:34.073  INFO 2808 --- [DiscoveryClient-InstanceInfoReplicator-0] com.netflix.discovery.DiscoveryClient    : DiscoveryClient_USER-CENTER/dell-PC:user-center:8081 - registration status: 204
2020-06-30 15:48:34.188  INFO 2808 --- [main] o.s.b.w.embedded.tomcat.TomcatWebServer  : Tomcat started on port(s): 8081 (http) with context path ''
2020-06-30 15:48:34.189  INFO 2808 --- [main] .s.c.n.e.s.EurekaAutoServiceRegistration : Updating port to 8081
2020-06-30 15:48:34.191  INFO 2808 --- [main] c.jit.usercenter.UserCenterApplication   : Started UserCenterApplication in 60.382 seconds (JVM running for 79.967)
2020-06-30 15:50:21.437  INFO 2808 --- [http-nio-8081-exec-1] o.a.c.c.C.[Tomcat].[localhost].[/]       : Initializing Spring DispatcherServlet 'dispatcherServlet'
2020-06-30 15:50:21.438  INFO 2808 --- [http-nio-8081-exec-1] o.s.web.servlet.DispatcherServlet        : Initializing Servlet 'dispatcherServlet'
2020-06-30 15:50:21.455  INFO 2808 --- [http-nio-8081-exec-1] o.s.web.servlet.DispatcherServlet        : Completed initialization in 17 ms
2020-06-30 15:50:21.494  INFO 2808 --- [http-nio-8081-exec-1] c.j.u.controller.UserController          : ========getOneUserbyTel==start====
2020-06-30 15:50:22.015  INFO 2808 --- [http-nio-8081-exec-1] c.j.u.serviceimpl.UserServiceImpl        : ========getOneUserbyTel===end===
2020-06-30 15:53:31.402  INFO 2808 --- [AsyncResolver-bootstrap-executor-0] c.n.d.s.r.aws.ConfigClusterResolver      : Resolving eureka endpoints via configuration
