2020-06-19 09:07:35.028  WARN 4208 --- [main] o.s.boot.actuate.endpoint.EndpointId     : Endpoint ID 'service-registry' contains invalid characters, please migrate to a valid format.
2020-06-19 09:07:35.108  WARN 4208 --- [main] o.s.boot.actuate.endpoint.EndpointId     : Endpoint ID 'hystrix.stream' contains invalid characters, please migrate to a valid format.
2020-06-19 09:07:38.347  WARN 4208 --- [main] c.n.c.sources.URLConfigurationSource     : No URLs will be polled as dynamic configuration sources.
2020-06-19 09:07:46.530  WARN 4208 --- [main] c.j.a.rbac.MyFilterSecurityInterceptor   : Could not validate configuration attributes as the SecurityMetadataSource did not return any attributes from getAllConfigAttributes()
2020-06-19 09:07:55.423  WARN 4208 --- [main] c.n.c.sources.URLConfigurationSource     : No URLs will be polled as dynamic configuration sources.
2020-06-19 09:07:59.370  WARN 4208 --- [main] o.s.c.n.core.CoreAutoConfiguration       : This module is deprecated. It will be removed in the next major release. Please use spring-cloud-netflix-hystrix instead.
2020-06-19 09:09:52.166  WARN 4208 --- [https-jsse-nio-443-exec-7] o.s.c.n.z.f.r.s.AbstractRibbonCommand    : The Hystrix timeout of 20000ms for the command user is set lower than the combination of the Ribbon read and connect timeout, 1200000ms.
2020-06-19 09:14:22.449  WARN 6316 --- [main] o.s.boot.actuate.endpoint.EndpointId     : Endpoint ID 'service-registry' contains invalid characters, please migrate to a valid format.
2020-06-19 09:14:22.460  WARN 6316 --- [main] o.s.boot.actuate.endpoint.EndpointId     : Endpoint ID 'hystrix.stream' contains invalid characters, please migrate to a valid format.
2020-06-19 09:14:23.985  WARN 6316 --- [main] c.n.c.sources.URLConfigurationSource     : No URLs will be polled as dynamic configuration sources.
2020-06-19 09:14:26.890  WARN 6316 --- [main] c.j.a.rbac.MyFilterSecurityInterceptor   : Could not validate configuration attributes as the SecurityMetadataSource did not return any attributes from getAllConfigAttributes()
2020-06-19 09:14:43.665  WARN 6316 --- [main] c.n.c.sources.URLConfigurationSource     : No URLs will be polled as dynamic configuration sources.
2020-06-19 09:14:45.980  WARN 6316 --- [main] o.s.c.n.core.CoreAutoConfiguration       : This module is deprecated. It will be removed in the next major release. Please use spring-cloud-netflix-hystrix instead.
2020-06-19 09:17:44.297  WARN 6316 --- [Thread-38] com.netflix.discovery.DiscoveryClient    : Saw local status change event StatusChangeEvent [timestamp=1592529464297, current=DOWN, previous=UP]
2020-06-19 09:23:44.407  WARN 7320 --- [main] o.s.boot.actuate.endpoint.EndpointId     : Endpoint ID 'service-registry' contains invalid characters, please migrate to a valid format.
2020-06-19 09:23:44.470  WARN 7320 --- [main] o.s.boot.actuate.endpoint.EndpointId     : Endpoint ID 'hystrix.stream' contains invalid characters, please migrate to a valid format.
2020-06-19 09:23:47.196  WARN 7320 --- [main] c.n.c.sources.URLConfigurationSource     : No URLs will be polled as dynamic configuration sources.
2020-06-19 09:23:51.292  WARN 7320 --- [main] c.j.a.rbac.MyFilterSecurityInterceptor   : Could not validate configuration attributes as the SecurityMetadataSource did not return any attributes from getAllConfigAttributes()
2020-06-19 09:23:52.947  WARN 7320 --- [main] c.n.c.sources.URLConfigurationSource     : No URLs will be polled as dynamic configuration sources.
2020-06-19 09:23:54.896  WARN 7320 --- [main] o.s.c.n.core.CoreAutoConfiguration       : This module is deprecated. It will be removed in the next major release. Please use spring-cloud-netflix-hystrix instead.
2020-06-19 09:26:01.873  WARN 7828 --- [main] o.s.boot.actuate.endpoint.EndpointId     : Endpoint ID 'service-registry' contains invalid characters, please migrate to a valid format.
2020-06-19 09:26:01.882  WARN 7828 --- [main] o.s.boot.actuate.endpoint.EndpointId     : Endpoint ID 'hystrix.stream' contains invalid characters, please migrate to a valid format.
2020-06-19 09:26:03.368  WARN 7828 --- [main] c.n.c.sources.URLConfigurationSource     : No URLs will be polled as dynamic configuration sources.
2020-06-19 09:26:05.638  WARN 7828 --- [main] c.j.a.rbac.MyFilterSecurityInterceptor   : Could not validate configuration attributes as the SecurityMetadataSource did not return any attributes from getAllConfigAttributes()
2020-06-19 09:26:06.586  WARN 7828 --- [main] c.n.c.sources.URLConfigurationSource     : No URLs will be polled as dynamic configuration sources.
2020-06-19 09:26:07.341  WARN 7828 --- [main] o.s.c.n.core.CoreAutoConfiguration       : This module is deprecated. It will be removed in the next major release. Please use spring-cloud-netflix-hystrix instead.
2020-06-19 09:56:55.965  WARN 7664 --- [main] o.s.boot.actuate.endpoint.EndpointId     : Endpoint ID 'service-registry' contains invalid characters, please migrate to a valid format.
2020-06-19 09:56:56.011  WARN 7664 --- [main] o.s.boot.actuate.endpoint.EndpointId     : Endpoint ID 'hystrix.stream' contains invalid characters, please migrate to a valid format.
2020-06-19 09:56:58.287  WARN 7664 --- [main] c.n.c.sources.URLConfigurationSource     : No URLs will be polled as dynamic configuration sources.
2020-06-19 09:57:01.110  WARN 7664 --- [main] c.j.a.rbac.MyFilterSecurityInterceptor   : Could not validate configuration attributes as the SecurityMetadataSource did not return any attributes from getAllConfigAttributes()
2020-06-19 09:57:02.367  WARN 7664 --- [main] c.n.c.sources.URLConfigurationSource     : No URLs will be polled as dynamic configuration sources.
2020-06-19 09:57:03.739  WARN 7664 --- [main] o.s.c.n.core.CoreAutoConfiguration       : This module is deprecated. It will be removed in the next major release. Please use spring-cloud-netflix-hystrix instead.
2020-06-19 10:01:01.897  WARN 3880 --- [main] o.s.boot.actuate.endpoint.EndpointId     : Endpoint ID 'service-registry' contains invalid characters, please migrate to a valid format.
2020-06-19 10:01:01.908  WARN 3880 --- [main] o.s.boot.actuate.endpoint.EndpointId     : Endpoint ID 'hystrix.stream' contains invalid characters, please migrate to a valid format.
2020-06-19 10:01:03.264  WARN 3880 --- [main] c.n.c.sources.URLConfigurationSource     : No URLs will be polled as dynamic configuration sources.
2020-06-19 10:01:05.336  WARN 3880 --- [main] c.j.a.rbac.MyFilterSecurityInterceptor   : Could not validate configuration attributes as the SecurityMetadataSource did not return any attributes from getAllConfigAttributes()
2020-06-19 10:01:06.337  WARN 3880 --- [main] c.n.c.sources.URLConfigurationSource     : No URLs will be polled as dynamic configuration sources.
2020-06-19 10:01:07.119  WARN 3880 --- [main] o.s.c.n.core.CoreAutoConfiguration       : This module is deprecated. It will be removed in the next major release. Please use spring-cloud-netflix-hystrix instead.
2020-06-19 10:01:13.352  WARN 3880 --- [main] c.n.d.s.t.d.RetryableEurekaHttpClient    : Request execution failed with message: org.apache.http.conn.ConnectTimeoutException: Connect to 111.229.140.47:8761 timed out
2020-06-19 10:01:13.353  WARN 3880 --- [main] com.netflix.discovery.DiscoveryClient    : Using default backup registry implementation which does not do anything.
2020-06-19 10:12:02.341  WARN 4312 --- [main] o.s.boot.actuate.endpoint.EndpointId     : Endpoint ID 'service-registry' contains invalid characters, please migrate to a valid format.
2020-06-19 10:12:02.351  WARN 4312 --- [main] o.s.boot.actuate.endpoint.EndpointId     : Endpoint ID 'hystrix.stream' contains invalid characters, please migrate to a valid format.
2020-06-19 10:12:04.370  WARN 4312 --- [main] c.n.c.sources.URLConfigurationSource     : No URLs will be polled as dynamic configuration sources.
2020-06-19 10:12:08.352  WARN 4312 --- [main] c.j.a.rbac.MyFilterSecurityInterceptor   : Could not validate configuration attributes as the SecurityMetadataSource did not return any attributes from getAllConfigAttributes()
2020-06-19 10:12:09.919  WARN 4312 --- [main] c.n.c.sources.URLConfigurationSource     : No URLs will be polled as dynamic configuration sources.
2020-06-19 10:12:11.251  WARN 4312 --- [main] o.s.c.n.core.CoreAutoConfiguration       : This module is deprecated. It will be removed in the next major release. Please use spring-cloud-netflix-hystrix instead.
2020-06-19 10:16:52.013  WARN 8160 --- [main] o.s.boot.actuate.endpoint.EndpointId     : Endpoint ID 'service-registry' contains invalid characters, please migrate to a valid format.
2020-06-19 10:16:52.030  WARN 8160 --- [main] o.s.boot.actuate.endpoint.EndpointId     : Endpoint ID 'hystrix.stream' contains invalid characters, please migrate to a valid format.
2020-06-19 10:16:53.933  WARN 8160 --- [main] c.n.c.sources.URLConfigurationSource     : No URLs will be polled as dynamic configuration sources.
2020-06-19 10:16:56.472  WARN 8160 --- [main] c.j.a.rbac.MyFilterSecurityInterceptor   : Could not validate configuration attributes as the SecurityMetadataSource did not return any attributes from getAllConfigAttributes()
2020-06-19 10:17:03.473  WARN 8160 --- [main] c.n.c.sources.URLConfigurationSource     : No URLs will be polled as dynamic configuration sources.
2020-06-19 10:17:04.833  WARN 8160 --- [main] o.s.c.n.core.CoreAutoConfiguration       : This module is deprecated. It will be removed in the next major release. Please use spring-cloud-netflix-hystrix instead.
2020-06-19 10:22:40.003  WARN 8160 --- [Thread-34] com.netflix.discovery.DiscoveryClient    : Saw local status change event StatusChangeEvent [timestamp=1592533360003, current=DOWN, previous=UP]
2020-06-19 10:23:02.396  WARN 6968 --- [main] o.s.boot.actuate.endpoint.EndpointId     : Endpoint ID 'service-registry' contains invalid characters, please migrate to a valid format.
2020-06-19 10:23:02.405  WARN 6968 --- [main] o.s.boot.actuate.endpoint.EndpointId     : Endpoint ID 'hystrix.stream' contains invalid characters, please migrate to a valid format.
2020-06-19 10:23:03.854  WARN 6968 --- [main] c.n.c.sources.URLConfigurationSource     : No URLs will be polled as dynamic configuration sources.
2020-06-19 10:23:06.080  WARN 6968 --- [main] c.j.a.rbac.MyFilterSecurityInterceptor   : Could not validate configuration attributes as the SecurityMetadataSource did not return any attributes from getAllConfigAttributes()
2020-06-19 10:23:07.040  WARN 6968 --- [main] c.n.c.sources.URLConfigurationSource     : No URLs will be polled as dynamic configuration sources.
2020-06-19 10:23:07.867  WARN 6968 --- [main] o.s.c.n.core.CoreAutoConfiguration       : This module is deprecated. It will be removed in the next major release. Please use spring-cloud-netflix-hystrix instead.
2020-06-19 10:41:14.996  WARN 8008 --- [main] o.s.boot.actuate.endpoint.EndpointId     : Endpoint ID 'service-registry' contains invalid characters, please migrate to a valid format.
2020-06-19 10:41:15.023  WARN 8008 --- [main] o.s.boot.actuate.endpoint.EndpointId     : Endpoint ID 'hystrix.stream' contains invalid characters, please migrate to a valid format.
2020-06-19 10:41:16.171  WARN 8008 --- [main] c.n.c.sources.URLConfigurationSource     : No URLs will be polled as dynamic configuration sources.
2020-06-19 10:41:27.215  WARN 8008 --- [main] c.j.a.rbac.MyFilterSecurityInterceptor   : Could not validate configuration attributes as the SecurityMetadataSource did not return any attributes from getAllConfigAttributes()
2020-06-19 10:41:28.093  WARN 8008 --- [main] c.n.c.sources.URLConfigurationSource     : No URLs will be polled as dynamic configuration sources.
2020-06-19 10:41:29.430  WARN 8008 --- [main] o.s.c.n.core.CoreAutoConfiguration       : This module is deprecated. It will be removed in the next major release. Please use spring-cloud-netflix-hystrix instead.
2020-06-19 11:29:59.877  WARN 5528 --- [main] o.s.boot.actuate.endpoint.EndpointId     : Endpoint ID 'service-registry' contains invalid characters, please migrate to a valid format.
2020-06-19 11:29:59.918  WARN 5528 --- [main] o.s.boot.actuate.endpoint.EndpointId     : Endpoint ID 'hystrix.stream' contains invalid characters, please migrate to a valid format.
2020-06-19 11:30:02.177  WARN 5528 --- [main] c.n.c.sources.URLConfigurationSource     : No URLs will be polled as dynamic configuration sources.
2020-06-19 11:30:31.799  WARN 5528 --- [main] o.a.c.loader.WebappClassLoaderBase       : The web application [ROOT] appears to have started a thread named [spring.cloud.inetutils] but has failed to stop it. This is very likely to create a memory leak. Stack trace of thread:
 sun.misc.Unsafe.park(Native Method)
 java.util.concurrent.locks.LockSupport.park(LockSupport.java:175)
 java.util.concurrent.locks.AbstractQueuedSynchronizer$ConditionObject.await(AbstractQueuedSynchronizer.java:2039)
 java.util.concurrent.LinkedBlockingQueue.take(LinkedBlockingQueue.java:442)
 java.util.concurrent.ThreadPoolExecutor.getTask(ThreadPoolExecutor.java:1067)
 java.util.concurrent.ThreadPoolExecutor.runWorker(ThreadPoolExecutor.java:1127)
 java.util.concurrent.ThreadPoolExecutor$Worker.run(ThreadPoolExecutor.java:617)
 java.lang.Thread.run(Thread.java:745)
2020-06-19 11:30:31.800  WARN 5528 --- [main] o.a.c.loader.WebappClassLoaderBase       : The web application [ROOT] appears to have started a thread named [lettuce-eventExecutorLoop-1-1] but has failed to stop it. This is very likely to create a memory leak. Stack trace of thread:
 sun.misc.Unsafe.park(Native Method)
 java.util.concurrent.locks.LockSupport.parkNanos(LockSupport.java:215)
 java.util.concurrent.locks.AbstractQueuedSynchronizer$ConditionObject.awaitNanos(AbstractQueuedSynchronizer.java:2078)
 java.util.concurrent.LinkedBlockingQueue.poll(LinkedBlockingQueue.java:467)
 io.netty.util.concurrent.SingleThreadEventExecutor.takeTask(SingleThreadEventExecutor.java:252)
 io.netty.util.concurrent.DefaultEventExecutor.run(DefaultEventExecutor.java:64)
 io.netty.util.concurrent.SingleThreadEventExecutor$5.run(SingleThreadEventExecutor.java:906)
 io.netty.util.internal.ThreadExecutorMap$2.run(ThreadExecutorMap.java:74)
 io.netty.util.concurrent.FastThreadLocalRunnable.run(FastThreadLocalRunnable.java:30)
 java.lang.Thread.run(Thread.java:745)
2020-06-19 11:30:31.800  WARN 5528 --- [main] o.a.c.loader.WebappClassLoaderBase       : The web application [ROOT] appears to have started a thread named [RxIoScheduler-1 (Evictor)] but has failed to stop it. This is very likely to create a memory leak. Stack trace of thread:
 sun.misc.Unsafe.park(Native Method)
 java.util.concurrent.locks.LockSupport.parkNanos(LockSupport.java:215)
 java.util.concurrent.locks.AbstractQueuedSynchronizer$ConditionObject.awaitNanos(AbstractQueuedSynchronizer.java:2078)
 java.util.concurrent.ScheduledThreadPoolExecutor$DelayedWorkQueue.take(ScheduledThreadPoolExecutor.java:1093)
 java.util.concurrent.ScheduledThreadPoolExecutor$DelayedWorkQueue.take(ScheduledThreadPoolExecutor.java:809)
 java.util.concurrent.ThreadPoolExecutor.getTask(ThreadPoolExecutor.java:1067)
 java.util.concurrent.ThreadPoolExecutor.runWorker(ThreadPoolExecutor.java:1127)
 java.util.concurrent.ThreadPoolExecutor$Worker.run(ThreadPoolExecutor.java:617)
 java.lang.Thread.run(Thread.java:745)
2020-06-19 11:30:31.911  WARN 5528 --- [main] ConfigServletWebServerApplicationContext : Exception encountered during context initialization - cancelling refresh attempt: org.springframework.context.ApplicationContextException: Unable to start web server; nested exception is org.springframework.boot.web.server.WebServerException: Unable to start embedded Tomcat
2020-06-19 11:31:42.343  WARN 8896 --- [main] o.s.boot.actuate.endpoint.EndpointId     : Endpoint ID 'service-registry' contains invalid characters, please migrate to a valid format.
2020-06-19 11:31:42.391  WARN 8896 --- [main] o.s.boot.actuate.endpoint.EndpointId     : Endpoint ID 'hystrix.stream' contains invalid characters, please migrate to a valid format.
2020-06-19 11:31:45.109  WARN 8896 --- [main] c.n.c.sources.URLConfigurationSource     : No URLs will be polled as dynamic configuration sources.
2020-06-19 11:31:53.430  WARN 8896 --- [main] c.j.a.rbac.MyFilterSecurityInterceptor   : Could not validate configuration attributes as the SecurityMetadataSource did not return any attributes from getAllConfigAttributes()
2020-06-19 11:31:55.544  WARN 8896 --- [main] c.n.c.sources.URLConfigurationSource     : No URLs will be polled as dynamic configuration sources.
2020-06-19 11:31:57.470  WARN 8896 --- [main] o.s.c.n.core.CoreAutoConfiguration       : This module is deprecated. It will be removed in the next major release. Please use spring-cloud-netflix-hystrix instead.
2020-06-19 14:31:52.944  WARN 5332 --- [main] o.s.boot.actuate.endpoint.EndpointId     : Endpoint ID 'service-registry' contains invalid characters, please migrate to a valid format.
2020-06-19 14:31:53.032  WARN 5332 --- [main] o.s.boot.actuate.endpoint.EndpointId     : Endpoint ID 'hystrix.stream' contains invalid characters, please migrate to a valid format.
2020-06-19 14:32:03.196  WARN 5332 --- [main] c.n.c.sources.URLConfigurationSource     : No URLs will be polled as dynamic configuration sources.
2020-06-19 14:32:31.799  WARN 5332 --- [main] c.j.a.rbac.MyFilterSecurityInterceptor   : Could not validate configuration attributes as the SecurityMetadataSource did not return any attributes from getAllConfigAttributes()
2020-06-19 14:32:50.007  WARN 5332 --- [main] c.n.c.sources.URLConfigurationSource     : No URLs will be polled as dynamic configuration sources.
2020-06-19 14:32:54.547  WARN 5332 --- [main] o.s.c.n.core.CoreAutoConfiguration       : This module is deprecated. It will be removed in the next major release. Please use spring-cloud-netflix-hystrix instead.
2020-06-19 14:35:00.563  WARN 5332 --- [https-jsse-nio-8443-exec-5] o.s.c.n.z.f.r.s.AbstractRibbonCommand    : The Hystrix timeout of 20000ms for the command user is set lower than the combination of the Ribbon read and connect timeout, 1200000ms.
2020-06-19 14:38:30.417  WARN 8364 --- [main] o.s.boot.actuate.endpoint.EndpointId     : Endpoint ID 'service-registry' contains invalid characters, please migrate to a valid format.
2020-06-19 14:38:30.432  WARN 8364 --- [main] o.s.boot.actuate.endpoint.EndpointId     : Endpoint ID 'hystrix.stream' contains invalid characters, please migrate to a valid format.
2020-06-19 14:38:32.403  WARN 8364 --- [main] c.n.c.sources.URLConfigurationSource     : No URLs will be polled as dynamic configuration sources.
2020-06-19 14:38:37.405  WARN 8364 --- [main] c.j.a.rbac.MyFilterSecurityInterceptor   : Could not validate configuration attributes as the SecurityMetadataSource did not return any attributes from getAllConfigAttributes()
2020-06-19 14:38:46.198  WARN 8364 --- [main] c.n.c.sources.URLConfigurationSource     : No URLs will be polled as dynamic configuration sources.
2020-06-19 14:38:48.487  WARN 8364 --- [main] o.s.c.n.core.CoreAutoConfiguration       : This module is deprecated. It will be removed in the next major release. Please use spring-cloud-netflix-hystrix instead.
2020-06-19 14:39:10.206  WARN 8364 --- [https-jsse-nio-8443-exec-6] o.s.c.n.z.f.r.s.AbstractRibbonCommand    : The Hystrix timeout of 20000ms for the command user is set lower than the combination of the Ribbon read and connect timeout, 1200000ms.
2020-06-19 14:40:24.136  WARN 8364 --- [https-jsse-nio-8443-exec-10] o.s.c.n.z.f.r.s.AbstractRibbonCommand    : The Hystrix timeout of 20000ms for the command user is set lower than the combination of the Ribbon read and connect timeout, 1200000ms.
2020-06-19 14:41:01.810  WARN 8364 --- [https-jsse-nio-8443-exec-4] o.s.c.n.z.f.r.s.AbstractRibbonCommand    : The Hystrix timeout of 20000ms for the command user is set lower than the combination of the Ribbon read and connect timeout, 1200000ms.
2020-06-19 14:43:24.399  WARN 8364 --- [Thread-45] com.netflix.discovery.DiscoveryClient    : Saw local status change event StatusChangeEvent [timestamp=1592549004399, current=DOWN, previous=UP]
2020-06-19 14:43:43.652  WARN 4036 --- [main] o.s.boot.actuate.endpoint.EndpointId     : Endpoint ID 'service-registry' contains invalid characters, please migrate to a valid format.
2020-06-19 14:43:43.662  WARN 4036 --- [main] o.s.boot.actuate.endpoint.EndpointId     : Endpoint ID 'hystrix.stream' contains invalid characters, please migrate to a valid format.
2020-06-19 14:43:45.236  WARN 4036 --- [main] c.n.c.sources.URLConfigurationSource     : No URLs will be polled as dynamic configuration sources.
2020-06-19 14:43:47.435  WARN 4036 --- [main] c.j.a.rbac.MyFilterSecurityInterceptor   : Could not validate configuration attributes as the SecurityMetadataSource did not return any attributes from getAllConfigAttributes()
2020-06-19 14:43:51.850  WARN 4036 --- [main] c.n.c.sources.URLConfigurationSource     : No URLs will be polled as dynamic configuration sources.
2020-06-19 14:43:52.981  WARN 4036 --- [main] o.s.c.n.core.CoreAutoConfiguration       : This module is deprecated. It will be removed in the next major release. Please use spring-cloud-netflix-hystrix instead.
2020-06-19 14:44:07.274  WARN 4036 --- [https-jsse-nio-8443-exec-6] o.s.c.n.z.f.r.s.AbstractRibbonCommand    : The Hystrix timeout of 20000ms for the command user is set lower than the combination of the Ribbon read and connect timeout, 1200000ms.
2020-06-19 14:44:48.915  WARN 4036 --- [https-jsse-nio-8443-exec-4] o.s.c.n.z.f.r.s.AbstractRibbonCommand    : The Hystrix timeout of 20000ms for the command user is set lower than the combination of the Ribbon read and connect timeout, 1200000ms.
2020-06-19 14:48:56.547  WARN 4036 --- [Thread-31] com.netflix.discovery.DiscoveryClient    : Saw local status change event StatusChangeEvent [timestamp=1592549336547, current=DOWN, previous=UP]
2020-06-19 14:49:14.638  WARN 1036 --- [main] o.s.boot.actuate.endpoint.EndpointId     : Endpoint ID 'service-registry' contains invalid characters, please migrate to a valid format.
2020-06-19 14:49:14.648  WARN 1036 --- [main] o.s.boot.actuate.endpoint.EndpointId     : Endpoint ID 'hystrix.stream' contains invalid characters, please migrate to a valid format.
2020-06-19 14:49:16.333  WARN 1036 --- [main] c.n.c.sources.URLConfigurationSource     : No URLs will be polled as dynamic configuration sources.
2020-06-19 14:49:18.782  WARN 1036 --- [main] c.j.a.rbac.MyFilterSecurityInterceptor   : Could not validate configuration attributes as the SecurityMetadataSource did not return any attributes from getAllConfigAttributes()
2020-06-19 14:49:19.752  WARN 1036 --- [main] c.n.c.sources.URLConfigurationSource     : No URLs will be polled as dynamic configuration sources.
2020-06-19 14:49:20.574  WARN 1036 --- [main] o.s.c.n.core.CoreAutoConfiguration       : This module is deprecated. It will be removed in the next major release. Please use spring-cloud-netflix-hystrix instead.
2020-06-19 14:50:33.941  WARN 1036 --- [https-jsse-nio-8443-exec-4] o.s.c.n.z.f.r.s.AbstractRibbonCommand    : The Hystrix timeout of 20000ms for the command user is set lower than the combination of the Ribbon read and connect timeout, 1200000ms.
2020-06-19 14:54:51.818  WARN 7988 --- [main] o.s.boot.actuate.endpoint.EndpointId     : Endpoint ID 'service-registry' contains invalid characters, please migrate to a valid format.
2020-06-19 14:54:51.827  WARN 7988 --- [main] o.s.boot.actuate.endpoint.EndpointId     : Endpoint ID 'hystrix.stream' contains invalid characters, please migrate to a valid format.
2020-06-19 14:54:53.551  WARN 7988 --- [main] c.n.c.sources.URLConfigurationSource     : No URLs will be polled as dynamic configuration sources.
2020-06-19 14:54:55.689  WARN 7988 --- [main] c.j.a.rbac.MyFilterSecurityInterceptor   : Could not validate configuration attributes as the SecurityMetadataSource did not return any attributes from getAllConfigAttributes()
2020-06-19 14:54:56.690  WARN 7988 --- [main] c.n.c.sources.URLConfigurationSource     : No URLs will be polled as dynamic configuration sources.
2020-06-19 14:54:57.492  WARN 7988 --- [main] o.s.c.n.core.CoreAutoConfiguration       : This module is deprecated. It will be removed in the next major release. Please use spring-cloud-netflix-hystrix instead.
2020-06-19 14:55:13.901  WARN 7988 --- [https-jsse-nio-8443-exec-2] o.s.c.n.z.f.r.s.AbstractRibbonCommand    : The Hystrix timeout of 20000ms for the command user is set lower than the combination of the Ribbon read and connect timeout, 1200000ms.
2020-06-19 15:09:46.760  WARN 8212 --- [main] o.s.boot.actuate.endpoint.EndpointId     : Endpoint ID 'service-registry' contains invalid characters, please migrate to a valid format.
2020-06-19 15:09:46.791  WARN 8212 --- [main] o.s.boot.actuate.endpoint.EndpointId     : Endpoint ID 'hystrix.stream' contains invalid characters, please migrate to a valid format.
2020-06-19 15:09:48.814  WARN 8212 --- [main] c.n.c.sources.URLConfigurationSource     : No URLs will be polled as dynamic configuration sources.
2020-06-19 15:09:51.435  WARN 8212 --- [main] c.j.a.rbac.MyFilterSecurityInterceptor   : Could not validate configuration attributes as the SecurityMetadataSource did not return any attributes from getAllConfigAttributes()
2020-06-19 15:09:52.841  WARN 8212 --- [main] c.n.c.sources.URLConfigurationSource     : No URLs will be polled as dynamic configuration sources.
2020-06-19 15:09:58.062  WARN 8212 --- [main] o.s.c.n.core.CoreAutoConfiguration       : This module is deprecated. It will be removed in the next major release. Please use spring-cloud-netflix-hystrix instead.
2020-06-19 15:13:07.736  WARN 6732 --- [main] o.s.boot.actuate.endpoint.EndpointId     : Endpoint ID 'service-registry' contains invalid characters, please migrate to a valid format.
2020-06-19 15:13:07.750  WARN 6732 --- [main] o.s.boot.actuate.endpoint.EndpointId     : Endpoint ID 'hystrix.stream' contains invalid characters, please migrate to a valid format.
2020-06-19 15:13:09.441  WARN 6732 --- [main] c.n.c.sources.URLConfigurationSource     : No URLs will be polled as dynamic configuration sources.
2020-06-19 15:13:15.672  WARN 6732 --- [main] c.j.a.rbac.MyFilterSecurityInterceptor   : Could not validate configuration attributes as the SecurityMetadataSource did not return any attributes from getAllConfigAttributes()
2020-06-19 15:13:22.845  WARN 6732 --- [main] c.n.c.sources.URLConfigurationSource     : No URLs will be polled as dynamic configuration sources.
2020-06-19 15:13:25.478  WARN 6732 --- [main] o.s.c.n.core.CoreAutoConfiguration       : This module is deprecated. It will be removed in the next major release. Please use spring-cloud-netflix-hystrix instead.
2020-06-19 15:14:25.453  WARN 6732 --- [Thread-53] com.netflix.discovery.DiscoveryClient    : Saw local status change event StatusChangeEvent [timestamp=1592550865452, current=DOWN, previous=UP]
2020-06-19 15:17:44.110  WARN 6112 --- [main] o.s.boot.actuate.endpoint.EndpointId     : Endpoint ID 'service-registry' contains invalid characters, please migrate to a valid format.
2020-06-19 15:17:44.159  WARN 6112 --- [main] o.s.boot.actuate.endpoint.EndpointId     : Endpoint ID 'hystrix.stream' contains invalid characters, please migrate to a valid format.
2020-06-19 15:17:47.455  WARN 6112 --- [main] c.n.c.sources.URLConfigurationSource     : No URLs will be polled as dynamic configuration sources.
2020-06-19 15:17:56.967  WARN 6112 --- [main] c.j.a.rbac.MyFilterSecurityInterceptor   : Could not validate configuration attributes as the SecurityMetadataSource did not return any attributes from getAllConfigAttributes()
2020-06-19 15:17:59.438  WARN 6112 --- [main] c.n.c.sources.URLConfigurationSource     : No URLs will be polled as dynamic configuration sources.
2020-06-19 15:18:05.198  WARN 6112 --- [main] o.s.c.n.core.CoreAutoConfiguration       : This module is deprecated. It will be removed in the next major release. Please use spring-cloud-netflix-hystrix instead.
2020-06-19 15:18:47.094  WARN 6112 --- [https-jsse-nio-8443-exec-10] o.s.c.n.z.f.r.s.AbstractRibbonCommand    : The Hystrix timeout of 20000ms for the command user is set lower than the combination of the Ribbon read and connect timeout, 1200000ms.
2020-06-19 15:19:24.474  WARN 6112 --- [https-jsse-nio-8443-exec-10] o.s.c.n.z.f.r.s.AbstractRibbonCommand    : The Hystrix timeout of 20000ms for the command user is set lower than the combination of the Ribbon read and connect timeout, 1200000ms.
2020-06-19 15:21:17.986  WARN 7832 --- [main] o.s.boot.actuate.endpoint.EndpointId     : Endpoint ID 'service-registry' contains invalid characters, please migrate to a valid format.
2020-06-19 15:21:17.996  WARN 7832 --- [main] o.s.boot.actuate.endpoint.EndpointId     : Endpoint ID 'hystrix.stream' contains invalid characters, please migrate to a valid format.
2020-06-19 15:21:19.438  WARN 7832 --- [main] c.n.c.sources.URLConfigurationSource     : No URLs will be polled as dynamic configuration sources.
2020-06-19 15:21:21.569  WARN 7832 --- [main] c.j.a.rbac.MyFilterSecurityInterceptor   : Could not validate configuration attributes as the SecurityMetadataSource did not return any attributes from getAllConfigAttributes()
2020-06-19 15:21:22.775  WARN 7832 --- [main] c.n.c.sources.URLConfigurationSource     : No URLs will be polled as dynamic configuration sources.
2020-06-19 15:21:23.786  WARN 7832 --- [main] o.s.c.n.core.CoreAutoConfiguration       : This module is deprecated. It will be removed in the next major release. Please use spring-cloud-netflix-hystrix instead.
2020-06-19 15:24:09.329  WARN 7832 --- [https-jsse-nio-8443-exec-8] o.s.c.n.z.f.r.s.AbstractRibbonCommand    : The Hystrix timeout of 20000ms for the command user is set lower than the combination of the Ribbon read and connect timeout, 1200000ms.
2020-06-19 15:24:31.832  WARN 7832 --- [https-jsse-nio-8443-exec-4] o.s.c.n.z.f.r.s.AbstractRibbonCommand    : The Hystrix timeout of 20000ms for the command user is set lower than the combination of the Ribbon read and connect timeout, 1200000ms.
2020-06-19 15:24:46.415  WARN 7832 --- [https-jsse-nio-8443-exec-3] o.s.c.n.z.f.r.s.AbstractRibbonCommand    : The Hystrix timeout of 20000ms for the command user is set lower than the combination of the Ribbon read and connect timeout, 1200000ms.
2020-06-19 15:25:58.853  WARN 9032 --- [main] o.s.boot.actuate.endpoint.EndpointId     : Endpoint ID 'service-registry' contains invalid characters, please migrate to a valid format.
2020-06-19 15:25:58.866  WARN 9032 --- [main] o.s.boot.actuate.endpoint.EndpointId     : Endpoint ID 'hystrix.stream' contains invalid characters, please migrate to a valid format.
2020-06-19 15:26:00.735  WARN 9032 --- [main] c.n.c.sources.URLConfigurationSource     : No URLs will be polled as dynamic configuration sources.
2020-06-19 15:26:03.319  WARN 9032 --- [main] c.j.a.rbac.MyFilterSecurityInterceptor   : Could not validate configuration attributes as the SecurityMetadataSource did not return any attributes from getAllConfigAttributes()
2020-06-19 15:26:04.264  WARN 9032 --- [main] c.n.c.sources.URLConfigurationSource     : No URLs will be polled as dynamic configuration sources.
2020-06-19 15:26:05.078  WARN 9032 --- [main] o.s.c.n.core.CoreAutoConfiguration       : This module is deprecated. It will be removed in the next major release. Please use spring-cloud-netflix-hystrix instead.
2020-06-19 15:47:17.245  WARN 1200 --- [main] o.s.boot.actuate.endpoint.EndpointId     : Endpoint ID 'service-registry' contains invalid characters, please migrate to a valid format.
2020-06-19 15:47:17.276  WARN 1200 --- [main] o.s.boot.actuate.endpoint.EndpointId     : Endpoint ID 'hystrix.stream' contains invalid characters, please migrate to a valid format.
2020-06-19 15:47:19.240  WARN 1200 --- [main] c.n.c.sources.URLConfigurationSource     : No URLs will be polled as dynamic configuration sources.
2020-06-19 15:47:23.304  WARN 1200 --- [main] c.j.a.rbac.MyFilterSecurityInterceptor   : Could not validate configuration attributes as the SecurityMetadataSource did not return any attributes from getAllConfigAttributes()
2020-06-19 15:47:24.986  WARN 1200 --- [main] c.n.c.sources.URLConfigurationSource     : No URLs will be polled as dynamic configuration sources.
2020-06-19 15:47:26.860  WARN 1200 --- [main] o.s.c.n.core.CoreAutoConfiguration       : This module is deprecated. It will be removed in the next major release. Please use spring-cloud-netflix-hystrix instead.
2020-06-19 16:10:03.094  WARN 1216 --- [main] o.s.boot.actuate.endpoint.EndpointId     : Endpoint ID 'service-registry' contains invalid characters, please migrate to a valid format.
2020-06-19 16:10:03.131  WARN 1216 --- [main] o.s.boot.actuate.endpoint.EndpointId     : Endpoint ID 'hystrix.stream' contains invalid characters, please migrate to a valid format.
2020-06-19 16:10:05.387  WARN 1216 --- [main] c.n.c.sources.URLConfigurationSource     : No URLs will be polled as dynamic configuration sources.
2020-06-19 16:10:11.205  WARN 1216 --- [main] c.j.a.rbac.MyFilterSecurityInterceptor   : Could not validate configuration attributes as the SecurityMetadataSource did not return any attributes from getAllConfigAttributes()
2020-06-19 16:10:12.768  WARN 1216 --- [main] c.n.c.sources.URLConfigurationSource     : No URLs will be polled as dynamic configuration sources.
2020-06-19 16:10:17.122  WARN 1216 --- [main] o.s.c.n.core.CoreAutoConfiguration       : This module is deprecated. It will be removed in the next major release. Please use spring-cloud-netflix-hystrix instead.
