2020-06-05 08:41:55.823  INFO 7184 --- [main] trationDelegate$BeanPostProcessorChecker : Bean 'org.springframework.cloud.autoconfigure.ConfigurationPropertiesRebinderAutoConfiguration' of type [org.springframework.cloud.autoconfigure.ConfigurationPropertiesRebinderAutoConfiguration$$EnhancerBySpringCGLIB$$2fae14b3] is not eligible for getting processed by all BeanPostProcessors (for example: not eligible for auto-proxying)
2020-06-05 08:41:56.377  INFO 7184 --- [main] com.jit.authority.AuthorityApplication   : The following profiles are active: test
2020-06-05 08:42:09.520  INFO 7184 --- [main] .s.d.r.c.RepositoryConfigurationDelegate : Multiple Spring Data modules found, entering strict repository configuration mode!
2020-06-05 08:42:09.789  INFO 7184 --- [main] .s.d.r.c.RepositoryConfigurationDelegate : Bootstrapping Spring Data repositories in DEFAULT mode.
2020-06-05 08:42:14.178  INFO 7184 --- [main] .s.d.r.c.RepositoryConfigurationDelegate : Finished Spring Data repository scanning in 1646ms. Found 0 repository interfaces.
2020-06-05 08:42:18.352  INFO 7184 --- [main] o.s.cloud.context.scope.GenericScope     : BeanFactory id=3c74cd9a-ff55-381a-b419-276808eaabf4
2020-06-05 08:42:18.928  INFO 7184 --- [main] trationDelegate$BeanPostProcessorChecker : Bean 'redisConfig' of type [com.jit.authority.config.RedisConfig$$EnhancerBySpringCGLIB$$2315f6bd] is not eligible for getting processed by all BeanPostProcessors (for example: not eligible for auto-proxying)
2020-06-05 08:42:19.648  INFO 7184 --- [main] trationDelegate$BeanPostProcessorChecker : Bean 'org.springframework.transaction.annotation.ProxyTransactionManagementConfiguration' of type [org.springframework.transaction.annotation.ProxyTransactionManagementConfiguration$$EnhancerBySpringCGLIB$$139411b6] is not eligible for getting processed by all BeanPostProcessors (for example: not eligible for auto-proxying)
2020-06-05 08:42:19.790  INFO 7184 --- [main] trationDelegate$BeanPostProcessorChecker : Bean 'org.springframework.cloud.autoconfigure.ConfigurationPropertiesRebinderAutoConfiguration' of type [org.springframework.cloud.autoconfigure.ConfigurationPropertiesRebinderAutoConfiguration$$EnhancerBySpringCGLIB$$2fae14b3] is not eligible for getting processed by all BeanPostProcessors (for example: not eligible for auto-proxying)
2020-06-05 08:42:20.438  INFO 7184 --- [main] o.s.b.w.embedded.tomcat.TomcatWebServer  : Tomcat initialized with port(s): 4431 (http)
2020-06-05 08:42:20.513  INFO 7184 --- [main] o.apache.catalina.core.StandardService   : Starting service [Tomcat]
2020-06-05 08:42:20.513  INFO 7184 --- [main] org.apache.catalina.core.StandardEngine  : Starting Servlet engine: [Apache Tomcat/9.0.21]
2020-06-05 08:42:20.927  INFO 7184 --- [main] o.a.c.c.C.[Tomcat].[localhost].[/]       : Initializing Spring embedded WebApplicationContext
2020-06-05 08:42:20.927  INFO 7184 --- [main] o.s.web.context.ContextLoader            : Root WebApplicationContext: initialization completed in 24441 ms
2020-06-05 08:42:21.415  INFO 7184 --- [main] c.n.c.sources.URLConfigurationSource     : To enable URLs as dynamic configuration sources, define System property archaius.configurationSource.additionalUrls or make config.properties available on classpath.
2020-06-05 08:42:21.487  INFO 7184 --- [main] c.netflix.config.DynamicPropertyFactory  : DynamicPropertyFactory is initialized with configuration sources: com.netflix.config.ConcurrentCompositeConfiguration@54326e9
2020-06-05 08:42:34.669  INFO 7184 --- [main] o.s.b.a.e.web.EndpointLinksResolver      : Exposing 2 endpoint(s) beneath base path '/actuator'
2020-06-05 08:42:35.686  INFO 7184 --- [main] pertySourcedRequestMappingHandlerMapping : Mapped URL path [/v2/api-docs] onto method [public org.springframework.http.ResponseEntity<springfox.documentation.spring.web.json.Json> springfox.documentation.swagger2.web.Swagger2Controller.getDocumentation(java.lang.String,javax.servlet.http.HttpServletRequest)]
2020-06-05 08:42:46.734  INFO 7184 --- [main] o.s.s.web.DefaultSecurityFilterChain     : Creating filter chain: Ant [pattern='/**/*.gif'], []
2020-06-05 08:42:46.734  INFO 7184 --- [main] o.s.s.web.DefaultSecurityFilterChain     : Creating filter chain: Ant [pattern='/**/*.png'], []
2020-06-05 08:42:46.734  INFO 7184 --- [main] o.s.s.web.DefaultSecurityFilterChain     : Creating filter chain: Ant [pattern='/**/*.jpg'], []
2020-06-05 08:42:46.735  INFO 7184 --- [main] o.s.s.web.DefaultSecurityFilterChain     : Creating filter chain: Ant [pattern='/**/*.html'], []
2020-06-05 08:42:46.735  INFO 7184 --- [main] o.s.s.web.DefaultSecurityFilterChain     : Creating filter chain: Ant [pattern='/**/*.js'], []
2020-06-05 08:42:46.735  INFO 7184 --- [main] o.s.s.web.DefaultSecurityFilterChain     : Creating filter chain: Ant [pattern='/**/*.css'], []
2020-06-05 08:42:46.735  INFO 7184 --- [main] o.s.s.web.DefaultSecurityFilterChain     : Creating filter chain: Ant [pattern='/**/*.ico'], []
2020-06-05 08:42:46.735  INFO 7184 --- [main] o.s.s.web.DefaultSecurityFilterChain     : Creating filter chain: Ant [pattern='/webjars/**'], []
2020-06-05 08:42:46.735  INFO 7184 --- [main] o.s.s.web.DefaultSecurityFilterChain     : Creating filter chain: Ant [pattern='/swagger-ui.html*/**'], []
2020-06-05 08:42:46.735  INFO 7184 --- [main] o.s.s.web.DefaultSecurityFilterChain     : Creating filter chain: Mvc [pattern='/configuration/security'], []
2020-06-05 08:42:46.735  INFO 7184 --- [main] o.s.s.web.DefaultSecurityFilterChain     : Creating filter chain: Mvc [pattern='/swagger-resources/**'], []
2020-06-05 08:42:46.735  INFO 7184 --- [main] o.s.s.web.DefaultSecurityFilterChain     : Creating filter chain: Mvc [pattern='/v2/api-docs'], []
2020-06-05 08:42:46.735  INFO 7184 --- [main] o.s.s.web.DefaultSecurityFilterChain     : Creating filter chain: Mvc [pattern='/swagger-resources'], []
2020-06-05 08:42:46.735  INFO 7184 --- [main] o.s.s.web.DefaultSecurityFilterChain     : Creating filter chain: Mvc [pattern='/swagger-ui.html'], []
2020-06-05 08:42:46.735  INFO 7184 --- [main] o.s.s.web.DefaultSecurityFilterChain     : Creating filter chain: Mvc [pattern='/springfox-swagger-ui/*.js'], []
2020-06-05 08:42:47.124  INFO 7184 --- [main] o.s.s.web.DefaultSecurityFilterChain     : Creating filter chain: any request, [org.springframework.security.web.context.request.async.WebAsyncManagerIntegrationFilter@4ce18cec, org.springframework.security.web.context.SecurityContextPersistenceFilter@217b0952, org.springframework.security.web.header.HeaderWriterFilter@5ac0bf84, org.springframework.security.web.authentication.logout.LogoutFilter@415262a0, com.jit.authority.jwtsecurity.filter.JwtAuthenticationFilter@2a9f8d47, org.springframework.security.web.savedrequest.RequestCacheAwareFilter@36330be8, org.springframework.security.web.servletapi.SecurityContextHolderAwareRequestFilter@43090195, org.springframework.security.web.authentication.AnonymousAuthenticationFilter@51297528, org.springframework.security.web.session.SessionManagementFilter@1031c1a0, org.springframework.security.web.access.ExceptionTranslationFilter@55fe9c2f, org.springframework.security.web.access.intercept.FilterSecurityInterceptor@1c421b0f]
2020-06-05 08:42:47.382  INFO 7184 --- [main] c.n.c.sources.URLConfigurationSource     : To enable URLs as dynamic configuration sources, define System property archaius.configurationSource.additionalUrls or make config.properties available on classpath.
2020-06-05 08:42:48.781  INFO 7184 --- [main] o.s.s.concurrent.ThreadPoolTaskExecutor  : Initializing ExecutorService 'applicationTaskExecutor'
2020-06-05 08:42:52.148  INFO 7184 --- [main] o.s.s.c.ThreadPoolTaskScheduler          : Initializing ExecutorService 'taskScheduler'
2020-06-05 08:42:55.215  INFO 7184 --- [main] o.s.c.n.zuul.ZuulFilterInitializer       : Starting filter initializer
2020-06-05 08:42:55.646  INFO 7184 --- [main] o.s.c.n.eureka.InstanceInfoFactory       : Setting initial instance status as: STARTING
2020-06-05 08:42:55.938  INFO 7184 --- [main] com.netflix.discovery.DiscoveryClient    : Initializing Eureka in region us-east-1
2020-06-05 08:42:56.339  INFO 7184 --- [main] c.n.d.provider.DiscoveryJerseyProvider   : Using JSON encoding codec LegacyJacksonJson
2020-06-05 08:42:56.340  INFO 7184 --- [main] c.n.d.provider.DiscoveryJerseyProvider   : Using JSON decoding codec LegacyJacksonJson
2020-06-05 08:42:57.177  INFO 7184 --- [main] c.n.d.provider.DiscoveryJerseyProvider   : Using XML encoding codec XStreamXml
2020-06-05 08:42:57.177  INFO 7184 --- [main] c.n.d.provider.DiscoveryJerseyProvider   : Using XML decoding codec XStreamXml
2020-06-05 08:42:58.497  INFO 7184 --- [main] c.n.d.s.r.aws.ConfigClusterResolver      : Resolving eureka endpoints via configuration
2020-06-05 08:42:58.791  INFO 7184 --- [main] com.netflix.discovery.DiscoveryClient    : Disable delta property : false
2020-06-05 08:42:58.792  INFO 7184 --- [main] com.netflix.discovery.DiscoveryClient    : Single vip registry refresh property : null
2020-06-05 08:42:58.793  INFO 7184 --- [main] com.netflix.discovery.DiscoveryClient    : Force full registry fetch : false
2020-06-05 08:42:58.793  INFO 7184 --- [main] com.netflix.discovery.DiscoveryClient    : Application is null : false
2020-06-05 08:42:58.794  INFO 7184 --- [main] com.netflix.discovery.DiscoveryClient    : Registered Applications size is zero : true
2020-06-05 08:42:58.794  INFO 7184 --- [main] com.netflix.discovery.DiscoveryClient    : Application version is -1: true
2020-06-05 08:42:58.794  INFO 7184 --- [main] com.netflix.discovery.DiscoveryClient    : Getting all instance registry info from the eureka server
2020-06-05 08:42:59.590  INFO 7184 --- [main] com.netflix.discovery.DiscoveryClient    : The response status is 200
2020-06-05 08:42:59.593  INFO 7184 --- [main] com.netflix.discovery.DiscoveryClient    : Starting heartbeat executor: renew interval is: 30
2020-06-05 08:42:59.595  INFO 7184 --- [main] c.n.discovery.InstanceInfoReplicator     : InstanceInfoReplicator onDemand update allowed rate per min is 4
2020-06-05 08:42:59.624  INFO 7184 --- [main] com.netflix.discovery.DiscoveryClient    : Discovery Client initialized at timestamp 1591317779598 with initial instances count: 2
2020-06-05 08:42:59.627  INFO 7184 --- [main] o.s.c.n.e.s.EurekaServiceRegistry        : Registering application AUTH-SERVICE with eureka with status UP
2020-06-05 08:42:59.628  INFO 7184 --- [main] com.netflix.discovery.DiscoveryClient    : Saw local status change event StatusChangeEvent [timestamp=1591317779628, current=UP, previous=STARTING]
2020-06-05 08:42:59.630  INFO 7184 --- [DiscoveryClient-InstanceInfoReplicator-0] com.netflix.discovery.DiscoveryClient    : DiscoveryClient_AUTH-SERVICE/dell-PC:auth-service:4431: registering service...
2020-06-05 08:42:59.644  INFO 7184 --- [main] d.s.w.p.DocumentationPluginsBootstrapper : Context refreshed
2020-06-05 08:42:59.736  INFO 7184 --- [DiscoveryClient-InstanceInfoReplicator-0] com.netflix.discovery.DiscoveryClient    : DiscoveryClient_AUTH-SERVICE/dell-PC:auth-service:4431 - registration status: 204
2020-06-05 08:42:59.898  INFO 7184 --- [main] d.s.w.p.DocumentationPluginsBootstrapper : Found 1 custom documentation plugin(s)
2020-06-05 08:43:00.065  INFO 7184 --- [main] s.d.s.w.s.ApiListingReferenceScanner     : Scanning for api listing references
2020-06-05 08:43:01.234  INFO 7184 --- [main] o.s.b.w.embedded.tomcat.TomcatWebServer  : Tomcat started on port(s): 4431 (http) with context path ''
2020-06-05 08:43:01.237  INFO 7184 --- [main] .s.c.n.e.s.EurekaAutoServiceRegistration : Updating port to 4431
2020-06-05 08:43:01.243  INFO 7184 --- [main] com.jit.authority.AuthorityApplication   : Started AuthorityApplication in 72.452 seconds (JVM running for 76.813)
2020-06-05 08:43:01.301  INFO 7184 --- [main] com.jit.authority.AuthorityApplication   : authority application is running.........
2020-06-05 08:43:01.677  INFO 7184 --- [RMI TCP Connection(16)-192.168.100.96] o.a.c.c.C.[Tomcat].[localhost].[/]       : Initializing Spring DispatcherServlet 'dispatcherServlet'
2020-06-05 08:43:01.677  INFO 7184 --- [RMI TCP Connection(16)-192.168.100.96] o.s.web.servlet.DispatcherServlet        : Initializing Servlet 'dispatcherServlet'
2020-06-05 08:43:01.827  INFO 7184 --- [RMI TCP Connection(16)-192.168.100.96] o.s.web.servlet.DispatcherServlet        : Completed initialization in 150 ms
2020-06-05 08:43:03.298  INFO 7184 --- [parallel-1] io.lettuce.core.EpollProvider            : Starting without optional epoll library
2020-06-05 08:43:03.305  INFO 7184 --- [parallel-1] io.lettuce.core.KqueueProvider           : Starting without optional kqueue library
2020-06-05 08:47:58.813  INFO 7184 --- [AsyncResolver-bootstrap-executor-0] c.n.d.s.r.aws.ConfigClusterResolver      : Resolving eureka endpoints via configuration
2020-06-05 08:49:32.594  INFO 7184 --- [http-nio-4431-exec-1] c.j.a.rbac.MyFilterSecurityInterceptor   : fi in MyFilterSecurityInterceptor FilterInvocation: URL: /auth/login
2020-06-05 08:49:34.784  INFO 7184 --- [http-nio-4431-exec-1] c.j.a.rbac.MyFilterSecurityInterceptor   : token in MyFilterSecurityInterceptor null
2020-06-05 08:49:35.486  INFO 7184 --- [http-nio-4431-exec-1] c.j.authority.controller.AuthController  : ---------------------login 1 -------------
2020-06-05 08:50:00.555  INFO 7184 --- [http-nio-4431-exec-2] c.j.a.rbac.MyFilterSecurityInterceptor   : fi in MyFilterSecurityInterceptor FilterInvocation: URL: /ac-service/aquacu
2020-06-05 08:50:00.556  INFO 7184 --- [http-nio-4431-exec-2] c.j.a.rbac.MyFilterSecurityInterceptor   : token in MyFilterSecurityInterceptor null
2020-06-05 08:50:02.429  INFO 7184 --- [http-nio-4431-exec-2] c.netflix.config.ChainedDynamicProperty  : Flipping property: ac-test.ribbon.ActiveConnectionsLimit to use NEXT property: niws.loadbalancer.availabilityFilteringRule.activeConnectionsLimit = 2147483647
2020-06-05 08:50:02.484  INFO 7184 --- [http-nio-4431-exec-2] c.n.u.concurrent.ShutdownEnabledTimer    : Shutdown hook installed for: NFLoadBalancer-PingTimer-ac-test
2020-06-05 08:50:02.485  INFO 7184 --- [http-nio-4431-exec-2] c.netflix.loadbalancer.BaseLoadBalancer  : Client: ac-test instantiated a LoadBalancer: DynamicServerListLoadBalancer:{NFLoadBalancer:name=ac-test,current list of Servers=[],Load balancer stats=Zone stats: {},Server stats: []}ServerList:null
2020-06-05 08:50:02.520  INFO 7184 --- [http-nio-4431-exec-2] c.n.l.DynamicServerListLoadBalancer      : Using serverListUpdater PollingServerListUpdater
2020-06-05 08:50:02.588  INFO 7184 --- [http-nio-4431-exec-2] c.netflix.config.ChainedDynamicProperty  : Flipping property: ac-test.ribbon.ActiveConnectionsLimit to use NEXT property: niws.loadbalancer.availabilityFilteringRule.activeConnectionsLimit = 2147483647
2020-06-05 08:50:02.609  INFO 7184 --- [http-nio-4431-exec-2] c.n.l.DynamicServerListLoadBalancer      : DynamicServerListLoadBalancer for client ac-test initialized: DynamicServerListLoadBalancer:{NFLoadBalancer:name=ac-test,current list of Servers=[dell-PC:8084],Load balancer stats=Zone stats: {defaultzone=[Zone:defaultzone;	Instance count:1;	Active connections count: 0;	Circuit breaker tripped count: 0;	Active connections per server: 0.0;]
},Server stats: [[Server:dell-PC:8084;	Zone:defaultZone;	Total Requests:0;	Successive connection failure:0;	Total blackout seconds:0;	Last connection made:Thu Jan 01 08:00:00 CST 1970;	First connection made: Thu Jan 01 08:00:00 CST 1970;	Active Connections:0;	total failure count in last (1000) msecs:0;	average resp time:0.0;	90 percentile resp time:0.0;	95 percentile resp time:0.0;	min resp time:0.0;	max resp time:0.0;	stddev resp time:0.0]
]}ServerList:org.springframework.cloud.netflix.ribbon.eureka.DomainExtractingServerList@455c2678
2020-06-05 08:50:03.526  INFO 7184 --- [PollingServerListUpdater-0] c.netflix.config.ChainedDynamicProperty  : Flipping property: ac-test.ribbon.ActiveConnectionsLimit to use NEXT property: niws.loadbalancer.availabilityFilteringRule.activeConnectionsLimit = 2147483647
2020-06-05 08:51:12.061  INFO 7184 --- [http-nio-4431-exec-4] c.j.a.rbac.MyFilterSecurityInterceptor   : fi in MyFilterSecurityInterceptor FilterInvocation: URL: /swagger-ui.html
2020-06-05 08:51:12.062  INFO 7184 --- [http-nio-4431-exec-4] c.j.a.rbac.MyFilterSecurityInterceptor   : token in MyFilterSecurityInterceptor null
2020-06-05 08:51:12.964  INFO 7184 --- [http-nio-4431-exec-5] c.j.a.rbac.MyFilterSecurityInterceptor   : fi in MyFilterSecurityInterceptor FilterInvocation: URL: /webjars/springfox-swagger-ui/springfox.css?v=2.8.0-SNAPSHOT
2020-06-05 08:51:12.965  INFO 7184 --- [http-nio-4431-exec-5] c.j.a.rbac.MyFilterSecurityInterceptor   : token in MyFilterSecurityInterceptor null
2020-06-05 08:51:13.112  INFO 7184 --- [http-nio-4431-exec-6] c.j.a.rbac.MyFilterSecurityInterceptor   : fi in MyFilterSecurityInterceptor FilterInvocation: URL: /webjars/springfox-swagger-ui/swagger-ui.css?v=2.8.0-SNAPSHOT
2020-06-05 08:51:13.112  INFO 7184 --- [http-nio-4431-exec-6] c.j.a.rbac.MyFilterSecurityInterceptor   : token in MyFilterSecurityInterceptor null
2020-06-05 08:51:13.252  INFO 7184 --- [http-nio-4431-exec-7] c.j.a.rbac.MyFilterSecurityInterceptor   : fi in MyFilterSecurityInterceptor FilterInvocation: URL: /webjars/springfox-swagger-ui/swagger-ui-bundle.js?v=2.8.0-SNAPSHOT
2020-06-05 08:51:13.252  INFO 7184 --- [http-nio-4431-exec-7] c.j.a.rbac.MyFilterSecurityInterceptor   : token in MyFilterSecurityInterceptor null
2020-06-05 08:51:13.252  INFO 7184 --- [http-nio-4431-exec-8] c.j.a.rbac.MyFilterSecurityInterceptor   : fi in MyFilterSecurityInterceptor FilterInvocation: URL: /webjars/springfox-swagger-ui/swagger-ui-standalone-preset.js?v=2.8.0-SNAPSHOT
2020-06-05 08:51:13.252  INFO 7184 --- [http-nio-4431-exec-8] c.j.a.rbac.MyFilterSecurityInterceptor   : token in MyFilterSecurityInterceptor null
2020-06-05 08:51:13.386  INFO 7184 --- [http-nio-4431-exec-9] c.j.a.rbac.MyFilterSecurityInterceptor   : fi in MyFilterSecurityInterceptor FilterInvocation: URL: /webjars/springfox-swagger-ui/springfox.js?v=2.8.0-SNAPSHOT
2020-06-05 08:51:13.387  INFO 7184 --- [http-nio-4431-exec-9] c.j.a.rbac.MyFilterSecurityInterceptor   : token in MyFilterSecurityInterceptor null
2020-06-05 08:51:15.742  INFO 7184 --- [http-nio-4431-exec-3] c.j.a.rbac.MyFilterSecurityInterceptor   : fi in MyFilterSecurityInterceptor FilterInvocation: URL: /swagger-resources/configuration/ui
2020-06-05 08:51:15.743  INFO 7184 --- [http-nio-4431-exec-3] c.j.a.rbac.MyFilterSecurityInterceptor   : token in MyFilterSecurityInterceptor null
2020-06-05 08:51:15.804  INFO 7184 --- [http-nio-4431-exec-4] c.j.a.rbac.MyFilterSecurityInterceptor   : fi in MyFilterSecurityInterceptor FilterInvocation: URL: /webjars/springfox-swagger-ui/favicon-32x32.png?v=2.8.0-SNAPSHOT
2020-06-05 08:51:15.804  INFO 7184 --- [http-nio-4431-exec-4] c.j.a.rbac.MyFilterSecurityInterceptor   : token in MyFilterSecurityInterceptor null
2020-06-05 08:51:16.240  INFO 7184 --- [http-nio-4431-exec-5] c.j.a.rbac.MyFilterSecurityInterceptor   : fi in MyFilterSecurityInterceptor FilterInvocation: URL: /swagger-resources/configuration/security
2020-06-05 08:51:16.240  INFO 7184 --- [http-nio-4431-exec-5] c.j.a.rbac.MyFilterSecurityInterceptor   : token in MyFilterSecurityInterceptor null
2020-06-05 08:51:16.276  INFO 7184 --- [http-nio-4431-exec-9] c.j.a.rbac.MyFilterSecurityInterceptor   : fi in MyFilterSecurityInterceptor FilterInvocation: URL: /swagger-resources
2020-06-05 08:51:16.276  INFO 7184 --- [http-nio-4431-exec-9] c.j.a.rbac.MyFilterSecurityInterceptor   : token in MyFilterSecurityInterceptor null
2020-06-05 08:51:16.389  INFO 7184 --- [http-nio-4431-exec-6] c.j.a.rbac.MyFilterSecurityInterceptor   : fi in MyFilterSecurityInterceptor FilterInvocation: URL: /v2/api-docs
2020-06-05 08:51:16.389  INFO 7184 --- [http-nio-4431-exec-6] c.j.a.rbac.MyFilterSecurityInterceptor   : token in MyFilterSecurityInterceptor null
2020-06-05 08:51:16.533  INFO 7184 --- [http-nio-4431-exec-10] c.j.a.rbac.MyFilterSecurityInterceptor   : fi in MyFilterSecurityInterceptor FilterInvocation: URL: /webjars/springfox-swagger-ui/fonts/titillium-web-v6-latin-700.woff2
2020-06-05 08:51:16.533  INFO 7184 --- [http-nio-4431-exec-10] c.j.a.rbac.MyFilterSecurityInterceptor   : token in MyFilterSecurityInterceptor null
2020-06-05 08:51:16.534  INFO 7184 --- [http-nio-4431-exec-1] c.j.a.rbac.MyFilterSecurityInterceptor   : fi in MyFilterSecurityInterceptor FilterInvocation: URL: /webjars/springfox-swagger-ui/fonts/open-sans-v15-latin-regular.woff2
2020-06-05 08:51:16.553  INFO 7184 --- [http-nio-4431-exec-1] c.j.a.rbac.MyFilterSecurityInterceptor   : token in MyFilterSecurityInterceptor null
2020-06-05 08:51:17.644  INFO 7184 --- [http-nio-4431-exec-2] c.j.a.rbac.MyFilterSecurityInterceptor   : fi in MyFilterSecurityInterceptor FilterInvocation: URL: /webjars/springfox-swagger-ui/fonts/open-sans-v15-latin-700.woff2
2020-06-05 08:51:17.644  INFO 7184 --- [http-nio-4431-exec-8] c.j.a.rbac.MyFilterSecurityInterceptor   : fi in MyFilterSecurityInterceptor FilterInvocation: URL: /webjars/springfox-swagger-ui/fonts/source-code-pro-v7-latin-300.woff2
2020-06-05 08:51:17.645  INFO 7184 --- [http-nio-4431-exec-2] c.j.a.rbac.MyFilterSecurityInterceptor   : token in MyFilterSecurityInterceptor null
2020-06-05 08:51:17.645  INFO 7184 --- [http-nio-4431-exec-8] c.j.a.rbac.MyFilterSecurityInterceptor   : token in MyFilterSecurityInterceptor null
2020-06-05 08:51:20.193  INFO 7184 --- [http-nio-4431-exec-7] c.j.a.rbac.MyFilterSecurityInterceptor   : fi in MyFilterSecurityInterceptor FilterInvocation: URL: /webjars/springfox-swagger-ui/fonts/source-code-pro-v7-latin-600.woff2
2020-06-05 08:51:20.193  INFO 7184 --- [http-nio-4431-exec-7] c.j.a.rbac.MyFilterSecurityInterceptor   : token in MyFilterSecurityInterceptor null
2020-06-05 08:52:43.825  INFO 7184 --- [http-nio-4431-exec-10] c.j.a.rbac.MyFilterSecurityInterceptor   : fi in MyFilterSecurityInterceptor FilterInvocation: URL: /ac-service/income/0
2020-06-05 08:52:43.825  INFO 7184 --- [http-nio-4431-exec-10] c.j.a.rbac.MyFilterSecurityInterceptor   : token in MyFilterSecurityInterceptor null
2020-06-05 08:52:52.080  INFO 7184 --- [http-nio-4431-exec-1] c.j.a.rbac.MyFilterSecurityInterceptor   : fi in MyFilterSecurityInterceptor FilterInvocation: URL: /ac-service/income/1
2020-06-05 08:52:52.081  INFO 7184 --- [http-nio-4431-exec-1] c.j.a.rbac.MyFilterSecurityInterceptor   : token in MyFilterSecurityInterceptor null
2020-06-05 08:52:55.197  INFO 7184 --- [http-nio-4431-exec-6] c.j.a.rbac.MyFilterSecurityInterceptor   : fi in MyFilterSecurityInterceptor FilterInvocation: URL: /ac-service/income/2
2020-06-05 08:52:55.197  INFO 7184 --- [http-nio-4431-exec-6] c.j.a.rbac.MyFilterSecurityInterceptor   : token in MyFilterSecurityInterceptor null
2020-06-05 08:52:58.822  INFO 7184 --- [AsyncResolver-bootstrap-executor-0] c.n.d.s.r.aws.ConfigClusterResolver      : Resolving eureka endpoints via configuration
2020-06-05 08:57:51.730  INFO 7184 --- [http-nio-4431-exec-8] c.j.a.rbac.MyFilterSecurityInterceptor   : fi in MyFilterSecurityInterceptor FilterInvocation: URL: /ac-service/income/add
2020-06-05 08:57:51.730  INFO 7184 --- [http-nio-4431-exec-8] c.j.a.rbac.MyFilterSecurityInterceptor   : token in MyFilterSecurityInterceptor null
2020-06-05 08:57:58.830  INFO 7184 --- [AsyncResolver-bootstrap-executor-0] c.n.d.s.r.aws.ConfigClusterResolver      : Resolving eureka endpoints via configuration
