2021-11-03 14:35:24.108  WARN 4634 --- [main] o.s.boot.actuate.endpoint.EndpointId     : Endpoint ID 'service-registry' contains invalid characters, please migrate to a valid format.
2021-11-03 14:35:24.121  WARN 4634 --- [main] o.s.boot.actuate.endpoint.EndpointId     : Endpoint ID 'hystrix.stream' contains invalid characters, please migrate to a valid format.
2021-11-03 14:35:26.750  WARN 4634 --- [main] c.n.c.sources.URLConfigurationSource     : No URLs will be polled as dynamic configuration sources.
2021-11-03 14:35:29.313  WARN 4634 --- [main] c.j.a.rbac.MyFilterSecurityInterceptor   : Could not validate configuration attributes as the SecurityMetadataSource did not return any attributes from getAllConfigAttributes()
2021-11-03 14:35:30.360  WARN 5249 --- [main] c.n.c.sources.URLConfigurationSource     : No URLs will be polled as dynamic configuration sources.
2021-11-03 14:35:30.363  WARN 5249 --- [main] c.n.c.sources.URLConfigurationSource     : No URLs will be polled as dynamic configuration sources.
2021-11-03 14:35:31.107  WARN 5249 --- [main] o.s.c.n.core.CoreAutoConfiguration       : This module is deprecated. It will be removed in the next major release. Please use spring-cloud-netflix-hystrix instead.
2021-11-03 14:35:33.859  WARN 4634 --- [main] c.n.c.sources.URLConfigurationSource     : No URLs will be polled as dynamic configuration sources.
2021-11-03 14:35:34.835  WARN 4634 --- [main] o.s.c.n.core.CoreAutoConfiguration       : This module is deprecated. It will be removed in the next major release. Please use spring-cloud-netflix-hystrix instead.
2021-11-03 16:03:06.235  WARN 4634 --- [http-nio-8080-exec-2] o.s.c.n.z.f.r.s.AbstractRibbonCommand    : The Hystrix timeout of 20000ms for the command micro-aquaculture is set lower than the combination of the Ribbon read and connect timeout, 1200000ms.
2021-11-03 16:03:15.949  WARN 4634 --- [http-nio-8080-exec-3] o.s.c.n.z.f.r.s.AbstractRibbonCommand    : The Hystrix timeout of 20000ms for the command micro-aquaculture is set lower than the combination of the Ribbon read and connect timeout, 1200000ms.
2021-11-03 16:03:18.275  WARN 4634 --- [http-nio-8080-exec-4] o.s.c.n.z.f.r.s.AbstractRibbonCommand    : The Hystrix timeout of 20000ms for the command micro-aquaculture is set lower than the combination of the Ribbon read and connect timeout, 1200000ms.
2021-11-03 16:03:21.074  WARN 4634 --- [http-nio-8080-exec-5] o.s.c.n.z.f.r.s.AbstractRibbonCommand    : The Hystrix timeout of 20000ms for the command micro-aquaculture is set lower than the combination of the Ribbon read and connect timeout, 1200000ms.
2021-11-03 16:03:25.184  WARN 4634 --- [http-nio-8080-exec-6] o.s.c.n.z.f.r.s.AbstractRibbonCommand    : The Hystrix timeout of 20000ms for the command micro-aquaculture is set lower than the combination of the Ribbon read and connect timeout, 1200000ms.
2021-11-03 16:04:23.309  WARN 4634 --- [http-nio-8080-exec-10] o.s.c.n.z.f.r.s.AbstractRibbonCommand    : The Hystrix timeout of 20000ms for the command micro-aquaculture is set lower than the combination of the Ribbon read and connect timeout, 1200000ms.
2021-11-03 16:04:42.721  WARN 4634 --- [http-nio-8080-exec-3] o.s.c.n.z.f.r.s.AbstractRibbonCommand    : The Hystrix timeout of 20000ms for the command micro-aquaculture is set lower than the combination of the Ribbon read and connect timeout, 1200000ms.
2021-11-03 16:04:44.257  WARN 4634 --- [http-nio-8080-exec-4] o.s.c.n.z.f.r.s.AbstractRibbonCommand    : The Hystrix timeout of 20000ms for the command micro-aquaculture is set lower than the combination of the Ribbon read and connect timeout, 1200000ms.
2021-11-03 16:04:48.333  WARN 4634 --- [http-nio-8080-exec-6] o.s.c.n.z.f.r.s.AbstractRibbonCommand    : The Hystrix timeout of 20000ms for the command micro-aquaculture is set lower than the combination of the Ribbon read and connect timeout, 1200000ms.
2021-11-03 16:17:59.296  WARN 4634 --- [http-nio-8080-exec-3] o.s.c.n.z.f.r.s.AbstractRibbonCommand    : The Hystrix timeout of 20000ms for the command micro-aquaculture is set lower than the combination of the Ribbon read and connect timeout, 1200000ms.
2021-11-03 16:18:00.455  WARN 4634 --- [http-nio-8080-exec-4] o.s.c.n.z.f.r.s.AbstractRibbonCommand    : The Hystrix timeout of 20000ms for the command micro-aquaculture is set lower than the combination of the Ribbon read and connect timeout, 1200000ms.
2021-11-03 16:18:06.803  WARN 4634 --- [http-nio-8080-exec-6] o.s.c.n.z.f.r.s.AbstractRibbonCommand    : The Hystrix timeout of 20000ms for the command micro-aquaculture is set lower than the combination of the Ribbon read and connect timeout, 1200000ms.
2021-11-03 16:18:08.237  WARN 4634 --- [http-nio-8080-exec-7] o.s.c.n.z.f.r.s.AbstractRibbonCommand    : The Hystrix timeout of 20000ms for the command micro-aquaculture is set lower than the combination of the Ribbon read and connect timeout, 1200000ms.
2021-11-03 16:18:10.310  WARN 4634 --- [http-nio-8080-exec-9] o.s.c.n.z.f.r.s.AbstractRibbonCommand    : The Hystrix timeout of 20000ms for the command micro-aquaculture is set lower than the combination of the Ribbon read and connect timeout, 1200000ms.
2021-11-03 16:18:16.774  WARN 4634 --- [http-nio-8080-exec-2] o.s.c.n.z.f.r.s.AbstractRibbonCommand    : The Hystrix timeout of 20000ms for the command micro-aquaculture is set lower than the combination of the Ribbon read and connect timeout, 1200000ms.
2021-11-03 16:18:18.804  WARN 4634 --- [http-nio-8080-exec-4] o.s.c.n.z.f.r.s.AbstractRibbonCommand    : The Hystrix timeout of 20000ms for the command micro-aquaculture is set lower than the combination of the Ribbon read and connect timeout, 1200000ms.
2021-11-03 16:19:05.927  WARN 4634 --- [http-nio-8080-exec-1] o.s.c.n.z.f.r.s.AbstractRibbonCommand    : The Hystrix timeout of 20000ms for the command micro-aquaculture is set lower than the combination of the Ribbon read and connect timeout, 1200000ms.
2021-11-03 16:19:11.188  WARN 4634 --- [http-nio-8080-exec-4] o.s.c.n.z.f.r.s.AbstractRibbonCommand    : The Hystrix timeout of 20000ms for the command micro-aquaculture is set lower than the combination of the Ribbon read and connect timeout, 1200000ms.
2021-11-03 16:19:16.566  WARN 4634 --- [http-nio-8080-exec-5] o.s.c.n.z.f.r.s.AbstractRibbonCommand    : The Hystrix timeout of 20000ms for the command micro-aquaculture is set lower than the combination of the Ribbon read and connect timeout, 1200000ms.
2021-11-03 16:19:18.024  WARN 4634 --- [http-nio-8080-exec-7] o.s.c.n.z.f.r.s.AbstractRibbonCommand    : The Hystrix timeout of 20000ms for the command micro-aquaculture is set lower than the combination of the Ribbon read and connect timeout, 1200000ms.
2021-11-03 16:19:25.010  WARN 4634 --- [http-nio-8080-exec-8] o.s.c.n.z.f.r.s.AbstractRibbonCommand    : The Hystrix timeout of 20000ms for the command micro-aquaculture is set lower than the combination of the Ribbon read and connect timeout, 1200000ms.
2021-11-03 16:19:26.240  WARN 4634 --- [http-nio-8080-exec-9] o.s.c.n.z.f.r.s.AbstractRibbonCommand    : The Hystrix timeout of 20000ms for the command micro-aquaculture is set lower than the combination of the Ribbon read and connect timeout, 1200000ms.
2021-11-03 16:21:56.418  WARN 4634 --- [http-nio-8080-exec-4] o.s.c.n.z.f.r.s.AbstractRibbonCommand    : The Hystrix timeout of 20000ms for the command micro-aquaculture is set lower than the combination of the Ribbon read and connect timeout, 1200000ms.
2021-11-03 16:21:59.001  WARN 4634 --- [http-nio-8080-exec-5] o.s.c.n.z.f.r.s.AbstractRibbonCommand    : The Hystrix timeout of 20000ms for the command micro-aquaculture is set lower than the combination of the Ribbon read and connect timeout, 1200000ms.
2021-11-03 16:22:00.752  WARN 4634 --- [http-nio-8080-exec-6] o.s.c.n.z.f.r.s.AbstractRibbonCommand    : The Hystrix timeout of 20000ms for the command micro-aquaculture is set lower than the combination of the Ribbon read and connect timeout, 1200000ms.
2021-11-03 16:22:03.134  WARN 4634 --- [http-nio-8080-exec-8] o.s.c.n.z.f.r.s.AbstractRibbonCommand    : The Hystrix timeout of 20000ms for the command micro-aquaculture is set lower than the combination of the Ribbon read and connect timeout, 1200000ms.
2021-11-03 16:22:07.042  WARN 4634 --- [http-nio-8080-exec-10] o.s.c.n.z.f.r.s.AbstractRibbonCommand    : The Hystrix timeout of 20000ms for the command micro-aquaculture is set lower than the combination of the Ribbon read and connect timeout, 1200000ms.
2021-11-03 16:22:09.791  WARN 4634 --- [http-nio-8080-exec-1] o.s.c.n.z.f.r.s.AbstractRibbonCommand    : The Hystrix timeout of 20000ms for the command micro-aquaculture is set lower than the combination of the Ribbon read and connect timeout, 1200000ms.
2021-11-03 16:22:38.599  WARN 4634 --- [http-nio-8080-exec-3] o.s.c.n.z.f.r.s.AbstractRibbonCommand    : The Hystrix timeout of 20000ms for the command micro-aquaculture is set lower than the combination of the Ribbon read and connect timeout, 1200000ms.
2021-11-03 16:23:31.315  WARN 4634 --- [http-nio-8080-exec-5] o.s.c.n.z.f.r.s.AbstractRibbonCommand    : The Hystrix timeout of 20000ms for the command micro-aquaculture is set lower than the combination of the Ribbon read and connect timeout, 1200000ms.
2021-11-03 19:18:10.517  WARN 4634 --- [http-nio-8080-exec-10] o.s.c.n.z.f.r.s.AbstractRibbonCommand    : The Hystrix timeout of 20000ms for the command micro-aquaculture is set lower than the combination of the Ribbon read and connect timeout, 1200000ms.
2021-11-03 19:18:12.946  WARN 4634 --- [http-nio-8080-exec-1] o.s.c.n.z.f.r.s.AbstractRibbonCommand    : The Hystrix timeout of 20000ms for the command micro-aquaculture is set lower than the combination of the Ribbon read and connect timeout, 1200000ms.
2021-11-03 19:18:14.655  WARN 4634 --- [http-nio-8080-exec-2] o.s.c.n.z.f.r.s.AbstractRibbonCommand    : The Hystrix timeout of 20000ms for the command micro-aquaculture is set lower than the combination of the Ribbon read and connect timeout, 1200000ms.
2021-11-03 19:18:16.865  WARN 4634 --- [http-nio-8080-exec-3] o.s.c.n.z.f.r.s.AbstractRibbonCommand    : The Hystrix timeout of 20000ms for the command micro-aquaculture is set lower than the combination of the Ribbon read and connect timeout, 1200000ms.
2021-11-03 19:18:18.206  WARN 4634 --- [http-nio-8080-exec-4] o.s.c.n.z.f.r.s.AbstractRibbonCommand    : The Hystrix timeout of 20000ms for the command micro-aquaculture is set lower than the combination of the Ribbon read and connect timeout, 1200000ms.
2021-11-03 19:18:23.207  WARN 4634 --- [http-nio-8080-exec-6] o.s.c.n.z.f.r.s.AbstractRibbonCommand    : The Hystrix timeout of 20000ms for the command micro-aquaculture is set lower than the combination of the Ribbon read and connect timeout, 1200000ms.
2021-11-03 19:18:24.726  WARN 4634 --- [http-nio-8080-exec-7] o.s.c.n.z.f.r.s.AbstractRibbonCommand    : The Hystrix timeout of 20000ms for the command micro-aquaculture is set lower than the combination of the Ribbon read and connect timeout, 1200000ms.
2021-11-03 19:18:27.107  WARN 4634 --- [http-nio-8080-exec-9] o.s.c.n.z.f.r.s.AbstractRibbonCommand    : The Hystrix timeout of 20000ms for the command micro-aquaculture is set lower than the combination of the Ribbon read and connect timeout, 1200000ms.
2021-11-03 19:18:30.375  WARN 4634 --- [http-nio-8080-exec-10] o.s.c.n.z.f.r.s.AbstractRibbonCommand    : The Hystrix timeout of 20000ms for the command micro-aquaculture is set lower than the combination of the Ribbon read and connect timeout, 1200000ms.
2021-11-03 19:18:32.066  WARN 4634 --- [http-nio-8080-exec-1] o.s.c.n.z.f.r.s.AbstractRibbonCommand    : The Hystrix timeout of 20000ms for the command micro-aquaculture is set lower than the combination of the Ribbon read and connect timeout, 1200000ms.
2021-11-03 19:18:33.502  WARN 4634 --- [http-nio-8080-exec-2] o.s.c.n.z.f.r.s.AbstractRibbonCommand    : The Hystrix timeout of 20000ms for the command micro-aquaculture is set lower than the combination of the Ribbon read and connect timeout, 1200000ms.
2021-11-03 19:18:37.125  WARN 4634 --- [http-nio-8080-exec-3] o.s.c.n.z.f.r.s.AbstractRibbonCommand    : The Hystrix timeout of 20000ms for the command micro-aquaculture is set lower than the combination of the Ribbon read and connect timeout, 1200000ms.
2021-11-03 19:18:42.858  WARN 4634 --- [http-nio-8080-exec-7] o.s.c.n.z.f.r.s.AbstractRibbonCommand    : The Hystrix timeout of 20000ms for the command micro-aquaculture is set lower than the combination of the Ribbon read and connect timeout, 1200000ms.
2021-11-03 19:18:46.811  WARN 4634 --- [http-nio-8080-exec-8] o.s.c.n.z.f.r.s.AbstractRibbonCommand    : The Hystrix timeout of 20000ms for the command micro-aquaculture is set lower than the combination of the Ribbon read and connect timeout, 1200000ms.
2021-11-03 20:04:15.480  WARN 4634 --- [Thread-7] com.netflix.discovery.DiscoveryClient    : Saw local status change event StatusChangeEvent [timestamp=1635941055480, current=DOWN, previous=UP]
2021-11-03 20:04:15.480  WARN 5249 --- [Thread-5] com.netflix.discovery.DiscoveryClient    : Saw local status change event StatusChangeEvent [timestamp=1635941055480, current=DOWN, previous=UP]
2021-11-03 20:04:18.774  WARN 5249 --- [Thread-5] c.n.d.s.t.d.RetryableEurekaHttpClient    : Request execution failed with message: java.net.ConnectException: 拒绝连接 (Connection refused)
2021-11-03 20:04:18.775  WARN 5249 --- [Thread-5] c.n.d.s.t.d.RetryableEurekaHttpClient    : Request execution failed with message: java.net.ConnectException: 拒绝连接 (Connection refused)
2021-11-03 20:04:19.853  WARN 4634 --- [Thread-7] c.n.d.s.t.d.RetryableEurekaHttpClient    : Request execution failed with message: java.net.ConnectException: 拒绝连接 (Connection refused)
2021-11-03 20:04:19.854  WARN 4634 --- [Thread-7] c.n.d.s.t.d.RetryableEurekaHttpClient    : Request execution failed with message: java.net.ConnectException: 拒绝连接 (Connection refused)
