2021-11-05 10:37:43.157  WARN 4606 --- [main] c.n.c.sources.URLConfigurationSource     : No URLs will be polled as dynamic configuration sources.
2021-11-05 10:37:43.211  WARN 4606 --- [main] c.n.c.sources.URLConfigurationSource     : No URLs will be polled as dynamic configuration sources.
2021-11-05 10:37:45.025  WARN 4606 --- [main] o.s.c.n.core.CoreAutoConfiguration       : This module is deprecated. It will be removed in the next major release. Please use spring-cloud-netflix-hystrix instead.
2021-11-05 16:04:34.714  WARN 4606 --- [http-nio-8084-exec-9] .w.s.m.s.DefaultHandlerExceptionResolver : Resolved [org.springframework.web.bind.MissingServletRequestParameterException: Required String parameter 'manufacture' is not present]
2021-11-05 20:17:14.189  WARN 4606 --- [DiscoveryClient-HeartbeatExecutor-0] c.n.d.s.t.d.RetryableEurekaHttpClient    : Request execution failed with message: java.net.SocketTimeoutException: Read timed out
2021-11-05 21:10:21.218  WARN 4606 --- [Thread-5] com.netflix.discovery.DiscoveryClient    : Saw local status change event StatusChangeEvent [timestamp=1636117821217, current=DOWN, previous=UP]
2021-11-05 21:11:29.987  WARN 23937 --- [main] c.n.c.sources.URLConfigurationSource     : No URLs will be polled as dynamic configuration sources.
2021-11-05 21:11:30.037  WARN 23937 --- [main] c.n.c.sources.URLConfigurationSource     : No URLs will be polled as dynamic configuration sources.
2021-11-05 21:11:30.993  WARN 23937 --- [main] o.s.c.n.core.CoreAutoConfiguration       : This module is deprecated. It will be removed in the next major release. Please use spring-cloud-netflix-hystrix instead.
2021-11-05 21:13:44.913  WARN 23937 --- [Thread-5] com.netflix.discovery.DiscoveryClient    : Saw local status change event StatusChangeEvent [timestamp=1636118024913, current=DOWN, previous=UP]
2021-11-05 21:13:57.780  WARN 24215 --- [main] c.n.c.sources.URLConfigurationSource     : No URLs will be polled as dynamic configuration sources.
2021-11-05 21:13:57.783  WARN 24215 --- [main] c.n.c.sources.URLConfigurationSource     : No URLs will be polled as dynamic configuration sources.
2021-11-05 21:13:58.449  WARN 24215 --- [main] o.s.c.n.core.CoreAutoConfiguration       : This module is deprecated. It will be removed in the next major release. Please use spring-cloud-netflix-hystrix instead.
2021-11-05 21:14:06.628  WARN 24215 --- [Thread-5] com.netflix.discovery.DiscoveryClient    : Saw local status change event StatusChangeEvent [timestamp=1636118046628, current=DOWN, previous=UP]
2021-11-05 21:14:14.871  WARN 24372 --- [main] c.n.c.sources.URLConfigurationSource     : No URLs will be polled as dynamic configuration sources.
2021-11-05 21:14:14.873  WARN 24372 --- [main] c.n.c.sources.URLConfigurationSource     : No URLs will be polled as dynamic configuration sources.
2021-11-05 21:14:15.329  WARN 24372 --- [main] o.s.c.n.core.CoreAutoConfiguration       : This module is deprecated. It will be removed in the next major release. Please use spring-cloud-netflix-hystrix instead.
2021-11-05 21:15:05.982  WARN 24372 --- [http-nio-8084-exec-2] .w.s.m.s.DefaultHandlerExceptionResolver : Resolved [org.springframework.web.bind.MissingServletRequestParameterException: Required Integer parameter 'pageNum' is not present]
2021-11-05 21:15:19.316  WARN 24372 --- [http-nio-8084-exec-4] .w.s.m.s.DefaultHandlerExceptionResolver : Resolved [org.springframework.web.bind.MissingServletRequestParameterException: Required Integer parameter 'pageNum' is not present]
2021-11-05 21:15:20.885  WARN 24372 --- [http-nio-8084-exec-5] .w.s.m.s.DefaultHandlerExceptionResolver : Resolved [org.springframework.web.bind.MissingServletRequestParameterException: Required Integer parameter 'pageNum' is not present]
2021-11-05 21:15:21.845  WARN 24372 --- [http-nio-8084-exec-6] .w.s.m.s.DefaultHandlerExceptionResolver : Resolved [org.springframework.web.bind.MissingServletRequestParameterException: Required Integer parameter 'pageNum' is not present]
2021-11-05 21:15:23.496  WARN 24372 --- [http-nio-8084-exec-7] .w.s.m.s.DefaultHandlerExceptionResolver : Resolved [org.springframework.web.bind.MissingServletRequestParameterException: Required Integer parameter 'pageNum' is not present]
2021-11-05 21:15:24.709  WARN 24372 --- [http-nio-8084-exec-8] .w.s.m.s.DefaultHandlerExceptionResolver : Resolved [org.springframework.web.bind.MissingServletRequestParameterException: Required Integer parameter 'pageNum' is not present]
2021-11-05 21:15:28.178  WARN 24372 --- [http-nio-8084-exec-9] .w.s.m.s.DefaultHandlerExceptionResolver : Resolved [org.springframework.web.bind.MissingServletRequestParameterException: Required Integer parameter 'pageNum' is not present]
2021-11-05 21:15:47.731  WARN 24372 --- [http-nio-8084-exec-2] .w.s.m.s.DefaultHandlerExceptionResolver : Resolved [org.springframework.web.bind.MissingServletRequestParameterException: Required Integer parameter 'pageNum' is not present]
2021-11-05 21:15:48.805  WARN 24372 --- [http-nio-8084-exec-3] .w.s.m.s.DefaultHandlerExceptionResolver : Resolved [org.springframework.web.bind.MissingServletRequestParameterException: Required Integer parameter 'pageNum' is not present]
2021-11-05 21:15:49.338  WARN 24372 --- [http-nio-8084-exec-4] .w.s.m.s.DefaultHandlerExceptionResolver : Resolved [org.springframework.web.bind.MissingServletRequestParameterException: Required Integer parameter 'pageNum' is not present]
2021-11-05 21:15:56.618  WARN 24372 --- [http-nio-8084-exec-5] .w.s.m.s.DefaultHandlerExceptionResolver : Resolved [org.springframework.web.bind.MissingServletRequestParameterException: Required Integer parameter 'pageNum' is not present]
2021-11-05 21:15:58.491  WARN 24372 --- [http-nio-8084-exec-6] .w.s.m.s.DefaultHandlerExceptionResolver : Resolved [org.springframework.web.bind.MissingServletRequestParameterException: Required Integer parameter 'pageNum' is not present]
2021-11-05 21:16:47.597  WARN 24372 --- [http-nio-8084-exec-1] .w.s.m.s.DefaultHandlerExceptionResolver : Resolved [org.springframework.web.bind.MissingServletRequestParameterException: Required Integer parameter 'pageNum' is not present]
2021-11-05 21:17:38.023  WARN 24372 --- [http-nio-8084-exec-4] .w.s.m.s.DefaultHandlerExceptionResolver : Resolved [org.springframework.web.bind.MissingServletRequestParameterException: Required Integer parameter 'pageNum' is not present]
2021-11-05 21:17:40.720  WARN 24372 --- [http-nio-8084-exec-5] .w.s.m.s.DefaultHandlerExceptionResolver : Resolved [org.springframework.web.bind.MissingServletRequestParameterException: Required Integer parameter 'pageNum' is not present]
2021-11-05 21:17:41.512  WARN 24372 --- [http-nio-8084-exec-6] .w.s.m.s.DefaultHandlerExceptionResolver : Resolved [org.springframework.web.bind.MissingServletRequestParameterException: Required Integer parameter 'pageNum' is not present]
2021-11-05 21:22:08.283  WARN 24372 --- [http-nio-8084-exec-2] .w.s.m.s.DefaultHandlerExceptionResolver : Resolved [org.springframework.web.bind.MissingServletRequestParameterException: Required Integer parameter 'pageNum' is not present]
2021-11-05 21:28:25.087  WARN 24372 --- [http-nio-8084-exec-3] .w.s.m.s.DefaultHandlerExceptionResolver : Resolved [org.springframework.web.bind.MissingServletRequestParameterException: Required Integer parameter 'pageNum' is not present]
2021-11-05 21:28:31.891  WARN 24372 --- [http-nio-8084-exec-4] .w.s.m.s.DefaultHandlerExceptionResolver : Resolved [org.springframework.web.bind.MissingServletRequestParameterException: Required Integer parameter 'pageNum' is not present]
2021-11-05 21:28:33.580  WARN 24372 --- [http-nio-8084-exec-5] .w.s.m.s.DefaultHandlerExceptionResolver : Resolved [org.springframework.web.bind.MissingServletRequestParameterException: Required Integer parameter 'pageNum' is not present]
2021-11-05 21:40:56.284  WARN 24372 --- [Thread-5] com.netflix.discovery.DiscoveryClient    : Saw local status change event StatusChangeEvent [timestamp=1636119656284, current=DOWN, previous=UP]
2021-11-05 21:41:08.104  WARN 25619 --- [main] c.n.c.sources.URLConfigurationSource     : No URLs will be polled as dynamic configuration sources.
2021-11-05 21:41:08.107  WARN 25619 --- [main] c.n.c.sources.URLConfigurationSource     : No URLs will be polled as dynamic configuration sources.
2021-11-05 21:41:08.578  WARN 25619 --- [main] o.s.c.n.core.CoreAutoConfiguration       : This module is deprecated. It will be removed in the next major release. Please use spring-cloud-netflix-hystrix instead.
2021-11-05 21:54:34.911  WARN 25619 --- [Thread-5] com.netflix.discovery.DiscoveryClient    : Saw local status change event StatusChangeEvent [timestamp=1636120474911, current=DOWN, previous=UP]
2021-11-05 21:54:46.792  WARN 26340 --- [main] c.n.c.sources.URLConfigurationSource     : No URLs will be polled as dynamic configuration sources.
2021-11-05 21:54:46.794  WARN 26340 --- [main] c.n.c.sources.URLConfigurationSource     : No URLs will be polled as dynamic configuration sources.
2021-11-05 21:54:47.283  WARN 26340 --- [main] o.s.c.n.core.CoreAutoConfiguration       : This module is deprecated. It will be removed in the next major release. Please use spring-cloud-netflix-hystrix instead.
2021-11-05 22:00:19.461  WARN 26340 --- [Thread-5] com.netflix.discovery.DiscoveryClient    : Saw local status change event StatusChangeEvent [timestamp=1636120819461, current=DOWN, previous=UP]
2021-11-05 22:00:29.548  WARN 26692 --- [main] c.n.c.sources.URLConfigurationSource     : No URLs will be polled as dynamic configuration sources.
2021-11-05 22:00:29.550  WARN 26692 --- [main] c.n.c.sources.URLConfigurationSource     : No URLs will be polled as dynamic configuration sources.
2021-11-05 22:00:30.107  WARN 26692 --- [main] o.s.c.n.core.CoreAutoConfiguration       : This module is deprecated. It will be removed in the next major release. Please use spring-cloud-netflix-hystrix instead.
2021-11-05 22:09:34.546  WARN 26692 --- [http-nio-8084-exec-6] .w.s.m.s.DefaultHandlerExceptionResolver : Resolved [org.springframework.web.bind.MissingServletRequestParameterException: Required String parameter 'batchNumber' is not present]
2021-11-05 22:11:02.957  WARN 26692 --- [Thread-5] com.netflix.discovery.DiscoveryClient    : Saw local status change event StatusChangeEvent [timestamp=1636121462957, current=DOWN, previous=UP]
