2020-07-10 11:21:28.444  INFO 10372 --- [main] trationDelegate$BeanPostProcessorChecker : Bean 'org.springframework.cloud.autoconfigure.ConfigurationPropertiesRebinderAutoConfiguration' of type [org.springframework.cloud.autoconfigure.ConfigurationPropertiesRebinderAutoConfiguration$$EnhancerBySpringCGLIB$$c00b631a] is not eligible for getting processed by all BeanPostProcessors (for example: not eligible for auto-proxying)
2020-07-10 11:21:29.473  INFO 10372 --- [main] c.jit.usercenter.UserCenterApplication   : No active profile set, falling back to default profiles: default
2020-07-10 11:21:39.028  INFO 10372 --- [main] .s.d.r.c.RepositoryConfigurationDelegate : Multiple Spring Data modules found, entering strict repository configuration mode!
2020-07-10 11:21:39.435  INFO 10372 --- [main] .s.d.r.c.RepositoryConfigurationDelegate : Bootstrapping Spring Data repositories in DEFAULT mode.
2020-07-10 11:21:40.711  INFO 10372 --- [main] .s.d.r.c.RepositoryConfigurationDelegate : Finished Spring Data repository scanning in 171ms. Found 0 repository interfaces.
2020-07-10 11:21:44.486  INFO 10372 --- [main] o.s.cloud.context.scope.GenericScope     : BeanFactory id=fc4e6a56-5474-338b-965f-9f97b18ea5c8
2020-07-10 11:21:46.003  INFO 10372 --- [main] trationDelegate$BeanPostProcessorChecker : Bean 'org.springframework.transaction.annotation.ProxyTransactionManagementConfiguration' of type [org.springframework.transaction.annotation.ProxyTransactionManagementConfiguration$$EnhancerBySpringCGLIB$$a3f1601d] is not eligible for getting processed by all BeanPostProcessors (for example: not eligible for auto-proxying)
2020-07-10 11:21:47.291  INFO 10372 --- [main] trationDelegate$BeanPostProcessorChecker : Bean 'org.springframework.cloud.autoconfigure.ConfigurationPropertiesRebinderAutoConfiguration' of type [org.springframework.cloud.autoconfigure.ConfigurationPropertiesRebinderAutoConfiguration$$EnhancerBySpringCGLIB$$c00b631a] is not eligible for getting processed by all BeanPostProcessors (for example: not eligible for auto-proxying)
2020-07-10 11:21:50.443  INFO 10372 --- [main] o.s.b.w.embedded.tomcat.TomcatWebServer  : Tomcat initialized with port(s): 8081 (http)
2020-07-10 11:21:50.610  INFO 10372 --- [main] o.apache.catalina.core.StandardService   : Starting service [Tomcat]
2020-07-10 11:21:50.610  INFO 10372 --- [main] org.apache.catalina.core.StandardEngine  : Starting Servlet engine: [Apache Tomcat/9.0.21]
2020-07-10 11:21:51.324  INFO 10372 --- [main] o.a.c.c.C.[Tomcat].[localhost].[/]       : Initializing Spring embedded WebApplicationContext
2020-07-10 11:21:51.324  INFO 10372 --- [main] o.s.web.context.ContextLoader            : Root WebApplicationContext: initialization completed in 21802 ms
2020-07-10 11:21:56.813  INFO 10372 --- [main] pertySourcedRequestMappingHandlerMapping : Mapped URL path [/v2/api-docs] onto method [public org.springframework.http.ResponseEntity<springfox.documentation.spring.web.json.Json> springfox.documentation.swagger2.web.Swagger2Controller.getDocumentation(java.lang.String,javax.servlet.http.HttpServletRequest)]
2020-07-10 11:21:56.861  INFO 10372 --- [main] c.n.c.sources.URLConfigurationSource     : To enable URLs as dynamic configuration sources, define System property archaius.configurationSource.additionalUrls or make config.properties available on classpath.
2020-07-10 11:21:56.912  INFO 10372 --- [main] c.n.c.sources.URLConfigurationSource     : To enable URLs as dynamic configuration sources, define System property archaius.configurationSource.additionalUrls or make config.properties available on classpath.
2020-07-10 11:21:57.289  INFO 10372 --- [main] o.s.s.concurrent.ThreadPoolTaskExecutor  : Initializing ExecutorService 'applicationTaskExecutor'
2020-07-10 11:22:01.424  INFO 10372 --- [main] o.s.c.n.eureka.InstanceInfoFactory       : Setting initial instance status as: STARTING
2020-07-10 11:22:01.724  INFO 10372 --- [main] com.netflix.discovery.DiscoveryClient    : Initializing Eureka in region us-east-1
2020-07-10 11:22:03.242  INFO 10372 --- [main] c.n.d.provider.DiscoveryJerseyProvider   : Using JSON encoding codec LegacyJacksonJson
2020-07-10 11:22:03.243  INFO 10372 --- [main] c.n.d.provider.DiscoveryJerseyProvider   : Using JSON decoding codec LegacyJacksonJson
2020-07-10 11:22:03.572  INFO 10372 --- [main] c.n.d.provider.DiscoveryJerseyProvider   : Using XML encoding codec XStreamXml
2020-07-10 11:22:03.572  INFO 10372 --- [main] c.n.d.provider.DiscoveryJerseyProvider   : Using XML decoding codec XStreamXml
2020-07-10 11:22:04.033  INFO 10372 --- [main] c.n.d.s.r.aws.ConfigClusterResolver      : Resolving eureka endpoints via configuration
2020-07-10 11:22:04.165  INFO 10372 --- [main] com.netflix.discovery.DiscoveryClient    : Disable delta property : false
2020-07-10 11:22:04.165  INFO 10372 --- [main] com.netflix.discovery.DiscoveryClient    : Single vip registry refresh property : null
2020-07-10 11:22:04.165  INFO 10372 --- [main] com.netflix.discovery.DiscoveryClient    : Force full registry fetch : false
2020-07-10 11:22:04.165  INFO 10372 --- [main] com.netflix.discovery.DiscoveryClient    : Application is null : false
2020-07-10 11:22:04.165  INFO 10372 --- [main] com.netflix.discovery.DiscoveryClient    : Registered Applications size is zero : true
2020-07-10 11:22:04.166  INFO 10372 --- [main] com.netflix.discovery.DiscoveryClient    : Application version is -1: true
2020-07-10 11:22:04.166  INFO 10372 --- [main] com.netflix.discovery.DiscoveryClient    : Getting all instance registry info from the eureka server
2020-07-10 11:22:05.412  INFO 10372 --- [main] com.netflix.discovery.DiscoveryClient    : Starting heartbeat executor: renew interval is: 30
2020-07-10 11:22:05.415  INFO 10372 --- [main] c.n.discovery.InstanceInfoReplicator     : InstanceInfoReplicator onDemand update allowed rate per min is 4
2020-07-10 11:22:05.484  INFO 10372 --- [main] com.netflix.discovery.DiscoveryClient    : Discovery Client initialized at timestamp 1594351325418 with initial instances count: 0
2020-07-10 11:22:05.487  INFO 10372 --- [main] o.s.c.n.e.s.EurekaServiceRegistry        : Registering application USER-CENTER with eureka with status UP
2020-07-10 11:22:05.489  INFO 10372 --- [main] com.netflix.discovery.DiscoveryClient    : Saw local status change event StatusChangeEvent [timestamp=1594351325488, current=UP, previous=STARTING]
2020-07-10 11:22:05.492  INFO 10372 --- [DiscoveryClient-InstanceInfoReplicator-0] com.netflix.discovery.DiscoveryClient    : DiscoveryClient_USER-CENTER/111.229.163.181:8081: registering service...
2020-07-10 11:22:05.514  INFO 10372 --- [main] d.s.w.p.DocumentationPluginsBootstrapper : Context refreshed
2020-07-10 11:22:05.877  INFO 10372 --- [main] d.s.w.p.DocumentationPluginsBootstrapper : Found 1 custom documentation plugin(s)
2020-07-10 11:22:06.056  INFO 10372 --- [main] s.d.s.w.s.ApiListingReferenceScanner     : Scanning for api listing references
2020-07-10 11:22:07.183  INFO 10372 --- [main] o.s.b.w.embedded.tomcat.TomcatWebServer  : Tomcat started on port(s): 8081 (http) with context path ''
2020-07-10 11:22:07.184  INFO 10372 --- [main] .s.c.n.e.s.EurekaAutoServiceRegistration : Updating port to 8081
2020-07-10 11:22:07.185  INFO 10372 --- [main] c.jit.usercenter.UserCenterApplication   : Started UserCenterApplication in 46.311 seconds (JVM running for 52.095)
2020-07-10 11:22:35.412  INFO 10372 --- [DiscoveryClient-CacheRefreshExecutor-0] com.netflix.discovery.DiscoveryClient    : Disable delta property : false
2020-07-10 11:22:35.412  INFO 10372 --- [DiscoveryClient-CacheRefreshExecutor-0] com.netflix.discovery.DiscoveryClient    : Single vip registry refresh property : null
2020-07-10 11:22:35.413  INFO 10372 --- [DiscoveryClient-CacheRefreshExecutor-0] com.netflix.discovery.DiscoveryClient    : Force full registry fetch : false
2020-07-10 11:22:35.413  INFO 10372 --- [DiscoveryClient-CacheRefreshExecutor-0] com.netflix.discovery.DiscoveryClient    : Application is null : false
2020-07-10 11:22:35.413  INFO 10372 --- [DiscoveryClient-CacheRefreshExecutor-0] com.netflix.discovery.DiscoveryClient    : Registered Applications size is zero : true
2020-07-10 11:22:35.413  INFO 10372 --- [DiscoveryClient-CacheRefreshExecutor-0] com.netflix.discovery.DiscoveryClient    : Application version is -1: true
2020-07-10 11:22:35.413  INFO 10372 --- [DiscoveryClient-CacheRefreshExecutor-0] com.netflix.discovery.DiscoveryClient    : Getting all instance registry info from the eureka server
2020-07-10 11:22:36.607  INFO 10372 --- [DiscoveryClient-InstanceInfoReplicator-0] com.netflix.discovery.DiscoveryClient    : DiscoveryClient_USER-CENTER/111.229.163.181:8081: registering service...
2020-07-10 11:23:06.420  INFO 10372 --- [DiscoveryClient-CacheRefreshExecutor-0] com.netflix.discovery.DiscoveryClient    : Disable delta property : false
2020-07-10 11:23:06.421  INFO 10372 --- [DiscoveryClient-CacheRefreshExecutor-0] com.netflix.discovery.DiscoveryClient    : Single vip registry refresh property : null
2020-07-10 11:23:06.421  INFO 10372 --- [DiscoveryClient-CacheRefreshExecutor-0] com.netflix.discovery.DiscoveryClient    : Force full registry fetch : false
2020-07-10 11:23:06.421  INFO 10372 --- [DiscoveryClient-CacheRefreshExecutor-0] com.netflix.discovery.DiscoveryClient    : Application is null : false
2020-07-10 11:23:06.422  INFO 10372 --- [DiscoveryClient-CacheRefreshExecutor-0] com.netflix.discovery.DiscoveryClient    : Registered Applications size is zero : true
2020-07-10 11:23:06.422  INFO 10372 --- [DiscoveryClient-CacheRefreshExecutor-0] com.netflix.discovery.DiscoveryClient    : Application version is -1: true
2020-07-10 11:23:06.422  INFO 10372 --- [DiscoveryClient-CacheRefreshExecutor-0] com.netflix.discovery.DiscoveryClient    : Getting all instance registry info from the eureka server
2020-07-10 11:23:07.624  INFO 10372 --- [DiscoveryClient-InstanceInfoReplicator-0] com.netflix.discovery.DiscoveryClient    : DiscoveryClient_USER-CENTER/111.229.163.181:8081: registering service...
2020-07-10 11:23:37.430  INFO 10372 --- [DiscoveryClient-CacheRefreshExecutor-0] com.netflix.discovery.DiscoveryClient    : Disable delta property : false
2020-07-10 11:23:37.431  INFO 10372 --- [DiscoveryClient-CacheRefreshExecutor-0] com.netflix.discovery.DiscoveryClient    : Single vip registry refresh property : null
2020-07-10 11:23:37.431  INFO 10372 --- [DiscoveryClient-CacheRefreshExecutor-0] com.netflix.discovery.DiscoveryClient    : Force full registry fetch : false
2020-07-10 11:23:37.432  INFO 10372 --- [DiscoveryClient-CacheRefreshExecutor-0] com.netflix.discovery.DiscoveryClient    : Application is null : false
2020-07-10 11:23:37.433  INFO 10372 --- [DiscoveryClient-CacheRefreshExecutor-0] com.netflix.discovery.DiscoveryClient    : Registered Applications size is zero : true
2020-07-10 11:23:37.434  INFO 10372 --- [DiscoveryClient-CacheRefreshExecutor-0] com.netflix.discovery.DiscoveryClient    : Application version is -1: true
2020-07-10 11:23:37.435  INFO 10372 --- [DiscoveryClient-CacheRefreshExecutor-0] com.netflix.discovery.DiscoveryClient    : Getting all instance registry info from the eureka server
2020-07-10 11:23:38.631  INFO 10372 --- [DiscoveryClient-InstanceInfoReplicator-0] com.netflix.discovery.DiscoveryClient    : DiscoveryClient_USER-CENTER/111.229.163.181:8081: registering service...
2020-07-10 11:24:05.112  INFO 10372 --- [http-nio-8081-exec-1] o.a.c.c.C.[Tomcat].[localhost].[/]       : Initializing Spring DispatcherServlet 'dispatcherServlet'
2020-07-10 11:24:05.113  INFO 10372 --- [http-nio-8081-exec-1] o.s.web.servlet.DispatcherServlet        : Initializing Servlet 'dispatcherServlet'
2020-07-10 11:24:05.144  INFO 10372 --- [http-nio-8081-exec-1] o.s.web.servlet.DispatcherServlet        : Completed initialization in 31 ms
2020-07-10 11:24:08.443  INFO 10372 --- [DiscoveryClient-CacheRefreshExecutor-0] com.netflix.discovery.DiscoveryClient    : Disable delta property : false
2020-07-10 11:24:08.443  INFO 10372 --- [DiscoveryClient-CacheRefreshExecutor-0] com.netflix.discovery.DiscoveryClient    : Single vip registry refresh property : null
2020-07-10 11:24:08.443  INFO 10372 --- [DiscoveryClient-CacheRefreshExecutor-0] com.netflix.discovery.DiscoveryClient    : Force full registry fetch : false
2020-07-10 11:24:08.444  INFO 10372 --- [DiscoveryClient-CacheRefreshExecutor-0] com.netflix.discovery.DiscoveryClient    : Application is null : false
2020-07-10 11:24:08.444  INFO 10372 --- [DiscoveryClient-CacheRefreshExecutor-0] com.netflix.discovery.DiscoveryClient    : Registered Applications size is zero : true
2020-07-10 11:24:08.444  INFO 10372 --- [DiscoveryClient-CacheRefreshExecutor-0] com.netflix.discovery.DiscoveryClient    : Application version is -1: true
2020-07-10 11:24:08.444  INFO 10372 --- [DiscoveryClient-CacheRefreshExecutor-0] com.netflix.discovery.DiscoveryClient    : Getting all instance registry info from the eureka server
2020-07-10 11:24:10.182  INFO 10372 --- [DiscoveryClient-InstanceInfoReplicator-0] com.netflix.discovery.DiscoveryClient    : DiscoveryClient_USER-CENTER/111.229.163.181:8081: registering service...
2020-07-10 11:24:27.983  INFO 10372 --- [http-nio-8081-exec-3] c.j.u.serviceimpl.DriverService          : invoke checkDriverTel() function!
2020-07-10 11:24:28.243  INFO 10372 --- [http-nio-8081-exec-3] c.j.u.r.handler.GlobalExceptionHandler   : handleBusinessException start, uri:{}, exception:{}, caused by: {}/driver/checkDriverTelclass com.jit.usercenter.responseResult.exceptions.BusinessException司机手机号码错误
2020-07-10 11:24:39.451  INFO 10372 --- [DiscoveryClient-CacheRefreshExecutor-0] com.netflix.discovery.DiscoveryClient    : Disable delta property : false
2020-07-10 11:24:39.452  INFO 10372 --- [DiscoveryClient-CacheRefreshExecutor-0] com.netflix.discovery.DiscoveryClient    : Single vip registry refresh property : null
2020-07-10 11:24:39.453  INFO 10372 --- [DiscoveryClient-CacheRefreshExecutor-0] com.netflix.discovery.DiscoveryClient    : Force full registry fetch : false
2020-07-10 11:24:39.453  INFO 10372 --- [DiscoveryClient-CacheRefreshExecutor-0] com.netflix.discovery.DiscoveryClient    : Application is null : false
2020-07-10 11:24:39.453  INFO 10372 --- [DiscoveryClient-CacheRefreshExecutor-0] com.netflix.discovery.DiscoveryClient    : Registered Applications size is zero : true
2020-07-10 11:24:39.454  INFO 10372 --- [DiscoveryClient-CacheRefreshExecutor-0] com.netflix.discovery.DiscoveryClient    : Application version is -1: true
2020-07-10 11:24:39.454  INFO 10372 --- [DiscoveryClient-CacheRefreshExecutor-0] com.netflix.discovery.DiscoveryClient    : Getting all instance registry info from the eureka server
2020-07-10 11:24:41.185  INFO 10372 --- [DiscoveryClient-InstanceInfoReplicator-0] com.netflix.discovery.DiscoveryClient    : DiscoveryClient_USER-CENTER/111.229.163.181:8081: registering service...
2020-07-10 11:25:10.469  INFO 10372 --- [DiscoveryClient-CacheRefreshExecutor-0] com.netflix.discovery.DiscoveryClient    : Disable delta property : false
2020-07-10 11:25:10.470  INFO 10372 --- [DiscoveryClient-CacheRefreshExecutor-0] com.netflix.discovery.DiscoveryClient    : Single vip registry refresh property : null
2020-07-10 11:25:10.470  INFO 10372 --- [DiscoveryClient-CacheRefreshExecutor-0] com.netflix.discovery.DiscoveryClient    : Force full registry fetch : false
2020-07-10 11:25:10.470  INFO 10372 --- [DiscoveryClient-CacheRefreshExecutor-0] com.netflix.discovery.DiscoveryClient    : Application is null : false
2020-07-10 11:25:10.470  INFO 10372 --- [DiscoveryClient-CacheRefreshExecutor-0] com.netflix.discovery.DiscoveryClient    : Registered Applications size is zero : true
2020-07-10 11:25:10.471  INFO 10372 --- [DiscoveryClient-CacheRefreshExecutor-0] com.netflix.discovery.DiscoveryClient    : Application version is -1: true
2020-07-10 11:25:10.471  INFO 10372 --- [DiscoveryClient-CacheRefreshExecutor-0] com.netflix.discovery.DiscoveryClient    : Getting all instance registry info from the eureka server
2020-07-10 11:25:12.198  INFO 10372 --- [DiscoveryClient-InstanceInfoReplicator-0] com.netflix.discovery.DiscoveryClient    : DiscoveryClient_USER-CENTER/111.229.163.181:8081: registering service...
2020-07-10 11:25:25.981  INFO 10372 --- [http-nio-8081-exec-7] c.j.u.serviceimpl.DriverService          : invoke checkDriverTel() function!
2020-07-10 11:25:41.475  INFO 10372 --- [DiscoveryClient-CacheRefreshExecutor-0] com.netflix.discovery.DiscoveryClient    : Disable delta property : false
2020-07-10 11:25:41.475  INFO 10372 --- [DiscoveryClient-CacheRefreshExecutor-0] com.netflix.discovery.DiscoveryClient    : Single vip registry refresh property : null
2020-07-10 11:25:41.475  INFO 10372 --- [DiscoveryClient-CacheRefreshExecutor-0] com.netflix.discovery.DiscoveryClient    : Force full registry fetch : false
2020-07-10 11:25:41.475  INFO 10372 --- [DiscoveryClient-CacheRefreshExecutor-0] com.netflix.discovery.DiscoveryClient    : Application is null : false
2020-07-10 11:25:41.475  INFO 10372 --- [DiscoveryClient-CacheRefreshExecutor-0] com.netflix.discovery.DiscoveryClient    : Registered Applications size is zero : true
2020-07-10 11:25:41.475  INFO 10372 --- [DiscoveryClient-CacheRefreshExecutor-0] com.netflix.discovery.DiscoveryClient    : Application version is -1: true
2020-07-10 11:25:41.475  INFO 10372 --- [DiscoveryClient-CacheRefreshExecutor-0] com.netflix.discovery.DiscoveryClient    : Getting all instance registry info from the eureka server
2020-07-10 11:25:43.212  INFO 10372 --- [DiscoveryClient-InstanceInfoReplicator-0] com.netflix.discovery.DiscoveryClient    : DiscoveryClient_USER-CENTER/111.229.163.181:8081: registering service...
